2024-11-22 09:02:25,421 [INFO] Activator:176 - 


2024-11-22 09:02:25,427 [INFO] Activator:177 - !SESSION log4j initialized
2024-11-22 09:02:29,947 [INFO] LogOutputStream:77 - [STDOUT_REDIRECT] 
2024-11-22 09:02:32,328 [ERROR] LogOutputStream:75 - [STDERR_REDIRECT] 
2024-11-22 09:02:34,864 [INFO] LogOutputStream:77 - [STDOUT_REDIRECT] 
2024-11-22 09:02:36,220 [INFO] ApplicationProperties:184 - Using Application install path: /Applications/STM32CubeIDE.app/Contents/Eclipse/plugins/com.st.stm32cube.common.mx_6.12.1.202409122256
2024-11-22 09:02:36,239 [INFO] DbMcusXml:78 - Set database path to: /Applications/STM32CubeIDE.app/Contents/Eclipse/plugins/com.st.stm32cube.common.mx_6.12.1.202409122256//db//mcu/
2024-11-22 09:02:36,239 [INFO] ApiDb:274 - Set plugin database path to: /Applications/STM32CubeIDE.app/Contents/Eclipse/plugins/com.st.stm32cube.common.mx_6.12.1.202409122256//db//plugins/boardmanager/
2024-11-22 09:02:36,239 [WARN] ApiDb:259 - Overriding images path with different value:  => /Applications/STM32CubeIDE.app/Contents/Eclipse/plugins/com.st.stm32cube.common.mx_6.12.1.202409122256//db//plugins/mcufinder/images/
2024-11-22 09:02:36,248 [INFO] ApiDb:250 - Set database path to: /var/root/.stmcufinder/plugins/mcufinder//mcu/
2024-11-22 09:02:36,249 [INFO] DbMcusAds:125 - Set database path to: /var/root/.stmcufinder/plugins/mcufinder//mcu/
2024-11-22 09:02:36,251 [INFO] CrossReferenceDbSqlite:203 - Set database path to: /var/root/.stmcufinder/plugins/mcufinder//mcu/cs/
2024-11-22 09:02:36,389 [INFO] RulesReader:64 - Compatibility file has been processed (297 Rules)
2024-11-22 09:02:36,573 [INFO] DbMcusXml:78 - Set database path to: /Applications/STM32CubeIDE.app/Contents/Eclipse/plugins/com.st.stm32cube.common.mx_6.12.1.202409122256//db//mcu/
2024-11-22 09:02:36,575 [INFO] ApiDb:274 - Set plugin database path to: /Applications/STM32CubeIDE.app/Contents/Eclipse/plugins/com.st.stm32cube.common.mx_6.12.1.202409122256//db//plugins/boardmanager/
2024-11-22 09:02:36,578 [INFO] ApiDb:261 - Set plugin images path to: /Applications/STM32CubeIDE.app/Contents/Eclipse/plugins/com.st.stm32cube.common.mx_6.12.1.202409122256//db//plugins/mcufinder/images/
2024-11-22 09:02:36,581 [WARN] DbFile:41 - Overriding database path with different value: /var/root/.stmcufinder/plugins/mcufinder/ => /var/root/.stmcufinder/plugins/mcufinder
2024-11-22 09:02:36,581 [INFO] ApiDb:250 - Set database path to: /var/root/.stmcufinder/plugins/mcufinder//mcu/
2024-11-22 09:02:36,581 [WARN] DbFile:41 - Overriding database path with different value: /var/root/.stmcufinder/plugins/mcufinder/ => /var/root/.stmcufinder/plugins/mcufinder
2024-11-22 09:02:36,581 [INFO] DbMcusAds:125 - Set database path to: /var/root/.stmcufinder/plugins/mcufinder//mcu/
2024-11-22 09:02:36,581 [WARN] DbFile:41 - Overriding database path with different value: /var/root/.stmcufinder/plugins/mcufinder/ => /var/root/.stmcufinder/plugins/mcufinder
2024-11-22 09:02:36,581 [WARN] DbFile:41 - Overriding database path with different value: /var/root/.stmcufinder/plugins/mcufinder/ => /var/root/.stmcufinder/plugins/mcufinder
2024-11-22 09:02:36,582 [INFO] CrossReferenceDbSqlite:203 - Set database path to: /var/root/.stmcufinder/plugins/mcufinder//mcu/cs/
2024-11-22 09:02:36,693 [INFO] MainPanel:268 - HeapMemory: 300941312
2024-11-22 09:02:37,297 [INFO] DbMcusXml:78 - Set database path to: /Applications/STM32CubeIDE.app/Contents/Eclipse/plugins/com.st.stm32cube.common.mx_6.12.1.202409122256//db//mcu/
2024-11-22 09:02:37,297 [INFO] ApiDb:274 - Set plugin database path to: /Applications/STM32CubeIDE.app/Contents/Eclipse/plugins/com.st.stm32cube.common.mx_6.12.1.202409122256//db//plugins/boardmanager/
2024-11-22 09:02:37,297 [INFO] ApiDb:261 - Set plugin images path to: /Applications/STM32CubeIDE.app/Contents/Eclipse/plugins/com.st.stm32cube.common.mx_6.12.1.202409122256//db//plugins/mcufinder/images/
2024-11-22 09:02:37,298 [WARN] DbFile:41 - Overriding database path with different value: /var/root/.stmcufinder/plugins/mcufinder/ => /var/root/.stmcufinder/plugins/mcufinder
2024-11-22 09:02:37,298 [INFO] ApiDb:250 - Set database path to: /var/root/.stmcufinder/plugins/mcufinder//mcu/
2024-11-22 09:02:37,298 [WARN] DbFile:41 - Overriding database path with different value: /var/root/.stmcufinder/plugins/mcufinder/ => /var/root/.stmcufinder/plugins/mcufinder
2024-11-22 09:02:37,298 [INFO] DbMcusAds:125 - Set database path to: /var/root/.stmcufinder/plugins/mcufinder//mcu/
2024-11-22 09:02:37,298 [WARN] DbFile:41 - Overriding database path with different value: /var/root/.stmcufinder/plugins/mcufinder/ => /var/root/.stmcufinder/plugins/mcufinder
2024-11-22 09:02:37,298 [WARN] DbFile:41 - Overriding database path with different value: /var/root/.stmcufinder/plugins/mcufinder/ => /var/root/.stmcufinder/plugins/mcufinder
2024-11-22 09:02:37,298 [INFO] CrossReferenceDbSqlite:203 - Set database path to: /var/root/.stmcufinder/plugins/mcufinder//mcu/cs/
2024-11-22 09:02:37,320 [INFO] ApplicationProperties:184 - Using Application install path: /Applications/STM32CubeIDE.app/Contents/Eclipse/plugins/com.st.stm32cube.common.mx_6.12.1.202409122256
2024-11-22 09:02:37,321 [INFO] PluginManage:196 - Search for loadable plugins [exclusion list=, ]
2024-11-22 09:02:37,323 [INFO] PluginManage:310 - Check plugin analytics
2024-11-22 09:02:37,594 [INFO] AnalyticsPlugin:253 - Accepted Software Licenses: 
2024-11-22 09:02:37,595 [INFO] AnalyticsPlugin:255 - Accepted CMSIS Pack Licenses: 
2024-11-22 09:02:37,595 [INFO] AnalyticsPlugin:257 - Accepted Firmware Licenses: 
2024-11-22 09:02:37,606 [INFO] PluginManage:359 - Loaded plugin analytics (category:tool,tabindex:-1)
2024-11-22 09:02:37,607 [INFO] PluginManage:310 - Check plugin cadmodel
2024-11-22 09:02:37,620 [INFO] CADModel:105 - Init CAD model plugin
2024-11-22 09:02:37,621 [INFO] PluginManage:359 - Loaded plugin cadmodel (category:power,tabindex:5)
2024-11-22 09:02:37,621 [INFO] PluginManage:310 - Check plugin clock
2024-11-22 09:02:37,631 [INFO] PluginManage:359 - Loaded plugin clock (category:base,tabindex:2)
2024-11-22 09:02:37,631 [INFO] PluginManage:310 - Check plugin ddr
2024-11-22 09:02:37,633 [INFO] PluginManage:359 - Loaded plugin ddr (category:tool,tabindex:6)
2024-11-22 09:02:37,633 [INFO] PluginManage:310 - Check plugin filemanager
2024-11-22 09:02:37,784 [INFO] PluginManage:359 - Loaded plugin filemanager (category:base,tabindex:10)
2024-11-22 09:02:37,785 [INFO] PluginManage:310 - Check plugin ipmanager
2024-11-22 09:02:37,802 [INFO] PluginManage:359 - Loaded plugin ipmanager (category:base,tabindex:5)
2024-11-22 09:02:37,802 [INFO] PluginManage:310 - Check plugin lpbam
2024-11-22 09:02:37,815 [INFO] PluginManage:359 - Loaded plugin lpbam (category:base,tabindex:0)
2024-11-22 09:02:37,815 [INFO] PluginManage:310 - Check plugin memorymap
2024-11-22 09:02:37,824 [INFO] PluginManage:359 - Loaded plugin memorymap (category:base,tabindex:4)
2024-11-22 09:02:37,824 [INFO] PluginManage:310 - Check plugin pinoutandconfiguration
2024-11-22 09:02:37,830 [INFO] PluginManage:359 - Loaded plugin pinoutandconfiguration (category:base,tabindex:1)
2024-11-22 09:02:37,830 [INFO] PluginManage:310 - Check plugin pinoutconfig
2024-11-22 09:02:37,931 [WARN] SupportedApi:132 - Cannot load RTOS API schema: s4s-elt-must-match.1: The content of 'definitions' must match (annotation?, (simpleType | complexType)?, (unique | key | keyref)*)). A problem was found starting at: attribute.
2024-11-22 09:02:38,182 [INFO] PluginManage:359 - Loaded plugin pinoutconfig (category:base,tabindex:0)
2024-11-22 09:02:38,183 [INFO] PluginManage:310 - Check plugin power
2024-11-22 09:02:38,213 [INFO] PluginManage:359 - Loaded plugin power (category:power,tabindex:4)
2024-11-22 09:02:38,213 [INFO] PluginManage:310 - Check plugin projectmanager
2024-11-22 09:02:38,258 [INFO] PluginManage:359 - Loaded plugin projectmanager (category:projectmanager,tabindex:4)
2024-11-22 09:02:38,259 [INFO] PluginManage:310 - Check plugin rif
2024-11-22 09:02:38,264 [INFO] PluginManage:359 - Loaded plugin rif (category:base,tabindex:3)
2024-11-22 09:02:38,264 [INFO] PluginManage:310 - Check plugin thirdparty
2024-11-22 09:02:38,450 [INFO] PluginManage:359 - Loaded plugin thirdparty (category:base,tabindex:-1)
2024-11-22 09:02:38,450 [INFO] PluginManage:310 - Check plugin tools
2024-11-22 09:02:38,450 [WARN] IntegrityCheckThread:84 - waiting for thirdparty lock release [integrity check]
2024-11-22 09:02:38,451 [INFO] IntegrityCheckThread:86 - entering critical section [integrity check]
2024-11-22 09:02:38,452 [INFO] ThirdPartyUpdaterWithRetryManager:70 - Updater plugin not ready yet. [1/15]
2024-11-22 09:02:38,453 [INFO] PluginManage:359 - Loaded plugin tools (category:base,tabindex:7)
2024-11-22 09:02:38,453 [INFO] PluginManage:310 - Check plugin tutovideos
2024-11-22 09:02:38,643 [INFO] PluginManage:359 - Loaded plugin tutovideos (category:base,tabindex:-1)
2024-11-22 09:02:38,644 [INFO] PluginManage:310 - Check plugin updater
2024-11-22 09:02:38,671 [INFO] PluginManage:359 - Loaded plugin updater (category:base,tabindex:12)
2024-11-22 09:02:38,672 [INFO] PluginManage:310 - Check plugin userauth
2024-11-22 09:02:38,743 [INFO] UserAuth:113 - Init User Auth plugin
2024-11-22 09:02:38,746 [INFO] PluginManage:359 - Loaded plugin userauth (category:base,tabindex:14)
2024-11-22 09:02:38,776 [INFO] PluginManage:283 - PluginManage : Loaded plugins [18]
2024-11-22 09:02:39,470 [ERROR] LogOutputStream:75 - [STDERR_REDIRECT] [Fatal Error] :2:10: DOCTYPE is disallowed when the feature "http://apache.org/xml/features/disallow-doctype-decl" set to true.
2024-11-22 09:02:39,473 [ERROR] LogOutputStream:75 - [STDERR_REDIRECT] 
2024-11-22 09:02:39,796 [INFO] PinOutPanel:1561 - setPackage(No Configuration,No Configuration)
2024-11-22 09:02:40,059 [INFO] CADModel:165 - CPN selected for project level
2024-11-22 09:02:40,062 [INFO] CADModel:114 - Register for checkConnection events
2024-11-22 09:02:40,084 [INFO] IPUIPlugin:80 - create IPUIPlugin
2024-11-22 09:02:40,084 [INFO] PluginManager:220 - loadIPPluginJar : add mdma
2024-11-22 09:02:40,090 [INFO] IPUIPlugin:80 - create IPUIPlugin
2024-11-22 09:02:40,091 [INFO] PluginManager:220 - loadIPPluginJar : add freertos
2024-11-22 09:02:40,094 [INFO] IPUIPlugin:80 - create IPUIPlugin
2024-11-22 09:02:40,094 [INFO] PluginManager:220 - loadIPPluginJar : add gic
2024-11-22 09:02:40,101 [INFO] IPUIPlugin:80 - create IPUIPlugin
2024-11-22 09:02:40,102 [INFO] PluginManager:220 - loadIPPluginJar : add adc
2024-11-22 09:02:40,103 [INFO] IPUIPlugin:80 - create IPUIPlugin
2024-11-22 09:02:40,104 [INFO] PluginManager:220 - loadIPPluginJar : add gtzc
2024-11-22 09:02:40,104 [INFO] IPUIPlugin:80 - create IPUIPlugin
2024-11-22 09:02:40,105 [INFO] PluginManager:220 - loadIPPluginJar : add quadspi
2024-11-22 09:02:40,106 [INFO] IPUIPlugin:80 - create IPUIPlugin
2024-11-22 09:02:40,106 [INFO] PluginManager:220 - loadIPPluginJar : add aes
2024-11-22 09:02:40,108 [INFO] IPUIPlugin:80 - create IPUIPlugin
2024-11-22 09:02:40,108 [INFO] PluginManager:220 - loadIPPluginJar : add pdm2pcm
2024-11-22 09:02:40,110 [INFO] IPUIPlugin:80 - create IPUIPlugin
2024-11-22 09:02:40,110 [INFO] PluginManager:220 - loadIPPluginJar : add hash
2024-11-22 09:02:40,111 [INFO] IPUIPlugin:80 - create IPUIPlugin
2024-11-22 09:02:40,111 [INFO] PluginManager:220 - loadIPPluginJar : add tim
2024-11-22 09:02:40,113 [INFO] IPUIPlugin:80 - create IPUIPlugin
2024-11-22 09:02:40,113 [INFO] PluginManager:220 - loadIPPluginJar : add tsc
2024-11-22 09:02:40,116 [INFO] IPUIPlugin:80 - create IPUIPlugin
2024-11-22 09:02:40,116 [INFO] PluginManager:220 - loadIPPluginJar : add extmemmanager
2024-11-22 09:02:40,118 [INFO] IPUIPlugin:80 - create IPUIPlugin
2024-11-22 09:02:40,118 [INFO] PluginManager:220 - loadIPPluginJar : add ts
2024-11-22 09:02:40,119 [INFO] IPUIPlugin:80 - create IPUIPlugin
2024-11-22 09:02:40,119 [INFO] PluginManager:220 - loadIPPluginJar : add radio
2024-11-22 09:02:40,123 [INFO] IPUIPlugin:80 - create IPUIPlugin
2024-11-22 09:02:40,123 [INFO] PluginManager:220 - loadIPPluginJar : add can
2024-11-22 09:02:40,126 [INFO] IPUIPlugin:80 - create IPUIPlugin
2024-11-22 09:02:40,126 [INFO] PluginManager:220 - loadIPPluginJar : add dma3
2024-11-22 09:02:40,128 [INFO] IPUIPlugin:80 - create IPUIPlugin
2024-11-22 09:02:40,128 [INFO] PluginManager:220 - loadIPPluginJar : add dfsdm
2024-11-22 09:02:40,129 [INFO] IPUIPlugin:80 - create IPUIPlugin
2024-11-22 09:02:40,129 [INFO] PluginManager:220 - loadIPPluginJar : add spi
2024-11-22 09:02:40,132 [INFO] IPUIPlugin:80 - create IPUIPlugin
2024-11-22 09:02:40,133 [INFO] PluginManager:220 - loadIPPluginJar : add gfxmmu
2024-11-22 09:02:40,134 [INFO] IPUIPlugin:80 - create IPUIPlugin
2024-11-22 09:02:40,134 [INFO] PluginManager:220 - loadIPPluginJar : add genericplugin
2024-11-22 09:02:40,136 [INFO] IPUIPlugin:80 - create IPUIPlugin
2024-11-22 09:02:40,136 [INFO] PluginManager:220 - loadIPPluginJar : add cryp
2024-11-22 09:02:40,138 [INFO] IPUIPlugin:80 - create IPUIPlugin
2024-11-22 09:02:40,138 [INFO] PluginManager:220 - loadIPPluginJar : add gpio
2024-11-22 09:02:40,141 [INFO] IPUIPlugin:80 - create IPUIPlugin
2024-11-22 09:02:40,142 [INFO] PluginManager:220 - loadIPPluginJar : add ddr_ctrl_phy
2024-11-22 09:02:40,144 [INFO] IPUIPlugin:80 - create IPUIPlugin
2024-11-22 09:02:40,144 [INFO] PluginManager:220 - loadIPPluginJar : add comp
2024-11-22 09:02:40,146 [INFO] IPUIPlugin:80 - create IPUIPlugin
2024-11-22 09:02:40,146 [INFO] PluginManager:220 - loadIPPluginJar : add tracer_emb
2024-11-22 09:02:40,147 [INFO] IPUIPlugin:80 - create IPUIPlugin
2024-11-22 09:02:40,148 [INFO] PluginManager:220 - loadIPPluginJar : add openamp
2024-11-22 09:02:40,152 [INFO] IPUIPlugin:80 - create IPUIPlugin
2024-11-22 09:02:40,152 [INFO] PluginManager:220 - loadIPPluginJar : add stm32_wpan
2024-11-22 09:02:40,155 [INFO] IPUIPlugin:80 - create IPUIPlugin
2024-11-22 09:02:40,158 [INFO] PluginManager:220 - loadIPPluginJar : add plateformsettings
2024-11-22 09:02:40,160 [INFO] IPUIPlugin:80 - create IPUIPlugin
2024-11-22 09:02:40,160 [INFO] PluginManager:220 - loadIPPluginJar : add ipddr
2024-11-22 09:02:40,161 [INFO] IPUIPlugin:80 - create IPUIPlugin
2024-11-22 09:02:40,162 [INFO] PluginManager:220 - loadIPPluginJar : add usart
2024-11-22 09:02:40,164 [INFO] IPUIPlugin:80 - create IPUIPlugin
2024-11-22 09:02:40,164 [INFO] PluginManager:220 - loadIPPluginJar : add ltdc
2024-11-22 09:02:40,167 [INFO] IPUIPlugin:80 - create IPUIPlugin
2024-11-22 09:02:40,167 [INFO] PluginManager:220 - loadIPPluginJar : add nvic
2024-11-22 09:02:40,168 [INFO] IPUIPlugin:80 - create IPUIPlugin
2024-11-22 09:02:40,168 [INFO] PluginManager:220 - loadIPPluginJar : add fatfs
2024-11-22 09:02:40,174 [INFO] IPUIPlugin:80 - create IPUIPlugin
2024-11-22 09:02:40,174 [INFO] PluginManager:220 - loadIPPluginJar : add linkedlist
2024-11-22 09:02:40,177 [INFO] IPUIPlugin:80 - create IPUIPlugin
2024-11-22 09:02:40,177 [INFO] PluginManager:220 - loadIPPluginJar : add dma
2024-11-22 09:02:40,181 [INFO] IPUIPlugin:80 - create IPUIPlugin
2024-11-22 09:02:40,181 [INFO] PluginManager:220 - loadIPPluginJar : add fmc
2024-11-22 09:02:40,183 [INFO] IPUIPlugin:80 - create IPUIPlugin
2024-11-22 09:02:40,183 [INFO] PluginManager:220 - loadIPPluginJar : add i2s
2024-11-22 09:02:40,185 [INFO] IPUIPlugin:80 - create IPUIPlugin
2024-11-22 09:02:40,186 [INFO] PluginManager:220 - loadIPPluginJar : add ucpd
2024-11-22 09:02:40,187 [INFO] IPUIPlugin:80 - create IPUIPlugin
2024-11-22 09:02:40,187 [INFO] PluginManager:220 - loadIPPluginJar : add lorawan
2024-11-22 09:02:40,193 [INFO] IPUIPlugin:80 - create IPUIPlugin
2024-11-22 09:02:40,193 [INFO] PluginManager:220 - loadIPPluginJar : add opamp
2024-11-22 09:02:40,195 [INFO] IPUIPlugin:80 - create IPUIPlugin
2024-11-22 09:02:40,196 [INFO] PluginManager:220 - loadIPPluginJar : add i3c
2024-11-22 09:02:40,198 [INFO] IPUIPlugin:80 - create IPUIPlugin
2024-11-22 09:02:40,198 [INFO] PluginManager:220 - loadIPPluginJar : add touchsensing
2024-11-22 09:02:40,200 [INFO] IPUIPlugin:80 - create IPUIPlugin
2024-11-22 09:02:40,200 [INFO] PluginManager:220 - loadIPPluginJar : add i2c
2024-11-22 09:02:40,202 [INFO] IPUIPlugin:80 - create IPUIPlugin
2024-11-22 09:02:40,202 [INFO] PluginManager:220 - loadIPPluginJar : add resmgrutility
2024-11-22 09:02:40,204 [INFO] IPUIPlugin:80 - create IPUIPlugin
2024-11-22 09:02:40,204 [INFO] PluginManager:220 - loadIPPluginJar : add sai
2024-11-22 09:02:40,209 [INFO] IPUIPlugin:80 - create IPUIPlugin
2024-11-22 09:02:40,209 [INFO] PluginManager:220 - loadIPPluginJar : add usbx
2024-11-22 09:02:40,328 [INFO] CADModel:165 - CPN selected for project level
2024-11-22 09:02:40,329 [INFO] CADModel:114 - Register for checkConnection events
2024-11-22 09:02:40,332 [FATAL] Updater:334 - Updater called before beeing initialized
2024-11-22 09:02:40,332 [ERROR] CADModel:125 - Updater not yet initialized, retry later 
2024-11-22 09:02:40,598 [INFO] CADModel:165 - CPN selected for project level
2024-11-22 09:02:40,599 [INFO] CADModel:114 - Register for checkConnection events
2024-11-22 09:02:40,599 [FATAL] Updater:334 - Updater called before beeing initialized
2024-11-22 09:02:40,599 [ERROR] CADModel:125 - Updater not yet initialized, retry later 
2024-11-22 09:02:40,602 [FATAL] Updater:334 - Updater called before beeing initialized
2024-11-22 09:02:40,760 [FATAL] Updater:334 - Updater called before beeing initialized
2024-11-22 09:02:40,763 [INFO] DbMcusAds:53 - JSON generation date=Wed Sep 29 23:55:09 PDT 2021 (1632984909247)
2024-11-22 09:02:40,764 [FATAL] Updater:334 - Updater called before beeing initialized
2024-11-22 09:02:41,172 [WARN] DetailPanel:346 - Failed to get advertising image, set to default
2024-11-22 09:02:41,247 [FATAL] Updater:334 - Updater called before beeing initialized
2024-11-22 09:02:41,248 [FATAL] Updater:334 - Updater called before beeing initialized
2024-11-22 09:02:41,248 [FATAL] Updater:334 - Updater called before beeing initialized
2024-11-22 09:02:41,248 [WARN] DetailPanel:346 - Failed to get advertising image, set to default
2024-11-22 09:02:41,249 [FATAL] Updater:334 - Updater called before beeing initialized
2024-11-22 09:02:41,355 [ERROR] Updater:1164 - MainUpdater not yet initialized. External WinMGr cannot be set.
2024-11-22 09:02:41,371 [INFO] Updater:1100 - Updater Version found : 6.12.1
2024-11-22 09:02:41,389 [INFO] ApplicationProperties:184 - Using Application install path: /Applications/STM32CubeIDE.app/Contents/Eclipse/plugins/com.st.stm32cube.common.mx_6.12.1.202409122256
2024-11-22 09:02:41,457 [INFO] ThirdPartyUpdaterWithRetryManager:70 - Updater plugin not ready yet. [2/15]
2024-11-22 09:02:41,862 [INFO] MainUpdater:2873 - connection check result : 10
2024-11-22 09:02:41,862 [INFO] MainUpdater:3567 - Updater definition file requires update
2024-11-22 09:02:41,863 [INFO] MainUpdater:290 - Updater Check For Update Now.
2024-11-22 09:02:41,863 [INFO] MicroXplorer:498 - Change Database Version : DB.6.0.121
2024-11-22 09:02:41,868 [INFO] McuFinderGlobals:63 - Set McuFinder mode to 2 (CubeIDE integrated)
2024-11-22 09:02:41,868 [INFO] UserAuth:179 - activating auth plugin
2024-11-22 09:02:41,875 [INFO] UserAuth:417 - Internet connection configuration mode: 1
2024-11-22 09:02:41,887 [INFO] JxBrowserEngine:152 - Initiate JxBrowser Engine with user profile folder
2024-11-22 09:02:41,965 [INFO] ServerAccessManage:473 - Download File updaters.zip
2024-11-22 09:02:42,088 [INFO] FileExtend:240 - Unzip File : updaters.zip
2024-11-22 09:02:42,088 [INFO] FileExtend:255 - Standard Zip Deflate
2024-11-22 09:02:42,261 [INFO] ServerAccessManage:473 - Download File PacksControlFlags.xml
2024-11-22 09:02:42,398 [INFO] ServerAccessManage:473 - Download File cubemx.pidx
2024-11-22 09:02:42,566 [INFO] LoadServerUpdatesThread:375 - End of LoadServerUpdate Thread
2024-11-22 09:02:42,909 [INFO] CheckServerUpdateThread:120 - End of CheckServer Thread
2024-11-22 09:02:44,649 [WARN] PackLoader:240 - Cannot read IP mode file for STMicroelectronics.FP-SNS-MOTENVWB1.1.4.0
2024-11-22 09:02:44,681 [WARN] PackLoader:240 - Cannot read IP mode file for STMicroelectronics.FP-ATR-ASTRA1.2.0.1
2024-11-22 09:02:44,705 [WARN] PackLoader:240 - Cannot read IP mode file for STMicroelectronics.X-CUBE-SMBUS.2.1.0
2024-11-22 09:02:44,727 [WARN] PackLoader:240 - Cannot read IP mode file for STMicroelectronics.X-CUBE-WB05N.1.1.0
2024-11-22 09:02:44,793 [WARN] PackLoader:240 - Cannot read IP mode file for STMicroelectronics.X-CUBE-AZRTOS-F7.1.1.0
2024-11-22 09:02:44,980 [WARN] PackLoader:240 - Cannot read IP mode file for STMicroelectronics.X-CUBE-MEMS1.11.0.0
2024-11-22 09:02:45,263 [WARN] PackLoader:240 - Cannot read IP mode file for STMicroelectronics.FP-SNS-FLIGHT1.5.0.2
2024-11-22 09:02:45,311 [WARN] PackLoader:240 - Cannot read IP mode file for STMicroelectronics.X-CUBE-DISPLAY.3.0.0
2024-11-22 09:02:45,358 [WARN] PackLoader:240 - Cannot read IP mode file for STMicroelectronics.X-CUBE-BLE1.7.0.0
2024-11-22 09:02:45,385 [WARN] PackLoader:240 - Cannot read IP mode file for STMicroelectronics.X-CUBE-NFC10.1.0.0
2024-11-22 09:02:45,408 [WARN] PackLoader:240 - Cannot read IP mode file for emotas.I-CUBE-CANOPEN.1.3.0
2024-11-22 09:02:45,451 [WARN] PackLoader:240 - Cannot read IP mode file for STMicroelectronics.X-CUBE-BLEMGR.3.1.0
2024-11-22 09:02:45,586 [WARN] PackLoader:240 - Cannot read IP mode file for STMicroelectronics.FP-SNS-SMARTAG2.1.2.0
2024-11-22 09:02:45,608 [INFO] LogOutputStream:77 - [STDOUT_REDIRECT] 1 : Invalid condition id : UX_CORESTACK_Condition cause : null
2024-11-22 09:02:45,611 [INFO] LogOutputStream:77 - [STDOUT_REDIRECT] 1 : Invalid condition id : UX_CORESTACK_Condition cause : null
2024-11-22 09:02:45,611 [INFO] LogOutputStream:77 - [STDOUT_REDIRECT] 1 : Invalid condition id : UX_CORESTACK_Condition cause : null
2024-11-22 09:02:45,611 [INFO] LogOutputStream:77 - [STDOUT_REDIRECT] 1 : Invalid condition id : UX_CORESTACK_Condition cause : null
2024-11-22 09:02:45,611 [INFO] LogOutputStream:77 - [STDOUT_REDIRECT] 1 : Invalid condition id : UX_CORESTACK_Condition cause : null
2024-11-22 09:02:45,617 [WARN] PackLoader:240 - Cannot read IP mode file for STMicroelectronics.X-CUBE-AZRTOS-WL.2.0.0
2024-11-22 09:02:45,626 [WARN] PackLoader:240 - Cannot read IP mode file for STMicroelectronics.FP-SNS-MOTENV1.5.0.0
2024-11-22 09:02:45,631 [WARN] PackLoader:240 - Cannot read IP mode file for wolfSSL.I-CUBE-wolfMQTT.1.19.0
2024-11-22 09:02:45,652 [WARN] PackLoader:240 - Cannot read IP mode file for WES.I-CUBE-Cesium.1.3.0
2024-11-22 09:02:45,658 [WARN] PackLoader:240 - Cannot read IP mode file for STMicroelectronics.X-CUBE-BLE2.3.3.0
2024-11-22 09:02:45,674 [WARN] PackLoader:240 - Cannot read IP mode file for STMicroelectronics.X-CUBE-NFC9.1.0.0
2024-11-22 09:02:45,692 [WARN] PackLoader:240 - Cannot read IP mode file for STMicroelectronics.X-CUBE-TCPP.4.1.0
2024-11-22 09:02:45,722 [WARN] PackLoader:240 - Cannot read IP mode file for STMicroelectronics.X-CUBE-AZRTOS-G0.1.1.0
2024-11-22 09:02:45,740 [WARN] PackLoader:240 - Cannot read IP mode file for STMicroelectronics.X-CUBE-SAFEA1.1.2.2
2024-11-22 09:02:45,747 [WARN] PackLoader:240 - Cannot read IP mode file for STMicroelectronics.X-CUBE-NFC4.3.0.0
2024-11-22 09:02:45,762 [WARN] PackLoader:240 - Cannot read IP mode file for EmbeddedOffice.I-CUBE-FS-RTOS.1.0.1
2024-11-22 09:02:45,765 [ERROR] ConditionMgr:805 - Attr not supported : Dmpu
2024-11-22 09:02:45,766 [ERROR] ConditionMgr:805 - Attr not supported : Dmpu
2024-11-22 09:02:45,767 [ERROR] ConditionMgr:805 - Attr not supported : Dmpu
2024-11-22 09:02:45,767 [ERROR] ConditionMgr:805 - Attr not supported : Dmpu
2024-11-22 09:02:45,767 [ERROR] ConditionMgr:805 - Attr not supported : Dmpu
2024-11-22 09:02:45,767 [ERROR] ConditionMgr:805 - Attr not supported : Dmpu
2024-11-22 09:02:45,767 [ERROR] ConditionMgr:805 - Attr not supported : Dmpu
2024-11-22 09:02:45,767 [ERROR] ConditionMgr:805 - Attr not supported : Dmpu
2024-11-22 09:02:45,767 [ERROR] ConditionMgr:805 - Attr not supported : Dmpu
2024-11-22 09:02:45,767 [ERROR] ConditionMgr:805 - Attr not supported : Dmpu
2024-11-22 09:02:45,767 [ERROR] ConditionMgr:805 - Attr not supported : Dmpu
2024-11-22 09:02:45,767 [ERROR] ConditionMgr:805 - Attr not supported : Dmpu
2024-11-22 09:02:45,768 [ERROR] ConditionMgr:805 - Attr not supported : Dmpu
2024-11-22 09:02:45,768 [ERROR] ConditionMgr:805 - Attr not supported : Dmpu
2024-11-22 09:02:45,768 [ERROR] ConditionMgr:805 - Attr not supported : Dmpu
2024-11-22 09:02:45,768 [ERROR] ConditionMgr:805 - Attr not supported : Dmpu
2024-11-22 09:02:45,769 [ERROR] ConditionMgr:805 - Attr not supported : Dmpu
2024-11-22 09:02:45,769 [ERROR] ConditionMgr:805 - Attr not supported : Dmpu
2024-11-22 09:02:45,770 [ERROR] ConditionMgr:805 - Attr not supported : Dmpu
2024-11-22 09:02:45,770 [ERROR] ConditionMgr:805 - Attr not supported : Dmpu
2024-11-22 09:02:45,770 [ERROR] ConditionMgr:805 - Attr not supported : Dmpu
2024-11-22 09:02:45,770 [ERROR] ConditionMgr:805 - Attr not supported : Dmpu
2024-11-22 09:02:45,770 [ERROR] ConditionMgr:805 - Attr not supported : Dmpu
2024-11-22 09:02:45,770 [ERROR] ConditionMgr:805 - Attr not supported : Dmpu
2024-11-22 09:02:45,770 [ERROR] ConditionMgr:805 - Attr not supported : Dmpu
2024-11-22 09:02:45,770 [ERROR] ConditionMgr:805 - Attr not supported : Dmpu
2024-11-22 09:02:45,771 [ERROR] ConditionMgr:805 - Attr not supported : Dmpu
2024-11-22 09:02:45,772 [ERROR] ConditionMgr:805 - Attr not supported : Dmpu
2024-11-22 09:02:45,772 [ERROR] ConditionMgr:805 - Attr not supported : Dmpu
2024-11-22 09:02:45,772 [ERROR] ConditionMgr:805 - Attr not supported : Dmpu
2024-11-22 09:02:45,772 [ERROR] ConditionMgr:805 - Attr not supported : Dmpu
2024-11-22 09:02:45,772 [ERROR] ConditionMgr:805 - Attr not supported : Dmpu
2024-11-22 09:02:45,772 [ERROR] ConditionMgr:805 - Attr not supported : Dmpu
2024-11-22 09:02:45,772 [ERROR] ConditionMgr:805 - Attr not supported : Dmpu
2024-11-22 09:02:45,772 [ERROR] ConditionMgr:805 - Attr not supported : Dmpu
2024-11-22 09:02:45,772 [ERROR] ConditionMgr:805 - Attr not supported : Dmpu
2024-11-22 09:02:45,772 [ERROR] ConditionMgr:805 - Attr not supported : Dmpu
2024-11-22 09:02:45,773 [ERROR] ConditionMgr:805 - Attr not supported : Dmpu
2024-11-22 09:02:45,773 [ERROR] ConditionMgr:805 - Attr not supported : Dmpu
2024-11-22 09:02:45,773 [ERROR] ConditionMgr:805 - Attr not supported : Dmpu
2024-11-22 09:02:45,773 [ERROR] ConditionMgr:805 - Attr not supported : Dmpu
2024-11-22 09:02:45,773 [ERROR] ConditionMgr:805 - Attr not supported : Dmpu
2024-11-22 09:02:45,773 [ERROR] ConditionMgr:805 - Attr not supported : Dmpu
2024-11-22 09:02:45,773 [ERROR] ConditionMgr:805 - Attr not supported : Dmpu
2024-11-22 09:02:45,773 [ERROR] ConditionMgr:805 - Attr not supported : Dmpu
2024-11-22 09:02:45,773 [ERROR] ConditionMgr:805 - Attr not supported : Dmpu
2024-11-22 09:02:45,773 [ERROR] ConditionMgr:805 - Attr not supported : Dmpu
2024-11-22 09:02:45,773 [ERROR] ConditionMgr:805 - Attr not supported : Dmpu
2024-11-22 09:02:45,773 [ERROR] ConditionMgr:805 - Attr not supported : Dmpu
2024-11-22 09:02:45,773 [ERROR] ConditionMgr:805 - Attr not supported : Dmpu
2024-11-22 09:02:45,773 [ERROR] ConditionMgr:805 - Attr not supported : Dmpu
2024-11-22 09:02:45,773 [ERROR] ConditionMgr:805 - Attr not supported : Dmpu
2024-11-22 09:02:45,773 [ERROR] ConditionMgr:805 - Attr not supported : Dmpu
2024-11-22 09:02:45,773 [ERROR] ConditionMgr:805 - Attr not supported : Dmpu
2024-11-22 09:02:45,773 [ERROR] ConditionMgr:805 - Attr not supported : Dmpu
2024-11-22 09:02:45,773 [ERROR] ConditionMgr:805 - Attr not supported : Dmpu
2024-11-22 09:02:45,773 [ERROR] ConditionMgr:805 - Attr not supported : Dmpu
2024-11-22 09:02:45,773 [ERROR] ConditionMgr:805 - Attr not supported : Dmpu
2024-11-22 09:02:45,773 [ERROR] ConditionMgr:805 - Attr not supported : Dmpu
2024-11-22 09:02:45,773 [ERROR] ConditionMgr:805 - Attr not supported : Dmpu
2024-11-22 09:02:45,773 [ERROR] ConditionMgr:805 - Attr not supported : Dmpu
2024-11-22 09:02:45,774 [ERROR] ConditionMgr:805 - Attr not supported : Dmpu
2024-11-22 09:02:45,774 [ERROR] ConditionMgr:805 - Attr not supported : Dmpu
2024-11-22 09:02:45,774 [ERROR] ConditionMgr:805 - Attr not supported : Dmpu
2024-11-22 09:02:45,778 [WARN] PackLoader:240 - Cannot read IP mode file for RealThread.X-CUBE-RT-Thread_Nano.4.1.1
2024-11-22 09:02:45,785 [WARN] PackLoader:240 - Cannot read IP mode file for STMicroelectronics.FP-ATR-SIGFOX1.3.2.0
2024-11-22 09:02:45,792 [WARN] PackLoader:240 - Cannot read IP mode file for wolfSSL.I-CUBE-wolfSSL.5.7.2
2024-11-22 09:02:45,796 [WARN] ConditionMgr:438 - getConditionDescription Invalid condition id : Cortex-A Device cause : null
2024-11-22 09:02:46,025 [WARN] ConditionMgr:1039 - genDependencies : Invalid condition id : Cortex-A Device cause : null
2024-11-22 09:02:46,026 [WARN] ConditionMgr:1039 - genDependencies : Invalid condition id : Cortex-A Device cause : null
2024-11-22 09:02:46,027 [WARN] ConditionMgr:1039 - genDependencies : Invalid condition id : Cortex-A Device cause : null
2024-11-22 09:02:46,036 [WARN] PackLoader:240 - Cannot read IP mode file for STMicroelectronics.X-CUBE-EEPRMA1.5.1.0
2024-11-22 09:02:46,044 [WARN] PackLoader:240 - Cannot read IP mode file for ITTIA_DB.I-CUBE-ITTIADB.8.9.0
2024-11-22 09:02:46,098 [WARN] PackLoader:240 - Cannot read IP mode file for SEGGER.I-CUBE-embOS.1.3.1
2024-11-22 09:02:46,147 [WARN] PackLoader:240 - Cannot read IP mode file for STMicroelectronics.X-CUBE-ALGOBUILD.1.4.0
2024-11-22 09:02:46,152 [WARN] PackLoader:240 - Cannot read IP mode file for STMicroelectronics.X-CUBE-AI.9.1.0
2024-11-22 09:02:46,172 [WARN] PackLoader:240 - Cannot read IP mode file for STMicroelectronics.X-CUBE-AZRTOS-F4.1.1.0
2024-11-22 09:02:46,181 [WARN] PackLoader:240 - Cannot read IP mode file for STMicroelectronics.X-CUBE-ISPU.2.1.0
2024-11-22 09:02:46,190 [WARN] PackLoader:240 - Cannot read IP mode file for STMicroelectronics.X-CUBE-FREERTOS.1.2.0
2024-11-22 09:02:46,211 [WARN] PackLoader:240 - Cannot read IP mode file for STMicroelectronics.X-CUBE-AZRTOS-L5.2.0.0
2024-11-22 09:02:46,272 [WARN] PackLoader:240 - Cannot read IP mode file for STMicroelectronics.X-CUBE-NFC6.3.1.0
2024-11-22 09:02:46,282 [WARN] PackLoader:240 - Cannot read IP mode file for STMicroelectronics.X-CUBE-DPower.1.2.0
2024-11-22 09:02:46,287 [WARN] PackLoader:240 - Cannot read IP mode file for STMicroelectronics.X-CUBE-NFC7.1.0.1
2024-11-22 09:02:46,317 [WARN] ConditionMgr:438 - getConditionDescription Invalid condition id : LAN8742 Phy interface Condition cause : null
2024-11-22 09:02:46,319 [WARN] PackLoader:240 - Cannot read IP mode file for STMicroelectronics.X-CUBE-AZRTOS-L4.2.0.0
2024-11-22 09:02:46,321 [WARN] ConditionMgr:1039 - genDependencies : Invalid condition id : LAN8742 Phy interface Condition cause : null
2024-11-22 09:02:46,321 [WARN] ConditionMgr:1039 - genDependencies : Invalid condition id : LAN8742 Phy interface Condition cause : null
2024-11-22 09:02:46,322 [WARN] ConditionMgr:1039 - genDependencies : Invalid condition id : LAN8742 Phy interface Condition cause : null
2024-11-22 09:02:46,332 [WARN] PackLoader:240 - Cannot read IP mode file for STMicroelectronics.X-CUBE-SFXS2LP1.4.0.0
2024-11-22 09:02:46,358 [WARN] PackLoader:240 - Cannot read IP mode file for STMicroelectronics.X-CUBE-AZRTOS-H7.3.3.0
2024-11-22 09:02:46,373 [WARN] PackLoader:240 - Cannot read IP mode file for STMicroelectronics.X-CUBE-IPS.3.0.0
2024-11-22 09:02:46,390 [WARN] ConditionMgr:438 - getConditionDescription Invalid condition id : UX DEVICE CLASS RTOS Condition cause : null
2024-11-22 09:02:46,391 [WARN] ConditionMgr:438 - getConditionDescription Invalid condition id : UX DEVICE CLASS RTOS Condition cause : null
2024-11-22 09:02:46,395 [WARN] PackLoader:240 - Cannot read IP mode file for STMicroelectronics.X-CUBE-AZRTOS-WB.2.0.0
2024-11-22 09:02:46,396 [WARN] ConditionMgr:1039 - genDependencies : Invalid condition id : UX DEVICE CLASS RTOS Condition cause : null
2024-11-22 09:02:46,396 [WARN] ConditionMgr:1039 - genDependencies : Invalid condition id : UX DEVICE CLASS RTOS Condition cause : null
2024-11-22 09:02:46,397 [WARN] ConditionMgr:1039 - genDependencies : Invalid condition id : UX DEVICE CLASS RTOS Condition cause : null
2024-11-22 09:02:46,398 [WARN] ConditionMgr:1039 - genDependencies : Invalid condition id : UX DEVICE CLASS RTOS Condition cause : null
2024-11-22 09:02:46,398 [WARN] ConditionMgr:1039 - genDependencies : Invalid condition id : UX DEVICE CLASS RTOS Condition cause : null
2024-11-22 09:02:46,405 [WARN] PackLoader:240 - Cannot read IP mode file for STMicroelectronics.X-CUBE-GNSS1.7.0.0
2024-11-22 09:02:46,414 [WARN] PackLoader:240 - Cannot read IP mode file for STMicroelectronics.FP-SNS-STBOX1.2.0.0
2024-11-22 09:02:46,435 [WARN] PackLoader:240 - Cannot read IP mode file for STMicroelectronics.X-CUBE-SUBG2.5.0.0
2024-11-22 09:02:46,470 [WARN] PackLoader:240 - Cannot read IP mode file for Cesanta.I-CUBE-Mongoose.7.13.0
2024-11-22 09:02:46,499 [WARN] PackLoader:240 - Cannot read IP mode file for STMicroelectronics.X-CUBE-AZRTOS-G4.2.0.0
2024-11-22 09:02:46,519 [WARN] PackLoader:240 - Cannot read IP mode file for STMicroelectronics.X-CUBE-ALS.1.0.2
2024-11-22 09:02:46,526 [WARN] PackLoader:240 - Cannot read IP mode file for STMicroelectronics.X-CUBE-TOUCHGFX.4.24.1
2024-11-22 09:02:46,531 [WARN] PackLoader:240 - Cannot read IP mode file for wolfSSL.I-CUBE-wolfTPM.3.4.0
2024-11-22 09:02:46,536 [WARN] PackLoader:240 - Cannot read IP mode file for portGmbH.I-Cube-SoM-uGOAL.1.1.0
2024-11-22 09:02:46,578 [WARN] PackLoader:240 - Cannot read IP mode file for STMicroelectronics.X-CUBE-AZRTOS-H7RS.1.0.0
2024-11-22 09:02:46,599 [WARN] PackLoader:240 - Cannot read IP mode file for STMicroelectronics.FP-ATR-ASTRA1.2.0.0
2024-11-22 09:02:46,661 [WARN] PackLoader:240 - Cannot read IP mode file for STMicroelectronics.X-CUBE-TOF1.3.4.2
2024-11-22 09:02:46,702 [WARN] PackLoader:240 - Cannot read IP mode file for Infineon.AIROC-Wi-Fi-Bluetooth-STM32.1.6.1
2024-11-22 09:02:46,710 [WARN] PackLoader:240 - Cannot read IP mode file for wolfSSL.I-CUBE-wolfSSH.1.4.17
2024-11-22 09:02:46,711 [INFO] ThirdParty:978 - Integrity check success = true
2024-11-22 09:02:46,711 [INFO] IntegrityCheckThread:100 - exiting critical section [integrity check]
2024-11-22 09:02:46,711 [INFO] IntegrityCheckThread:103 - End integrity checks thread
2024-11-22 09:03:13,483 [INFO] WebApp:167 - Instantiating new browser for Auth
2024-11-22 09:03:15,430 [INFO] WebApp:448 - Apply proxy settings
2024-11-22 09:03:15,458 [INFO] WebApp:493 - Chromium authenticates against Manually configured proxy
2024-11-22 09:03:15,484 [INFO] WebApp:501 - Username used for proxy authentication: 
2024-11-22 09:03:15,544 [INFO] WebApp:869 - Register for checkConnection events
2024-11-22 09:03:15,545 [INFO] WebApp:448 - Apply proxy settings
2024-11-22 09:03:15,548 [INFO] WebApp:493 - Chromium authenticates against Manually configured proxy
2024-11-22 09:03:15,548 [INFO] WebApp:501 - Username used for proxy authentication: 
2024-11-22 09:03:15,731 [INFO] WebApp:220 - Starting web application
2024-11-22 09:03:15,731 [INFO] WebApp:578 - Web application path used /Applications/STM32CubeIDE.app/Contents/Eclipse/plugins/com.st.stm32cube.common.mx_6.12.1.202409122256/db/plugins/mcufinder/reactClient1/index.html
2024-11-22 09:03:16,227 [INFO] WebApp:186 - Connection restablished
2024-11-22 09:29:59,426 [ERROR] LogOutputStream:75 - [STDERR_REDIRECT] 
