2024-10-18 08:53:03,956 [INFO] Activator:176 - 


2024-10-18 08:53:03,962 [INFO] Activator:177 - !SESSION log4j initialized
2024-10-18 08:53:08,271 [INFO] LogOutputStream:77 - [STDOUT_REDIRECT] 
2024-10-18 08:53:09,824 [ERROR] LogOutputStream:75 - [STDERR_REDIRECT] 
2024-10-18 08:53:12,014 [INFO] LogOutputStream:77 - [STDOUT_REDIRECT] 
2024-10-18 08:53:13,302 [INFO] ApplicationProperties:184 - Using Application install path: /Applications/STM32CubeIDE.app/Contents/Eclipse/plugins/com.st.stm32cube.common.mx_6.12.1.202409122256
2024-10-18 08:53:13,319 [INFO] DbMcusXml:78 - Set database path to: /Applications/STM32CubeIDE.app/Contents/Eclipse/plugins/com.st.stm32cube.common.mx_6.12.1.202409122256//db//mcu/
2024-10-18 08:53:13,319 [INFO] ApiDb:274 - Set plugin database path to: /Applications/STM32CubeIDE.app/Contents/Eclipse/plugins/com.st.stm32cube.common.mx_6.12.1.202409122256//db//plugins/boardmanager/
2024-10-18 08:53:13,320 [WARN] ApiDb:259 - Overriding images path with different value:  => /Applications/STM32CubeIDE.app/Contents/Eclipse/plugins/com.st.stm32cube.common.mx_6.12.1.202409122256//db//plugins/mcufinder/images/
2024-10-18 08:53:13,339 [INFO] ApiDb:250 - Set database path to: /var/root/.stmcufinder/plugins/mcufinder//mcu/
2024-10-18 08:53:13,340 [INFO] DbMcusAds:125 - Set database path to: /var/root/.stmcufinder/plugins/mcufinder//mcu/
2024-10-18 08:53:13,342 [INFO] CrossReferenceDbSqlite:203 - Set database path to: /var/root/.stmcufinder/plugins/mcufinder//mcu/cs/
2024-10-18 08:53:13,497 [INFO] RulesReader:64 - Compatibility file has been processed (297 Rules)
2024-10-18 08:53:13,565 [INFO] DbMcusXml:78 - Set database path to: /Applications/STM32CubeIDE.app/Contents/Eclipse/plugins/com.st.stm32cube.common.mx_6.12.1.202409122256//db//mcu/
2024-10-18 08:53:13,565 [INFO] ApiDb:274 - Set plugin database path to: /Applications/STM32CubeIDE.app/Contents/Eclipse/plugins/com.st.stm32cube.common.mx_6.12.1.202409122256//db//plugins/boardmanager/
2024-10-18 08:53:13,565 [INFO] ApiDb:261 - Set plugin images path to: /Applications/STM32CubeIDE.app/Contents/Eclipse/plugins/com.st.stm32cube.common.mx_6.12.1.202409122256//db//plugins/mcufinder/images/
2024-10-18 08:53:13,566 [WARN] DbFile:41 - Overriding database path with different value: /var/root/.stmcufinder/plugins/mcufinder/ => /var/root/.stmcufinder/plugins/mcufinder
2024-10-18 08:53:13,566 [INFO] ApiDb:250 - Set database path to: /var/root/.stmcufinder/plugins/mcufinder//mcu/
2024-10-18 08:53:13,566 [WARN] DbFile:41 - Overriding database path with different value: /var/root/.stmcufinder/plugins/mcufinder/ => /var/root/.stmcufinder/plugins/mcufinder
2024-10-18 08:53:13,566 [INFO] DbMcusAds:125 - Set database path to: /var/root/.stmcufinder/plugins/mcufinder//mcu/
2024-10-18 08:53:13,566 [WARN] DbFile:41 - Overriding database path with different value: /var/root/.stmcufinder/plugins/mcufinder/ => /var/root/.stmcufinder/plugins/mcufinder
2024-10-18 08:53:13,566 [WARN] DbFile:41 - Overriding database path with different value: /var/root/.stmcufinder/plugins/mcufinder/ => /var/root/.stmcufinder/plugins/mcufinder
2024-10-18 08:53:13,566 [INFO] CrossReferenceDbSqlite:203 - Set database path to: /var/root/.stmcufinder/plugins/mcufinder//mcu/cs/
2024-10-18 08:53:13,654 [INFO] MainPanel:268 - HeapMemory: 276824064
2024-10-18 08:53:14,300 [INFO] DbMcusXml:78 - Set database path to: /Applications/STM32CubeIDE.app/Contents/Eclipse/plugins/com.st.stm32cube.common.mx_6.12.1.202409122256//db//mcu/
2024-10-18 08:53:14,300 [INFO] ApiDb:274 - Set plugin database path to: /Applications/STM32CubeIDE.app/Contents/Eclipse/plugins/com.st.stm32cube.common.mx_6.12.1.202409122256//db//plugins/boardmanager/
2024-10-18 08:53:14,300 [INFO] ApiDb:261 - Set plugin images path to: /Applications/STM32CubeIDE.app/Contents/Eclipse/plugins/com.st.stm32cube.common.mx_6.12.1.202409122256//db//plugins/mcufinder/images/
2024-10-18 08:53:14,301 [WARN] DbFile:41 - Overriding database path with different value: /var/root/.stmcufinder/plugins/mcufinder/ => /var/root/.stmcufinder/plugins/mcufinder
2024-10-18 08:53:14,301 [INFO] ApiDb:250 - Set database path to: /var/root/.stmcufinder/plugins/mcufinder//mcu/
2024-10-18 08:53:14,301 [WARN] DbFile:41 - Overriding database path with different value: /var/root/.stmcufinder/plugins/mcufinder/ => /var/root/.stmcufinder/plugins/mcufinder
2024-10-18 08:53:14,301 [INFO] DbMcusAds:125 - Set database path to: /var/root/.stmcufinder/plugins/mcufinder//mcu/
2024-10-18 08:53:14,301 [WARN] DbFile:41 - Overriding database path with different value: /var/root/.stmcufinder/plugins/mcufinder/ => /var/root/.stmcufinder/plugins/mcufinder
2024-10-18 08:53:14,301 [WARN] DbFile:41 - Overriding database path with different value: /var/root/.stmcufinder/plugins/mcufinder/ => /var/root/.stmcufinder/plugins/mcufinder
2024-10-18 08:53:14,301 [INFO] CrossReferenceDbSqlite:203 - Set database path to: /var/root/.stmcufinder/plugins/mcufinder//mcu/cs/
2024-10-18 08:53:14,324 [INFO] ApplicationProperties:184 - Using Application install path: /Applications/STM32CubeIDE.app/Contents/Eclipse/plugins/com.st.stm32cube.common.mx_6.12.1.202409122256
2024-10-18 08:53:14,325 [INFO] PluginManage:196 - Search for loadable plugins [exclusion list=, ]
2024-10-18 08:53:14,327 [INFO] PluginManage:310 - Check plugin analytics
2024-10-18 08:53:14,515 [INFO] AnalyticsPlugin:253 - Accepted Software Licenses: 
2024-10-18 08:53:14,515 [INFO] AnalyticsPlugin:255 - Accepted CMSIS Pack Licenses: 
2024-10-18 08:53:14,515 [INFO] AnalyticsPlugin:257 - Accepted Firmware Licenses: 
2024-10-18 08:53:14,522 [INFO] PluginManage:359 - Loaded plugin analytics (category:tool,tabindex:-1)
2024-10-18 08:53:14,523 [INFO] PluginManage:310 - Check plugin cadmodel
2024-10-18 08:53:14,540 [INFO] CADModel:105 - Init CAD model plugin
2024-10-18 08:53:14,540 [INFO] PluginManage:359 - Loaded plugin cadmodel (category:power,tabindex:5)
2024-10-18 08:53:14,541 [INFO] PluginManage:310 - Check plugin clock
2024-10-18 08:53:14,552 [INFO] PluginManage:359 - Loaded plugin clock (category:base,tabindex:2)
2024-10-18 08:53:14,553 [INFO] PluginManage:310 - Check plugin ddr
2024-10-18 08:53:14,568 [INFO] PluginManage:359 - Loaded plugin ddr (category:tool,tabindex:6)
2024-10-18 08:53:14,568 [INFO] PluginManage:310 - Check plugin filemanager
2024-10-18 08:53:14,755 [INFO] PluginManage:359 - Loaded plugin filemanager (category:base,tabindex:10)
2024-10-18 08:53:14,755 [INFO] PluginManage:310 - Check plugin ipmanager
2024-10-18 08:53:14,766 [INFO] PluginManage:359 - Loaded plugin ipmanager (category:base,tabindex:5)
2024-10-18 08:53:14,767 [INFO] PluginManage:310 - Check plugin lpbam
2024-10-18 08:53:14,777 [INFO] PluginManage:359 - Loaded plugin lpbam (category:base,tabindex:0)
2024-10-18 08:53:14,777 [INFO] PluginManage:310 - Check plugin memorymap
2024-10-18 08:53:14,787 [INFO] PluginManage:359 - Loaded plugin memorymap (category:base,tabindex:4)
2024-10-18 08:53:14,787 [INFO] PluginManage:310 - Check plugin pinoutandconfiguration
2024-10-18 08:53:14,792 [INFO] PluginManage:359 - Loaded plugin pinoutandconfiguration (category:base,tabindex:1)
2024-10-18 08:53:14,792 [INFO] PluginManage:310 - Check plugin pinoutconfig
2024-10-18 08:53:14,893 [WARN] SupportedApi:132 - Cannot load RTOS API schema: s4s-elt-must-match.1: The content of 'definitions' must match (annotation?, (simpleType | complexType)?, (unique | key | keyref)*)). A problem was found starting at: attribute.
2024-10-18 08:53:15,045 [INFO] PluginManage:359 - Loaded plugin pinoutconfig (category:base,tabindex:0)
2024-10-18 08:53:15,045 [INFO] PluginManage:310 - Check plugin power
2024-10-18 08:53:15,060 [INFO] PluginManage:359 - Loaded plugin power (category:power,tabindex:4)
2024-10-18 08:53:15,060 [INFO] PluginManage:310 - Check plugin projectmanager
2024-10-18 08:53:15,088 [INFO] PluginManage:359 - Loaded plugin projectmanager (category:projectmanager,tabindex:4)
2024-10-18 08:53:15,088 [INFO] PluginManage:310 - Check plugin rif
2024-10-18 08:53:15,094 [INFO] PluginManage:359 - Loaded plugin rif (category:base,tabindex:3)
2024-10-18 08:53:15,094 [INFO] PluginManage:310 - Check plugin thirdparty
2024-10-18 08:53:15,373 [INFO] PluginManage:359 - Loaded plugin thirdparty (category:base,tabindex:-1)
2024-10-18 08:53:15,377 [INFO] PluginManage:310 - Check plugin tools
2024-10-18 08:53:15,373 [WARN] IntegrityCheckThread:84 - waiting for thirdparty lock release [integrity check]
2024-10-18 08:53:15,378 [INFO] IntegrityCheckThread:86 - entering critical section [integrity check]
2024-10-18 08:53:15,385 [INFO] ThirdPartyUpdaterWithRetryManager:70 - Updater plugin not ready yet. [1/15]
2024-10-18 08:53:15,390 [INFO] PluginManage:359 - Loaded plugin tools (category:base,tabindex:7)
2024-10-18 08:53:15,391 [INFO] PluginManage:310 - Check plugin tutovideos
2024-10-18 08:53:15,661 [INFO] PluginManage:359 - Loaded plugin tutovideos (category:base,tabindex:-1)
2024-10-18 08:53:15,663 [INFO] PluginManage:310 - Check plugin updater
2024-10-18 08:53:15,716 [INFO] PluginManage:359 - Loaded plugin updater (category:base,tabindex:12)
2024-10-18 08:53:15,716 [INFO] PluginManage:310 - Check plugin userauth
2024-10-18 08:53:15,725 [INFO] UserAuth:113 - Init User Auth plugin
2024-10-18 08:53:15,725 [INFO] PluginManage:359 - Loaded plugin userauth (category:base,tabindex:14)
2024-10-18 08:53:15,727 [INFO] PluginManage:283 - PluginManage : Loaded plugins [18]
2024-10-18 08:53:16,012 [INFO] PinOutPanel:1561 - setPackage(No Configuration,No Configuration)
2024-10-18 08:53:16,130 [INFO] CADModel:165 - CPN selected for project level
2024-10-18 08:53:16,130 [INFO] CADModel:114 - Register for checkConnection events
2024-10-18 08:53:16,183 [INFO] IPUIPlugin:80 - create IPUIPlugin
2024-10-18 08:53:16,184 [INFO] PluginManager:220 - loadIPPluginJar : add mdma
2024-10-18 08:53:16,188 [INFO] IPUIPlugin:80 - create IPUIPlugin
2024-10-18 08:53:16,189 [INFO] PluginManager:220 - loadIPPluginJar : add freertos
2024-10-18 08:53:16,191 [INFO] IPUIPlugin:80 - create IPUIPlugin
2024-10-18 08:53:16,191 [INFO] PluginManager:220 - loadIPPluginJar : add gic
2024-10-18 08:53:16,198 [INFO] IPUIPlugin:80 - create IPUIPlugin
2024-10-18 08:53:16,199 [INFO] PluginManager:220 - loadIPPluginJar : add adc
2024-10-18 08:53:16,201 [INFO] IPUIPlugin:80 - create IPUIPlugin
2024-10-18 08:53:16,201 [INFO] PluginManager:220 - loadIPPluginJar : add gtzc
2024-10-18 08:53:16,202 [INFO] IPUIPlugin:80 - create IPUIPlugin
2024-10-18 08:53:16,202 [INFO] PluginManager:220 - loadIPPluginJar : add quadspi
2024-10-18 08:53:16,203 [INFO] IPUIPlugin:80 - create IPUIPlugin
2024-10-18 08:53:16,203 [INFO] PluginManager:220 - loadIPPluginJar : add aes
2024-10-18 08:53:16,205 [INFO] IPUIPlugin:80 - create IPUIPlugin
2024-10-18 08:53:16,205 [INFO] PluginManager:220 - loadIPPluginJar : add pdm2pcm
2024-10-18 08:53:16,206 [INFO] IPUIPlugin:80 - create IPUIPlugin
2024-10-18 08:53:16,206 [INFO] PluginManager:220 - loadIPPluginJar : add hash
2024-10-18 08:53:16,207 [INFO] IPUIPlugin:80 - create IPUIPlugin
2024-10-18 08:53:16,207 [INFO] PluginManager:220 - loadIPPluginJar : add tim
2024-10-18 08:53:16,208 [INFO] IPUIPlugin:80 - create IPUIPlugin
2024-10-18 08:53:16,209 [INFO] PluginManager:220 - loadIPPluginJar : add tsc
2024-10-18 08:53:16,211 [INFO] IPUIPlugin:80 - create IPUIPlugin
2024-10-18 08:53:16,211 [INFO] PluginManager:220 - loadIPPluginJar : add extmemmanager
2024-10-18 08:53:16,212 [INFO] IPUIPlugin:80 - create IPUIPlugin
2024-10-18 08:53:16,212 [INFO] PluginManager:220 - loadIPPluginJar : add ts
2024-10-18 08:53:16,214 [INFO] IPUIPlugin:80 - create IPUIPlugin
2024-10-18 08:53:16,215 [INFO] PluginManager:220 - loadIPPluginJar : add radio
2024-10-18 08:53:16,216 [INFO] IPUIPlugin:80 - create IPUIPlugin
2024-10-18 08:53:16,216 [INFO] PluginManager:220 - loadIPPluginJar : add can
2024-10-18 08:53:16,218 [INFO] IPUIPlugin:80 - create IPUIPlugin
2024-10-18 08:53:16,218 [INFO] PluginManager:220 - loadIPPluginJar : add dma3
2024-10-18 08:53:16,220 [INFO] IPUIPlugin:80 - create IPUIPlugin
2024-10-18 08:53:16,220 [INFO] PluginManager:220 - loadIPPluginJar : add dfsdm
2024-10-18 08:53:16,221 [INFO] IPUIPlugin:80 - create IPUIPlugin
2024-10-18 08:53:16,221 [INFO] PluginManager:220 - loadIPPluginJar : add spi
2024-10-18 08:53:16,222 [INFO] IPUIPlugin:80 - create IPUIPlugin
2024-10-18 08:53:16,222 [INFO] PluginManager:220 - loadIPPluginJar : add gfxmmu
2024-10-18 08:53:16,224 [INFO] IPUIPlugin:80 - create IPUIPlugin
2024-10-18 08:53:16,224 [INFO] PluginManager:220 - loadIPPluginJar : add genericplugin
2024-10-18 08:53:16,225 [INFO] IPUIPlugin:80 - create IPUIPlugin
2024-10-18 08:53:16,225 [INFO] PluginManager:220 - loadIPPluginJar : add cryp
2024-10-18 08:53:16,229 [INFO] IPUIPlugin:80 - create IPUIPlugin
2024-10-18 08:53:16,229 [INFO] PluginManager:220 - loadIPPluginJar : add gpio
2024-10-18 08:53:16,232 [INFO] IPUIPlugin:80 - create IPUIPlugin
2024-10-18 08:53:16,232 [INFO] PluginManager:220 - loadIPPluginJar : add ddr_ctrl_phy
2024-10-18 08:53:16,233 [INFO] IPUIPlugin:80 - create IPUIPlugin
2024-10-18 08:53:16,234 [INFO] PluginManager:220 - loadIPPluginJar : add comp
2024-10-18 08:53:16,235 [INFO] IPUIPlugin:80 - create IPUIPlugin
2024-10-18 08:53:16,236 [INFO] PluginManager:220 - loadIPPluginJar : add tracer_emb
2024-10-18 08:53:16,238 [INFO] IPUIPlugin:80 - create IPUIPlugin
2024-10-18 08:53:16,238 [INFO] PluginManager:220 - loadIPPluginJar : add openamp
2024-10-18 08:53:16,241 [INFO] IPUIPlugin:80 - create IPUIPlugin
2024-10-18 08:53:16,241 [INFO] PluginManager:220 - loadIPPluginJar : add stm32_wpan
2024-10-18 08:53:16,246 [INFO] IPUIPlugin:80 - create IPUIPlugin
2024-10-18 08:53:16,248 [INFO] PluginManager:220 - loadIPPluginJar : add plateformsettings
2024-10-18 08:53:16,251 [INFO] IPUIPlugin:80 - create IPUIPlugin
2024-10-18 08:53:16,251 [INFO] PluginManager:220 - loadIPPluginJar : add ipddr
2024-10-18 08:53:16,253 [INFO] IPUIPlugin:80 - create IPUIPlugin
2024-10-18 08:53:16,253 [INFO] PluginManager:220 - loadIPPluginJar : add usart
2024-10-18 08:53:16,254 [INFO] IPUIPlugin:80 - create IPUIPlugin
2024-10-18 08:53:16,254 [INFO] PluginManager:220 - loadIPPluginJar : add ltdc
2024-10-18 08:53:16,257 [INFO] IPUIPlugin:80 - create IPUIPlugin
2024-10-18 08:53:16,258 [INFO] PluginManager:220 - loadIPPluginJar : add nvic
2024-10-18 08:53:16,259 [INFO] IPUIPlugin:80 - create IPUIPlugin
2024-10-18 08:53:16,259 [INFO] PluginManager:220 - loadIPPluginJar : add fatfs
2024-10-18 08:53:16,263 [INFO] IPUIPlugin:80 - create IPUIPlugin
2024-10-18 08:53:16,263 [INFO] PluginManager:220 - loadIPPluginJar : add linkedlist
2024-10-18 08:53:16,267 [INFO] IPUIPlugin:80 - create IPUIPlugin
2024-10-18 08:53:16,267 [INFO] PluginManager:220 - loadIPPluginJar : add dma
2024-10-18 08:53:16,270 [INFO] IPUIPlugin:80 - create IPUIPlugin
2024-10-18 08:53:16,270 [INFO] PluginManager:220 - loadIPPluginJar : add fmc
2024-10-18 08:53:16,271 [INFO] IPUIPlugin:80 - create IPUIPlugin
2024-10-18 08:53:16,271 [INFO] PluginManager:220 - loadIPPluginJar : add i2s
2024-10-18 08:53:16,272 [INFO] IPUIPlugin:80 - create IPUIPlugin
2024-10-18 08:53:16,272 [INFO] PluginManager:220 - loadIPPluginJar : add ucpd
2024-10-18 08:53:16,273 [INFO] IPUIPlugin:80 - create IPUIPlugin
2024-10-18 08:53:16,273 [INFO] PluginManager:220 - loadIPPluginJar : add lorawan
2024-10-18 08:53:16,275 [INFO] IPUIPlugin:80 - create IPUIPlugin
2024-10-18 08:53:16,275 [INFO] PluginManager:220 - loadIPPluginJar : add opamp
2024-10-18 08:53:16,277 [INFO] IPUIPlugin:80 - create IPUIPlugin
2024-10-18 08:53:16,277 [INFO] PluginManager:220 - loadIPPluginJar : add i3c
2024-10-18 08:53:16,279 [INFO] IPUIPlugin:80 - create IPUIPlugin
2024-10-18 08:53:16,279 [INFO] PluginManager:220 - loadIPPluginJar : add touchsensing
2024-10-18 08:53:16,281 [INFO] IPUIPlugin:80 - create IPUIPlugin
2024-10-18 08:53:16,281 [INFO] PluginManager:220 - loadIPPluginJar : add i2c
2024-10-18 08:53:16,283 [INFO] IPUIPlugin:80 - create IPUIPlugin
2024-10-18 08:53:16,283 [INFO] PluginManager:220 - loadIPPluginJar : add resmgrutility
2024-10-18 08:53:16,285 [INFO] IPUIPlugin:80 - create IPUIPlugin
2024-10-18 08:53:16,285 [INFO] PluginManager:220 - loadIPPluginJar : add sai
2024-10-18 08:53:16,287 [INFO] IPUIPlugin:80 - create IPUIPlugin
2024-10-18 08:53:16,287 [INFO] PluginManager:220 - loadIPPluginJar : add usbx
2024-10-18 08:53:16,365 [ERROR] LogOutputStream:75 - [STDERR_REDIRECT] [Fatal Error] :2:10: DOCTYPE is disallowed when the feature "http://apache.org/xml/features/disallow-doctype-decl" set to true.
2024-10-18 08:53:16,418 [ERROR] LogOutputStream:75 - [STDERR_REDIRECT] 
2024-10-18 08:53:16,470 [INFO] CADModel:165 - CPN selected for project level
2024-10-18 08:53:16,470 [INFO] CADModel:114 - Register for checkConnection events
2024-10-18 08:53:16,471 [FATAL] Updater:334 - Updater called before beeing initialized
2024-10-18 08:53:16,471 [ERROR] CADModel:125 - Updater not yet initialized, retry later 
2024-10-18 08:53:16,732 [INFO] CADModel:165 - CPN selected for project level
2024-10-18 08:53:16,733 [INFO] CADModel:114 - Register for checkConnection events
2024-10-18 08:53:16,733 [FATAL] Updater:334 - Updater called before beeing initialized
2024-10-18 08:53:16,733 [ERROR] CADModel:125 - Updater not yet initialized, retry later 
2024-10-18 08:53:16,736 [FATAL] Updater:334 - Updater called before beeing initialized
2024-10-18 08:53:16,908 [FATAL] Updater:334 - Updater called before beeing initialized
2024-10-18 08:53:16,913 [INFO] DbMcusAds:53 - JSON generation date=Wed Sep 29 23:55:09 PDT 2021 (1632984909247)
2024-10-18 08:53:16,914 [FATAL] Updater:334 - Updater called before beeing initialized
2024-10-18 08:53:16,976 [WARN] DetailPanel:346 - Failed to get advertising image, set to default
2024-10-18 08:53:17,046 [FATAL] Updater:334 - Updater called before beeing initialized
2024-10-18 08:53:17,047 [FATAL] Updater:334 - Updater called before beeing initialized
2024-10-18 08:53:17,047 [FATAL] Updater:334 - Updater called before beeing initialized
2024-10-18 08:53:17,047 [WARN] DetailPanel:346 - Failed to get advertising image, set to default
2024-10-18 08:53:17,048 [FATAL] Updater:334 - Updater called before beeing initialized
2024-10-18 08:53:17,129 [ERROR] Updater:1164 - MainUpdater not yet initialized. External WinMGr cannot be set.
2024-10-18 08:53:17,136 [INFO] Updater:1100 - Updater Version found : 6.12.1
2024-10-18 08:53:17,149 [INFO] ApplicationProperties:184 - Using Application install path: /Applications/STM32CubeIDE.app/Contents/Eclipse/plugins/com.st.stm32cube.common.mx_6.12.1.202409122256
2024-10-18 08:53:17,494 [INFO] MainUpdater:2873 - connection check result : 10
2024-10-18 08:53:17,494 [INFO] MainUpdater:3567 - Updater definition file requires update
2024-10-18 08:53:17,495 [INFO] MainUpdater:290 - Updater Check For Update Now.
2024-10-18 08:53:17,495 [INFO] MicroXplorer:498 - Change Database Version : DB.6.0.121
2024-10-18 08:53:17,503 [INFO] McuFinderGlobals:63 - Set McuFinder mode to 2 (CubeIDE integrated)
2024-10-18 08:53:17,504 [INFO] UserAuth:179 - activating auth plugin
2024-10-18 08:53:17,513 [INFO] UserAuth:417 - Internet connection configuration mode: 1
2024-10-18 08:53:17,530 [INFO] JxBrowserEngine:152 - Initiate JxBrowser Engine with user profile folder
2024-10-18 08:53:17,674 [INFO] ServerAccessManage:473 - Download File updaters.zip
2024-10-18 08:53:17,947 [INFO] FileExtend:240 - Unzip File : updaters.zip
2024-10-18 08:53:17,953 [INFO] FileExtend:255 - Standard Zip Deflate
2024-10-18 08:53:18,382 [INFO] ServerAccessManage:473 - Download File PacksControlFlags.xml
2024-10-18 08:53:18,398 [WARN] MainUpdater:1194 - Updater busy. Cannot search thirdparties
2024-10-18 08:53:18,400 [INFO] ThirdPartyUpdaterWithRetryManager:96 - Updater plugin is busy. [1/15]
2024-10-18 08:53:18,730 [INFO] ServerAccessManage:473 - Download File cubemx.pidx
2024-10-18 08:53:19,022 [INFO] LoadServerUpdatesThread:375 - End of LoadServerUpdate Thread
2024-10-18 08:53:19,249 [INFO] CheckServerUpdateThread:120 - End of CheckServer Thread
2024-10-18 08:53:21,598 [WARN] PackLoader:240 - Cannot read IP mode file for STMicroelectronics.FP-SNS-MOTENVWB1.1.4.0
2024-10-18 08:53:21,626 [WARN] PackLoader:240 - Cannot read IP mode file for STMicroelectronics.X-CUBE-SMBUS.2.1.0
2024-10-18 08:53:21,655 [WARN] PackLoader:240 - Cannot read IP mode file for STMicroelectronics.X-CUBE-WB05N.1.1.0
2024-10-18 08:53:21,706 [WARN] PackLoader:240 - Cannot read IP mode file for STMicroelectronics.X-CUBE-AZRTOS-F7.1.1.0
2024-10-18 08:53:21,884 [WARN] PackLoader:240 - Cannot read IP mode file for STMicroelectronics.X-CUBE-MEMS1.11.0.0
2024-10-18 08:53:22,166 [WARN] PackLoader:240 - Cannot read IP mode file for STMicroelectronics.FP-SNS-FLIGHT1.5.0.2
2024-10-18 08:53:22,184 [WARN] PackLoader:240 - Cannot read IP mode file for STMicroelectronics.X-CUBE-DISPLAY.3.0.0
2024-10-18 08:53:22,206 [WARN] PackLoader:240 - Cannot read IP mode file for STMicroelectronics.X-CUBE-BLE1.7.0.0
2024-10-18 08:53:22,218 [WARN] PackLoader:240 - Cannot read IP mode file for STMicroelectronics.X-CUBE-NFC10.1.0.0
2024-10-18 08:53:22,262 [WARN] PackLoader:240 - Cannot read IP mode file for emotas.I-CUBE-CANOPEN.1.3.0
2024-10-18 08:53:22,324 [WARN] PackLoader:240 - Cannot read IP mode file for STMicroelectronics.X-CUBE-BLEMGR.3.1.0
2024-10-18 08:53:22,370 [WARN] PackLoader:240 - Cannot read IP mode file for STMicroelectronics.FP-SNS-SMARTAG2.1.2.0
2024-10-18 08:53:22,400 [INFO] LogOutputStream:77 - [STDOUT_REDIRECT] 1 : Invalid condition id : UX_CORESTACK_Condition cause : null
2024-10-18 08:53:22,411 [INFO] LogOutputStream:77 - [STDOUT_REDIRECT] 1 : Invalid condition id : UX_CORESTACK_Condition cause : null
2024-10-18 08:53:22,414 [INFO] LogOutputStream:77 - [STDOUT_REDIRECT] 1 : Invalid condition id : UX_CORESTACK_Condition cause : null
2024-10-18 08:53:22,426 [INFO] LogOutputStream:77 - [STDOUT_REDIRECT] 1 : Invalid condition id : UX_CORESTACK_Condition cause : null
2024-10-18 08:53:22,428 [INFO] LogOutputStream:77 - [STDOUT_REDIRECT] 1 : Invalid condition id : UX_CORESTACK_Condition cause : null
2024-10-18 08:53:22,437 [WARN] PackLoader:240 - Cannot read IP mode file for STMicroelectronics.X-CUBE-AZRTOS-WL.2.0.0
2024-10-18 08:53:22,472 [WARN] PackLoader:240 - Cannot read IP mode file for STMicroelectronics.FP-SNS-MOTENV1.5.0.0
2024-10-18 08:53:22,483 [WARN] PackLoader:240 - Cannot read IP mode file for wolfSSL.I-CUBE-wolfMQTT.1.19.0
2024-10-18 08:53:22,517 [WARN] PackLoader:240 - Cannot read IP mode file for WES.I-CUBE-Cesium.1.3.0
2024-10-18 08:53:22,556 [WARN] PackLoader:240 - Cannot read IP mode file for STMicroelectronics.X-CUBE-BLE2.3.3.0
2024-10-18 08:53:22,571 [WARN] PackLoader:240 - Cannot read IP mode file for STMicroelectronics.X-CUBE-NFC9.1.0.0
2024-10-18 08:53:22,586 [WARN] PackLoader:240 - Cannot read IP mode file for STMicroelectronics.X-CUBE-TCPP.4.1.0
2024-10-18 08:53:22,616 [WARN] PackLoader:240 - Cannot read IP mode file for STMicroelectronics.X-CUBE-AZRTOS-G0.1.1.0
2024-10-18 08:53:22,636 [INFO] WebApp:167 - Instantiating new browser for Auth
2024-10-18 08:53:22,640 [WARN] PackLoader:240 - Cannot read IP mode file for STMicroelectronics.X-CUBE-SAFEA1.1.2.2
2024-10-18 08:53:22,666 [WARN] PackLoader:240 - Cannot read IP mode file for STMicroelectronics.X-CUBE-NFC4.3.0.0
2024-10-18 08:53:22,697 [WARN] PackLoader:240 - Cannot read IP mode file for EmbeddedOffice.I-CUBE-FS-RTOS.1.0.1
2024-10-18 08:53:22,703 [ERROR] ConditionMgr:805 - Attr not supported : Dmpu
2024-10-18 08:53:22,708 [ERROR] ConditionMgr:805 - Attr not supported : Dmpu
2024-10-18 08:53:22,709 [ERROR] ConditionMgr:805 - Attr not supported : Dmpu
2024-10-18 08:53:22,711 [ERROR] ConditionMgr:805 - Attr not supported : Dmpu
2024-10-18 08:53:22,714 [ERROR] ConditionMgr:805 - Attr not supported : Dmpu
2024-10-18 08:53:22,718 [ERROR] ConditionMgr:805 - Attr not supported : Dmpu
2024-10-18 08:53:22,718 [ERROR] ConditionMgr:805 - Attr not supported : Dmpu
2024-10-18 08:53:22,718 [ERROR] ConditionMgr:805 - Attr not supported : Dmpu
2024-10-18 08:53:22,719 [ERROR] ConditionMgr:805 - Attr not supported : Dmpu
2024-10-18 08:53:22,719 [ERROR] ConditionMgr:805 - Attr not supported : Dmpu
2024-10-18 08:53:22,719 [ERROR] ConditionMgr:805 - Attr not supported : Dmpu
2024-10-18 08:53:22,723 [ERROR] ConditionMgr:805 - Attr not supported : Dmpu
2024-10-18 08:53:22,728 [ERROR] ConditionMgr:805 - Attr not supported : Dmpu
2024-10-18 08:53:22,732 [ERROR] ConditionMgr:805 - Attr not supported : Dmpu
2024-10-18 08:53:22,732 [ERROR] ConditionMgr:805 - Attr not supported : Dmpu
2024-10-18 08:53:22,732 [ERROR] ConditionMgr:805 - Attr not supported : Dmpu
2024-10-18 08:53:22,732 [ERROR] ConditionMgr:805 - Attr not supported : Dmpu
2024-10-18 08:53:22,732 [ERROR] ConditionMgr:805 - Attr not supported : Dmpu
2024-10-18 08:53:22,736 [ERROR] ConditionMgr:805 - Attr not supported : Dmpu
2024-10-18 08:53:22,736 [ERROR] ConditionMgr:805 - Attr not supported : Dmpu
2024-10-18 08:53:22,736 [ERROR] ConditionMgr:805 - Attr not supported : Dmpu
2024-10-18 08:53:22,737 [ERROR] ConditionMgr:805 - Attr not supported : Dmpu
2024-10-18 08:53:22,743 [ERROR] ConditionMgr:805 - Attr not supported : Dmpu
2024-10-18 08:53:22,748 [ERROR] ConditionMgr:805 - Attr not supported : Dmpu
2024-10-18 08:53:22,752 [ERROR] ConditionMgr:805 - Attr not supported : Dmpu
2024-10-18 08:53:22,756 [ERROR] ConditionMgr:805 - Attr not supported : Dmpu
2024-10-18 08:53:22,756 [ERROR] ConditionMgr:805 - Attr not supported : Dmpu
2024-10-18 08:53:22,756 [ERROR] ConditionMgr:805 - Attr not supported : Dmpu
2024-10-18 08:53:22,760 [ERROR] ConditionMgr:805 - Attr not supported : Dmpu
2024-10-18 08:53:22,760 [ERROR] ConditionMgr:805 - Attr not supported : Dmpu
2024-10-18 08:53:22,765 [ERROR] ConditionMgr:805 - Attr not supported : Dmpu
2024-10-18 08:53:22,765 [ERROR] ConditionMgr:805 - Attr not supported : Dmpu
2024-10-18 08:53:22,765 [ERROR] ConditionMgr:805 - Attr not supported : Dmpu
2024-10-18 08:53:22,765 [ERROR] ConditionMgr:805 - Attr not supported : Dmpu
2024-10-18 08:53:22,765 [ERROR] ConditionMgr:805 - Attr not supported : Dmpu
2024-10-18 08:53:22,765 [ERROR] ConditionMgr:805 - Attr not supported : Dmpu
2024-10-18 08:53:22,765 [ERROR] ConditionMgr:805 - Attr not supported : Dmpu
2024-10-18 08:53:22,768 [ERROR] ConditionMgr:805 - Attr not supported : Dmpu
2024-10-18 08:53:22,773 [ERROR] ConditionMgr:805 - Attr not supported : Dmpu
2024-10-18 08:53:22,777 [ERROR] ConditionMgr:805 - Attr not supported : Dmpu
2024-10-18 08:53:22,779 [ERROR] ConditionMgr:805 - Attr not supported : Dmpu
2024-10-18 08:53:22,785 [ERROR] ConditionMgr:805 - Attr not supported : Dmpu
2024-10-18 08:53:22,785 [ERROR] ConditionMgr:805 - Attr not supported : Dmpu
2024-10-18 08:53:22,785 [ERROR] ConditionMgr:805 - Attr not supported : Dmpu
2024-10-18 08:53:22,785 [ERROR] ConditionMgr:805 - Attr not supported : Dmpu
2024-10-18 08:53:22,785 [ERROR] ConditionMgr:805 - Attr not supported : Dmpu
2024-10-18 08:53:22,785 [ERROR] ConditionMgr:805 - Attr not supported : Dmpu
2024-10-18 08:53:22,785 [ERROR] ConditionMgr:805 - Attr not supported : Dmpu
2024-10-18 08:53:22,789 [ERROR] ConditionMgr:805 - Attr not supported : Dmpu
2024-10-18 08:53:22,789 [ERROR] ConditionMgr:805 - Attr not supported : Dmpu
2024-10-18 08:53:22,789 [ERROR] ConditionMgr:805 - Attr not supported : Dmpu
2024-10-18 08:53:22,789 [ERROR] ConditionMgr:805 - Attr not supported : Dmpu
2024-10-18 08:53:22,789 [ERROR] ConditionMgr:805 - Attr not supported : Dmpu
2024-10-18 08:53:22,789 [ERROR] ConditionMgr:805 - Attr not supported : Dmpu
2024-10-18 08:53:22,789 [ERROR] ConditionMgr:805 - Attr not supported : Dmpu
2024-10-18 08:53:22,789 [ERROR] ConditionMgr:805 - Attr not supported : Dmpu
2024-10-18 08:53:22,789 [ERROR] ConditionMgr:805 - Attr not supported : Dmpu
2024-10-18 08:53:22,794 [ERROR] ConditionMgr:805 - Attr not supported : Dmpu
2024-10-18 08:53:22,797 [ERROR] ConditionMgr:805 - Attr not supported : Dmpu
2024-10-18 08:53:22,801 [ERROR] ConditionMgr:805 - Attr not supported : Dmpu
2024-10-18 08:53:22,801 [ERROR] ConditionMgr:805 - Attr not supported : Dmpu
2024-10-18 08:53:22,801 [ERROR] ConditionMgr:805 - Attr not supported : Dmpu
2024-10-18 08:53:22,801 [ERROR] ConditionMgr:805 - Attr not supported : Dmpu
2024-10-18 08:53:22,801 [ERROR] ConditionMgr:805 - Attr not supported : Dmpu
2024-10-18 08:53:22,817 [WARN] PackLoader:240 - Cannot read IP mode file for RealThread.X-CUBE-RT-Thread_Nano.4.1.1
2024-10-18 08:53:22,821 [WARN] PackLoader:240 - Cannot read IP mode file for STMicroelectronics.FP-ATR-SIGFOX1.3.2.0
2024-10-18 08:53:22,829 [WARN] PackLoader:240 - Cannot read IP mode file for wolfSSL.I-CUBE-wolfSSL.5.7.2
2024-10-18 08:53:22,839 [WARN] PackLoader:240 - Cannot read IP mode file for STMicroelectronics.X-CUBE-EEPRMA1.5.1.0
2024-10-18 08:53:22,848 [WARN] PackLoader:240 - Cannot read IP mode file for ITTIA_DB.I-CUBE-ITTIADB.8.9.0
2024-10-18 08:53:22,917 [WARN] PackLoader:240 - Cannot read IP mode file for SEGGER.I-CUBE-embOS.1.3.1
2024-10-18 08:53:23,002 [WARN] PackLoader:240 - Cannot read IP mode file for STMicroelectronics.X-CUBE-ALGOBUILD.1.4.0
2024-10-18 08:53:23,009 [WARN] PackLoader:240 - Cannot read IP mode file for STMicroelectronics.X-CUBE-AI.9.1.0
2024-10-18 08:53:23,030 [WARN] PackLoader:240 - Cannot read IP mode file for STMicroelectronics.X-CUBE-AZRTOS-F4.1.1.0
2024-10-18 08:53:23,039 [WARN] PackLoader:240 - Cannot read IP mode file for STMicroelectronics.X-CUBE-ISPU.2.1.0
2024-10-18 08:53:23,057 [WARN] PackLoader:240 - Cannot read IP mode file for STMicroelectronics.X-CUBE-FREERTOS.1.2.0
2024-10-18 08:53:23,081 [WARN] PackLoader:240 - Cannot read IP mode file for STMicroelectronics.X-CUBE-AZRTOS-L5.2.0.0
2024-10-18 08:53:23,094 [WARN] PackLoader:240 - Cannot read IP mode file for STMicroelectronics.X-CUBE-NFC6.3.1.0
2024-10-18 08:53:23,103 [WARN] PackLoader:240 - Cannot read IP mode file for STMicroelectronics.X-CUBE-DPower.1.2.0
2024-10-18 08:53:23,108 [WARN] PackLoader:240 - Cannot read IP mode file for STMicroelectronics.X-CUBE-NFC7.1.0.1
2024-10-18 08:53:23,136 [WARN] ConditionMgr:438 - getConditionDescription Invalid condition id : LAN8742 Phy interface Condition cause : null
2024-10-18 08:53:23,138 [WARN] PackLoader:240 - Cannot read IP mode file for STMicroelectronics.X-CUBE-AZRTOS-L4.2.0.0
2024-10-18 08:53:23,143 [WARN] ConditionMgr:1039 - genDependencies : Invalid condition id : LAN8742 Phy interface Condition cause : null
2024-10-18 08:53:23,144 [WARN] ConditionMgr:1039 - genDependencies : Invalid condition id : LAN8742 Phy interface Condition cause : null
2024-10-18 08:53:23,145 [WARN] ConditionMgr:1039 - genDependencies : Invalid condition id : LAN8742 Phy interface Condition cause : null
2024-10-18 08:53:23,159 [WARN] PackLoader:240 - Cannot read IP mode file for STMicroelectronics.X-CUBE-SFXS2LP1.4.0.0
2024-10-18 08:53:23,200 [WARN] PackLoader:240 - Cannot read IP mode file for STMicroelectronics.X-CUBE-AZRTOS-H7.3.3.0
2024-10-18 08:53:23,222 [WARN] PackLoader:240 - Cannot read IP mode file for STMicroelectronics.X-CUBE-IPS.3.0.0
2024-10-18 08:53:23,353 [WARN] ConditionMgr:438 - getConditionDescription Invalid condition id : UX DEVICE CLASS RTOS Condition cause : null
2024-10-18 08:53:23,356 [WARN] ConditionMgr:438 - getConditionDescription Invalid condition id : UX DEVICE CLASS RTOS Condition cause : null
2024-10-18 08:53:23,360 [WARN] PackLoader:240 - Cannot read IP mode file for STMicroelectronics.X-CUBE-AZRTOS-WB.2.0.0
2024-10-18 08:53:23,361 [WARN] ConditionMgr:1039 - genDependencies : Invalid condition id : UX DEVICE CLASS RTOS Condition cause : null
2024-10-18 08:53:23,361 [WARN] ConditionMgr:1039 - genDependencies : Invalid condition id : UX DEVICE CLASS RTOS Condition cause : null
2024-10-18 08:53:23,362 [WARN] ConditionMgr:1039 - genDependencies : Invalid condition id : UX DEVICE CLASS RTOS Condition cause : null
2024-10-18 08:53:23,362 [WARN] ConditionMgr:1039 - genDependencies : Invalid condition id : UX DEVICE CLASS RTOS Condition cause : null
2024-10-18 08:53:23,363 [WARN] ConditionMgr:1039 - genDependencies : Invalid condition id : UX DEVICE CLASS RTOS Condition cause : null
2024-10-18 08:53:23,374 [WARN] PackLoader:240 - Cannot read IP mode file for STMicroelectronics.X-CUBE-GNSS1.7.0.0
2024-10-18 08:53:23,391 [WARN] PackLoader:240 - Cannot read IP mode file for STMicroelectronics.FP-SNS-STBOX1.2.0.0
2024-10-18 08:53:23,410 [WARN] PackLoader:240 - Cannot read IP mode file for STMicroelectronics.X-CUBE-SUBG2.5.0.0
2024-10-18 08:53:23,421 [WARN] PackLoader:240 - Cannot read IP mode file for Cesanta.I-CUBE-Mongoose.7.13.0
2024-10-18 08:53:23,445 [WARN] PackLoader:240 - Cannot read IP mode file for STMicroelectronics.X-CUBE-AZRTOS-G4.2.0.0
2024-10-18 08:53:23,471 [WARN] PackLoader:240 - Cannot read IP mode file for STMicroelectronics.X-CUBE-ALS.1.0.2
2024-10-18 08:53:23,489 [WARN] PackLoader:240 - Cannot read IP mode file for STMicroelectronics.X-CUBE-TOUCHGFX.4.24.1
2024-10-18 08:53:23,497 [WARN] PackLoader:240 - Cannot read IP mode file for wolfSSL.I-CUBE-wolfTPM.3.4.0
2024-10-18 08:53:23,504 [WARN] PackLoader:240 - Cannot read IP mode file for portGmbH.I-Cube-SoM-uGOAL.1.1.0
2024-10-18 08:53:23,536 [WARN] PackLoader:240 - Cannot read IP mode file for STMicroelectronics.X-CUBE-AZRTOS-H7RS.1.0.0
2024-10-18 08:53:23,548 [WARN] PackLoader:240 - Cannot read IP mode file for STMicroelectronics.FP-ATR-ASTRA1.2.0.0
2024-10-18 08:53:23,564 [WARN] PackLoader:240 - Cannot read IP mode file for STMicroelectronics.X-CUBE-TOF1.3.4.2
2024-10-18 08:53:23,603 [WARN] PackLoader:240 - Cannot read IP mode file for Infineon.AIROC-Wi-Fi-Bluetooth-STM32.1.6.1
2024-10-18 08:53:23,627 [WARN] PackLoader:240 - Cannot read IP mode file for wolfSSL.I-CUBE-wolfSSH.1.4.17
2024-10-18 08:53:23,630 [INFO] ThirdParty:978 - Integrity check success = true
2024-10-18 08:53:23,630 [INFO] IntegrityCheckThread:100 - exiting critical section [integrity check]
2024-10-18 08:53:23,630 [INFO] IntegrityCheckThread:103 - End integrity checks thread
2024-10-18 08:53:24,675 [INFO] WebApp:448 - Apply proxy settings
2024-10-18 08:53:24,682 [INFO] WebApp:493 - Chromium authenticates against Manually configured proxy
2024-10-18 08:53:24,713 [INFO] WebApp:501 - Username used for proxy authentication: 
2024-10-18 08:53:24,787 [INFO] WebApp:869 - Register for checkConnection events
2024-10-18 08:53:24,787 [INFO] WebApp:448 - Apply proxy settings
2024-10-18 08:53:24,789 [INFO] WebApp:493 - Chromium authenticates against Manually configured proxy
2024-10-18 08:53:24,790 [INFO] WebApp:501 - Username used for proxy authentication: 
2024-10-18 08:53:24,980 [INFO] WebApp:220 - Starting web application
2024-10-18 08:53:24,980 [INFO] WebApp:578 - Web application path used /Applications/STM32CubeIDE.app/Contents/Eclipse/plugins/com.st.stm32cube.common.mx_6.12.1.202409122256/db/plugins/mcufinder/reactClient1/index.html
2024-10-18 08:53:25,469 [INFO] WebApp:186 - Connection restablished
2024-10-18 09:40:28,876 [ERROR] LogOutputStream:75 - [STDERR_REDIRECT] 
