2024-12-06 09:09:41,476 [INFO] Activator:176 - 


2024-12-06 09:09:41,482 [INFO] Activator:177 - !SESSION log4j initialized
2024-12-06 09:09:46,092 [INFO] LogOutputStream:77 - [STDOUT_REDIRECT] 
2024-12-06 09:09:47,714 [ERROR] LogOutputStream:75 - [STDERR_REDIRECT] 
2024-12-06 09:09:50,131 [INFO] LogOutputStream:77 - [STDOUT_REDIRECT] 
2024-12-06 09:09:51,571 [INFO] ApplicationProperties:184 - Using Application install path: /Applications/STM32CubeIDE.app/Contents/Eclipse/plugins/com.st.stm32cube.common.mx_6.12.1.202409122256
2024-12-06 09:09:51,589 [INFO] DbMcusXml:78 - Set database path to: /Applications/STM32CubeIDE.app/Contents/Eclipse/plugins/com.st.stm32cube.common.mx_6.12.1.202409122256//db//mcu/
2024-12-06 09:09:51,590 [INFO] ApiDb:274 - Set plugin database path to: /Applications/STM32CubeIDE.app/Contents/Eclipse/plugins/com.st.stm32cube.common.mx_6.12.1.202409122256//db//plugins/boardmanager/
2024-12-06 09:09:51,592 [WARN] ApiDb:259 - Overriding images path with different value:  => /Applications/STM32CubeIDE.app/Contents/Eclipse/plugins/com.st.stm32cube.common.mx_6.12.1.202409122256//db//plugins/mcufinder/images/
2024-12-06 09:09:51,599 [INFO] ApiDb:250 - Set database path to: /var/root/.stmcufinder/plugins/mcufinder//mcu/
2024-12-06 09:09:51,601 [INFO] DbMcusAds:125 - Set database path to: /var/root/.stmcufinder/plugins/mcufinder//mcu/
2024-12-06 09:09:51,604 [INFO] CrossReferenceDbSqlite:203 - Set database path to: /var/root/.stmcufinder/plugins/mcufinder//mcu/cs/
2024-12-06 09:09:51,786 [INFO] RulesReader:64 - Compatibility file has been processed (297 Rules)
2024-12-06 09:09:51,865 [INFO] DbMcusXml:78 - Set database path to: /Applications/STM32CubeIDE.app/Contents/Eclipse/plugins/com.st.stm32cube.common.mx_6.12.1.202409122256//db//mcu/
2024-12-06 09:09:51,865 [INFO] ApiDb:274 - Set plugin database path to: /Applications/STM32CubeIDE.app/Contents/Eclipse/plugins/com.st.stm32cube.common.mx_6.12.1.202409122256//db//plugins/boardmanager/
2024-12-06 09:09:51,865 [INFO] ApiDb:261 - Set plugin images path to: /Applications/STM32CubeIDE.app/Contents/Eclipse/plugins/com.st.stm32cube.common.mx_6.12.1.202409122256//db//plugins/mcufinder/images/
2024-12-06 09:09:51,865 [WARN] DbFile:41 - Overriding database path with different value: /var/root/.stmcufinder/plugins/mcufinder/ => /var/root/.stmcufinder/plugins/mcufinder
2024-12-06 09:09:51,865 [INFO] ApiDb:250 - Set database path to: /var/root/.stmcufinder/plugins/mcufinder//mcu/
2024-12-06 09:09:51,865 [WARN] DbFile:41 - Overriding database path with different value: /var/root/.stmcufinder/plugins/mcufinder/ => /var/root/.stmcufinder/plugins/mcufinder
2024-12-06 09:09:51,865 [INFO] DbMcusAds:125 - Set database path to: /var/root/.stmcufinder/plugins/mcufinder//mcu/
2024-12-06 09:09:51,865 [WARN] DbFile:41 - Overriding database path with different value: /var/root/.stmcufinder/plugins/mcufinder/ => /var/root/.stmcufinder/plugins/mcufinder
2024-12-06 09:09:51,865 [WARN] DbFile:41 - Overriding database path with different value: /var/root/.stmcufinder/plugins/mcufinder/ => /var/root/.stmcufinder/plugins/mcufinder
2024-12-06 09:09:51,866 [INFO] CrossReferenceDbSqlite:203 - Set database path to: /var/root/.stmcufinder/plugins/mcufinder//mcu/cs/
2024-12-06 09:09:51,996 [INFO] MainPanel:268 - HeapMemory: 268435456
2024-12-06 09:09:52,989 [INFO] DbMcusXml:78 - Set database path to: /Applications/STM32CubeIDE.app/Contents/Eclipse/plugins/com.st.stm32cube.common.mx_6.12.1.202409122256//db//mcu/
2024-12-06 09:09:52,990 [INFO] ApiDb:274 - Set plugin database path to: /Applications/STM32CubeIDE.app/Contents/Eclipse/plugins/com.st.stm32cube.common.mx_6.12.1.202409122256//db//plugins/boardmanager/
2024-12-06 09:09:52,992 [INFO] ApiDb:261 - Set plugin images path to: /Applications/STM32CubeIDE.app/Contents/Eclipse/plugins/com.st.stm32cube.common.mx_6.12.1.202409122256//db//plugins/mcufinder/images/
2024-12-06 09:09:52,992 [WARN] DbFile:41 - Overriding database path with different value: /var/root/.stmcufinder/plugins/mcufinder/ => /var/root/.stmcufinder/plugins/mcufinder
2024-12-06 09:09:52,992 [INFO] ApiDb:250 - Set database path to: /var/root/.stmcufinder/plugins/mcufinder//mcu/
2024-12-06 09:09:52,993 [WARN] DbFile:41 - Overriding database path with different value: /var/root/.stmcufinder/plugins/mcufinder/ => /var/root/.stmcufinder/plugins/mcufinder
2024-12-06 09:09:52,993 [INFO] DbMcusAds:125 - Set database path to: /var/root/.stmcufinder/plugins/mcufinder//mcu/
2024-12-06 09:09:52,993 [WARN] DbFile:41 - Overriding database path with different value: /var/root/.stmcufinder/plugins/mcufinder/ => /var/root/.stmcufinder/plugins/mcufinder
2024-12-06 09:09:52,993 [WARN] DbFile:41 - Overriding database path with different value: /var/root/.stmcufinder/plugins/mcufinder/ => /var/root/.stmcufinder/plugins/mcufinder
2024-12-06 09:09:52,993 [INFO] CrossReferenceDbSqlite:203 - Set database path to: /var/root/.stmcufinder/plugins/mcufinder//mcu/cs/
2024-12-06 09:09:53,021 [INFO] ApplicationProperties:184 - Using Application install path: /Applications/STM32CubeIDE.app/Contents/Eclipse/plugins/com.st.stm32cube.common.mx_6.12.1.202409122256
2024-12-06 09:09:53,022 [INFO] PluginManage:196 - Search for loadable plugins [exclusion list=, ]
2024-12-06 09:09:53,024 [INFO] PluginManage:310 - Check plugin analytics
2024-12-06 09:09:53,289 [INFO] AnalyticsPlugin:253 - Accepted Software Licenses: 
2024-12-06 09:09:53,290 [INFO] AnalyticsPlugin:255 - Accepted CMSIS Pack Licenses: 
2024-12-06 09:09:53,290 [INFO] AnalyticsPlugin:257 - Accepted Firmware Licenses: 
2024-12-06 09:09:53,299 [INFO] PluginManage:359 - Loaded plugin analytics (category:tool,tabindex:-1)
2024-12-06 09:09:53,300 [INFO] PluginManage:310 - Check plugin cadmodel
2024-12-06 09:09:53,314 [INFO] CADModel:105 - Init CAD model plugin
2024-12-06 09:09:53,314 [INFO] PluginManage:359 - Loaded plugin cadmodel (category:power,tabindex:5)
2024-12-06 09:09:53,315 [INFO] PluginManage:310 - Check plugin clock
2024-12-06 09:09:53,326 [INFO] PluginManage:359 - Loaded plugin clock (category:base,tabindex:2)
2024-12-06 09:09:53,326 [INFO] PluginManage:310 - Check plugin ddr
2024-12-06 09:09:53,328 [INFO] PluginManage:359 - Loaded plugin ddr (category:tool,tabindex:6)
2024-12-06 09:09:53,328 [INFO] PluginManage:310 - Check plugin filemanager
2024-12-06 09:09:53,545 [INFO] PluginManage:359 - Loaded plugin filemanager (category:base,tabindex:10)
2024-12-06 09:09:53,546 [INFO] PluginManage:310 - Check plugin ipmanager
2024-12-06 09:09:53,564 [INFO] PluginManage:359 - Loaded plugin ipmanager (category:base,tabindex:5)
2024-12-06 09:09:53,564 [INFO] PluginManage:310 - Check plugin lpbam
2024-12-06 09:09:53,578 [INFO] PluginManage:359 - Loaded plugin lpbam (category:base,tabindex:0)
2024-12-06 09:09:53,578 [INFO] PluginManage:310 - Check plugin memorymap
2024-12-06 09:09:53,590 [INFO] PluginManage:359 - Loaded plugin memorymap (category:base,tabindex:4)
2024-12-06 09:09:53,590 [INFO] PluginManage:310 - Check plugin pinoutandconfiguration
2024-12-06 09:09:53,608 [INFO] PluginManage:359 - Loaded plugin pinoutandconfiguration (category:base,tabindex:1)
2024-12-06 09:09:53,609 [INFO] PluginManage:310 - Check plugin pinoutconfig
2024-12-06 09:09:53,822 [WARN] SupportedApi:132 - Cannot load RTOS API schema: s4s-elt-must-match.1: The content of 'definitions' must match (annotation?, (simpleType | complexType)?, (unique | key | keyref)*)). A problem was found starting at: attribute.
2024-12-06 09:09:54,059 [INFO] PluginManage:359 - Loaded plugin pinoutconfig (category:base,tabindex:0)
2024-12-06 09:09:54,060 [INFO] PluginManage:310 - Check plugin power
2024-12-06 09:09:54,081 [INFO] PluginManage:359 - Loaded plugin power (category:power,tabindex:4)
2024-12-06 09:09:54,081 [INFO] PluginManage:310 - Check plugin projectmanager
2024-12-06 09:09:54,163 [INFO] PluginManage:359 - Loaded plugin projectmanager (category:projectmanager,tabindex:4)
2024-12-06 09:09:54,163 [INFO] PluginManage:310 - Check plugin rif
2024-12-06 09:09:54,170 [INFO] PluginManage:359 - Loaded plugin rif (category:base,tabindex:3)
2024-12-06 09:09:54,171 [INFO] PluginManage:310 - Check plugin thirdparty
2024-12-06 09:09:54,341 [INFO] PluginManage:359 - Loaded plugin thirdparty (category:base,tabindex:-1)
2024-12-06 09:09:54,342 [INFO] PluginManage:310 - Check plugin tools
2024-12-06 09:09:54,341 [WARN] IntegrityCheckThread:84 - waiting for thirdparty lock release [integrity check]
2024-12-06 09:09:54,345 [INFO] IntegrityCheckThread:86 - entering critical section [integrity check]
2024-12-06 09:09:54,347 [INFO] PluginManage:359 - Loaded plugin tools (category:base,tabindex:7)
2024-12-06 09:09:54,347 [INFO] PluginManage:310 - Check plugin tutovideos
2024-12-06 09:09:54,350 [INFO] ThirdPartyUpdaterWithRetryManager:70 - Updater plugin not ready yet. [1/15]
2024-12-06 09:09:54,701 [INFO] PluginManage:359 - Loaded plugin tutovideos (category:base,tabindex:-1)
2024-12-06 09:09:54,701 [INFO] PluginManage:310 - Check plugin updater
2024-12-06 09:09:54,736 [INFO] PluginManage:359 - Loaded plugin updater (category:base,tabindex:12)
2024-12-06 09:09:54,736 [INFO] PluginManage:310 - Check plugin userauth
2024-12-06 09:09:54,744 [INFO] UserAuth:113 - Init User Auth plugin
2024-12-06 09:09:54,744 [INFO] PluginManage:359 - Loaded plugin userauth (category:base,tabindex:14)
2024-12-06 09:09:54,745 [INFO] PluginManage:283 - PluginManage : Loaded plugins [18]
2024-12-06 09:09:55,478 [INFO] PinOutPanel:1561 - setPackage(No Configuration,No Configuration)
2024-12-06 09:09:55,703 [ERROR] LogOutputStream:75 - [STDERR_REDIRECT] [Fatal Error] :2:10: DOCTYPE is disallowed when the feature "http://apache.org/xml/features/disallow-doctype-decl" set to true.
2024-12-06 09:09:55,714 [ERROR] LogOutputStream:75 - [STDERR_REDIRECT] 
2024-12-06 09:09:55,743 [INFO] CADModel:165 - CPN selected for project level
2024-12-06 09:09:55,744 [INFO] CADModel:114 - Register for checkConnection events
2024-12-06 09:09:55,772 [INFO] IPUIPlugin:80 - create IPUIPlugin
2024-12-06 09:09:55,773 [INFO] PluginManager:220 - loadIPPluginJar : add mdma
2024-12-06 09:09:55,806 [INFO] IPUIPlugin:80 - create IPUIPlugin
2024-12-06 09:09:55,806 [INFO] PluginManager:220 - loadIPPluginJar : add freertos
2024-12-06 09:09:55,819 [INFO] IPUIPlugin:80 - create IPUIPlugin
2024-12-06 09:09:55,821 [INFO] PluginManager:220 - loadIPPluginJar : add gic
2024-12-06 09:09:55,834 [INFO] IPUIPlugin:80 - create IPUIPlugin
2024-12-06 09:09:55,834 [INFO] PluginManager:220 - loadIPPluginJar : add adc
2024-12-06 09:09:55,841 [INFO] IPUIPlugin:80 - create IPUIPlugin
2024-12-06 09:09:55,841 [INFO] PluginManager:220 - loadIPPluginJar : add gtzc
2024-12-06 09:09:55,843 [INFO] IPUIPlugin:80 - create IPUIPlugin
2024-12-06 09:09:55,843 [INFO] PluginManager:220 - loadIPPluginJar : add quadspi
2024-12-06 09:09:55,845 [INFO] IPUIPlugin:80 - create IPUIPlugin
2024-12-06 09:09:55,845 [INFO] PluginManager:220 - loadIPPluginJar : add aes
2024-12-06 09:09:55,852 [INFO] IPUIPlugin:80 - create IPUIPlugin
2024-12-06 09:09:55,853 [INFO] PluginManager:220 - loadIPPluginJar : add pdm2pcm
2024-12-06 09:09:55,873 [INFO] IPUIPlugin:80 - create IPUIPlugin
2024-12-06 09:09:55,873 [INFO] PluginManager:220 - loadIPPluginJar : add hash
2024-12-06 09:09:55,879 [INFO] IPUIPlugin:80 - create IPUIPlugin
2024-12-06 09:09:55,879 [INFO] PluginManager:220 - loadIPPluginJar : add tim
2024-12-06 09:09:55,885 [INFO] IPUIPlugin:80 - create IPUIPlugin
2024-12-06 09:09:55,885 [INFO] PluginManager:220 - loadIPPluginJar : add tsc
2024-12-06 09:09:55,891 [INFO] IPUIPlugin:80 - create IPUIPlugin
2024-12-06 09:09:55,891 [INFO] PluginManager:220 - loadIPPluginJar : add extmemmanager
2024-12-06 09:09:55,892 [INFO] IPUIPlugin:80 - create IPUIPlugin
2024-12-06 09:09:55,893 [INFO] PluginManager:220 - loadIPPluginJar : add ts
2024-12-06 09:09:55,894 [INFO] IPUIPlugin:80 - create IPUIPlugin
2024-12-06 09:09:55,895 [INFO] PluginManager:220 - loadIPPluginJar : add radio
2024-12-06 09:09:55,897 [INFO] IPUIPlugin:80 - create IPUIPlugin
2024-12-06 09:09:55,897 [INFO] PluginManager:220 - loadIPPluginJar : add can
2024-12-06 09:09:55,900 [INFO] IPUIPlugin:80 - create IPUIPlugin
2024-12-06 09:09:55,900 [INFO] PluginManager:220 - loadIPPluginJar : add dma3
2024-12-06 09:09:55,902 [INFO] IPUIPlugin:80 - create IPUIPlugin
2024-12-06 09:09:55,902 [INFO] PluginManager:220 - loadIPPluginJar : add dfsdm
2024-12-06 09:09:55,904 [INFO] IPUIPlugin:80 - create IPUIPlugin
2024-12-06 09:09:55,904 [INFO] PluginManager:220 - loadIPPluginJar : add spi
2024-12-06 09:09:55,906 [INFO] IPUIPlugin:80 - create IPUIPlugin
2024-12-06 09:09:55,906 [INFO] PluginManager:220 - loadIPPluginJar : add gfxmmu
2024-12-06 09:09:55,908 [INFO] IPUIPlugin:80 - create IPUIPlugin
2024-12-06 09:09:55,908 [INFO] PluginManager:220 - loadIPPluginJar : add genericplugin
2024-12-06 09:09:55,910 [INFO] IPUIPlugin:80 - create IPUIPlugin
2024-12-06 09:09:55,910 [INFO] PluginManager:220 - loadIPPluginJar : add cryp
2024-12-06 09:09:55,913 [INFO] IPUIPlugin:80 - create IPUIPlugin
2024-12-06 09:09:55,914 [INFO] PluginManager:220 - loadIPPluginJar : add gpio
2024-12-06 09:09:55,917 [INFO] IPUIPlugin:80 - create IPUIPlugin
2024-12-06 09:09:55,917 [INFO] PluginManager:220 - loadIPPluginJar : add ddr_ctrl_phy
2024-12-06 09:09:55,923 [INFO] IPUIPlugin:80 - create IPUIPlugin
2024-12-06 09:09:55,924 [INFO] PluginManager:220 - loadIPPluginJar : add comp
2024-12-06 09:09:55,927 [INFO] IPUIPlugin:80 - create IPUIPlugin
2024-12-06 09:09:55,927 [INFO] PluginManager:220 - loadIPPluginJar : add tracer_emb
2024-12-06 09:09:55,929 [INFO] IPUIPlugin:80 - create IPUIPlugin
2024-12-06 09:09:55,929 [INFO] PluginManager:220 - loadIPPluginJar : add openamp
2024-12-06 09:09:55,933 [INFO] IPUIPlugin:80 - create IPUIPlugin
2024-12-06 09:09:55,933 [INFO] PluginManager:220 - loadIPPluginJar : add stm32_wpan
2024-12-06 09:09:55,937 [INFO] IPUIPlugin:80 - create IPUIPlugin
2024-12-06 09:09:55,940 [INFO] PluginManager:220 - loadIPPluginJar : add plateformsettings
2024-12-06 09:09:55,942 [INFO] IPUIPlugin:80 - create IPUIPlugin
2024-12-06 09:09:55,942 [INFO] PluginManager:220 - loadIPPluginJar : add ipddr
2024-12-06 09:09:55,945 [INFO] IPUIPlugin:80 - create IPUIPlugin
2024-12-06 09:09:55,945 [INFO] PluginManager:220 - loadIPPluginJar : add usart
2024-12-06 09:09:55,945 [INFO] IPUIPlugin:80 - create IPUIPlugin
2024-12-06 09:09:55,945 [INFO] PluginManager:220 - loadIPPluginJar : add ltdc
2024-12-06 09:09:55,947 [INFO] IPUIPlugin:80 - create IPUIPlugin
2024-12-06 09:09:55,947 [INFO] PluginManager:220 - loadIPPluginJar : add nvic
2024-12-06 09:09:55,949 [INFO] IPUIPlugin:80 - create IPUIPlugin
2024-12-06 09:09:55,949 [INFO] PluginManager:220 - loadIPPluginJar : add fatfs
2024-12-06 09:09:55,954 [INFO] IPUIPlugin:80 - create IPUIPlugin
2024-12-06 09:09:55,954 [INFO] PluginManager:220 - loadIPPluginJar : add linkedlist
2024-12-06 09:09:55,961 [INFO] IPUIPlugin:80 - create IPUIPlugin
2024-12-06 09:09:55,961 [INFO] PluginManager:220 - loadIPPluginJar : add dma
2024-12-06 09:09:55,965 [INFO] IPUIPlugin:80 - create IPUIPlugin
2024-12-06 09:09:55,966 [INFO] PluginManager:220 - loadIPPluginJar : add fmc
2024-12-06 09:09:55,968 [INFO] IPUIPlugin:80 - create IPUIPlugin
2024-12-06 09:09:55,969 [INFO] PluginManager:220 - loadIPPluginJar : add i2s
2024-12-06 09:09:55,971 [INFO] IPUIPlugin:80 - create IPUIPlugin
2024-12-06 09:09:55,971 [INFO] PluginManager:220 - loadIPPluginJar : add ucpd
2024-12-06 09:09:55,973 [INFO] IPUIPlugin:80 - create IPUIPlugin
2024-12-06 09:09:55,974 [INFO] PluginManager:220 - loadIPPluginJar : add lorawan
2024-12-06 09:09:55,975 [INFO] IPUIPlugin:80 - create IPUIPlugin
2024-12-06 09:09:55,975 [INFO] PluginManager:220 - loadIPPluginJar : add opamp
2024-12-06 09:09:55,977 [INFO] IPUIPlugin:80 - create IPUIPlugin
2024-12-06 09:09:55,977 [INFO] PluginManager:220 - loadIPPluginJar : add i3c
2024-12-06 09:09:55,980 [INFO] IPUIPlugin:80 - create IPUIPlugin
2024-12-06 09:09:55,980 [INFO] PluginManager:220 - loadIPPluginJar : add touchsensing
2024-12-06 09:09:55,984 [INFO] IPUIPlugin:80 - create IPUIPlugin
2024-12-06 09:09:55,984 [INFO] PluginManager:220 - loadIPPluginJar : add i2c
2024-12-06 09:09:55,988 [INFO] IPUIPlugin:80 - create IPUIPlugin
2024-12-06 09:09:55,988 [INFO] PluginManager:220 - loadIPPluginJar : add resmgrutility
2024-12-06 09:09:55,991 [INFO] IPUIPlugin:80 - create IPUIPlugin
2024-12-06 09:09:55,991 [INFO] PluginManager:220 - loadIPPluginJar : add sai
2024-12-06 09:09:55,993 [INFO] IPUIPlugin:80 - create IPUIPlugin
2024-12-06 09:09:55,993 [INFO] PluginManager:220 - loadIPPluginJar : add usbx
2024-12-06 09:09:56,124 [INFO] CADModel:165 - CPN selected for project level
2024-12-06 09:09:56,126 [INFO] CADModel:114 - Register for checkConnection events
2024-12-06 09:09:56,128 [FATAL] Updater:334 - Updater called before beeing initialized
2024-12-06 09:09:56,128 [ERROR] CADModel:125 - Updater not yet initialized, retry later 
2024-12-06 09:09:56,530 [INFO] CADModel:165 - CPN selected for project level
2024-12-06 09:09:56,531 [INFO] CADModel:114 - Register for checkConnection events
2024-12-06 09:09:56,531 [FATAL] Updater:334 - Updater called before beeing initialized
2024-12-06 09:09:56,532 [ERROR] CADModel:125 - Updater not yet initialized, retry later 
2024-12-06 09:09:56,538 [FATAL] Updater:334 - Updater called before beeing initialized
2024-12-06 09:09:56,714 [FATAL] Updater:334 - Updater called before beeing initialized
2024-12-06 09:09:56,720 [INFO] DbMcusAds:53 - JSON generation date=Wed Sep 29 23:55:09 PDT 2021 (1632984909247)
2024-12-06 09:09:56,720 [FATAL] Updater:334 - Updater called before beeing initialized
2024-12-06 09:09:56,797 [WARN] DetailPanel:346 - Failed to get advertising image, set to default
2024-12-06 09:09:56,865 [FATAL] Updater:334 - Updater called before beeing initialized
2024-12-06 09:09:56,866 [FATAL] Updater:334 - Updater called before beeing initialized
2024-12-06 09:09:56,866 [FATAL] Updater:334 - Updater called before beeing initialized
2024-12-06 09:09:56,866 [WARN] DetailPanel:346 - Failed to get advertising image, set to default
2024-12-06 09:09:56,867 [FATAL] Updater:334 - Updater called before beeing initialized
2024-12-06 09:09:56,940 [ERROR] Updater:1164 - MainUpdater not yet initialized. External WinMGr cannot be set.
2024-12-06 09:09:56,946 [INFO] Updater:1100 - Updater Version found : 6.12.1
2024-12-06 09:09:56,959 [INFO] ApplicationProperties:184 - Using Application install path: /Applications/STM32CubeIDE.app/Contents/Eclipse/plugins/com.st.stm32cube.common.mx_6.12.1.202409122256
2024-12-06 09:09:57,311 [INFO] MainUpdater:2873 - connection check result : 10
2024-12-06 09:09:57,313 [INFO] MainUpdater:290 - Updater Check For Update Now.
2024-12-06 09:09:57,313 [INFO] MicroXplorer:498 - Change Database Version : DB.6.0.121
2024-12-06 09:09:57,320 [INFO] McuFinderGlobals:63 - Set McuFinder mode to 2 (CubeIDE integrated)
2024-12-06 09:09:57,320 [INFO] UserAuth:179 - activating auth plugin
2024-12-06 09:09:57,334 [INFO] UserAuth:417 - Internet connection configuration mode: 1
2024-12-06 09:09:57,347 [INFO] JxBrowserEngine:152 - Initiate JxBrowser Engine with user profile folder
2024-12-06 09:09:57,355 [WARN] MainUpdater:1194 - Updater busy. Cannot search thirdparties
2024-12-06 09:09:57,355 [INFO] ThirdPartyUpdaterWithRetryManager:96 - Updater plugin is busy. [1/15]
2024-12-06 09:09:57,604 [INFO] CheckServerUpdateThread:120 - End of CheckServer Thread
2024-12-06 09:10:00,608 [WARN] PackLoader:240 - Cannot read IP mode file for STMicroelectronics.FP-SNS-MOTENVWB1.1.4.0
2024-12-06 09:10:00,666 [WARN] PackLoader:240 - Cannot read IP mode file for STMicroelectronics.FP-ATR-ASTRA1.2.0.1
2024-12-06 09:10:00,715 [WARN] PackLoader:240 - Cannot read IP mode file for STMicroelectronics.X-CUBE-SMBUS.2.1.0
2024-12-06 09:10:00,743 [WARN] PackLoader:240 - Cannot read IP mode file for STMicroelectronics.X-CUBE-WB05N.1.1.0
2024-12-06 09:10:00,827 [WARN] PackLoader:240 - Cannot read IP mode file for STMicroelectronics.X-CUBE-AZRTOS-F7.1.1.0
2024-12-06 09:10:01,069 [WARN] PackLoader:240 - Cannot read IP mode file for STMicroelectronics.X-CUBE-MEMS1.11.0.0
2024-12-06 09:10:01,300 [WARN] PackLoader:240 - Cannot read IP mode file for STMicroelectronics.FP-SNS-FLIGHT1.5.0.2
2024-12-06 09:10:01,326 [WARN] PackLoader:240 - Cannot read IP mode file for STMicroelectronics.X-CUBE-DISPLAY.3.0.0
2024-12-06 09:10:01,349 [WARN] PackLoader:240 - Cannot read IP mode file for STMicroelectronics.X-CUBE-BLE1.7.0.0
2024-12-06 09:10:01,373 [WARN] PackLoader:240 - Cannot read IP mode file for STMicroelectronics.X-CUBE-NFC10.1.0.0
2024-12-06 09:10:01,395 [WARN] PackLoader:240 - Cannot read IP mode file for emotas.I-CUBE-CANOPEN.1.3.0
2024-12-06 09:10:01,418 [WARN] PackLoader:240 - Cannot read IP mode file for STMicroelectronics.X-CUBE-BLEMGR.3.1.0
2024-12-06 09:10:01,437 [WARN] PackLoader:240 - Cannot read IP mode file for STMicroelectronics.FP-SNS-SMARTAG2.1.2.0
2024-12-06 09:10:01,452 [INFO] LogOutputStream:77 - [STDOUT_REDIRECT] 1 : Invalid condition id : UX_CORESTACK_Condition cause : null
2024-12-06 09:10:01,454 [INFO] LogOutputStream:77 - [STDOUT_REDIRECT] 1 : Invalid condition id : UX_CORESTACK_Condition cause : null
2024-12-06 09:10:01,455 [INFO] LogOutputStream:77 - [STDOUT_REDIRECT] 1 : Invalid condition id : UX_CORESTACK_Condition cause : null
2024-12-06 09:10:01,455 [INFO] LogOutputStream:77 - [STDOUT_REDIRECT] 1 : Invalid condition id : UX_CORESTACK_Condition cause : null
2024-12-06 09:10:01,455 [INFO] LogOutputStream:77 - [STDOUT_REDIRECT] 1 : Invalid condition id : UX_CORESTACK_Condition cause : null
2024-12-06 09:10:01,461 [WARN] PackLoader:240 - Cannot read IP mode file for STMicroelectronics.X-CUBE-AZRTOS-WL.2.0.0
2024-12-06 09:10:01,468 [WARN] PackLoader:240 - Cannot read IP mode file for STMicroelectronics.FP-SNS-MOTENV1.5.0.0
2024-12-06 09:10:01,473 [WARN] PackLoader:240 - Cannot read IP mode file for wolfSSL.I-CUBE-wolfMQTT.1.19.0
2024-12-06 09:10:01,485 [WARN] PackLoader:240 - Cannot read IP mode file for WES.I-CUBE-Cesium.1.3.0
2024-12-06 09:10:01,495 [WARN] PackLoader:240 - Cannot read IP mode file for STMicroelectronics.X-CUBE-BLE2.3.3.0
2024-12-06 09:10:01,521 [WARN] PackLoader:240 - Cannot read IP mode file for STMicroelectronics.X-CUBE-NFC9.1.0.0
2024-12-06 09:10:01,538 [WARN] PackLoader:240 - Cannot read IP mode file for STMicroelectronics.X-CUBE-TCPP.4.1.0
2024-12-06 09:10:01,611 [WARN] PackLoader:240 - Cannot read IP mode file for STMicroelectronics.X-CUBE-AZRTOS-G0.1.1.0
2024-12-06 09:10:01,662 [WARN] PackLoader:240 - Cannot read IP mode file for STMicroelectronics.X-CUBE-SAFEA1.1.2.2
2024-12-06 09:10:01,684 [WARN] PackLoader:240 - Cannot read IP mode file for STMicroelectronics.X-CUBE-NFC4.3.0.0
2024-12-06 09:10:01,710 [WARN] PackLoader:240 - Cannot read IP mode file for EmbeddedOffice.I-CUBE-FS-RTOS.1.0.1
2024-12-06 09:10:01,712 [ERROR] ConditionMgr:805 - Attr not supported : Dmpu
2024-12-06 09:10:01,714 [ERROR] ConditionMgr:805 - Attr not supported : Dmpu
2024-12-06 09:10:01,714 [ERROR] ConditionMgr:805 - Attr not supported : Dmpu
2024-12-06 09:10:01,714 [ERROR] ConditionMgr:805 - Attr not supported : Dmpu
2024-12-06 09:10:01,714 [ERROR] ConditionMgr:805 - Attr not supported : Dmpu
2024-12-06 09:10:01,714 [ERROR] ConditionMgr:805 - Attr not supported : Dmpu
2024-12-06 09:10:01,714 [ERROR] ConditionMgr:805 - Attr not supported : Dmpu
2024-12-06 09:10:01,714 [ERROR] ConditionMgr:805 - Attr not supported : Dmpu
2024-12-06 09:10:01,715 [ERROR] ConditionMgr:805 - Attr not supported : Dmpu
2024-12-06 09:10:01,715 [ERROR] ConditionMgr:805 - Attr not supported : Dmpu
2024-12-06 09:10:01,715 [ERROR] ConditionMgr:805 - Attr not supported : Dmpu
2024-12-06 09:10:01,715 [ERROR] ConditionMgr:805 - Attr not supported : Dmpu
2024-12-06 09:10:01,715 [ERROR] ConditionMgr:805 - Attr not supported : Dmpu
2024-12-06 09:10:01,715 [ERROR] ConditionMgr:805 - Attr not supported : Dmpu
2024-12-06 09:10:01,715 [ERROR] ConditionMgr:805 - Attr not supported : Dmpu
2024-12-06 09:10:01,715 [ERROR] ConditionMgr:805 - Attr not supported : Dmpu
2024-12-06 09:10:01,715 [ERROR] ConditionMgr:805 - Attr not supported : Dmpu
2024-12-06 09:10:01,715 [ERROR] ConditionMgr:805 - Attr not supported : Dmpu
2024-12-06 09:10:01,715 [ERROR] ConditionMgr:805 - Attr not supported : Dmpu
2024-12-06 09:10:01,716 [ERROR] ConditionMgr:805 - Attr not supported : Dmpu
2024-12-06 09:10:01,716 [ERROR] ConditionMgr:805 - Attr not supported : Dmpu
2024-12-06 09:10:01,716 [ERROR] ConditionMgr:805 - Attr not supported : Dmpu
2024-12-06 09:10:01,716 [ERROR] ConditionMgr:805 - Attr not supported : Dmpu
2024-12-06 09:10:01,716 [ERROR] ConditionMgr:805 - Attr not supported : Dmpu
2024-12-06 09:10:01,716 [ERROR] ConditionMgr:805 - Attr not supported : Dmpu
2024-12-06 09:10:01,716 [ERROR] ConditionMgr:805 - Attr not supported : Dmpu
2024-12-06 09:10:01,716 [ERROR] ConditionMgr:805 - Attr not supported : Dmpu
2024-12-06 09:10:01,716 [ERROR] ConditionMgr:805 - Attr not supported : Dmpu
2024-12-06 09:10:01,717 [ERROR] ConditionMgr:805 - Attr not supported : Dmpu
2024-12-06 09:10:01,718 [ERROR] ConditionMgr:805 - Attr not supported : Dmpu
2024-12-06 09:10:01,718 [ERROR] ConditionMgr:805 - Attr not supported : Dmpu
2024-12-06 09:10:01,718 [ERROR] ConditionMgr:805 - Attr not supported : Dmpu
2024-12-06 09:10:01,718 [ERROR] ConditionMgr:805 - Attr not supported : Dmpu
2024-12-06 09:10:01,718 [ERROR] ConditionMgr:805 - Attr not supported : Dmpu
2024-12-06 09:10:01,718 [ERROR] ConditionMgr:805 - Attr not supported : Dmpu
2024-12-06 09:10:01,718 [ERROR] ConditionMgr:805 - Attr not supported : Dmpu
2024-12-06 09:10:01,720 [ERROR] ConditionMgr:805 - Attr not supported : Dmpu
2024-12-06 09:10:01,721 [ERROR] ConditionMgr:805 - Attr not supported : Dmpu
2024-12-06 09:10:01,721 [ERROR] ConditionMgr:805 - Attr not supported : Dmpu
2024-12-06 09:10:01,721 [ERROR] ConditionMgr:805 - Attr not supported : Dmpu
2024-12-06 09:10:01,721 [ERROR] ConditionMgr:805 - Attr not supported : Dmpu
2024-12-06 09:10:01,721 [ERROR] ConditionMgr:805 - Attr not supported : Dmpu
2024-12-06 09:10:01,721 [ERROR] ConditionMgr:805 - Attr not supported : Dmpu
2024-12-06 09:10:01,721 [ERROR] ConditionMgr:805 - Attr not supported : Dmpu
2024-12-06 09:10:01,721 [ERROR] ConditionMgr:805 - Attr not supported : Dmpu
2024-12-06 09:10:01,721 [ERROR] ConditionMgr:805 - Attr not supported : Dmpu
2024-12-06 09:10:01,721 [ERROR] ConditionMgr:805 - Attr not supported : Dmpu
2024-12-06 09:10:01,721 [ERROR] ConditionMgr:805 - Attr not supported : Dmpu
2024-12-06 09:10:01,721 [ERROR] ConditionMgr:805 - Attr not supported : Dmpu
2024-12-06 09:10:01,722 [ERROR] ConditionMgr:805 - Attr not supported : Dmpu
2024-12-06 09:10:01,722 [ERROR] ConditionMgr:805 - Attr not supported : Dmpu
2024-12-06 09:10:01,722 [ERROR] ConditionMgr:805 - Attr not supported : Dmpu
2024-12-06 09:10:01,722 [ERROR] ConditionMgr:805 - Attr not supported : Dmpu
2024-12-06 09:10:01,722 [ERROR] ConditionMgr:805 - Attr not supported : Dmpu
2024-12-06 09:10:01,722 [ERROR] ConditionMgr:805 - Attr not supported : Dmpu
2024-12-06 09:10:01,722 [ERROR] ConditionMgr:805 - Attr not supported : Dmpu
2024-12-06 09:10:01,722 [ERROR] ConditionMgr:805 - Attr not supported : Dmpu
2024-12-06 09:10:01,722 [ERROR] ConditionMgr:805 - Attr not supported : Dmpu
2024-12-06 09:10:01,722 [ERROR] ConditionMgr:805 - Attr not supported : Dmpu
2024-12-06 09:10:01,722 [ERROR] ConditionMgr:805 - Attr not supported : Dmpu
2024-12-06 09:10:01,722 [ERROR] ConditionMgr:805 - Attr not supported : Dmpu
2024-12-06 09:10:01,722 [ERROR] ConditionMgr:805 - Attr not supported : Dmpu
2024-12-06 09:10:01,722 [ERROR] ConditionMgr:805 - Attr not supported : Dmpu
2024-12-06 09:10:01,722 [ERROR] ConditionMgr:805 - Attr not supported : Dmpu
2024-12-06 09:10:01,734 [WARN] PackLoader:240 - Cannot read IP mode file for RealThread.X-CUBE-RT-Thread_Nano.4.1.1
2024-12-06 09:10:01,739 [WARN] PackLoader:240 - Cannot read IP mode file for STMicroelectronics.FP-ATR-SIGFOX1.3.2.0
2024-12-06 09:10:01,748 [WARN] PackLoader:240 - Cannot read IP mode file for wolfSSL.I-CUBE-wolfSSL.5.7.2
2024-12-06 09:10:01,755 [WARN] ConditionMgr:438 - getConditionDescription Invalid condition id : Cortex-A Device cause : null
2024-12-06 09:10:01,779 [WARN] ConditionMgr:1039 - genDependencies : Invalid condition id : Cortex-A Device cause : null
2024-12-06 09:10:01,780 [WARN] ConditionMgr:1039 - genDependencies : Invalid condition id : Cortex-A Device cause : null
2024-12-06 09:10:01,780 [WARN] ConditionMgr:1039 - genDependencies : Invalid condition id : Cortex-A Device cause : null
2024-12-06 09:10:01,787 [WARN] PackLoader:240 - Cannot read IP mode file for STMicroelectronics.X-CUBE-EEPRMA1.5.1.0
2024-12-06 09:10:01,795 [WARN] PackLoader:240 - Cannot read IP mode file for ITTIA_DB.I-CUBE-ITTIADB.8.9.0
2024-12-06 09:10:01,868 [WARN] PackLoader:240 - Cannot read IP mode file for SEGGER.I-CUBE-embOS.1.3.1
2024-12-06 09:10:01,991 [WARN] PackLoader:240 - Cannot read IP mode file for STMicroelectronics.X-CUBE-ALGOBUILD.1.4.0
2024-12-06 09:10:02,013 [WARN] PackLoader:240 - Cannot read IP mode file for STMicroelectronics.X-CUBE-AI.9.1.0
2024-12-06 09:10:02,060 [WARN] PackLoader:240 - Cannot read IP mode file for STMicroelectronics.X-CUBE-AZRTOS-F4.1.1.0
2024-12-06 09:10:02,079 [WARN] PackLoader:240 - Cannot read IP mode file for STMicroelectronics.X-CUBE-ISPU.2.1.0
2024-12-06 09:10:02,104 [WARN] PackLoader:240 - Cannot read IP mode file for STMicroelectronics.X-CUBE-FREERTOS.1.2.0
2024-12-06 09:10:02,160 [WARN] PackLoader:240 - Cannot read IP mode file for STMicroelectronics.X-CUBE-AZRTOS-L5.2.0.0
2024-12-06 09:10:02,180 [WARN] PackLoader:240 - Cannot read IP mode file for STMicroelectronics.X-CUBE-NFC6.3.1.0
2024-12-06 09:10:02,201 [WARN] PackLoader:240 - Cannot read IP mode file for STMicroelectronics.X-CUBE-DPower.1.2.0
2024-12-06 09:10:02,215 [WARN] PackLoader:240 - Cannot read IP mode file for STMicroelectronics.X-CUBE-NFC7.1.0.1
2024-12-06 09:10:02,264 [WARN] ConditionMgr:438 - getConditionDescription Invalid condition id : LAN8742 Phy interface Condition cause : null
2024-12-06 09:10:02,266 [WARN] PackLoader:240 - Cannot read IP mode file for STMicroelectronics.X-CUBE-AZRTOS-L4.2.0.0
2024-12-06 09:10:02,271 [WARN] ConditionMgr:1039 - genDependencies : Invalid condition id : LAN8742 Phy interface Condition cause : null
2024-12-06 09:10:02,272 [WARN] ConditionMgr:1039 - genDependencies : Invalid condition id : LAN8742 Phy interface Condition cause : null
2024-12-06 09:10:02,273 [WARN] ConditionMgr:1039 - genDependencies : Invalid condition id : LAN8742 Phy interface Condition cause : null
2024-12-06 09:10:02,300 [WARN] PackLoader:240 - Cannot read IP mode file for STMicroelectronics.X-CUBE-SFXS2LP1.4.0.0
2024-12-06 09:10:02,376 [INFO] WebApp:167 - Instantiating new browser for Auth
2024-12-06 09:10:02,395 [WARN] PackLoader:240 - Cannot read IP mode file for STMicroelectronics.X-CUBE-AZRTOS-H7.3.3.0
2024-12-06 09:10:02,463 [WARN] PackLoader:240 - Cannot read IP mode file for STMicroelectronics.X-CUBE-IPS.3.0.0
2024-12-06 09:10:02,484 [WARN] ConditionMgr:438 - getConditionDescription Invalid condition id : UX DEVICE CLASS RTOS Condition cause : null
2024-12-06 09:10:02,485 [WARN] ConditionMgr:438 - getConditionDescription Invalid condition id : UX DEVICE CLASS RTOS Condition cause : null
2024-12-06 09:10:02,505 [WARN] PackLoader:240 - Cannot read IP mode file for STMicroelectronics.X-CUBE-AZRTOS-WB.2.0.0
2024-12-06 09:10:02,507 [WARN] ConditionMgr:1039 - genDependencies : Invalid condition id : UX DEVICE CLASS RTOS Condition cause : null
2024-12-06 09:10:02,508 [WARN] ConditionMgr:1039 - genDependencies : Invalid condition id : UX DEVICE CLASS RTOS Condition cause : null
2024-12-06 09:10:02,508 [WARN] ConditionMgr:1039 - genDependencies : Invalid condition id : UX DEVICE CLASS RTOS Condition cause : null
2024-12-06 09:10:02,509 [WARN] ConditionMgr:1039 - genDependencies : Invalid condition id : UX DEVICE CLASS RTOS Condition cause : null
2024-12-06 09:10:02,509 [WARN] ConditionMgr:1039 - genDependencies : Invalid condition id : UX DEVICE CLASS RTOS Condition cause : null
2024-12-06 09:10:02,525 [WARN] PackLoader:240 - Cannot read IP mode file for STMicroelectronics.X-CUBE-GNSS1.7.0.0
2024-12-06 09:10:02,542 [WARN] PackLoader:240 - Cannot read IP mode file for STMicroelectronics.FP-SNS-STBOX1.2.0.0
2024-12-06 09:10:02,565 [WARN] PackLoader:240 - Cannot read IP mode file for STMicroelectronics.X-CUBE-SUBG2.5.0.0
2024-12-06 09:10:02,574 [WARN] PackLoader:240 - Cannot read IP mode file for Cesanta.I-CUBE-Mongoose.7.13.0
2024-12-06 09:10:02,594 [WARN] PackLoader:240 - Cannot read IP mode file for STMicroelectronics.X-CUBE-AZRTOS-G4.2.0.0
2024-12-06 09:10:02,600 [WARN] PackLoader:240 - Cannot read IP mode file for STMicroelectronics.X-CUBE-ALS.1.0.2
2024-12-06 09:10:02,604 [WARN] PackLoader:240 - Cannot read IP mode file for STMicroelectronics.X-CUBE-TOUCHGFX.4.24.1
2024-12-06 09:10:02,607 [WARN] PackLoader:240 - Cannot read IP mode file for wolfSSL.I-CUBE-wolfTPM.3.4.0
2024-12-06 09:10:02,612 [WARN] PackLoader:240 - Cannot read IP mode file for portGmbH.I-Cube-SoM-uGOAL.1.1.0
2024-12-06 09:10:02,632 [WARN] PackLoader:240 - Cannot read IP mode file for STMicroelectronics.X-CUBE-AZRTOS-H7RS.1.0.0
2024-12-06 09:10:02,641 [WARN] PackLoader:240 - Cannot read IP mode file for STMicroelectronics.FP-ATR-ASTRA1.2.0.0
2024-12-06 09:10:02,655 [WARN] PackLoader:240 - Cannot read IP mode file for STMicroelectronics.X-CUBE-TOF1.3.4.2
2024-12-06 09:10:02,699 [WARN] PackLoader:240 - Cannot read IP mode file for Infineon.AIROC-Wi-Fi-Bluetooth-STM32.1.6.1
2024-12-06 09:10:02,714 [WARN] PackLoader:240 - Cannot read IP mode file for wolfSSL.I-CUBE-wolfSSH.1.4.17
2024-12-06 09:10:02,715 [INFO] ThirdParty:978 - Integrity check success = true
2024-12-06 09:10:02,715 [INFO] IntegrityCheckThread:100 - exiting critical section [integrity check]
2024-12-06 09:10:02,716 [INFO] IntegrityCheckThread:103 - End integrity checks thread
2024-12-06 09:10:04,233 [INFO] WebApp:448 - Apply proxy settings
2024-12-06 09:10:04,242 [INFO] WebApp:493 - Chromium authenticates against Manually configured proxy
2024-12-06 09:10:04,267 [INFO] WebApp:501 - Username used for proxy authentication: 
2024-12-06 09:10:04,334 [INFO] WebApp:869 - Register for checkConnection events
2024-12-06 09:10:04,335 [INFO] WebApp:448 - Apply proxy settings
2024-12-06 09:10:04,337 [INFO] WebApp:493 - Chromium authenticates against Manually configured proxy
2024-12-06 09:10:04,337 [INFO] WebApp:501 - Username used for proxy authentication: 
2024-12-06 09:10:04,506 [INFO] WebApp:220 - Starting web application
2024-12-06 09:10:04,506 [INFO] WebApp:578 - Web application path used /Applications/STM32CubeIDE.app/Contents/Eclipse/plugins/com.st.stm32cube.common.mx_6.12.1.202409122256/db/plugins/mcufinder/reactClient1/index.html
2024-12-06 09:10:05,059 [INFO] WebApp:186 - Connection restablished
2024-12-06 09:11:24,142 [ERROR] LogOutputStream:75 - [STDERR_REDIRECT] 
2024-12-06 09:15:40,856 [INFO] Activator:176 - 


2024-12-06 09:15:40,859 [INFO] Activator:177 - !SESSION log4j initialized
2024-12-06 09:15:45,273 [INFO] LogOutputStream:77 - [STDOUT_REDIRECT] 
2024-12-06 09:15:46,909 [ERROR] LogOutputStream:75 - [STDERR_REDIRECT] 
2024-12-06 09:15:49,783 [INFO] LogOutputStream:77 - [STDOUT_REDIRECT] 
2024-12-06 09:15:51,417 [INFO] ApplicationProperties:184 - Using Application install path: /Applications/STM32CubeIDE.app/Contents/Eclipse/plugins/com.st.stm32cube.common.mx_6.12.1.202409122256
2024-12-06 09:15:51,431 [INFO] DbMcusXml:78 - Set database path to: /Applications/STM32CubeIDE.app/Contents/Eclipse/plugins/com.st.stm32cube.common.mx_6.12.1.202409122256//db//mcu/
2024-12-06 09:15:51,431 [INFO] ApiDb:274 - Set plugin database path to: /Applications/STM32CubeIDE.app/Contents/Eclipse/plugins/com.st.stm32cube.common.mx_6.12.1.202409122256//db//plugins/boardmanager/
2024-12-06 09:15:51,432 [WARN] ApiDb:259 - Overriding images path with different value:  => /Applications/STM32CubeIDE.app/Contents/Eclipse/plugins/com.st.stm32cube.common.mx_6.12.1.202409122256//db//plugins/mcufinder/images/
2024-12-06 09:15:51,437 [INFO] ApiDb:250 - Set database path to: /var/root/.stmcufinder/plugins/mcufinder//mcu/
2024-12-06 09:15:51,438 [INFO] DbMcusAds:125 - Set database path to: /var/root/.stmcufinder/plugins/mcufinder//mcu/
2024-12-06 09:15:51,440 [INFO] CrossReferenceDbSqlite:203 - Set database path to: /var/root/.stmcufinder/plugins/mcufinder//mcu/cs/
2024-12-06 09:15:51,632 [INFO] RulesReader:64 - Compatibility file has been processed (297 Rules)
2024-12-06 09:15:51,704 [INFO] DbMcusXml:78 - Set database path to: /Applications/STM32CubeIDE.app/Contents/Eclipse/plugins/com.st.stm32cube.common.mx_6.12.1.202409122256//db//mcu/
2024-12-06 09:15:51,704 [INFO] ApiDb:274 - Set plugin database path to: /Applications/STM32CubeIDE.app/Contents/Eclipse/plugins/com.st.stm32cube.common.mx_6.12.1.202409122256//db//plugins/boardmanager/
2024-12-06 09:15:51,705 [INFO] ApiDb:261 - Set plugin images path to: /Applications/STM32CubeIDE.app/Contents/Eclipse/plugins/com.st.stm32cube.common.mx_6.12.1.202409122256//db//plugins/mcufinder/images/
2024-12-06 09:15:51,705 [WARN] DbFile:41 - Overriding database path with different value: /var/root/.stmcufinder/plugins/mcufinder/ => /var/root/.stmcufinder/plugins/mcufinder
2024-12-06 09:15:51,705 [INFO] ApiDb:250 - Set database path to: /var/root/.stmcufinder/plugins/mcufinder//mcu/
2024-12-06 09:15:51,706 [WARN] DbFile:41 - Overriding database path with different value: /var/root/.stmcufinder/plugins/mcufinder/ => /var/root/.stmcufinder/plugins/mcufinder
2024-12-06 09:15:51,706 [INFO] DbMcusAds:125 - Set database path to: /var/root/.stmcufinder/plugins/mcufinder//mcu/
2024-12-06 09:15:51,706 [WARN] DbFile:41 - Overriding database path with different value: /var/root/.stmcufinder/plugins/mcufinder/ => /var/root/.stmcufinder/plugins/mcufinder
2024-12-06 09:15:51,706 [WARN] DbFile:41 - Overriding database path with different value: /var/root/.stmcufinder/plugins/mcufinder/ => /var/root/.stmcufinder/plugins/mcufinder
2024-12-06 09:15:51,706 [INFO] CrossReferenceDbSqlite:203 - Set database path to: /var/root/.stmcufinder/plugins/mcufinder//mcu/cs/
2024-12-06 09:15:51,803 [INFO] MainPanel:268 - HeapMemory: 268435456
2024-12-06 09:15:52,482 [INFO] DbMcusXml:78 - Set database path to: /Applications/STM32CubeIDE.app/Contents/Eclipse/plugins/com.st.stm32cube.common.mx_6.12.1.202409122256//db//mcu/
2024-12-06 09:15:52,483 [INFO] ApiDb:274 - Set plugin database path to: /Applications/STM32CubeIDE.app/Contents/Eclipse/plugins/com.st.stm32cube.common.mx_6.12.1.202409122256//db//plugins/boardmanager/
2024-12-06 09:15:52,484 [INFO] ApiDb:261 - Set plugin images path to: /Applications/STM32CubeIDE.app/Contents/Eclipse/plugins/com.st.stm32cube.common.mx_6.12.1.202409122256//db//plugins/mcufinder/images/
2024-12-06 09:15:52,486 [WARN] DbFile:41 - Overriding database path with different value: /var/root/.stmcufinder/plugins/mcufinder/ => /var/root/.stmcufinder/plugins/mcufinder
2024-12-06 09:15:52,487 [INFO] ApiDb:250 - Set database path to: /var/root/.stmcufinder/plugins/mcufinder//mcu/
2024-12-06 09:15:52,487 [WARN] DbFile:41 - Overriding database path with different value: /var/root/.stmcufinder/plugins/mcufinder/ => /var/root/.stmcufinder/plugins/mcufinder
2024-12-06 09:15:52,488 [INFO] DbMcusAds:125 - Set database path to: /var/root/.stmcufinder/plugins/mcufinder//mcu/
2024-12-06 09:15:52,488 [WARN] DbFile:41 - Overriding database path with different value: /var/root/.stmcufinder/plugins/mcufinder/ => /var/root/.stmcufinder/plugins/mcufinder
2024-12-06 09:15:52,488 [WARN] DbFile:41 - Overriding database path with different value: /var/root/.stmcufinder/plugins/mcufinder/ => /var/root/.stmcufinder/plugins/mcufinder
2024-12-06 09:15:52,488 [INFO] CrossReferenceDbSqlite:203 - Set database path to: /var/root/.stmcufinder/plugins/mcufinder//mcu/cs/
2024-12-06 09:15:52,522 [INFO] ApplicationProperties:184 - Using Application install path: /Applications/STM32CubeIDE.app/Contents/Eclipse/plugins/com.st.stm32cube.common.mx_6.12.1.202409122256
2024-12-06 09:15:52,524 [INFO] PluginManage:196 - Search for loadable plugins [exclusion list=, ]
2024-12-06 09:15:52,532 [INFO] PluginManage:310 - Check plugin analytics
2024-12-06 09:15:52,885 [INFO] AnalyticsPlugin:253 - Accepted Software Licenses: 
2024-12-06 09:15:52,891 [INFO] AnalyticsPlugin:255 - Accepted CMSIS Pack Licenses: 
2024-12-06 09:15:52,891 [INFO] AnalyticsPlugin:257 - Accepted Firmware Licenses: 
2024-12-06 09:15:52,898 [INFO] PluginManage:359 - Loaded plugin analytics (category:tool,tabindex:-1)
2024-12-06 09:15:52,899 [INFO] PluginManage:310 - Check plugin cadmodel
2024-12-06 09:15:52,934 [INFO] CADModel:105 - Init CAD model plugin
2024-12-06 09:15:52,936 [INFO] PluginManage:359 - Loaded plugin cadmodel (category:power,tabindex:5)
2024-12-06 09:15:52,936 [INFO] PluginManage:310 - Check plugin clock
2024-12-06 09:15:52,959 [INFO] PluginManage:359 - Loaded plugin clock (category:base,tabindex:2)
2024-12-06 09:15:52,960 [INFO] PluginManage:310 - Check plugin ddr
2024-12-06 09:15:52,968 [INFO] PluginManage:359 - Loaded plugin ddr (category:tool,tabindex:6)
2024-12-06 09:15:52,969 [INFO] PluginManage:310 - Check plugin filemanager
2024-12-06 09:15:53,263 [INFO] PluginManage:359 - Loaded plugin filemanager (category:base,tabindex:10)
2024-12-06 09:15:53,265 [INFO] PluginManage:310 - Check plugin ipmanager
2024-12-06 09:15:53,282 [INFO] PluginManage:359 - Loaded plugin ipmanager (category:base,tabindex:5)
2024-12-06 09:15:53,282 [INFO] PluginManage:310 - Check plugin lpbam
2024-12-06 09:15:53,296 [INFO] PluginManage:359 - Loaded plugin lpbam (category:base,tabindex:0)
2024-12-06 09:15:53,296 [INFO] PluginManage:310 - Check plugin memorymap
2024-12-06 09:15:53,305 [INFO] PluginManage:359 - Loaded plugin memorymap (category:base,tabindex:4)
2024-12-06 09:15:53,305 [INFO] PluginManage:310 - Check plugin pinoutandconfiguration
2024-12-06 09:15:53,313 [INFO] PluginManage:359 - Loaded plugin pinoutandconfiguration (category:base,tabindex:1)
2024-12-06 09:15:53,313 [INFO] PluginManage:310 - Check plugin pinoutconfig
2024-12-06 09:15:53,404 [WARN] SupportedApi:132 - Cannot load RTOS API schema: s4s-elt-must-match.1: The content of 'definitions' must match (annotation?, (simpleType | complexType)?, (unique | key | keyref)*)). A problem was found starting at: attribute.
2024-12-06 09:15:53,779 [INFO] PluginManage:359 - Loaded plugin pinoutconfig (category:base,tabindex:0)
2024-12-06 09:15:53,781 [INFO] PluginManage:310 - Check plugin power
2024-12-06 09:15:53,801 [INFO] PluginManage:359 - Loaded plugin power (category:power,tabindex:4)
2024-12-06 09:15:53,801 [INFO] PluginManage:310 - Check plugin projectmanager
2024-12-06 09:15:53,834 [INFO] PluginManage:359 - Loaded plugin projectmanager (category:projectmanager,tabindex:4)
2024-12-06 09:15:53,834 [INFO] PluginManage:310 - Check plugin rif
2024-12-06 09:15:53,840 [INFO] PluginManage:359 - Loaded plugin rif (category:base,tabindex:3)
2024-12-06 09:15:53,840 [INFO] PluginManage:310 - Check plugin thirdparty
2024-12-06 09:15:54,187 [INFO] PluginManage:359 - Loaded plugin thirdparty (category:base,tabindex:-1)
2024-12-06 09:15:54,190 [INFO] PluginManage:310 - Check plugin tools
2024-12-06 09:15:54,186 [WARN] IntegrityCheckThread:84 - waiting for thirdparty lock release [integrity check]
2024-12-06 09:15:54,190 [INFO] IntegrityCheckThread:86 - entering critical section [integrity check]
2024-12-06 09:15:54,195 [INFO] ThirdPartyUpdaterWithRetryManager:70 - Updater plugin not ready yet. [1/15]
2024-12-06 09:15:54,202 [INFO] PluginManage:359 - Loaded plugin tools (category:base,tabindex:7)
2024-12-06 09:15:54,203 [INFO] PluginManage:310 - Check plugin tutovideos
2024-12-06 09:15:54,542 [INFO] PluginManage:359 - Loaded plugin tutovideos (category:base,tabindex:-1)
2024-12-06 09:15:54,545 [INFO] PluginManage:310 - Check plugin updater
2024-12-06 09:15:54,633 [ERROR] LogOutputStream:75 - [STDERR_REDIRECT] [Fatal Error] :2:10: DOCTYPE is disallowed when the feature "http://apache.org/xml/features/disallow-doctype-decl" set to true.
2024-12-06 09:15:54,638 [INFO] PluginManage:359 - Loaded plugin updater (category:base,tabindex:12)
2024-12-06 09:15:54,638 [ERROR] LogOutputStream:75 - [STDERR_REDIRECT] 
2024-12-06 09:15:54,638 [INFO] PluginManage:310 - Check plugin userauth
2024-12-06 09:15:54,650 [INFO] UserAuth:113 - Init User Auth plugin
2024-12-06 09:15:54,651 [INFO] PluginManage:359 - Loaded plugin userauth (category:base,tabindex:14)
2024-12-06 09:15:54,651 [INFO] PluginManage:283 - PluginManage : Loaded plugins [18]
2024-12-06 09:15:55,208 [INFO] PinOutPanel:1561 - setPackage(No Configuration,No Configuration)
2024-12-06 09:15:55,299 [INFO] CADModel:165 - CPN selected for project level
2024-12-06 09:15:55,299 [INFO] CADModel:114 - Register for checkConnection events
2024-12-06 09:15:55,313 [INFO] IPUIPlugin:80 - create IPUIPlugin
2024-12-06 09:15:55,313 [INFO] PluginManager:220 - loadIPPluginJar : add mdma
2024-12-06 09:15:55,318 [INFO] IPUIPlugin:80 - create IPUIPlugin
2024-12-06 09:15:55,318 [INFO] PluginManager:220 - loadIPPluginJar : add freertos
2024-12-06 09:15:55,321 [INFO] IPUIPlugin:80 - create IPUIPlugin
2024-12-06 09:15:55,321 [INFO] PluginManager:220 - loadIPPluginJar : add gic
2024-12-06 09:15:55,330 [INFO] IPUIPlugin:80 - create IPUIPlugin
2024-12-06 09:15:55,330 [INFO] PluginManager:220 - loadIPPluginJar : add adc
2024-12-06 09:15:55,331 [INFO] IPUIPlugin:80 - create IPUIPlugin
2024-12-06 09:15:55,332 [INFO] PluginManager:220 - loadIPPluginJar : add gtzc
2024-12-06 09:15:55,333 [INFO] IPUIPlugin:80 - create IPUIPlugin
2024-12-06 09:15:55,333 [INFO] PluginManager:220 - loadIPPluginJar : add quadspi
2024-12-06 09:15:55,334 [INFO] IPUIPlugin:80 - create IPUIPlugin
2024-12-06 09:15:55,334 [INFO] PluginManager:220 - loadIPPluginJar : add aes
2024-12-06 09:15:55,336 [INFO] IPUIPlugin:80 - create IPUIPlugin
2024-12-06 09:15:55,336 [INFO] PluginManager:220 - loadIPPluginJar : add pdm2pcm
2024-12-06 09:15:55,337 [INFO] IPUIPlugin:80 - create IPUIPlugin
2024-12-06 09:15:55,337 [INFO] PluginManager:220 - loadIPPluginJar : add hash
2024-12-06 09:15:55,338 [INFO] IPUIPlugin:80 - create IPUIPlugin
2024-12-06 09:15:55,338 [INFO] PluginManager:220 - loadIPPluginJar : add tim
2024-12-06 09:15:55,340 [INFO] IPUIPlugin:80 - create IPUIPlugin
2024-12-06 09:15:55,340 [INFO] PluginManager:220 - loadIPPluginJar : add tsc
2024-12-06 09:15:55,342 [INFO] IPUIPlugin:80 - create IPUIPlugin
2024-12-06 09:15:55,342 [INFO] PluginManager:220 - loadIPPluginJar : add extmemmanager
2024-12-06 09:15:55,343 [INFO] IPUIPlugin:80 - create IPUIPlugin
2024-12-06 09:15:55,344 [INFO] PluginManager:220 - loadIPPluginJar : add ts
2024-12-06 09:15:55,344 [INFO] IPUIPlugin:80 - create IPUIPlugin
2024-12-06 09:15:55,345 [INFO] PluginManager:220 - loadIPPluginJar : add radio
2024-12-06 09:15:55,346 [INFO] IPUIPlugin:80 - create IPUIPlugin
2024-12-06 09:15:55,346 [INFO] PluginManager:220 - loadIPPluginJar : add can
2024-12-06 09:15:55,349 [INFO] IPUIPlugin:80 - create IPUIPlugin
2024-12-06 09:15:55,349 [INFO] PluginManager:220 - loadIPPluginJar : add dma3
2024-12-06 09:15:55,350 [INFO] IPUIPlugin:80 - create IPUIPlugin
2024-12-06 09:15:55,350 [INFO] PluginManager:220 - loadIPPluginJar : add dfsdm
2024-12-06 09:15:55,352 [INFO] IPUIPlugin:80 - create IPUIPlugin
2024-12-06 09:15:55,353 [INFO] PluginManager:220 - loadIPPluginJar : add spi
2024-12-06 09:15:55,355 [INFO] IPUIPlugin:80 - create IPUIPlugin
2024-12-06 09:15:55,355 [INFO] PluginManager:220 - loadIPPluginJar : add gfxmmu
2024-12-06 09:15:55,356 [INFO] IPUIPlugin:80 - create IPUIPlugin
2024-12-06 09:15:55,356 [INFO] PluginManager:220 - loadIPPluginJar : add genericplugin
2024-12-06 09:15:55,357 [INFO] IPUIPlugin:80 - create IPUIPlugin
2024-12-06 09:15:55,357 [INFO] PluginManager:220 - loadIPPluginJar : add cryp
2024-12-06 09:15:55,360 [INFO] IPUIPlugin:80 - create IPUIPlugin
2024-12-06 09:15:55,360 [INFO] PluginManager:220 - loadIPPluginJar : add gpio
2024-12-06 09:15:55,362 [INFO] IPUIPlugin:80 - create IPUIPlugin
2024-12-06 09:15:55,362 [INFO] PluginManager:220 - loadIPPluginJar : add ddr_ctrl_phy
2024-12-06 09:15:55,364 [INFO] IPUIPlugin:80 - create IPUIPlugin
2024-12-06 09:15:55,364 [INFO] PluginManager:220 - loadIPPluginJar : add comp
2024-12-06 09:15:55,366 [INFO] IPUIPlugin:80 - create IPUIPlugin
2024-12-06 09:15:55,366 [INFO] PluginManager:220 - loadIPPluginJar : add tracer_emb
2024-12-06 09:15:55,368 [INFO] IPUIPlugin:80 - create IPUIPlugin
2024-12-06 09:15:55,368 [INFO] PluginManager:220 - loadIPPluginJar : add openamp
2024-12-06 09:15:55,371 [INFO] IPUIPlugin:80 - create IPUIPlugin
2024-12-06 09:15:55,371 [INFO] PluginManager:220 - loadIPPluginJar : add stm32_wpan
2024-12-06 09:15:55,375 [INFO] IPUIPlugin:80 - create IPUIPlugin
2024-12-06 09:15:55,380 [INFO] PluginManager:220 - loadIPPluginJar : add plateformsettings
2024-12-06 09:15:55,382 [INFO] IPUIPlugin:80 - create IPUIPlugin
2024-12-06 09:15:55,382 [INFO] PluginManager:220 - loadIPPluginJar : add ipddr
2024-12-06 09:15:55,383 [INFO] IPUIPlugin:80 - create IPUIPlugin
2024-12-06 09:15:55,384 [INFO] PluginManager:220 - loadIPPluginJar : add usart
2024-12-06 09:15:55,386 [INFO] IPUIPlugin:80 - create IPUIPlugin
2024-12-06 09:15:55,386 [INFO] PluginManager:220 - loadIPPluginJar : add ltdc
2024-12-06 09:15:55,388 [INFO] IPUIPlugin:80 - create IPUIPlugin
2024-12-06 09:15:55,388 [INFO] PluginManager:220 - loadIPPluginJar : add nvic
2024-12-06 09:15:55,390 [INFO] IPUIPlugin:80 - create IPUIPlugin
2024-12-06 09:15:55,390 [INFO] PluginManager:220 - loadIPPluginJar : add fatfs
2024-12-06 09:15:55,395 [INFO] IPUIPlugin:80 - create IPUIPlugin
2024-12-06 09:15:55,395 [INFO] PluginManager:220 - loadIPPluginJar : add linkedlist
2024-12-06 09:15:55,399 [INFO] IPUIPlugin:80 - create IPUIPlugin
2024-12-06 09:15:55,399 [INFO] PluginManager:220 - loadIPPluginJar : add dma
2024-12-06 09:15:55,401 [INFO] IPUIPlugin:80 - create IPUIPlugin
2024-12-06 09:15:55,401 [INFO] PluginManager:220 - loadIPPluginJar : add fmc
2024-12-06 09:15:55,402 [INFO] IPUIPlugin:80 - create IPUIPlugin
2024-12-06 09:15:55,402 [INFO] PluginManager:220 - loadIPPluginJar : add i2s
2024-12-06 09:15:55,403 [INFO] IPUIPlugin:80 - create IPUIPlugin
2024-12-06 09:15:55,403 [INFO] PluginManager:220 - loadIPPluginJar : add ucpd
2024-12-06 09:15:55,405 [INFO] IPUIPlugin:80 - create IPUIPlugin
2024-12-06 09:15:55,405 [INFO] PluginManager:220 - loadIPPluginJar : add lorawan
2024-12-06 09:15:55,406 [INFO] IPUIPlugin:80 - create IPUIPlugin
2024-12-06 09:15:55,406 [INFO] PluginManager:220 - loadIPPluginJar : add opamp
2024-12-06 09:15:55,408 [INFO] IPUIPlugin:80 - create IPUIPlugin
2024-12-06 09:15:55,408 [INFO] PluginManager:220 - loadIPPluginJar : add i3c
2024-12-06 09:15:55,410 [INFO] IPUIPlugin:80 - create IPUIPlugin
2024-12-06 09:15:55,410 [INFO] PluginManager:220 - loadIPPluginJar : add touchsensing
2024-12-06 09:15:55,413 [INFO] IPUIPlugin:80 - create IPUIPlugin
2024-12-06 09:15:55,413 [INFO] PluginManager:220 - loadIPPluginJar : add i2c
2024-12-06 09:15:55,416 [INFO] IPUIPlugin:80 - create IPUIPlugin
2024-12-06 09:15:55,416 [INFO] PluginManager:220 - loadIPPluginJar : add resmgrutility
2024-12-06 09:15:55,418 [INFO] IPUIPlugin:80 - create IPUIPlugin
2024-12-06 09:15:55,418 [INFO] PluginManager:220 - loadIPPluginJar : add sai
2024-12-06 09:15:55,420 [INFO] IPUIPlugin:80 - create IPUIPlugin
2024-12-06 09:15:55,420 [INFO] PluginManager:220 - loadIPPluginJar : add usbx
2024-12-06 09:15:55,534 [INFO] CADModel:165 - CPN selected for project level
2024-12-06 09:15:55,534 [INFO] CADModel:114 - Register for checkConnection events
2024-12-06 09:15:55,535 [FATAL] Updater:334 - Updater called before beeing initialized
2024-12-06 09:15:55,535 [ERROR] CADModel:125 - Updater not yet initialized, retry later 
2024-12-06 09:15:55,771 [INFO] CADModel:165 - CPN selected for project level
2024-12-06 09:15:55,771 [INFO] CADModel:114 - Register for checkConnection events
2024-12-06 09:15:55,772 [FATAL] Updater:334 - Updater called before beeing initialized
2024-12-06 09:15:55,772 [ERROR] CADModel:125 - Updater not yet initialized, retry later 
2024-12-06 09:15:55,774 [FATAL] Updater:334 - Updater called before beeing initialized
2024-12-06 09:15:55,932 [FATAL] Updater:334 - Updater called before beeing initialized
2024-12-06 09:15:55,940 [INFO] DbMcusAds:53 - JSON generation date=Wed Sep 29 23:55:09 PDT 2021 (1632984909247)
2024-12-06 09:15:55,940 [FATAL] Updater:334 - Updater called before beeing initialized
2024-12-06 09:15:56,004 [WARN] DetailPanel:346 - Failed to get advertising image, set to default
2024-12-06 09:15:56,089 [FATAL] Updater:334 - Updater called before beeing initialized
2024-12-06 09:15:56,091 [FATAL] Updater:334 - Updater called before beeing initialized
2024-12-06 09:15:56,091 [FATAL] Updater:334 - Updater called before beeing initialized
2024-12-06 09:15:56,091 [WARN] DetailPanel:346 - Failed to get advertising image, set to default
2024-12-06 09:15:56,093 [FATAL] Updater:334 - Updater called before beeing initialized
2024-12-06 09:15:56,164 [ERROR] Updater:1164 - MainUpdater not yet initialized. External WinMGr cannot be set.
2024-12-06 09:15:56,169 [INFO] Updater:1100 - Updater Version found : 6.12.1
2024-12-06 09:15:56,180 [INFO] ApplicationProperties:184 - Using Application install path: /Applications/STM32CubeIDE.app/Contents/Eclipse/plugins/com.st.stm32cube.common.mx_6.12.1.202409122256
2024-12-06 09:15:56,548 [INFO] MainUpdater:2873 - connection check result : 10
2024-12-06 09:15:56,549 [INFO] MainUpdater:290 - Updater Check For Update Now.
2024-12-06 09:15:56,550 [INFO] MicroXplorer:498 - Change Database Version : DB.6.0.121
2024-12-06 09:15:56,557 [INFO] McuFinderGlobals:63 - Set McuFinder mode to 2 (CubeIDE integrated)
2024-12-06 09:15:56,558 [INFO] UserAuth:179 - activating auth plugin
2024-12-06 09:15:56,604 [INFO] UserAuth:417 - Internet connection configuration mode: 1
2024-12-06 09:15:56,716 [INFO] JxBrowserEngine:152 - Initiate JxBrowser Engine with user profile folder
2024-12-06 09:15:57,072 [INFO] CheckServerUpdateThread:120 - End of CheckServer Thread
2024-12-06 09:15:57,382 [WARN] PackLoader:240 - Cannot read IP mode file for STMicroelectronics.FP-SNS-MOTENVWB1.1.4.0
2024-12-06 09:15:57,406 [WARN] PackLoader:240 - Cannot read IP mode file for STMicroelectronics.FP-ATR-ASTRA1.2.0.1
2024-12-06 09:15:57,431 [WARN] PackLoader:240 - Cannot read IP mode file for STMicroelectronics.X-CUBE-SMBUS.2.1.0
2024-12-06 09:15:57,442 [WARN] PackLoader:240 - Cannot read IP mode file for STMicroelectronics.X-CUBE-WB05N.1.1.0
2024-12-06 09:15:57,491 [WARN] PackLoader:240 - Cannot read IP mode file for STMicroelectronics.X-CUBE-AZRTOS-F7.1.1.0
2024-12-06 09:15:57,640 [WARN] PackLoader:240 - Cannot read IP mode file for STMicroelectronics.X-CUBE-MEMS1.11.0.0
2024-12-06 09:15:58,019 [WARN] PackLoader:240 - Cannot read IP mode file for STMicroelectronics.FP-SNS-FLIGHT1.5.0.2
2024-12-06 09:15:58,054 [WARN] PackLoader:240 - Cannot read IP mode file for STMicroelectronics.X-CUBE-DISPLAY.3.0.0
2024-12-06 09:15:58,107 [WARN] PackLoader:240 - Cannot read IP mode file for STMicroelectronics.X-CUBE-BLE1.7.0.0
2024-12-06 09:15:58,134 [WARN] PackLoader:240 - Cannot read IP mode file for STMicroelectronics.X-CUBE-NFC10.1.0.0
2024-12-06 09:15:58,157 [WARN] PackLoader:240 - Cannot read IP mode file for emotas.I-CUBE-CANOPEN.1.3.0
2024-12-06 09:15:58,181 [WARN] PackLoader:240 - Cannot read IP mode file for STMicroelectronics.X-CUBE-BLEMGR.3.1.0
2024-12-06 09:15:58,192 [WARN] PackLoader:240 - Cannot read IP mode file for STMicroelectronics.FP-SNS-SMARTAG2.1.2.0
2024-12-06 09:15:58,204 [INFO] LogOutputStream:77 - [STDOUT_REDIRECT] 1 : Invalid condition id : UX_CORESTACK_Condition cause : null
2024-12-06 09:15:58,207 [INFO] LogOutputStream:77 - [STDOUT_REDIRECT] 1 : Invalid condition id : UX_CORESTACK_Condition cause : null
2024-12-06 09:15:58,208 [INFO] LogOutputStream:77 - [STDOUT_REDIRECT] 1 : Invalid condition id : UX_CORESTACK_Condition cause : null
2024-12-06 09:15:58,209 [INFO] LogOutputStream:77 - [STDOUT_REDIRECT] 1 : Invalid condition id : UX_CORESTACK_Condition cause : null
2024-12-06 09:15:58,210 [INFO] LogOutputStream:77 - [STDOUT_REDIRECT] 1 : Invalid condition id : UX_CORESTACK_Condition cause : null
2024-12-06 09:15:58,233 [WARN] PackLoader:240 - Cannot read IP mode file for STMicroelectronics.X-CUBE-AZRTOS-WL.2.0.0
2024-12-06 09:15:58,266 [WARN] PackLoader:240 - Cannot read IP mode file for STMicroelectronics.FP-SNS-MOTENV1.5.0.0
2024-12-06 09:15:58,275 [WARN] PackLoader:240 - Cannot read IP mode file for wolfSSL.I-CUBE-wolfMQTT.1.19.0
2024-12-06 09:15:58,299 [WARN] PackLoader:240 - Cannot read IP mode file for WES.I-CUBE-Cesium.1.3.0
2024-12-06 09:15:58,312 [WARN] PackLoader:240 - Cannot read IP mode file for STMicroelectronics.X-CUBE-BLE2.3.3.0
2024-12-06 09:15:58,323 [WARN] PackLoader:240 - Cannot read IP mode file for STMicroelectronics.X-CUBE-NFC9.1.0.0
2024-12-06 09:15:58,342 [WARN] PackLoader:240 - Cannot read IP mode file for STMicroelectronics.X-CUBE-TCPP.4.1.0
2024-12-06 09:15:58,371 [WARN] PackLoader:240 - Cannot read IP mode file for STMicroelectronics.X-CUBE-AZRTOS-G0.1.1.0
2024-12-06 09:15:58,382 [WARN] PackLoader:240 - Cannot read IP mode file for STMicroelectronics.X-CUBE-SAFEA1.1.2.2
2024-12-06 09:15:58,403 [WARN] PackLoader:240 - Cannot read IP mode file for STMicroelectronics.X-CUBE-NFC4.3.0.0
2024-12-06 09:15:58,423 [WARN] PackLoader:240 - Cannot read IP mode file for EmbeddedOffice.I-CUBE-FS-RTOS.1.0.1
2024-12-06 09:15:58,427 [ERROR] ConditionMgr:805 - Attr not supported : Dmpu
2024-12-06 09:15:58,430 [ERROR] ConditionMgr:805 - Attr not supported : Dmpu
2024-12-06 09:15:58,430 [ERROR] ConditionMgr:805 - Attr not supported : Dmpu
2024-12-06 09:15:58,431 [ERROR] ConditionMgr:805 - Attr not supported : Dmpu
2024-12-06 09:15:58,431 [ERROR] ConditionMgr:805 - Attr not supported : Dmpu
2024-12-06 09:15:58,431 [ERROR] ConditionMgr:805 - Attr not supported : Dmpu
2024-12-06 09:15:58,431 [ERROR] ConditionMgr:805 - Attr not supported : Dmpu
2024-12-06 09:15:58,431 [ERROR] ConditionMgr:805 - Attr not supported : Dmpu
2024-12-06 09:15:58,431 [ERROR] ConditionMgr:805 - Attr not supported : Dmpu
2024-12-06 09:15:58,431 [ERROR] ConditionMgr:805 - Attr not supported : Dmpu
2024-12-06 09:15:58,431 [ERROR] ConditionMgr:805 - Attr not supported : Dmpu
2024-12-06 09:15:58,431 [ERROR] ConditionMgr:805 - Attr not supported : Dmpu
2024-12-06 09:15:58,432 [ERROR] ConditionMgr:805 - Attr not supported : Dmpu
2024-12-06 09:15:58,432 [ERROR] ConditionMgr:805 - Attr not supported : Dmpu
2024-12-06 09:15:58,432 [ERROR] ConditionMgr:805 - Attr not supported : Dmpu
2024-12-06 09:15:58,432 [ERROR] ConditionMgr:805 - Attr not supported : Dmpu
2024-12-06 09:15:58,432 [ERROR] ConditionMgr:805 - Attr not supported : Dmpu
2024-12-06 09:15:58,433 [ERROR] ConditionMgr:805 - Attr not supported : Dmpu
2024-12-06 09:15:58,433 [ERROR] ConditionMgr:805 - Attr not supported : Dmpu
2024-12-06 09:15:58,433 [ERROR] ConditionMgr:805 - Attr not supported : Dmpu
2024-12-06 09:15:58,433 [ERROR] ConditionMgr:805 - Attr not supported : Dmpu
2024-12-06 09:15:58,433 [ERROR] ConditionMgr:805 - Attr not supported : Dmpu
2024-12-06 09:15:58,433 [ERROR] ConditionMgr:805 - Attr not supported : Dmpu
2024-12-06 09:15:58,433 [ERROR] ConditionMgr:805 - Attr not supported : Dmpu
2024-12-06 09:15:58,433 [ERROR] ConditionMgr:805 - Attr not supported : Dmpu
2024-12-06 09:15:58,433 [ERROR] ConditionMgr:805 - Attr not supported : Dmpu
2024-12-06 09:15:58,433 [ERROR] ConditionMgr:805 - Attr not supported : Dmpu
2024-12-06 09:15:58,433 [ERROR] ConditionMgr:805 - Attr not supported : Dmpu
2024-12-06 09:15:58,433 [ERROR] ConditionMgr:805 - Attr not supported : Dmpu
2024-12-06 09:15:58,434 [ERROR] ConditionMgr:805 - Attr not supported : Dmpu
2024-12-06 09:15:58,434 [ERROR] ConditionMgr:805 - Attr not supported : Dmpu
2024-12-06 09:15:58,435 [ERROR] ConditionMgr:805 - Attr not supported : Dmpu
2024-12-06 09:15:58,436 [ERROR] ConditionMgr:805 - Attr not supported : Dmpu
2024-12-06 09:15:58,437 [ERROR] ConditionMgr:805 - Attr not supported : Dmpu
2024-12-06 09:15:58,437 [ERROR] ConditionMgr:805 - Attr not supported : Dmpu
2024-12-06 09:15:58,437 [ERROR] ConditionMgr:805 - Attr not supported : Dmpu
2024-12-06 09:15:58,437 [ERROR] ConditionMgr:805 - Attr not supported : Dmpu
2024-12-06 09:15:58,437 [ERROR] ConditionMgr:805 - Attr not supported : Dmpu
2024-12-06 09:15:58,437 [ERROR] ConditionMgr:805 - Attr not supported : Dmpu
2024-12-06 09:15:58,437 [ERROR] ConditionMgr:805 - Attr not supported : Dmpu
2024-12-06 09:15:58,437 [ERROR] ConditionMgr:805 - Attr not supported : Dmpu
2024-12-06 09:15:58,438 [ERROR] ConditionMgr:805 - Attr not supported : Dmpu
2024-12-06 09:15:58,438 [ERROR] ConditionMgr:805 - Attr not supported : Dmpu
2024-12-06 09:15:58,438 [ERROR] ConditionMgr:805 - Attr not supported : Dmpu
2024-12-06 09:15:58,438 [ERROR] ConditionMgr:805 - Attr not supported : Dmpu
2024-12-06 09:15:58,438 [ERROR] ConditionMgr:805 - Attr not supported : Dmpu
2024-12-06 09:15:58,438 [ERROR] ConditionMgr:805 - Attr not supported : Dmpu
2024-12-06 09:15:58,438 [ERROR] ConditionMgr:805 - Attr not supported : Dmpu
2024-12-06 09:15:58,438 [ERROR] ConditionMgr:805 - Attr not supported : Dmpu
2024-12-06 09:15:58,438 [ERROR] ConditionMgr:805 - Attr not supported : Dmpu
2024-12-06 09:15:58,438 [ERROR] ConditionMgr:805 - Attr not supported : Dmpu
2024-12-06 09:15:58,438 [ERROR] ConditionMgr:805 - Attr not supported : Dmpu
2024-12-06 09:15:58,438 [ERROR] ConditionMgr:805 - Attr not supported : Dmpu
2024-12-06 09:15:58,438 [ERROR] ConditionMgr:805 - Attr not supported : Dmpu
2024-12-06 09:15:58,438 [ERROR] ConditionMgr:805 - Attr not supported : Dmpu
2024-12-06 09:15:58,438 [ERROR] ConditionMgr:805 - Attr not supported : Dmpu
2024-12-06 09:15:58,438 [ERROR] ConditionMgr:805 - Attr not supported : Dmpu
2024-12-06 09:15:58,438 [ERROR] ConditionMgr:805 - Attr not supported : Dmpu
2024-12-06 09:15:58,438 [ERROR] ConditionMgr:805 - Attr not supported : Dmpu
2024-12-06 09:15:58,438 [ERROR] ConditionMgr:805 - Attr not supported : Dmpu
2024-12-06 09:15:58,438 [ERROR] ConditionMgr:805 - Attr not supported : Dmpu
2024-12-06 09:15:58,439 [ERROR] ConditionMgr:805 - Attr not supported : Dmpu
2024-12-06 09:15:58,439 [ERROR] ConditionMgr:805 - Attr not supported : Dmpu
2024-12-06 09:15:58,439 [ERROR] ConditionMgr:805 - Attr not supported : Dmpu
2024-12-06 09:15:58,448 [WARN] PackLoader:240 - Cannot read IP mode file for RealThread.X-CUBE-RT-Thread_Nano.4.1.1
2024-12-06 09:15:58,453 [WARN] PackLoader:240 - Cannot read IP mode file for STMicroelectronics.FP-ATR-SIGFOX1.3.2.0
2024-12-06 09:15:58,458 [WARN] PackLoader:240 - Cannot read IP mode file for wolfSSL.I-CUBE-wolfSSL.5.7.2
2024-12-06 09:15:58,465 [WARN] ConditionMgr:438 - getConditionDescription Invalid condition id : Cortex-A Device cause : null
2024-12-06 09:15:58,508 [WARN] ConditionMgr:1039 - genDependencies : Invalid condition id : Cortex-A Device cause : null
2024-12-06 09:15:58,509 [WARN] ConditionMgr:1039 - genDependencies : Invalid condition id : Cortex-A Device cause : null
2024-12-06 09:15:58,511 [WARN] ConditionMgr:1039 - genDependencies : Invalid condition id : Cortex-A Device cause : null
2024-12-06 09:15:58,523 [WARN] PackLoader:240 - Cannot read IP mode file for STMicroelectronics.X-CUBE-EEPRMA1.5.1.0
2024-12-06 09:15:58,563 [WARN] PackLoader:240 - Cannot read IP mode file for ITTIA_DB.I-CUBE-ITTIADB.8.9.0
2024-12-06 09:15:58,643 [WARN] PackLoader:240 - Cannot read IP mode file for SEGGER.I-CUBE-embOS.1.3.1
2024-12-06 09:15:58,790 [WARN] PackLoader:240 - Cannot read IP mode file for STMicroelectronics.X-CUBE-ALGOBUILD.1.4.0
2024-12-06 09:15:58,797 [WARN] PackLoader:240 - Cannot read IP mode file for STMicroelectronics.X-CUBE-AI.9.1.0
2024-12-06 09:15:58,831 [WARN] PackLoader:240 - Cannot read IP mode file for STMicroelectronics.X-CUBE-AZRTOS-F4.1.1.0
2024-12-06 09:15:58,845 [WARN] PackLoader:240 - Cannot read IP mode file for STMicroelectronics.X-CUBE-ISPU.2.1.0
2024-12-06 09:15:58,864 [WARN] PackLoader:240 - Cannot read IP mode file for STMicroelectronics.X-CUBE-FREERTOS.1.2.0
2024-12-06 09:15:58,896 [WARN] PackLoader:240 - Cannot read IP mode file for STMicroelectronics.X-CUBE-AZRTOS-L5.2.0.0
2024-12-06 09:15:58,910 [WARN] PackLoader:240 - Cannot read IP mode file for STMicroelectronics.X-CUBE-NFC6.3.1.0
2024-12-06 09:15:58,930 [WARN] PackLoader:240 - Cannot read IP mode file for STMicroelectronics.X-CUBE-DPower.1.2.0
2024-12-06 09:15:58,935 [WARN] PackLoader:240 - Cannot read IP mode file for STMicroelectronics.X-CUBE-NFC7.1.0.1
2024-12-06 09:15:58,966 [WARN] ConditionMgr:438 - getConditionDescription Invalid condition id : LAN8742 Phy interface Condition cause : null
2024-12-06 09:15:58,968 [WARN] PackLoader:240 - Cannot read IP mode file for STMicroelectronics.X-CUBE-AZRTOS-L4.2.0.0
2024-12-06 09:15:58,970 [WARN] ConditionMgr:1039 - genDependencies : Invalid condition id : LAN8742 Phy interface Condition cause : null
2024-12-06 09:15:58,971 [WARN] ConditionMgr:1039 - genDependencies : Invalid condition id : LAN8742 Phy interface Condition cause : null
2024-12-06 09:15:58,972 [WARN] ConditionMgr:1039 - genDependencies : Invalid condition id : LAN8742 Phy interface Condition cause : null
2024-12-06 09:15:58,995 [WARN] PackLoader:240 - Cannot read IP mode file for STMicroelectronics.X-CUBE-SFXS2LP1.4.0.0
2024-12-06 09:15:59,032 [WARN] PackLoader:240 - Cannot read IP mode file for STMicroelectronics.X-CUBE-AZRTOS-H7.3.3.0
2024-12-06 09:15:59,057 [WARN] PackLoader:240 - Cannot read IP mode file for STMicroelectronics.X-CUBE-IPS.3.0.0
2024-12-06 09:15:59,095 [WARN] ConditionMgr:438 - getConditionDescription Invalid condition id : UX DEVICE CLASS RTOS Condition cause : null
2024-12-06 09:15:59,095 [WARN] ConditionMgr:438 - getConditionDescription Invalid condition id : UX DEVICE CLASS RTOS Condition cause : null
2024-12-06 09:15:59,100 [WARN] PackLoader:240 - Cannot read IP mode file for STMicroelectronics.X-CUBE-AZRTOS-WB.2.0.0
2024-12-06 09:15:59,101 [WARN] ConditionMgr:1039 - genDependencies : Invalid condition id : UX DEVICE CLASS RTOS Condition cause : null
2024-12-06 09:15:59,101 [WARN] ConditionMgr:1039 - genDependencies : Invalid condition id : UX DEVICE CLASS RTOS Condition cause : null
2024-12-06 09:15:59,101 [WARN] ConditionMgr:1039 - genDependencies : Invalid condition id : UX DEVICE CLASS RTOS Condition cause : null
2024-12-06 09:15:59,102 [WARN] ConditionMgr:1039 - genDependencies : Invalid condition id : UX DEVICE CLASS RTOS Condition cause : null
2024-12-06 09:15:59,102 [WARN] ConditionMgr:1039 - genDependencies : Invalid condition id : UX DEVICE CLASS RTOS Condition cause : null
2024-12-06 09:15:59,113 [WARN] PackLoader:240 - Cannot read IP mode file for STMicroelectronics.X-CUBE-GNSS1.7.0.0
2024-12-06 09:15:59,126 [WARN] PackLoader:240 - Cannot read IP mode file for STMicroelectronics.FP-SNS-STBOX1.2.0.0
2024-12-06 09:15:59,147 [WARN] PackLoader:240 - Cannot read IP mode file for STMicroelectronics.X-CUBE-SUBG2.5.0.0
2024-12-06 09:15:59,159 [WARN] PackLoader:240 - Cannot read IP mode file for Cesanta.I-CUBE-Mongoose.7.13.0
2024-12-06 09:15:59,179 [WARN] PackLoader:240 - Cannot read IP mode file for STMicroelectronics.X-CUBE-AZRTOS-G4.2.0.0
2024-12-06 09:15:59,187 [WARN] PackLoader:240 - Cannot read IP mode file for STMicroelectronics.X-CUBE-ALS.1.0.2
2024-12-06 09:15:59,191 [WARN] PackLoader:240 - Cannot read IP mode file for STMicroelectronics.X-CUBE-TOUCHGFX.4.24.1
2024-12-06 09:15:59,196 [WARN] PackLoader:240 - Cannot read IP mode file for wolfSSL.I-CUBE-wolfTPM.3.4.0
2024-12-06 09:15:59,201 [WARN] PackLoader:240 - Cannot read IP mode file for portGmbH.I-Cube-SoM-uGOAL.1.1.0
2024-12-06 09:15:59,221 [WARN] PackLoader:240 - Cannot read IP mode file for STMicroelectronics.X-CUBE-AZRTOS-H7RS.1.0.0
2024-12-06 09:15:59,229 [WARN] PackLoader:240 - Cannot read IP mode file for STMicroelectronics.FP-ATR-ASTRA1.2.0.0
2024-12-06 09:15:59,242 [WARN] PackLoader:240 - Cannot read IP mode file for STMicroelectronics.X-CUBE-TOF1.3.4.2
2024-12-06 09:15:59,308 [WARN] PackLoader:240 - Cannot read IP mode file for Infineon.AIROC-Wi-Fi-Bluetooth-STM32.1.6.1
2024-12-06 09:15:59,329 [WARN] PackLoader:240 - Cannot read IP mode file for wolfSSL.I-CUBE-wolfSSH.1.4.17
2024-12-06 09:15:59,330 [INFO] ThirdParty:978 - Integrity check success = true
2024-12-06 09:15:59,330 [INFO] IntegrityCheckThread:100 - exiting critical section [integrity check]
2024-12-06 09:15:59,330 [INFO] IntegrityCheckThread:103 - End integrity checks thread
2024-12-06 09:16:01,357 [INFO] WebApp:167 - Instantiating new browser for Auth
2024-12-06 09:16:03,263 [INFO] WebApp:448 - Apply proxy settings
2024-12-06 09:16:03,283 [INFO] WebApp:493 - Chromium authenticates against Manually configured proxy
2024-12-06 09:16:03,307 [INFO] WebApp:501 - Username used for proxy authentication: 
2024-12-06 09:16:03,376 [INFO] WebApp:869 - Register for checkConnection events
2024-12-06 09:16:03,377 [INFO] WebApp:448 - Apply proxy settings
2024-12-06 09:16:03,380 [INFO] WebApp:493 - Chromium authenticates against Manually configured proxy
2024-12-06 09:16:03,381 [INFO] WebApp:501 - Username used for proxy authentication: 
2024-12-06 09:16:03,552 [INFO] WebApp:220 - Starting web application
2024-12-06 09:16:03,552 [INFO] WebApp:578 - Web application path used /Applications/STM32CubeIDE.app/Contents/Eclipse/plugins/com.st.stm32cube.common.mx_6.12.1.202409122256/db/plugins/mcufinder/reactClient1/index.html
2024-12-06 09:16:04,271 [INFO] WebApp:186 - Connection restablished
2024-12-06 09:16:17,457 [ERROR] LogOutputStream:75 - [STDERR_REDIRECT] 
