2024-11-08 08:54:53,636 [INFO] Activator:176 - 


2024-11-08 08:54:53,642 [INFO] Activator:177 - !SESSION log4j initialized
2024-11-08 08:54:57,862 [INFO] LogOutputStream:77 - [STDOUT_REDIRECT] 
2024-11-08 08:54:59,569 [ERROR] LogOutputStream:75 - [STDERR_REDIRECT] 
2024-11-08 08:55:01,744 [INFO] LogOutputStream:77 - [STDOUT_REDIRECT] 
2024-11-08 08:55:03,470 [INFO] ApplicationProperties:184 - Using Application install path: /Applications/STM32CubeIDE.app/Contents/Eclipse/plugins/com.st.stm32cube.common.mx_6.12.1.202409122256
2024-11-08 08:55:03,484 [INFO] DbMcusXml:78 - Set database path to: /Applications/STM32CubeIDE.app/Contents/Eclipse/plugins/com.st.stm32cube.common.mx_6.12.1.202409122256//db//mcu/
2024-11-08 08:55:03,484 [INFO] ApiDb:274 - Set plugin database path to: /Applications/STM32CubeIDE.app/Contents/Eclipse/plugins/com.st.stm32cube.common.mx_6.12.1.202409122256//db//plugins/boardmanager/
2024-11-08 08:55:03,485 [WARN] ApiDb:259 - Overriding images path with different value:  => /Applications/STM32CubeIDE.app/Contents/Eclipse/plugins/com.st.stm32cube.common.mx_6.12.1.202409122256//db//plugins/mcufinder/images/
2024-11-08 08:55:03,493 [INFO] ApiDb:250 - Set database path to: /var/root/.stmcufinder/plugins/mcufinder//mcu/
2024-11-08 08:55:03,494 [INFO] DbMcusAds:125 - Set database path to: /var/root/.stmcufinder/plugins/mcufinder//mcu/
2024-11-08 08:55:03,496 [INFO] CrossReferenceDbSqlite:203 - Set database path to: /var/root/.stmcufinder/plugins/mcufinder//mcu/cs/
2024-11-08 08:55:03,662 [INFO] RulesReader:64 - Compatibility file has been processed (297 Rules)
2024-11-08 08:55:03,739 [INFO] DbMcusXml:78 - Set database path to: /Applications/STM32CubeIDE.app/Contents/Eclipse/plugins/com.st.stm32cube.common.mx_6.12.1.202409122256//db//mcu/
2024-11-08 08:55:03,739 [INFO] ApiDb:274 - Set plugin database path to: /Applications/STM32CubeIDE.app/Contents/Eclipse/plugins/com.st.stm32cube.common.mx_6.12.1.202409122256//db//plugins/boardmanager/
2024-11-08 08:55:03,739 [INFO] ApiDb:261 - Set plugin images path to: /Applications/STM32CubeIDE.app/Contents/Eclipse/plugins/com.st.stm32cube.common.mx_6.12.1.202409122256//db//plugins/mcufinder/images/
2024-11-08 08:55:03,740 [WARN] DbFile:41 - Overriding database path with different value: /var/root/.stmcufinder/plugins/mcufinder/ => /var/root/.stmcufinder/plugins/mcufinder
2024-11-08 08:55:03,740 [INFO] ApiDb:250 - Set database path to: /var/root/.stmcufinder/plugins/mcufinder//mcu/
2024-11-08 08:55:03,740 [WARN] DbFile:41 - Overriding database path with different value: /var/root/.stmcufinder/plugins/mcufinder/ => /var/root/.stmcufinder/plugins/mcufinder
2024-11-08 08:55:03,740 [INFO] DbMcusAds:125 - Set database path to: /var/root/.stmcufinder/plugins/mcufinder//mcu/
2024-11-08 08:55:03,740 [WARN] DbFile:41 - Overriding database path with different value: /var/root/.stmcufinder/plugins/mcufinder/ => /var/root/.stmcufinder/plugins/mcufinder
2024-11-08 08:55:03,740 [WARN] DbFile:41 - Overriding database path with different value: /var/root/.stmcufinder/plugins/mcufinder/ => /var/root/.stmcufinder/plugins/mcufinder
2024-11-08 08:55:03,740 [INFO] CrossReferenceDbSqlite:203 - Set database path to: /var/root/.stmcufinder/plugins/mcufinder//mcu/cs/
2024-11-08 08:55:03,874 [INFO] MainPanel:268 - HeapMemory: 283115520
2024-11-08 08:55:04,563 [INFO] DbMcusXml:78 - Set database path to: /Applications/STM32CubeIDE.app/Contents/Eclipse/plugins/com.st.stm32cube.common.mx_6.12.1.202409122256//db//mcu/
2024-11-08 08:55:04,564 [INFO] ApiDb:274 - Set plugin database path to: /Applications/STM32CubeIDE.app/Contents/Eclipse/plugins/com.st.stm32cube.common.mx_6.12.1.202409122256//db//plugins/boardmanager/
2024-11-08 08:55:04,564 [INFO] ApiDb:261 - Set plugin images path to: /Applications/STM32CubeIDE.app/Contents/Eclipse/plugins/com.st.stm32cube.common.mx_6.12.1.202409122256//db//plugins/mcufinder/images/
2024-11-08 08:55:04,564 [WARN] DbFile:41 - Overriding database path with different value: /var/root/.stmcufinder/plugins/mcufinder/ => /var/root/.stmcufinder/plugins/mcufinder
2024-11-08 08:55:04,564 [INFO] ApiDb:250 - Set database path to: /var/root/.stmcufinder/plugins/mcufinder//mcu/
2024-11-08 08:55:04,564 [WARN] DbFile:41 - Overriding database path with different value: /var/root/.stmcufinder/plugins/mcufinder/ => /var/root/.stmcufinder/plugins/mcufinder
2024-11-08 08:55:04,564 [INFO] DbMcusAds:125 - Set database path to: /var/root/.stmcufinder/plugins/mcufinder//mcu/
2024-11-08 08:55:04,565 [WARN] DbFile:41 - Overriding database path with different value: /var/root/.stmcufinder/plugins/mcufinder/ => /var/root/.stmcufinder/plugins/mcufinder
2024-11-08 08:55:04,565 [WARN] DbFile:41 - Overriding database path with different value: /var/root/.stmcufinder/plugins/mcufinder/ => /var/root/.stmcufinder/plugins/mcufinder
2024-11-08 08:55:04,565 [INFO] CrossReferenceDbSqlite:203 - Set database path to: /var/root/.stmcufinder/plugins/mcufinder//mcu/cs/
2024-11-08 08:55:04,582 [INFO] ApplicationProperties:184 - Using Application install path: /Applications/STM32CubeIDE.app/Contents/Eclipse/plugins/com.st.stm32cube.common.mx_6.12.1.202409122256
2024-11-08 08:55:04,583 [INFO] PluginManage:196 - Search for loadable plugins [exclusion list=, ]
2024-11-08 08:55:04,585 [INFO] PluginManage:310 - Check plugin analytics
2024-11-08 08:55:04,783 [INFO] AnalyticsPlugin:253 - Accepted Software Licenses: 
2024-11-08 08:55:04,783 [INFO] AnalyticsPlugin:255 - Accepted CMSIS Pack Licenses: 
2024-11-08 08:55:04,784 [INFO] AnalyticsPlugin:257 - Accepted Firmware Licenses: 
2024-11-08 08:55:04,789 [INFO] PluginManage:359 - Loaded plugin analytics (category:tool,tabindex:-1)
2024-11-08 08:55:04,790 [INFO] PluginManage:310 - Check plugin cadmodel
2024-11-08 08:55:04,809 [INFO] CADModel:105 - Init CAD model plugin
2024-11-08 08:55:04,809 [INFO] PluginManage:359 - Loaded plugin cadmodel (category:power,tabindex:5)
2024-11-08 08:55:04,810 [INFO] PluginManage:310 - Check plugin clock
2024-11-08 08:55:04,821 [INFO] PluginManage:359 - Loaded plugin clock (category:base,tabindex:2)
2024-11-08 08:55:04,821 [INFO] PluginManage:310 - Check plugin ddr
2024-11-08 08:55:04,823 [INFO] PluginManage:359 - Loaded plugin ddr (category:tool,tabindex:6)
2024-11-08 08:55:04,823 [INFO] PluginManage:310 - Check plugin filemanager
2024-11-08 08:55:05,067 [INFO] PluginManage:359 - Loaded plugin filemanager (category:base,tabindex:10)
2024-11-08 08:55:05,069 [INFO] PluginManage:310 - Check plugin ipmanager
2024-11-08 08:55:05,090 [INFO] PluginManage:359 - Loaded plugin ipmanager (category:base,tabindex:5)
2024-11-08 08:55:05,091 [INFO] PluginManage:310 - Check plugin lpbam
2024-11-08 08:55:05,108 [INFO] PluginManage:359 - Loaded plugin lpbam (category:base,tabindex:0)
2024-11-08 08:55:05,109 [INFO] PluginManage:310 - Check plugin memorymap
2024-11-08 08:55:05,132 [INFO] PluginManage:359 - Loaded plugin memorymap (category:base,tabindex:4)
2024-11-08 08:55:05,133 [INFO] PluginManage:310 - Check plugin pinoutandconfiguration
2024-11-08 08:55:05,142 [INFO] PluginManage:359 - Loaded plugin pinoutandconfiguration (category:base,tabindex:1)
2024-11-08 08:55:05,143 [INFO] PluginManage:310 - Check plugin pinoutconfig
2024-11-08 08:55:05,282 [WARN] SupportedApi:132 - Cannot load RTOS API schema: s4s-elt-must-match.1: The content of 'definitions' must match (annotation?, (simpleType | complexType)?, (unique | key | keyref)*)). A problem was found starting at: attribute.
2024-11-08 08:55:05,458 [INFO] PluginManage:359 - Loaded plugin pinoutconfig (category:base,tabindex:0)
2024-11-08 08:55:05,458 [INFO] PluginManage:310 - Check plugin power
2024-11-08 08:55:05,486 [INFO] PluginManage:359 - Loaded plugin power (category:power,tabindex:4)
2024-11-08 08:55:05,486 [INFO] PluginManage:310 - Check plugin projectmanager
2024-11-08 08:55:05,541 [INFO] PluginManage:359 - Loaded plugin projectmanager (category:projectmanager,tabindex:4)
2024-11-08 08:55:05,542 [INFO] PluginManage:310 - Check plugin rif
2024-11-08 08:55:05,549 [INFO] PluginManage:359 - Loaded plugin rif (category:base,tabindex:3)
2024-11-08 08:55:05,550 [INFO] PluginManage:310 - Check plugin thirdparty
2024-11-08 08:55:05,779 [INFO] PluginManage:359 - Loaded plugin thirdparty (category:base,tabindex:-1)
2024-11-08 08:55:05,780 [INFO] PluginManage:310 - Check plugin tools
2024-11-08 08:55:05,779 [WARN] IntegrityCheckThread:84 - waiting for thirdparty lock release [integrity check]
2024-11-08 08:55:05,785 [INFO] IntegrityCheckThread:86 - entering critical section [integrity check]
2024-11-08 08:55:05,785 [INFO] ThirdPartyUpdaterWithRetryManager:70 - Updater plugin not ready yet. [1/15]
2024-11-08 08:55:05,785 [INFO] PluginManage:359 - Loaded plugin tools (category:base,tabindex:7)
2024-11-08 08:55:05,786 [INFO] PluginManage:310 - Check plugin tutovideos
2024-11-08 08:55:06,003 [INFO] PluginManage:359 - Loaded plugin tutovideos (category:base,tabindex:-1)
2024-11-08 08:55:06,004 [INFO] PluginManage:310 - Check plugin updater
2024-11-08 08:55:06,042 [INFO] PluginManage:359 - Loaded plugin updater (category:base,tabindex:12)
2024-11-08 08:55:06,043 [INFO] PluginManage:310 - Check plugin userauth
2024-11-08 08:55:06,054 [INFO] UserAuth:113 - Init User Auth plugin
2024-11-08 08:55:06,054 [INFO] PluginManage:359 - Loaded plugin userauth (category:base,tabindex:14)
2024-11-08 08:55:06,055 [INFO] PluginManage:283 - PluginManage : Loaded plugins [18]
2024-11-08 08:55:06,461 [INFO] PinOutPanel:1561 - setPackage(No Configuration,No Configuration)
2024-11-08 08:55:06,622 [INFO] CADModel:165 - CPN selected for project level
2024-11-08 08:55:06,622 [INFO] CADModel:114 - Register for checkConnection events
2024-11-08 08:55:06,646 [INFO] IPUIPlugin:80 - create IPUIPlugin
2024-11-08 08:55:06,646 [INFO] PluginManager:220 - loadIPPluginJar : add mdma
2024-11-08 08:55:06,651 [INFO] IPUIPlugin:80 - create IPUIPlugin
2024-11-08 08:55:06,651 [INFO] PluginManager:220 - loadIPPluginJar : add freertos
2024-11-08 08:55:06,655 [INFO] IPUIPlugin:80 - create IPUIPlugin
2024-11-08 08:55:06,655 [INFO] PluginManager:220 - loadIPPluginJar : add gic
2024-11-08 08:55:06,662 [INFO] IPUIPlugin:80 - create IPUIPlugin
2024-11-08 08:55:06,662 [INFO] PluginManager:220 - loadIPPluginJar : add adc
2024-11-08 08:55:06,664 [INFO] IPUIPlugin:80 - create IPUIPlugin
2024-11-08 08:55:06,664 [INFO] PluginManager:220 - loadIPPluginJar : add gtzc
2024-11-08 08:55:06,666 [INFO] IPUIPlugin:80 - create IPUIPlugin
2024-11-08 08:55:06,666 [INFO] PluginManager:220 - loadIPPluginJar : add quadspi
2024-11-08 08:55:06,668 [INFO] IPUIPlugin:80 - create IPUIPlugin
2024-11-08 08:55:06,668 [INFO] PluginManager:220 - loadIPPluginJar : add aes
2024-11-08 08:55:06,671 [INFO] IPUIPlugin:80 - create IPUIPlugin
2024-11-08 08:55:06,671 [INFO] PluginManager:220 - loadIPPluginJar : add pdm2pcm
2024-11-08 08:55:06,672 [INFO] IPUIPlugin:80 - create IPUIPlugin
2024-11-08 08:55:06,672 [INFO] PluginManager:220 - loadIPPluginJar : add hash
2024-11-08 08:55:06,673 [INFO] IPUIPlugin:80 - create IPUIPlugin
2024-11-08 08:55:06,674 [INFO] PluginManager:220 - loadIPPluginJar : add tim
2024-11-08 08:55:06,675 [INFO] IPUIPlugin:80 - create IPUIPlugin
2024-11-08 08:55:06,675 [INFO] PluginManager:220 - loadIPPluginJar : add tsc
2024-11-08 08:55:06,677 [INFO] IPUIPlugin:80 - create IPUIPlugin
2024-11-08 08:55:06,677 [INFO] PluginManager:220 - loadIPPluginJar : add extmemmanager
2024-11-08 08:55:06,679 [INFO] IPUIPlugin:80 - create IPUIPlugin
2024-11-08 08:55:06,679 [INFO] PluginManager:220 - loadIPPluginJar : add ts
2024-11-08 08:55:06,681 [INFO] IPUIPlugin:80 - create IPUIPlugin
2024-11-08 08:55:06,681 [INFO] PluginManager:220 - loadIPPluginJar : add radio
2024-11-08 08:55:06,683 [INFO] IPUIPlugin:80 - create IPUIPlugin
2024-11-08 08:55:06,683 [INFO] PluginManager:220 - loadIPPluginJar : add can
2024-11-08 08:55:06,686 [INFO] IPUIPlugin:80 - create IPUIPlugin
2024-11-08 08:55:06,686 [INFO] PluginManager:220 - loadIPPluginJar : add dma3
2024-11-08 08:55:06,687 [INFO] IPUIPlugin:80 - create IPUIPlugin
2024-11-08 08:55:06,687 [INFO] PluginManager:220 - loadIPPluginJar : add dfsdm
2024-11-08 08:55:06,688 [INFO] IPUIPlugin:80 - create IPUIPlugin
2024-11-08 08:55:06,688 [INFO] PluginManager:220 - loadIPPluginJar : add spi
2024-11-08 08:55:06,690 [INFO] IPUIPlugin:80 - create IPUIPlugin
2024-11-08 08:55:06,690 [INFO] PluginManager:220 - loadIPPluginJar : add gfxmmu
2024-11-08 08:55:06,692 [INFO] IPUIPlugin:80 - create IPUIPlugin
2024-11-08 08:55:06,692 [INFO] PluginManager:220 - loadIPPluginJar : add genericplugin
2024-11-08 08:55:06,694 [INFO] IPUIPlugin:80 - create IPUIPlugin
2024-11-08 08:55:06,694 [INFO] PluginManager:220 - loadIPPluginJar : add cryp
2024-11-08 08:55:06,698 [INFO] IPUIPlugin:80 - create IPUIPlugin
2024-11-08 08:55:06,698 [INFO] PluginManager:220 - loadIPPluginJar : add gpio
2024-11-08 08:55:06,700 [INFO] IPUIPlugin:80 - create IPUIPlugin
2024-11-08 08:55:06,700 [INFO] PluginManager:220 - loadIPPluginJar : add ddr_ctrl_phy
2024-11-08 08:55:06,701 [INFO] IPUIPlugin:80 - create IPUIPlugin
2024-11-08 08:55:06,702 [INFO] PluginManager:220 - loadIPPluginJar : add comp
2024-11-08 08:55:06,703 [INFO] IPUIPlugin:80 - create IPUIPlugin
2024-11-08 08:55:06,703 [INFO] PluginManager:220 - loadIPPluginJar : add tracer_emb
2024-11-08 08:55:06,705 [INFO] IPUIPlugin:80 - create IPUIPlugin
2024-11-08 08:55:06,705 [INFO] PluginManager:220 - loadIPPluginJar : add openamp
2024-11-08 08:55:06,708 [INFO] IPUIPlugin:80 - create IPUIPlugin
2024-11-08 08:55:06,708 [INFO] PluginManager:220 - loadIPPluginJar : add stm32_wpan
2024-11-08 08:55:06,712 [INFO] IPUIPlugin:80 - create IPUIPlugin
2024-11-08 08:55:06,717 [INFO] PluginManager:220 - loadIPPluginJar : add plateformsettings
2024-11-08 08:55:06,722 [INFO] IPUIPlugin:80 - create IPUIPlugin
2024-11-08 08:55:06,722 [INFO] PluginManager:220 - loadIPPluginJar : add ipddr
2024-11-08 08:55:06,727 [INFO] IPUIPlugin:80 - create IPUIPlugin
2024-11-08 08:55:06,728 [INFO] PluginManager:220 - loadIPPluginJar : add usart
2024-11-08 08:55:06,729 [INFO] IPUIPlugin:80 - create IPUIPlugin
2024-11-08 08:55:06,729 [INFO] PluginManager:220 - loadIPPluginJar : add ltdc
2024-11-08 08:55:06,734 [INFO] IPUIPlugin:80 - create IPUIPlugin
2024-11-08 08:55:06,735 [INFO] PluginManager:220 - loadIPPluginJar : add nvic
2024-11-08 08:55:06,737 [INFO] IPUIPlugin:80 - create IPUIPlugin
2024-11-08 08:55:06,737 [INFO] PluginManager:220 - loadIPPluginJar : add fatfs
2024-11-08 08:55:06,742 [INFO] IPUIPlugin:80 - create IPUIPlugin
2024-11-08 08:55:06,744 [INFO] PluginManager:220 - loadIPPluginJar : add linkedlist
2024-11-08 08:55:06,748 [INFO] IPUIPlugin:80 - create IPUIPlugin
2024-11-08 08:55:06,748 [INFO] PluginManager:220 - loadIPPluginJar : add dma
2024-11-08 08:55:06,752 [INFO] IPUIPlugin:80 - create IPUIPlugin
2024-11-08 08:55:06,752 [INFO] PluginManager:220 - loadIPPluginJar : add fmc
2024-11-08 08:55:06,754 [INFO] IPUIPlugin:80 - create IPUIPlugin
2024-11-08 08:55:06,754 [INFO] PluginManager:220 - loadIPPluginJar : add i2s
2024-11-08 08:55:06,755 [INFO] IPUIPlugin:80 - create IPUIPlugin
2024-11-08 08:55:06,755 [INFO] PluginManager:220 - loadIPPluginJar : add ucpd
2024-11-08 08:55:06,755 [ERROR] LogOutputStream:75 - [STDERR_REDIRECT] [Fatal Error] :2:10: DOCTYPE is disallowed when the feature "http://apache.org/xml/features/disallow-doctype-decl" set to true.
2024-11-08 08:55:06,756 [ERROR] LogOutputStream:75 - [STDERR_REDIRECT] 
2024-11-08 08:55:06,757 [INFO] IPUIPlugin:80 - create IPUIPlugin
2024-11-08 08:55:06,757 [INFO] PluginManager:220 - loadIPPluginJar : add lorawan
2024-11-08 08:55:06,760 [INFO] IPUIPlugin:80 - create IPUIPlugin
2024-11-08 08:55:06,760 [INFO] PluginManager:220 - loadIPPluginJar : add opamp
2024-11-08 08:55:06,762 [INFO] IPUIPlugin:80 - create IPUIPlugin
2024-11-08 08:55:06,762 [INFO] PluginManager:220 - loadIPPluginJar : add i3c
2024-11-08 08:55:06,765 [INFO] IPUIPlugin:80 - create IPUIPlugin
2024-11-08 08:55:06,765 [INFO] PluginManager:220 - loadIPPluginJar : add touchsensing
2024-11-08 08:55:06,767 [INFO] IPUIPlugin:80 - create IPUIPlugin
2024-11-08 08:55:06,767 [INFO] PluginManager:220 - loadIPPluginJar : add i2c
2024-11-08 08:55:06,770 [INFO] IPUIPlugin:80 - create IPUIPlugin
2024-11-08 08:55:06,771 [INFO] PluginManager:220 - loadIPPluginJar : add resmgrutility
2024-11-08 08:55:06,773 [INFO] IPUIPlugin:80 - create IPUIPlugin
2024-11-08 08:55:06,774 [INFO] PluginManager:220 - loadIPPluginJar : add sai
2024-11-08 08:55:06,776 [INFO] IPUIPlugin:80 - create IPUIPlugin
2024-11-08 08:55:06,776 [INFO] PluginManager:220 - loadIPPluginJar : add usbx
2024-11-08 08:55:06,899 [INFO] CADModel:165 - CPN selected for project level
2024-11-08 08:55:06,899 [INFO] CADModel:114 - Register for checkConnection events
2024-11-08 08:55:06,904 [FATAL] Updater:334 - Updater called before beeing initialized
2024-11-08 08:55:06,904 [ERROR] CADModel:125 - Updater not yet initialized, retry later 
2024-11-08 08:55:07,136 [INFO] CADModel:165 - CPN selected for project level
2024-11-08 08:55:07,136 [INFO] CADModel:114 - Register for checkConnection events
2024-11-08 08:55:07,136 [FATAL] Updater:334 - Updater called before beeing initialized
2024-11-08 08:55:07,136 [ERROR] CADModel:125 - Updater not yet initialized, retry later 
2024-11-08 08:55:07,139 [FATAL] Updater:334 - Updater called before beeing initialized
2024-11-08 08:55:07,332 [FATAL] Updater:334 - Updater called before beeing initialized
2024-11-08 08:55:07,338 [INFO] DbMcusAds:53 - JSON generation date=Wed Sep 29 23:55:09 PDT 2021 (1632984909247)
2024-11-08 08:55:07,339 [FATAL] Updater:334 - Updater called before beeing initialized
2024-11-08 08:55:07,416 [WARN] DetailPanel:346 - Failed to get advertising image, set to default
2024-11-08 08:55:07,549 [FATAL] Updater:334 - Updater called before beeing initialized
2024-11-08 08:55:07,558 [FATAL] Updater:334 - Updater called before beeing initialized
2024-11-08 08:55:07,558 [FATAL] Updater:334 - Updater called before beeing initialized
2024-11-08 08:55:07,559 [WARN] DetailPanel:346 - Failed to get advertising image, set to default
2024-11-08 08:55:07,568 [FATAL] Updater:334 - Updater called before beeing initialized
2024-11-08 08:55:07,675 [ERROR] Updater:1164 - MainUpdater not yet initialized. External WinMGr cannot be set.
2024-11-08 08:55:07,683 [INFO] Updater:1100 - Updater Version found : 6.12.1
2024-11-08 08:55:07,699 [INFO] ApplicationProperties:184 - Using Application install path: /Applications/STM32CubeIDE.app/Contents/Eclipse/plugins/com.st.stm32cube.common.mx_6.12.1.202409122256
2024-11-08 08:55:08,066 [INFO] MainUpdater:2873 - connection check result : 10
2024-11-08 08:55:08,066 [INFO] MainUpdater:3567 - Updater definition file requires update
2024-11-08 08:55:08,067 [INFO] MainUpdater:290 - Updater Check For Update Now.
2024-11-08 08:55:08,067 [INFO] MicroXplorer:498 - Change Database Version : DB.6.0.121
2024-11-08 08:55:08,073 [INFO] McuFinderGlobals:63 - Set McuFinder mode to 2 (CubeIDE integrated)
2024-11-08 08:55:08,074 [INFO] UserAuth:179 - activating auth plugin
2024-11-08 08:55:08,140 [INFO] UserAuth:417 - Internet connection configuration mode: 1
2024-11-08 08:55:08,156 [INFO] JxBrowserEngine:152 - Initiate JxBrowser Engine with user profile folder
2024-11-08 08:55:08,216 [INFO] ServerAccessManage:473 - Download File updaters.zip
2024-11-08 08:55:08,476 [INFO] FileExtend:240 - Unzip File : updaters.zip
2024-11-08 08:55:08,480 [INFO] FileExtend:255 - Standard Zip Deflate
2024-11-08 08:55:08,797 [WARN] MainUpdater:1194 - Updater busy. Cannot search thirdparties
2024-11-08 08:55:08,800 [INFO] ThirdPartyUpdaterWithRetryManager:96 - Updater plugin is busy. [1/15]
2024-11-08 08:55:08,855 [INFO] ServerAccessManage:473 - Download File PacksControlFlags.xml
2024-11-08 08:55:08,999 [INFO] ServerAccessManage:473 - Download File cubemx.pidx
2024-11-08 08:55:09,402 [INFO] LoadServerUpdatesThread:375 - End of LoadServerUpdate Thread
2024-11-08 08:55:09,962 [INFO] CheckServerUpdateThread:120 - End of CheckServer Thread
2024-11-08 08:55:12,028 [WARN] PackLoader:240 - Cannot read IP mode file for STMicroelectronics.FP-SNS-MOTENVWB1.1.4.0
2024-11-08 08:55:12,055 [WARN] PackLoader:240 - Cannot read IP mode file for STMicroelectronics.X-CUBE-SMBUS.2.1.0
2024-11-08 08:55:12,079 [WARN] PackLoader:240 - Cannot read IP mode file for STMicroelectronics.X-CUBE-WB05N.1.1.0
2024-11-08 08:55:12,118 [WARN] PackLoader:240 - Cannot read IP mode file for STMicroelectronics.X-CUBE-AZRTOS-F7.1.1.0
2024-11-08 08:55:12,304 [WARN] PackLoader:240 - Cannot read IP mode file for STMicroelectronics.X-CUBE-MEMS1.11.0.0
2024-11-08 08:55:12,521 [WARN] PackLoader:240 - Cannot read IP mode file for STMicroelectronics.FP-SNS-FLIGHT1.5.0.2
2024-11-08 08:55:12,543 [WARN] PackLoader:240 - Cannot read IP mode file for STMicroelectronics.X-CUBE-DISPLAY.3.0.0
2024-11-08 08:55:12,583 [WARN] PackLoader:240 - Cannot read IP mode file for STMicroelectronics.X-CUBE-BLE1.7.0.0
2024-11-08 08:55:12,630 [WARN] PackLoader:240 - Cannot read IP mode file for STMicroelectronics.X-CUBE-NFC10.1.0.0
2024-11-08 08:55:12,667 [WARN] PackLoader:240 - Cannot read IP mode file for emotas.I-CUBE-CANOPEN.1.3.0
2024-11-08 08:55:12,728 [WARN] PackLoader:240 - Cannot read IP mode file for STMicroelectronics.X-CUBE-BLEMGR.3.1.0
2024-11-08 08:55:12,764 [WARN] PackLoader:240 - Cannot read IP mode file for STMicroelectronics.FP-SNS-SMARTAG2.1.2.0
2024-11-08 08:55:12,789 [INFO] LogOutputStream:77 - [STDOUT_REDIRECT] 1 : Invalid condition id : UX_CORESTACK_Condition cause : null
2024-11-08 08:55:12,791 [INFO] LogOutputStream:77 - [STDOUT_REDIRECT] 1 : Invalid condition id : UX_CORESTACK_Condition cause : null
2024-11-08 08:55:12,792 [INFO] LogOutputStream:77 - [STDOUT_REDIRECT] 1 : Invalid condition id : UX_CORESTACK_Condition cause : null
2024-11-08 08:55:12,793 [INFO] LogOutputStream:77 - [STDOUT_REDIRECT] 1 : Invalid condition id : UX_CORESTACK_Condition cause : null
2024-11-08 08:55:12,794 [INFO] LogOutputStream:77 - [STDOUT_REDIRECT] 1 : Invalid condition id : UX_CORESTACK_Condition cause : null
2024-11-08 08:55:12,800 [WARN] PackLoader:240 - Cannot read IP mode file for STMicroelectronics.X-CUBE-AZRTOS-WL.2.0.0
2024-11-08 08:55:12,806 [WARN] PackLoader:240 - Cannot read IP mode file for STMicroelectronics.FP-SNS-MOTENV1.5.0.0
2024-11-08 08:55:12,809 [WARN] PackLoader:240 - Cannot read IP mode file for wolfSSL.I-CUBE-wolfMQTT.1.19.0
2024-11-08 08:55:12,830 [WARN] PackLoader:240 - Cannot read IP mode file for WES.I-CUBE-Cesium.1.3.0
2024-11-08 08:55:12,836 [WARN] PackLoader:240 - Cannot read IP mode file for STMicroelectronics.X-CUBE-BLE2.3.3.0
2024-11-08 08:55:12,845 [WARN] PackLoader:240 - Cannot read IP mode file for STMicroelectronics.X-CUBE-NFC9.1.0.0
2024-11-08 08:55:12,859 [WARN] PackLoader:240 - Cannot read IP mode file for STMicroelectronics.X-CUBE-TCPP.4.1.0
2024-11-08 08:55:12,889 [WARN] PackLoader:240 - Cannot read IP mode file for STMicroelectronics.X-CUBE-AZRTOS-G0.1.1.0
2024-11-08 08:55:12,904 [WARN] PackLoader:240 - Cannot read IP mode file for STMicroelectronics.X-CUBE-SAFEA1.1.2.2
2024-11-08 08:55:12,912 [WARN] PackLoader:240 - Cannot read IP mode file for STMicroelectronics.X-CUBE-NFC4.3.0.0
2024-11-08 08:55:12,946 [WARN] PackLoader:240 - Cannot read IP mode file for EmbeddedOffice.I-CUBE-FS-RTOS.1.0.1
2024-11-08 08:55:12,952 [ERROR] ConditionMgr:805 - Attr not supported : Dmpu
2024-11-08 08:55:12,975 [ERROR] ConditionMgr:805 - Attr not supported : Dmpu
2024-11-08 08:55:12,978 [ERROR] ConditionMgr:805 - Attr not supported : Dmpu
2024-11-08 08:55:12,982 [ERROR] ConditionMgr:805 - Attr not supported : Dmpu
2024-11-08 08:55:12,983 [ERROR] ConditionMgr:805 - Attr not supported : Dmpu
2024-11-08 08:55:12,983 [ERROR] ConditionMgr:805 - Attr not supported : Dmpu
2024-11-08 08:55:12,984 [ERROR] ConditionMgr:805 - Attr not supported : Dmpu
2024-11-08 08:55:12,984 [ERROR] ConditionMgr:805 - Attr not supported : Dmpu
2024-11-08 08:55:12,984 [ERROR] ConditionMgr:805 - Attr not supported : Dmpu
2024-11-08 08:55:12,985 [ERROR] ConditionMgr:805 - Attr not supported : Dmpu
2024-11-08 08:55:12,985 [ERROR] ConditionMgr:805 - Attr not supported : Dmpu
2024-11-08 08:55:12,985 [ERROR] ConditionMgr:805 - Attr not supported : Dmpu
2024-11-08 08:55:12,986 [ERROR] ConditionMgr:805 - Attr not supported : Dmpu
2024-11-08 08:55:12,987 [ERROR] ConditionMgr:805 - Attr not supported : Dmpu
2024-11-08 08:55:12,987 [ERROR] ConditionMgr:805 - Attr not supported : Dmpu
2024-11-08 08:55:12,989 [ERROR] ConditionMgr:805 - Attr not supported : Dmpu
2024-11-08 08:55:12,989 [ERROR] ConditionMgr:805 - Attr not supported : Dmpu
2024-11-08 08:55:12,989 [ERROR] ConditionMgr:805 - Attr not supported : Dmpu
2024-11-08 08:55:12,990 [ERROR] ConditionMgr:805 - Attr not supported : Dmpu
2024-11-08 08:55:12,990 [ERROR] ConditionMgr:805 - Attr not supported : Dmpu
2024-11-08 08:55:12,990 [ERROR] ConditionMgr:805 - Attr not supported : Dmpu
2024-11-08 08:55:12,990 [ERROR] ConditionMgr:805 - Attr not supported : Dmpu
2024-11-08 08:55:12,990 [ERROR] ConditionMgr:805 - Attr not supported : Dmpu
2024-11-08 08:55:12,990 [ERROR] ConditionMgr:805 - Attr not supported : Dmpu
2024-11-08 08:55:12,990 [ERROR] ConditionMgr:805 - Attr not supported : Dmpu
2024-11-08 08:55:12,990 [ERROR] ConditionMgr:805 - Attr not supported : Dmpu
2024-11-08 08:55:12,990 [ERROR] ConditionMgr:805 - Attr not supported : Dmpu
2024-11-08 08:55:12,990 [ERROR] ConditionMgr:805 - Attr not supported : Dmpu
2024-11-08 08:55:12,991 [ERROR] ConditionMgr:805 - Attr not supported : Dmpu
2024-11-08 08:55:12,991 [ERROR] ConditionMgr:805 - Attr not supported : Dmpu
2024-11-08 08:55:12,991 [ERROR] ConditionMgr:805 - Attr not supported : Dmpu
2024-11-08 08:55:12,991 [ERROR] ConditionMgr:805 - Attr not supported : Dmpu
2024-11-08 08:55:12,991 [ERROR] ConditionMgr:805 - Attr not supported : Dmpu
2024-11-08 08:55:12,992 [ERROR] ConditionMgr:805 - Attr not supported : Dmpu
2024-11-08 08:55:12,996 [ERROR] ConditionMgr:805 - Attr not supported : Dmpu
2024-11-08 08:55:12,996 [ERROR] ConditionMgr:805 - Attr not supported : Dmpu
2024-11-08 08:55:12,997 [ERROR] ConditionMgr:805 - Attr not supported : Dmpu
2024-11-08 08:55:12,998 [ERROR] ConditionMgr:805 - Attr not supported : Dmpu
2024-11-08 08:55:12,998 [ERROR] ConditionMgr:805 - Attr not supported : Dmpu
2024-11-08 08:55:12,998 [ERROR] ConditionMgr:805 - Attr not supported : Dmpu
2024-11-08 08:55:12,998 [ERROR] ConditionMgr:805 - Attr not supported : Dmpu
2024-11-08 08:55:12,998 [ERROR] ConditionMgr:805 - Attr not supported : Dmpu
2024-11-08 08:55:12,998 [ERROR] ConditionMgr:805 - Attr not supported : Dmpu
2024-11-08 08:55:12,998 [ERROR] ConditionMgr:805 - Attr not supported : Dmpu
2024-11-08 08:55:12,998 [ERROR] ConditionMgr:805 - Attr not supported : Dmpu
2024-11-08 08:55:12,999 [ERROR] ConditionMgr:805 - Attr not supported : Dmpu
2024-11-08 08:55:12,999 [ERROR] ConditionMgr:805 - Attr not supported : Dmpu
2024-11-08 08:55:12,999 [ERROR] ConditionMgr:805 - Attr not supported : Dmpu
2024-11-08 08:55:12,999 [ERROR] ConditionMgr:805 - Attr not supported : Dmpu
2024-11-08 08:55:12,999 [ERROR] ConditionMgr:805 - Attr not supported : Dmpu
2024-11-08 08:55:12,999 [ERROR] ConditionMgr:805 - Attr not supported : Dmpu
2024-11-08 08:55:13,000 [ERROR] ConditionMgr:805 - Attr not supported : Dmpu
2024-11-08 08:55:13,000 [ERROR] ConditionMgr:805 - Attr not supported : Dmpu
2024-11-08 08:55:13,000 [ERROR] ConditionMgr:805 - Attr not supported : Dmpu
2024-11-08 08:55:13,000 [ERROR] ConditionMgr:805 - Attr not supported : Dmpu
2024-11-08 08:55:13,000 [ERROR] ConditionMgr:805 - Attr not supported : Dmpu
2024-11-08 08:55:13,000 [ERROR] ConditionMgr:805 - Attr not supported : Dmpu
2024-11-08 08:55:13,000 [ERROR] ConditionMgr:805 - Attr not supported : Dmpu
2024-11-08 08:55:13,000 [ERROR] ConditionMgr:805 - Attr not supported : Dmpu
2024-11-08 08:55:13,000 [ERROR] ConditionMgr:805 - Attr not supported : Dmpu
2024-11-08 08:55:13,000 [ERROR] ConditionMgr:805 - Attr not supported : Dmpu
2024-11-08 08:55:13,000 [ERROR] ConditionMgr:805 - Attr not supported : Dmpu
2024-11-08 08:55:13,000 [ERROR] ConditionMgr:805 - Attr not supported : Dmpu
2024-11-08 08:55:13,001 [ERROR] ConditionMgr:805 - Attr not supported : Dmpu
2024-11-08 08:55:13,006 [WARN] PackLoader:240 - Cannot read IP mode file for RealThread.X-CUBE-RT-Thread_Nano.4.1.1
2024-11-08 08:55:13,009 [WARN] PackLoader:240 - Cannot read IP mode file for STMicroelectronics.FP-ATR-SIGFOX1.3.2.0
2024-11-08 08:55:13,014 [WARN] PackLoader:240 - Cannot read IP mode file for wolfSSL.I-CUBE-wolfSSL.5.7.2
2024-11-08 08:55:13,023 [WARN] PackLoader:240 - Cannot read IP mode file for STMicroelectronics.X-CUBE-EEPRMA1.5.1.0
2024-11-08 08:55:13,032 [WARN] PackLoader:240 - Cannot read IP mode file for ITTIA_DB.I-CUBE-ITTIADB.8.9.0
2024-11-08 08:55:13,222 [WARN] PackLoader:240 - Cannot read IP mode file for SEGGER.I-CUBE-embOS.1.3.1
2024-11-08 08:55:13,356 [WARN] PackLoader:240 - Cannot read IP mode file for STMicroelectronics.X-CUBE-ALGOBUILD.1.4.0
2024-11-08 08:55:13,363 [WARN] PackLoader:240 - Cannot read IP mode file for STMicroelectronics.X-CUBE-AI.9.1.0
2024-11-08 08:55:13,385 [WARN] PackLoader:240 - Cannot read IP mode file for STMicroelectronics.X-CUBE-AZRTOS-F4.1.1.0
2024-11-08 08:55:13,395 [WARN] PackLoader:240 - Cannot read IP mode file for STMicroelectronics.X-CUBE-ISPU.2.1.0
2024-11-08 08:55:13,402 [WARN] PackLoader:240 - Cannot read IP mode file for STMicroelectronics.X-CUBE-FREERTOS.1.2.0
2024-11-08 08:55:13,425 [WARN] PackLoader:240 - Cannot read IP mode file for STMicroelectronics.X-CUBE-AZRTOS-L5.2.0.0
2024-11-08 08:55:13,438 [WARN] PackLoader:240 - Cannot read IP mode file for STMicroelectronics.X-CUBE-NFC6.3.1.0
2024-11-08 08:55:13,445 [INFO] WebApp:167 - Instantiating new browser for Auth
2024-11-08 08:55:13,447 [WARN] PackLoader:240 - Cannot read IP mode file for STMicroelectronics.X-CUBE-DPower.1.2.0
2024-11-08 08:55:13,453 [WARN] PackLoader:240 - Cannot read IP mode file for STMicroelectronics.X-CUBE-NFC7.1.0.1
2024-11-08 08:55:13,505 [WARN] ConditionMgr:438 - getConditionDescription Invalid condition id : LAN8742 Phy interface Condition cause : null
2024-11-08 08:55:13,509 [WARN] PackLoader:240 - Cannot read IP mode file for STMicroelectronics.X-CUBE-AZRTOS-L4.2.0.0
2024-11-08 08:55:13,516 [WARN] ConditionMgr:1039 - genDependencies : Invalid condition id : LAN8742 Phy interface Condition cause : null
2024-11-08 08:55:13,518 [WARN] ConditionMgr:1039 - genDependencies : Invalid condition id : LAN8742 Phy interface Condition cause : null
2024-11-08 08:55:13,523 [WARN] ConditionMgr:1039 - genDependencies : Invalid condition id : LAN8742 Phy interface Condition cause : null
2024-11-08 08:55:13,541 [WARN] PackLoader:240 - Cannot read IP mode file for STMicroelectronics.X-CUBE-SFXS2LP1.4.0.0
2024-11-08 08:55:13,581 [WARN] PackLoader:240 - Cannot read IP mode file for STMicroelectronics.X-CUBE-AZRTOS-H7.3.3.0
2024-11-08 08:55:13,634 [WARN] PackLoader:240 - Cannot read IP mode file for STMicroelectronics.X-CUBE-IPS.3.0.0
2024-11-08 08:55:13,657 [WARN] ConditionMgr:438 - getConditionDescription Invalid condition id : UX DEVICE CLASS RTOS Condition cause : null
2024-11-08 08:55:13,657 [WARN] ConditionMgr:438 - getConditionDescription Invalid condition id : UX DEVICE CLASS RTOS Condition cause : null
2024-11-08 08:55:13,661 [WARN] PackLoader:240 - Cannot read IP mode file for STMicroelectronics.X-CUBE-AZRTOS-WB.2.0.0
2024-11-08 08:55:13,665 [WARN] ConditionMgr:1039 - genDependencies : Invalid condition id : UX DEVICE CLASS RTOS Condition cause : null
2024-11-08 08:55:13,665 [WARN] ConditionMgr:1039 - genDependencies : Invalid condition id : UX DEVICE CLASS RTOS Condition cause : null
2024-11-08 08:55:13,665 [WARN] ConditionMgr:1039 - genDependencies : Invalid condition id : UX DEVICE CLASS RTOS Condition cause : null
2024-11-08 08:55:13,666 [WARN] ConditionMgr:1039 - genDependencies : Invalid condition id : UX DEVICE CLASS RTOS Condition cause : null
2024-11-08 08:55:13,666 [WARN] ConditionMgr:1039 - genDependencies : Invalid condition id : UX DEVICE CLASS RTOS Condition cause : null
2024-11-08 08:55:13,675 [WARN] PackLoader:240 - Cannot read IP mode file for STMicroelectronics.X-CUBE-GNSS1.7.0.0
2024-11-08 08:55:13,683 [WARN] PackLoader:240 - Cannot read IP mode file for STMicroelectronics.FP-SNS-STBOX1.2.0.0
2024-11-08 08:55:13,700 [WARN] PackLoader:240 - Cannot read IP mode file for STMicroelectronics.X-CUBE-SUBG2.5.0.0
2024-11-08 08:55:13,714 [WARN] PackLoader:240 - Cannot read IP mode file for Cesanta.I-CUBE-Mongoose.7.13.0
2024-11-08 08:55:13,729 [WARN] PackLoader:240 - Cannot read IP mode file for STMicroelectronics.X-CUBE-AZRTOS-G4.2.0.0
2024-11-08 08:55:13,736 [WARN] PackLoader:240 - Cannot read IP mode file for STMicroelectronics.X-CUBE-ALS.1.0.2
2024-11-08 08:55:13,743 [WARN] PackLoader:240 - Cannot read IP mode file for STMicroelectronics.X-CUBE-TOUCHGFX.4.24.1
2024-11-08 08:55:13,745 [WARN] PackLoader:240 - Cannot read IP mode file for wolfSSL.I-CUBE-wolfTPM.3.4.0
2024-11-08 08:55:13,750 [WARN] PackLoader:240 - Cannot read IP mode file for portGmbH.I-Cube-SoM-uGOAL.1.1.0
2024-11-08 08:55:13,780 [WARN] PackLoader:240 - Cannot read IP mode file for STMicroelectronics.X-CUBE-AZRTOS-H7RS.1.0.0
2024-11-08 08:55:13,796 [WARN] PackLoader:240 - Cannot read IP mode file for STMicroelectronics.FP-ATR-ASTRA1.2.0.0
2024-11-08 08:55:13,808 [WARN] PackLoader:240 - Cannot read IP mode file for STMicroelectronics.X-CUBE-TOF1.3.4.2
2024-11-08 08:55:13,847 [WARN] PackLoader:240 - Cannot read IP mode file for Infineon.AIROC-Wi-Fi-Bluetooth-STM32.1.6.1
2024-11-08 08:55:13,876 [WARN] PackLoader:240 - Cannot read IP mode file for wolfSSL.I-CUBE-wolfSSH.1.4.17
2024-11-08 08:55:13,878 [INFO] ThirdParty:978 - Integrity check success = true
2024-11-08 08:55:13,878 [INFO] IntegrityCheckThread:100 - exiting critical section [integrity check]
2024-11-08 08:55:13,878 [INFO] IntegrityCheckThread:103 - End integrity checks thread
2024-11-08 08:55:15,398 [INFO] WebApp:448 - Apply proxy settings
2024-11-08 08:55:15,413 [INFO] WebApp:493 - Chromium authenticates against Manually configured proxy
2024-11-08 08:55:15,460 [INFO] WebApp:501 - Username used for proxy authentication: 
2024-11-08 08:55:15,545 [INFO] WebApp:869 - Register for checkConnection events
2024-11-08 08:55:15,546 [INFO] WebApp:448 - Apply proxy settings
2024-11-08 08:55:15,548 [INFO] WebApp:493 - Chromium authenticates against Manually configured proxy
2024-11-08 08:55:15,548 [INFO] WebApp:501 - Username used for proxy authentication: 
2024-11-08 08:55:15,778 [INFO] WebApp:220 - Starting web application
2024-11-08 08:55:15,778 [INFO] WebApp:578 - Web application path used /Applications/STM32CubeIDE.app/Contents/Eclipse/plugins/com.st.stm32cube.common.mx_6.12.1.202409122256/db/plugins/mcufinder/reactClient1/index.html
2024-11-08 08:55:16,317 [INFO] WebApp:186 - Connection restablished
2024-11-08 09:24:52,475 [ERROR] LogOutputStream:75 - [STDERR_REDIRECT] 
