2024-12-04 20:27:11,747 [INFO] Activator:176 - 


2024-12-04 20:27:11,753 [INFO] Activator:177 - !SESSION log4j initialized
2024-12-04 20:27:13,922 [INFO] LogOutputStream:77 - [STDOUT_REDIRECT] 
2024-12-04 20:27:15,746 [ERROR] LogOutputStream:75 - [STDERR_REDIRECT] 
2024-12-04 20:27:17,576 [INFO] LogOutputStream:77 - [STDOUT_REDIRECT] 
2024-12-04 20:27:19,689 [INFO] ApplicationProperties:184 - Using Application install path: /Applications/STM32CubeIDE.app/Contents/Eclipse/plugins/com.st.stm32cube.common.mx_6.12.1.202409122256
2024-12-04 20:27:19,704 [INFO] DbMcusXml:78 - Set database path to: /Applications/STM32CubeIDE.app/Contents/Eclipse/plugins/com.st.stm32cube.common.mx_6.12.1.202409122256//db//mcu/
2024-12-04 20:27:19,704 [INFO] ApiDb:274 - Set plugin database path to: /Applications/STM32CubeIDE.app/Contents/Eclipse/plugins/com.st.stm32cube.common.mx_6.12.1.202409122256//db//plugins/boardmanager/
2024-12-04 20:27:19,705 [WARN] ApiDb:259 - Overriding images path with different value:  => /Applications/STM32CubeIDE.app/Contents/Eclipse/plugins/com.st.stm32cube.common.mx_6.12.1.202409122256//db//plugins/mcufinder/images/
2024-12-04 20:27:19,710 [INFO] ApiDb:250 - Set database path to: /var/root/.stmcufinder/plugins/mcufinder//mcu/
2024-12-04 20:27:19,711 [INFO] DbMcusAds:125 - Set database path to: /var/root/.stmcufinder/plugins/mcufinder//mcu/
2024-12-04 20:27:19,713 [INFO] CrossReferenceDbSqlite:203 - Set database path to: /var/root/.stmcufinder/plugins/mcufinder//mcu/cs/
2024-12-04 20:27:19,921 [INFO] RulesReader:64 - Compatibility file has been processed (297 Rules)
2024-12-04 20:27:20,018 [INFO] DbMcusXml:78 - Set database path to: /Applications/STM32CubeIDE.app/Contents/Eclipse/plugins/com.st.stm32cube.common.mx_6.12.1.202409122256//db//mcu/
2024-12-04 20:27:20,018 [INFO] ApiDb:274 - Set plugin database path to: /Applications/STM32CubeIDE.app/Contents/Eclipse/plugins/com.st.stm32cube.common.mx_6.12.1.202409122256//db//plugins/boardmanager/
2024-12-04 20:27:20,019 [INFO] ApiDb:261 - Set plugin images path to: /Applications/STM32CubeIDE.app/Contents/Eclipse/plugins/com.st.stm32cube.common.mx_6.12.1.202409122256//db//plugins/mcufinder/images/
2024-12-04 20:27:20,021 [WARN] DbFile:41 - Overriding database path with different value: /var/root/.stmcufinder/plugins/mcufinder/ => /var/root/.stmcufinder/plugins/mcufinder
2024-12-04 20:27:20,021 [INFO] ApiDb:250 - Set database path to: /var/root/.stmcufinder/plugins/mcufinder//mcu/
2024-12-04 20:27:20,021 [WARN] DbFile:41 - Overriding database path with different value: /var/root/.stmcufinder/plugins/mcufinder/ => /var/root/.stmcufinder/plugins/mcufinder
2024-12-04 20:27:20,021 [INFO] DbMcusAds:125 - Set database path to: /var/root/.stmcufinder/plugins/mcufinder//mcu/
2024-12-04 20:27:20,021 [WARN] DbFile:41 - Overriding database path with different value: /var/root/.stmcufinder/plugins/mcufinder/ => /var/root/.stmcufinder/plugins/mcufinder
2024-12-04 20:27:20,021 [WARN] DbFile:41 - Overriding database path with different value: /var/root/.stmcufinder/plugins/mcufinder/ => /var/root/.stmcufinder/plugins/mcufinder
2024-12-04 20:27:20,021 [INFO] CrossReferenceDbSqlite:203 - Set database path to: /var/root/.stmcufinder/plugins/mcufinder//mcu/cs/
2024-12-04 20:27:20,122 [INFO] MainPanel:268 - HeapMemory: 268435456
2024-12-04 20:27:20,794 [INFO] DbMcusXml:78 - Set database path to: /Applications/STM32CubeIDE.app/Contents/Eclipse/plugins/com.st.stm32cube.common.mx_6.12.1.202409122256//db//mcu/
2024-12-04 20:27:20,794 [INFO] ApiDb:274 - Set plugin database path to: /Applications/STM32CubeIDE.app/Contents/Eclipse/plugins/com.st.stm32cube.common.mx_6.12.1.202409122256//db//plugins/boardmanager/
2024-12-04 20:27:20,795 [INFO] ApiDb:261 - Set plugin images path to: /Applications/STM32CubeIDE.app/Contents/Eclipse/plugins/com.st.stm32cube.common.mx_6.12.1.202409122256//db//plugins/mcufinder/images/
2024-12-04 20:27:20,796 [WARN] DbFile:41 - Overriding database path with different value: /var/root/.stmcufinder/plugins/mcufinder/ => /var/root/.stmcufinder/plugins/mcufinder
2024-12-04 20:27:20,796 [INFO] ApiDb:250 - Set database path to: /var/root/.stmcufinder/plugins/mcufinder//mcu/
2024-12-04 20:27:20,796 [WARN] DbFile:41 - Overriding database path with different value: /var/root/.stmcufinder/plugins/mcufinder/ => /var/root/.stmcufinder/plugins/mcufinder
2024-12-04 20:27:20,796 [INFO] DbMcusAds:125 - Set database path to: /var/root/.stmcufinder/plugins/mcufinder//mcu/
2024-12-04 20:27:20,796 [WARN] DbFile:41 - Overriding database path with different value: /var/root/.stmcufinder/plugins/mcufinder/ => /var/root/.stmcufinder/plugins/mcufinder
2024-12-04 20:27:20,796 [WARN] DbFile:41 - Overriding database path with different value: /var/root/.stmcufinder/plugins/mcufinder/ => /var/root/.stmcufinder/plugins/mcufinder
2024-12-04 20:27:20,796 [INFO] CrossReferenceDbSqlite:203 - Set database path to: /var/root/.stmcufinder/plugins/mcufinder//mcu/cs/
2024-12-04 20:27:20,817 [INFO] ApplicationProperties:184 - Using Application install path: /Applications/STM32CubeIDE.app/Contents/Eclipse/plugins/com.st.stm32cube.common.mx_6.12.1.202409122256
2024-12-04 20:27:20,819 [INFO] PluginManage:196 - Search for loadable plugins [exclusion list=, ]
2024-12-04 20:27:20,820 [INFO] PluginManage:310 - Check plugin analytics
2024-12-04 20:27:21,032 [INFO] AnalyticsPlugin:253 - Accepted Software Licenses: 
2024-12-04 20:27:21,033 [INFO] AnalyticsPlugin:255 - Accepted CMSIS Pack Licenses: 
2024-12-04 20:27:21,033 [INFO] AnalyticsPlugin:257 - Accepted Firmware Licenses: 
2024-12-04 20:27:21,038 [INFO] PluginManage:359 - Loaded plugin analytics (category:tool,tabindex:-1)
2024-12-04 20:27:21,039 [INFO] PluginManage:310 - Check plugin cadmodel
2024-12-04 20:27:21,060 [INFO] CADModel:105 - Init CAD model plugin
2024-12-04 20:27:21,061 [INFO] PluginManage:359 - Loaded plugin cadmodel (category:power,tabindex:5)
2024-12-04 20:27:21,061 [INFO] PluginManage:310 - Check plugin clock
2024-12-04 20:27:21,085 [INFO] PluginManage:359 - Loaded plugin clock (category:base,tabindex:2)
2024-12-04 20:27:21,086 [INFO] PluginManage:310 - Check plugin ddr
2024-12-04 20:27:21,090 [INFO] PluginManage:359 - Loaded plugin ddr (category:tool,tabindex:6)
2024-12-04 20:27:21,091 [INFO] PluginManage:310 - Check plugin filemanager
2024-12-04 20:27:21,368 [INFO] PluginManage:359 - Loaded plugin filemanager (category:base,tabindex:10)
2024-12-04 20:27:21,370 [INFO] PluginManage:310 - Check plugin ipmanager
2024-12-04 20:27:21,393 [INFO] PluginManage:359 - Loaded plugin ipmanager (category:base,tabindex:5)
2024-12-04 20:27:21,393 [INFO] PluginManage:310 - Check plugin lpbam
2024-12-04 20:27:21,407 [INFO] PluginManage:359 - Loaded plugin lpbam (category:base,tabindex:0)
2024-12-04 20:27:21,408 [INFO] PluginManage:310 - Check plugin memorymap
2024-12-04 20:27:21,418 [INFO] PluginManage:359 - Loaded plugin memorymap (category:base,tabindex:4)
2024-12-04 20:27:21,418 [INFO] PluginManage:310 - Check plugin pinoutandconfiguration
2024-12-04 20:27:21,424 [INFO] PluginManage:359 - Loaded plugin pinoutandconfiguration (category:base,tabindex:1)
2024-12-04 20:27:21,424 [INFO] PluginManage:310 - Check plugin pinoutconfig
2024-12-04 20:27:21,517 [WARN] SupportedApi:132 - Cannot load RTOS API schema: s4s-elt-must-match.1: The content of 'definitions' must match (annotation?, (simpleType | complexType)?, (unique | key | keyref)*)). A problem was found starting at: attribute.
2024-12-04 20:27:21,754 [INFO] PluginManage:359 - Loaded plugin pinoutconfig (category:base,tabindex:0)
2024-12-04 20:27:21,756 [INFO] PluginManage:310 - Check plugin power
2024-12-04 20:27:21,779 [INFO] PluginManage:359 - Loaded plugin power (category:power,tabindex:4)
2024-12-04 20:27:21,779 [INFO] PluginManage:310 - Check plugin projectmanager
2024-12-04 20:27:21,811 [INFO] PluginManage:359 - Loaded plugin projectmanager (category:projectmanager,tabindex:4)
2024-12-04 20:27:21,811 [INFO] PluginManage:310 - Check plugin rif
2024-12-04 20:27:21,816 [INFO] PluginManage:359 - Loaded plugin rif (category:base,tabindex:3)
2024-12-04 20:27:21,816 [INFO] PluginManage:310 - Check plugin thirdparty
2024-12-04 20:27:22,014 [INFO] PluginManage:359 - Loaded plugin thirdparty (category:base,tabindex:-1)
2024-12-04 20:27:22,016 [INFO] PluginManage:310 - Check plugin tools
2024-12-04 20:27:22,014 [WARN] IntegrityCheckThread:84 - waiting for thirdparty lock release [integrity check]
2024-12-04 20:27:22,016 [INFO] IntegrityCheckThread:86 - entering critical section [integrity check]
2024-12-04 20:27:22,020 [INFO] ThirdPartyUpdaterWithRetryManager:70 - Updater plugin not ready yet. [1/15]
2024-12-04 20:27:22,021 [INFO] PluginManage:359 - Loaded plugin tools (category:base,tabindex:7)
2024-12-04 20:27:22,022 [INFO] PluginManage:310 - Check plugin tutovideos
2024-12-04 20:27:22,209 [INFO] PluginManage:359 - Loaded plugin tutovideos (category:base,tabindex:-1)
2024-12-04 20:27:22,210 [INFO] PluginManage:310 - Check plugin updater
2024-12-04 20:27:22,235 [INFO] PluginManage:359 - Loaded plugin updater (category:base,tabindex:12)
2024-12-04 20:27:22,235 [INFO] PluginManage:310 - Check plugin userauth
2024-12-04 20:27:22,242 [INFO] UserAuth:113 - Init User Auth plugin
2024-12-04 20:27:22,243 [INFO] PluginManage:359 - Loaded plugin userauth (category:base,tabindex:14)
2024-12-04 20:27:22,243 [INFO] PluginManage:283 - PluginManage : Loaded plugins [18]
2024-12-04 20:27:22,499 [INFO] PinOutPanel:1561 - setPackage(No Configuration,No Configuration)
2024-12-04 20:27:22,678 [INFO] CADModel:165 - CPN selected for project level
2024-12-04 20:27:22,680 [INFO] CADModel:114 - Register for checkConnection events
2024-12-04 20:27:22,704 [INFO] IPUIPlugin:80 - create IPUIPlugin
2024-12-04 20:27:22,704 [INFO] PluginManager:220 - loadIPPluginJar : add mdma
2024-12-04 20:27:22,712 [INFO] IPUIPlugin:80 - create IPUIPlugin
2024-12-04 20:27:22,713 [INFO] PluginManager:220 - loadIPPluginJar : add freertos
2024-12-04 20:27:22,716 [INFO] IPUIPlugin:80 - create IPUIPlugin
2024-12-04 20:27:22,717 [INFO] PluginManager:220 - loadIPPluginJar : add gic
2024-12-04 20:27:22,723 [INFO] IPUIPlugin:80 - create IPUIPlugin
2024-12-04 20:27:22,724 [INFO] PluginManager:220 - loadIPPluginJar : add adc
2024-12-04 20:27:22,725 [INFO] IPUIPlugin:80 - create IPUIPlugin
2024-12-04 20:27:22,725 [INFO] PluginManager:220 - loadIPPluginJar : add gtzc
2024-12-04 20:27:22,726 [INFO] IPUIPlugin:80 - create IPUIPlugin
2024-12-04 20:27:22,726 [INFO] PluginManager:220 - loadIPPluginJar : add quadspi
2024-12-04 20:27:22,728 [INFO] IPUIPlugin:80 - create IPUIPlugin
2024-12-04 20:27:22,728 [INFO] PluginManager:220 - loadIPPluginJar : add aes
2024-12-04 20:27:22,729 [INFO] IPUIPlugin:80 - create IPUIPlugin
2024-12-04 20:27:22,729 [INFO] PluginManager:220 - loadIPPluginJar : add pdm2pcm
2024-12-04 20:27:22,731 [INFO] IPUIPlugin:80 - create IPUIPlugin
2024-12-04 20:27:22,731 [INFO] PluginManager:220 - loadIPPluginJar : add hash
2024-12-04 20:27:22,732 [INFO] IPUIPlugin:80 - create IPUIPlugin
2024-12-04 20:27:22,732 [INFO] PluginManager:220 - loadIPPluginJar : add tim
2024-12-04 20:27:22,733 [INFO] IPUIPlugin:80 - create IPUIPlugin
2024-12-04 20:27:22,734 [INFO] PluginManager:220 - loadIPPluginJar : add tsc
2024-12-04 20:27:22,736 [INFO] IPUIPlugin:80 - create IPUIPlugin
2024-12-04 20:27:22,736 [INFO] PluginManager:220 - loadIPPluginJar : add extmemmanager
2024-12-04 20:27:22,738 [INFO] IPUIPlugin:80 - create IPUIPlugin
2024-12-04 20:27:22,738 [INFO] PluginManager:220 - loadIPPluginJar : add ts
2024-12-04 20:27:22,739 [INFO] IPUIPlugin:80 - create IPUIPlugin
2024-12-04 20:27:22,739 [INFO] PluginManager:220 - loadIPPluginJar : add radio
2024-12-04 20:27:22,741 [INFO] IPUIPlugin:80 - create IPUIPlugin
2024-12-04 20:27:22,741 [INFO] PluginManager:220 - loadIPPluginJar : add can
2024-12-04 20:27:22,743 [INFO] IPUIPlugin:80 - create IPUIPlugin
2024-12-04 20:27:22,743 [INFO] PluginManager:220 - loadIPPluginJar : add dma3
2024-12-04 20:27:22,745 [INFO] IPUIPlugin:80 - create IPUIPlugin
2024-12-04 20:27:22,745 [INFO] PluginManager:220 - loadIPPluginJar : add dfsdm
2024-12-04 20:27:22,746 [INFO] IPUIPlugin:80 - create IPUIPlugin
2024-12-04 20:27:22,746 [INFO] PluginManager:220 - loadIPPluginJar : add spi
2024-12-04 20:27:22,747 [INFO] IPUIPlugin:80 - create IPUIPlugin
2024-12-04 20:27:22,748 [INFO] PluginManager:220 - loadIPPluginJar : add gfxmmu
2024-12-04 20:27:22,750 [INFO] IPUIPlugin:80 - create IPUIPlugin
2024-12-04 20:27:22,750 [INFO] PluginManager:220 - loadIPPluginJar : add genericplugin
2024-12-04 20:27:22,752 [INFO] IPUIPlugin:80 - create IPUIPlugin
2024-12-04 20:27:22,752 [INFO] PluginManager:220 - loadIPPluginJar : add cryp
2024-12-04 20:27:22,754 [INFO] IPUIPlugin:80 - create IPUIPlugin
2024-12-04 20:27:22,755 [INFO] PluginManager:220 - loadIPPluginJar : add gpio
2024-12-04 20:27:22,757 [INFO] IPUIPlugin:80 - create IPUIPlugin
2024-12-04 20:27:22,758 [INFO] PluginManager:220 - loadIPPluginJar : add ddr_ctrl_phy
2024-12-04 20:27:22,759 [INFO] IPUIPlugin:80 - create IPUIPlugin
2024-12-04 20:27:22,759 [INFO] PluginManager:220 - loadIPPluginJar : add comp
2024-12-04 20:27:22,760 [INFO] IPUIPlugin:80 - create IPUIPlugin
2024-12-04 20:27:22,760 [INFO] PluginManager:220 - loadIPPluginJar : add tracer_emb
2024-12-04 20:27:22,763 [INFO] IPUIPlugin:80 - create IPUIPlugin
2024-12-04 20:27:22,763 [INFO] PluginManager:220 - loadIPPluginJar : add openamp
2024-12-04 20:27:22,766 [INFO] IPUIPlugin:80 - create IPUIPlugin
2024-12-04 20:27:22,766 [INFO] PluginManager:220 - loadIPPluginJar : add stm32_wpan
2024-12-04 20:27:22,770 [INFO] IPUIPlugin:80 - create IPUIPlugin
2024-12-04 20:27:22,780 [INFO] PluginManager:220 - loadIPPluginJar : add plateformsettings
2024-12-04 20:27:22,782 [INFO] IPUIPlugin:80 - create IPUIPlugin
2024-12-04 20:27:22,783 [INFO] PluginManager:220 - loadIPPluginJar : add ipddr
2024-12-04 20:27:22,784 [INFO] IPUIPlugin:80 - create IPUIPlugin
2024-12-04 20:27:22,784 [INFO] PluginManager:220 - loadIPPluginJar : add usart
2024-12-04 20:27:22,786 [INFO] IPUIPlugin:80 - create IPUIPlugin
2024-12-04 20:27:22,786 [INFO] PluginManager:220 - loadIPPluginJar : add ltdc
2024-12-04 20:27:22,788 [INFO] IPUIPlugin:80 - create IPUIPlugin
2024-12-04 20:27:22,788 [INFO] PluginManager:220 - loadIPPluginJar : add nvic
2024-12-04 20:27:22,790 [INFO] IPUIPlugin:80 - create IPUIPlugin
2024-12-04 20:27:22,790 [INFO] PluginManager:220 - loadIPPluginJar : add fatfs
2024-12-04 20:27:22,794 [INFO] IPUIPlugin:80 - create IPUIPlugin
2024-12-04 20:27:22,795 [INFO] PluginManager:220 - loadIPPluginJar : add linkedlist
2024-12-04 20:27:22,799 [INFO] IPUIPlugin:80 - create IPUIPlugin
2024-12-04 20:27:22,799 [INFO] PluginManager:220 - loadIPPluginJar : add dma
2024-12-04 20:27:22,801 [INFO] IPUIPlugin:80 - create IPUIPlugin
2024-12-04 20:27:22,802 [INFO] PluginManager:220 - loadIPPluginJar : add fmc
2024-12-04 20:27:22,803 [INFO] IPUIPlugin:80 - create IPUIPlugin
2024-12-04 20:27:22,803 [INFO] PluginManager:220 - loadIPPluginJar : add i2s
2024-12-04 20:27:22,804 [INFO] IPUIPlugin:80 - create IPUIPlugin
2024-12-04 20:27:22,804 [INFO] PluginManager:220 - loadIPPluginJar : add ucpd
2024-12-04 20:27:22,806 [INFO] IPUIPlugin:80 - create IPUIPlugin
2024-12-04 20:27:22,806 [INFO] PluginManager:220 - loadIPPluginJar : add lorawan
2024-12-04 20:27:22,808 [INFO] IPUIPlugin:80 - create IPUIPlugin
2024-12-04 20:27:22,808 [INFO] PluginManager:220 - loadIPPluginJar : add opamp
2024-12-04 20:27:22,812 [INFO] IPUIPlugin:80 - create IPUIPlugin
2024-12-04 20:27:22,812 [INFO] PluginManager:220 - loadIPPluginJar : add i3c
2024-12-04 20:27:22,814 [INFO] IPUIPlugin:80 - create IPUIPlugin
2024-12-04 20:27:22,814 [INFO] PluginManager:220 - loadIPPluginJar : add touchsensing
2024-12-04 20:27:22,816 [INFO] IPUIPlugin:80 - create IPUIPlugin
2024-12-04 20:27:22,816 [INFO] PluginManager:220 - loadIPPluginJar : add i2c
2024-12-04 20:27:22,818 [INFO] IPUIPlugin:80 - create IPUIPlugin
2024-12-04 20:27:22,818 [INFO] PluginManager:220 - loadIPPluginJar : add resmgrutility
2024-12-04 20:27:22,820 [INFO] IPUIPlugin:80 - create IPUIPlugin
2024-12-04 20:27:22,820 [INFO] PluginManager:220 - loadIPPluginJar : add sai
2024-12-04 20:27:22,822 [INFO] IPUIPlugin:80 - create IPUIPlugin
2024-12-04 20:27:22,822 [INFO] PluginManager:220 - loadIPPluginJar : add usbx
2024-12-04 20:27:22,961 [INFO] CADModel:165 - CPN selected for project level
2024-12-04 20:27:22,961 [INFO] CADModel:114 - Register for checkConnection events
2024-12-04 20:27:22,964 [FATAL] Updater:334 - Updater called before beeing initialized
2024-12-04 20:27:22,965 [ERROR] CADModel:125 - Updater not yet initialized, retry later 
2024-12-04 20:27:23,369 [ERROR] LogOutputStream:75 - [STDERR_REDIRECT] [Fatal Error] :2:10: DOCTYPE is disallowed when the feature "http://apache.org/xml/features/disallow-doctype-decl" set to true.
2024-12-04 20:27:23,374 [ERROR] LogOutputStream:75 - [STDERR_REDIRECT] 
2024-12-04 20:27:23,450 [INFO] CADModel:165 - CPN selected for project level
2024-12-04 20:27:23,451 [INFO] CADModel:114 - Register for checkConnection events
2024-12-04 20:27:23,451 [FATAL] Updater:334 - Updater called before beeing initialized
2024-12-04 20:27:23,451 [ERROR] CADModel:125 - Updater not yet initialized, retry later 
2024-12-04 20:27:23,453 [FATAL] Updater:334 - Updater called before beeing initialized
2024-12-04 20:27:23,607 [FATAL] Updater:334 - Updater called before beeing initialized
2024-12-04 20:27:23,612 [INFO] DbMcusAds:53 - JSON generation date=Wed Sep 29 23:55:09 PDT 2021 (1632984909247)
2024-12-04 20:27:23,613 [FATAL] Updater:334 - Updater called before beeing initialized
2024-12-04 20:27:23,677 [WARN] DetailPanel:346 - Failed to get advertising image, set to default
2024-12-04 20:27:23,752 [FATAL] Updater:334 - Updater called before beeing initialized
2024-12-04 20:27:23,754 [FATAL] Updater:334 - Updater called before beeing initialized
2024-12-04 20:27:23,754 [FATAL] Updater:334 - Updater called before beeing initialized
2024-12-04 20:27:23,754 [WARN] DetailPanel:346 - Failed to get advertising image, set to default
2024-12-04 20:27:23,755 [FATAL] Updater:334 - Updater called before beeing initialized
2024-12-04 20:27:23,842 [ERROR] Updater:1164 - MainUpdater not yet initialized. External WinMGr cannot be set.
2024-12-04 20:27:23,846 [INFO] Updater:1100 - Updater Version found : 6.12.1
2024-12-04 20:27:23,861 [INFO] ApplicationProperties:184 - Using Application install path: /Applications/STM32CubeIDE.app/Contents/Eclipse/plugins/com.st.stm32cube.common.mx_6.12.1.202409122256
2024-12-04 20:27:24,650 [INFO] MainUpdater:2873 - connection check result : 10
2024-12-04 20:27:24,651 [INFO] MainUpdater:290 - Updater Check For Update Now.
2024-12-04 20:27:24,652 [INFO] MicroXplorer:498 - Change Database Version : DB.6.0.121
2024-12-04 20:27:24,661 [INFO] McuFinderGlobals:63 - Set McuFinder mode to 2 (CubeIDE integrated)
2024-12-04 20:27:24,662 [INFO] UserAuth:179 - activating auth plugin
2024-12-04 20:27:24,792 [INFO] UserAuth:417 - Internet connection configuration mode: 1
2024-12-04 20:27:24,806 [INFO] JxBrowserEngine:152 - Initiate JxBrowser Engine with user profile folder
2024-12-04 20:27:24,982 [INFO] CheckServerUpdateThread:120 - End of CheckServer Thread
2024-12-04 20:27:25,364 [WARN] PackLoader:240 - Cannot read IP mode file for STMicroelectronics.FP-SNS-MOTENVWB1.1.4.0
2024-12-04 20:27:25,393 [WARN] PackLoader:240 - Cannot read IP mode file for STMicroelectronics.FP-ATR-ASTRA1.2.0.1
2024-12-04 20:27:25,410 [WARN] PackLoader:240 - Cannot read IP mode file for STMicroelectronics.X-CUBE-SMBUS.2.1.0
2024-12-04 20:27:25,425 [WARN] PackLoader:240 - Cannot read IP mode file for STMicroelectronics.X-CUBE-WB05N.1.1.0
2024-12-04 20:27:25,480 [WARN] PackLoader:240 - Cannot read IP mode file for STMicroelectronics.X-CUBE-AZRTOS-F7.1.1.0
2024-12-04 20:27:25,669 [WARN] PackLoader:240 - Cannot read IP mode file for STMicroelectronics.X-CUBE-MEMS1.11.0.0
2024-12-04 20:27:26,167 [WARN] PackLoader:240 - Cannot read IP mode file for STMicroelectronics.FP-SNS-FLIGHT1.5.0.2
2024-12-04 20:27:26,236 [WARN] PackLoader:240 - Cannot read IP mode file for STMicroelectronics.X-CUBE-DISPLAY.3.0.0
2024-12-04 20:27:26,299 [WARN] PackLoader:240 - Cannot read IP mode file for STMicroelectronics.X-CUBE-BLE1.7.0.0
2024-12-04 20:27:26,341 [WARN] PackLoader:240 - Cannot read IP mode file for STMicroelectronics.X-CUBE-NFC10.1.0.0
2024-12-04 20:27:26,370 [WARN] PackLoader:240 - Cannot read IP mode file for emotas.I-CUBE-CANOPEN.1.3.0
2024-12-04 20:27:26,423 [WARN] PackLoader:240 - Cannot read IP mode file for STMicroelectronics.X-CUBE-BLEMGR.3.1.0
2024-12-04 20:27:26,454 [WARN] PackLoader:240 - Cannot read IP mode file for STMicroelectronics.FP-SNS-SMARTAG2.1.2.0
2024-12-04 20:27:26,466 [INFO] LogOutputStream:77 - [STDOUT_REDIRECT] 1 : Invalid condition id : UX_CORESTACK_Condition cause : null
2024-12-04 20:27:26,469 [INFO] LogOutputStream:77 - [STDOUT_REDIRECT] 1 : Invalid condition id : UX_CORESTACK_Condition cause : null
2024-12-04 20:27:26,469 [INFO] LogOutputStream:77 - [STDOUT_REDIRECT] 1 : Invalid condition id : UX_CORESTACK_Condition cause : null
2024-12-04 20:27:26,470 [INFO] LogOutputStream:77 - [STDOUT_REDIRECT] 1 : Invalid condition id : UX_CORESTACK_Condition cause : null
2024-12-04 20:27:26,471 [INFO] LogOutputStream:77 - [STDOUT_REDIRECT] 1 : Invalid condition id : UX_CORESTACK_Condition cause : null
2024-12-04 20:27:26,477 [WARN] PackLoader:240 - Cannot read IP mode file for STMicroelectronics.X-CUBE-AZRTOS-WL.2.0.0
2024-12-04 20:27:26,486 [WARN] PackLoader:240 - Cannot read IP mode file for STMicroelectronics.FP-SNS-MOTENV1.5.0.0
2024-12-04 20:27:26,494 [WARN] PackLoader:240 - Cannot read IP mode file for wolfSSL.I-CUBE-wolfMQTT.1.19.0
2024-12-04 20:27:26,505 [WARN] PackLoader:240 - Cannot read IP mode file for WES.I-CUBE-Cesium.1.3.0
2024-12-04 20:27:26,511 [WARN] PackLoader:240 - Cannot read IP mode file for STMicroelectronics.X-CUBE-BLE2.3.3.0
2024-12-04 20:27:26,520 [WARN] PackLoader:240 - Cannot read IP mode file for STMicroelectronics.X-CUBE-NFC9.1.0.0
2024-12-04 20:27:26,538 [WARN] PackLoader:240 - Cannot read IP mode file for STMicroelectronics.X-CUBE-TCPP.4.1.0
2024-12-04 20:27:26,575 [WARN] PackLoader:240 - Cannot read IP mode file for STMicroelectronics.X-CUBE-AZRTOS-G0.1.1.0
2024-12-04 20:27:26,586 [WARN] PackLoader:240 - Cannot read IP mode file for STMicroelectronics.X-CUBE-SAFEA1.1.2.2
2024-12-04 20:27:26,602 [WARN] PackLoader:240 - Cannot read IP mode file for STMicroelectronics.X-CUBE-NFC4.3.0.0
2024-12-04 20:27:26,623 [WARN] PackLoader:240 - Cannot read IP mode file for EmbeddedOffice.I-CUBE-FS-RTOS.1.0.1
2024-12-04 20:27:26,629 [ERROR] ConditionMgr:805 - Attr not supported : Dmpu
2024-12-04 20:27:26,630 [ERROR] ConditionMgr:805 - Attr not supported : Dmpu
2024-12-04 20:27:26,630 [ERROR] ConditionMgr:805 - Attr not supported : Dmpu
2024-12-04 20:27:26,631 [ERROR] ConditionMgr:805 - Attr not supported : Dmpu
2024-12-04 20:27:26,631 [ERROR] ConditionMgr:805 - Attr not supported : Dmpu
2024-12-04 20:27:26,631 [ERROR] ConditionMgr:805 - Attr not supported : Dmpu
2024-12-04 20:27:26,631 [ERROR] ConditionMgr:805 - Attr not supported : Dmpu
2024-12-04 20:27:26,631 [ERROR] ConditionMgr:805 - Attr not supported : Dmpu
2024-12-04 20:27:26,631 [ERROR] ConditionMgr:805 - Attr not supported : Dmpu
2024-12-04 20:27:26,631 [ERROR] ConditionMgr:805 - Attr not supported : Dmpu
2024-12-04 20:27:26,631 [ERROR] ConditionMgr:805 - Attr not supported : Dmpu
2024-12-04 20:27:26,631 [ERROR] ConditionMgr:805 - Attr not supported : Dmpu
2024-12-04 20:27:26,631 [ERROR] ConditionMgr:805 - Attr not supported : Dmpu
2024-12-04 20:27:26,632 [ERROR] ConditionMgr:805 - Attr not supported : Dmpu
2024-12-04 20:27:26,632 [ERROR] ConditionMgr:805 - Attr not supported : Dmpu
2024-12-04 20:27:26,632 [ERROR] ConditionMgr:805 - Attr not supported : Dmpu
2024-12-04 20:27:26,632 [ERROR] ConditionMgr:805 - Attr not supported : Dmpu
2024-12-04 20:27:26,632 [ERROR] ConditionMgr:805 - Attr not supported : Dmpu
2024-12-04 20:27:26,632 [ERROR] ConditionMgr:805 - Attr not supported : Dmpu
2024-12-04 20:27:26,632 [ERROR] ConditionMgr:805 - Attr not supported : Dmpu
2024-12-04 20:27:26,632 [ERROR] ConditionMgr:805 - Attr not supported : Dmpu
2024-12-04 20:27:26,632 [ERROR] ConditionMgr:805 - Attr not supported : Dmpu
2024-12-04 20:27:26,632 [ERROR] ConditionMgr:805 - Attr not supported : Dmpu
2024-12-04 20:27:26,633 [ERROR] ConditionMgr:805 - Attr not supported : Dmpu
2024-12-04 20:27:26,633 [ERROR] ConditionMgr:805 - Attr not supported : Dmpu
2024-12-04 20:27:26,633 [ERROR] ConditionMgr:805 - Attr not supported : Dmpu
2024-12-04 20:27:26,633 [ERROR] ConditionMgr:805 - Attr not supported : Dmpu
2024-12-04 20:27:26,634 [ERROR] ConditionMgr:805 - Attr not supported : Dmpu
2024-12-04 20:27:26,634 [ERROR] ConditionMgr:805 - Attr not supported : Dmpu
2024-12-04 20:27:26,634 [ERROR] ConditionMgr:805 - Attr not supported : Dmpu
2024-12-04 20:27:26,634 [ERROR] ConditionMgr:805 - Attr not supported : Dmpu
2024-12-04 20:27:26,634 [ERROR] ConditionMgr:805 - Attr not supported : Dmpu
2024-12-04 20:27:26,634 [ERROR] ConditionMgr:805 - Attr not supported : Dmpu
2024-12-04 20:27:26,634 [ERROR] ConditionMgr:805 - Attr not supported : Dmpu
2024-12-04 20:27:26,635 [ERROR] ConditionMgr:805 - Attr not supported : Dmpu
2024-12-04 20:27:26,635 [ERROR] ConditionMgr:805 - Attr not supported : Dmpu
2024-12-04 20:27:26,638 [ERROR] ConditionMgr:805 - Attr not supported : Dmpu
2024-12-04 20:27:26,639 [ERROR] ConditionMgr:805 - Attr not supported : Dmpu
2024-12-04 20:27:26,639 [ERROR] ConditionMgr:805 - Attr not supported : Dmpu
2024-12-04 20:27:26,639 [ERROR] ConditionMgr:805 - Attr not supported : Dmpu
2024-12-04 20:27:26,639 [ERROR] ConditionMgr:805 - Attr not supported : Dmpu
2024-12-04 20:27:26,639 [ERROR] ConditionMgr:805 - Attr not supported : Dmpu
2024-12-04 20:27:26,639 [ERROR] ConditionMgr:805 - Attr not supported : Dmpu
2024-12-04 20:27:26,639 [ERROR] ConditionMgr:805 - Attr not supported : Dmpu
2024-12-04 20:27:26,639 [ERROR] ConditionMgr:805 - Attr not supported : Dmpu
2024-12-04 20:27:26,639 [ERROR] ConditionMgr:805 - Attr not supported : Dmpu
2024-12-04 20:27:26,639 [ERROR] ConditionMgr:805 - Attr not supported : Dmpu
2024-12-04 20:27:26,639 [ERROR] ConditionMgr:805 - Attr not supported : Dmpu
2024-12-04 20:27:26,640 [ERROR] ConditionMgr:805 - Attr not supported : Dmpu
2024-12-04 20:27:26,640 [ERROR] ConditionMgr:805 - Attr not supported : Dmpu
2024-12-04 20:27:26,640 [ERROR] ConditionMgr:805 - Attr not supported : Dmpu
2024-12-04 20:27:26,640 [ERROR] ConditionMgr:805 - Attr not supported : Dmpu
2024-12-04 20:27:26,640 [ERROR] ConditionMgr:805 - Attr not supported : Dmpu
2024-12-04 20:27:26,640 [ERROR] ConditionMgr:805 - Attr not supported : Dmpu
2024-12-04 20:27:26,640 [ERROR] ConditionMgr:805 - Attr not supported : Dmpu
2024-12-04 20:27:26,640 [ERROR] ConditionMgr:805 - Attr not supported : Dmpu
2024-12-04 20:27:26,640 [ERROR] ConditionMgr:805 - Attr not supported : Dmpu
2024-12-04 20:27:26,640 [ERROR] ConditionMgr:805 - Attr not supported : Dmpu
2024-12-04 20:27:26,640 [ERROR] ConditionMgr:805 - Attr not supported : Dmpu
2024-12-04 20:27:26,640 [ERROR] ConditionMgr:805 - Attr not supported : Dmpu
2024-12-04 20:27:26,640 [ERROR] ConditionMgr:805 - Attr not supported : Dmpu
2024-12-04 20:27:26,640 [ERROR] ConditionMgr:805 - Attr not supported : Dmpu
2024-12-04 20:27:26,640 [ERROR] ConditionMgr:805 - Attr not supported : Dmpu
2024-12-04 20:27:26,640 [ERROR] ConditionMgr:805 - Attr not supported : Dmpu
2024-12-04 20:27:26,646 [WARN] PackLoader:240 - Cannot read IP mode file for RealThread.X-CUBE-RT-Thread_Nano.4.1.1
2024-12-04 20:27:26,668 [WARN] PackLoader:240 - Cannot read IP mode file for STMicroelectronics.FP-ATR-SIGFOX1.3.2.0
2024-12-04 20:27:26,680 [WARN] PackLoader:240 - Cannot read IP mode file for wolfSSL.I-CUBE-wolfSSL.5.7.2
2024-12-04 20:27:26,691 [WARN] ConditionMgr:438 - getConditionDescription Invalid condition id : Cortex-A Device cause : null
2024-12-04 20:27:26,709 [WARN] ConditionMgr:1039 - genDependencies : Invalid condition id : Cortex-A Device cause : null
2024-12-04 20:27:26,709 [WARN] ConditionMgr:1039 - genDependencies : Invalid condition id : Cortex-A Device cause : null
2024-12-04 20:27:26,709 [WARN] ConditionMgr:1039 - genDependencies : Invalid condition id : Cortex-A Device cause : null
2024-12-04 20:27:26,730 [WARN] PackLoader:240 - Cannot read IP mode file for STMicroelectronics.X-CUBE-EEPRMA1.5.1.0
2024-12-04 20:27:26,748 [WARN] PackLoader:240 - Cannot read IP mode file for ITTIA_DB.I-CUBE-ITTIADB.8.9.0
2024-12-04 20:27:26,813 [WARN] PackLoader:240 - Cannot read IP mode file for SEGGER.I-CUBE-embOS.1.3.1
2024-12-04 20:27:26,898 [WARN] PackLoader:240 - Cannot read IP mode file for STMicroelectronics.X-CUBE-ALGOBUILD.1.4.0
2024-12-04 20:27:26,903 [WARN] PackLoader:240 - Cannot read IP mode file for STMicroelectronics.X-CUBE-AI.9.1.0
2024-12-04 20:27:26,942 [WARN] PackLoader:240 - Cannot read IP mode file for STMicroelectronics.X-CUBE-AZRTOS-F4.1.1.0
2024-12-04 20:27:26,953 [WARN] PackLoader:240 - Cannot read IP mode file for STMicroelectronics.X-CUBE-ISPU.2.1.0
2024-12-04 20:27:26,969 [WARN] PackLoader:240 - Cannot read IP mode file for STMicroelectronics.X-CUBE-FREERTOS.1.2.0
2024-12-04 20:27:26,993 [WARN] PackLoader:240 - Cannot read IP mode file for STMicroelectronics.X-CUBE-AZRTOS-L5.2.0.0
2024-12-04 20:27:27,006 [WARN] PackLoader:240 - Cannot read IP mode file for STMicroelectronics.X-CUBE-NFC6.3.1.0
2024-12-04 20:27:27,020 [WARN] PackLoader:240 - Cannot read IP mode file for STMicroelectronics.X-CUBE-DPower.1.2.0
2024-12-04 20:27:27,025 [WARN] PackLoader:240 - Cannot read IP mode file for STMicroelectronics.X-CUBE-NFC7.1.0.1
2024-12-04 20:27:27,053 [WARN] ConditionMgr:438 - getConditionDescription Invalid condition id : LAN8742 Phy interface Condition cause : null
2024-12-04 20:27:27,054 [WARN] PackLoader:240 - Cannot read IP mode file for STMicroelectronics.X-CUBE-AZRTOS-L4.2.0.0
2024-12-04 20:27:27,094 [WARN] ConditionMgr:1039 - genDependencies : Invalid condition id : LAN8742 Phy interface Condition cause : null
2024-12-04 20:27:27,094 [WARN] ConditionMgr:1039 - genDependencies : Invalid condition id : LAN8742 Phy interface Condition cause : null
2024-12-04 20:27:27,095 [WARN] ConditionMgr:1039 - genDependencies : Invalid condition id : LAN8742 Phy interface Condition cause : null
2024-12-04 20:27:27,109 [WARN] PackLoader:240 - Cannot read IP mode file for STMicroelectronics.X-CUBE-SFXS2LP1.4.0.0
2024-12-04 20:27:27,140 [WARN] PackLoader:240 - Cannot read IP mode file for STMicroelectronics.X-CUBE-AZRTOS-H7.3.3.0
2024-12-04 20:27:27,155 [WARN] PackLoader:240 - Cannot read IP mode file for STMicroelectronics.X-CUBE-IPS.3.0.0
2024-12-04 20:27:27,175 [WARN] ConditionMgr:438 - getConditionDescription Invalid condition id : UX DEVICE CLASS RTOS Condition cause : null
2024-12-04 20:27:27,176 [WARN] ConditionMgr:438 - getConditionDescription Invalid condition id : UX DEVICE CLASS RTOS Condition cause : null
2024-12-04 20:27:27,179 [WARN] PackLoader:240 - Cannot read IP mode file for STMicroelectronics.X-CUBE-AZRTOS-WB.2.0.0
2024-12-04 20:27:27,180 [WARN] ConditionMgr:1039 - genDependencies : Invalid condition id : UX DEVICE CLASS RTOS Condition cause : null
2024-12-04 20:27:27,180 [WARN] ConditionMgr:1039 - genDependencies : Invalid condition id : UX DEVICE CLASS RTOS Condition cause : null
2024-12-04 20:27:27,181 [WARN] ConditionMgr:1039 - genDependencies : Invalid condition id : UX DEVICE CLASS RTOS Condition cause : null
2024-12-04 20:27:27,181 [WARN] ConditionMgr:1039 - genDependencies : Invalid condition id : UX DEVICE CLASS RTOS Condition cause : null
2024-12-04 20:27:27,181 [WARN] ConditionMgr:1039 - genDependencies : Invalid condition id : UX DEVICE CLASS RTOS Condition cause : null
2024-12-04 20:27:27,190 [WARN] PackLoader:240 - Cannot read IP mode file for STMicroelectronics.X-CUBE-GNSS1.7.0.0
2024-12-04 20:27:27,200 [WARN] PackLoader:240 - Cannot read IP mode file for STMicroelectronics.FP-SNS-STBOX1.2.0.0
2024-12-04 20:27:27,219 [WARN] PackLoader:240 - Cannot read IP mode file for STMicroelectronics.X-CUBE-SUBG2.5.0.0
2024-12-04 20:27:27,242 [WARN] PackLoader:240 - Cannot read IP mode file for Cesanta.I-CUBE-Mongoose.7.13.0
2024-12-04 20:27:27,259 [WARN] PackLoader:240 - Cannot read IP mode file for STMicroelectronics.X-CUBE-AZRTOS-G4.2.0.0
2024-12-04 20:27:27,271 [WARN] PackLoader:240 - Cannot read IP mode file for STMicroelectronics.X-CUBE-ALS.1.0.2
2024-12-04 20:27:27,278 [WARN] PackLoader:240 - Cannot read IP mode file for STMicroelectronics.X-CUBE-TOUCHGFX.4.24.1
2024-12-04 20:27:27,280 [WARN] PackLoader:240 - Cannot read IP mode file for wolfSSL.I-CUBE-wolfTPM.3.4.0
2024-12-04 20:27:27,284 [WARN] PackLoader:240 - Cannot read IP mode file for portGmbH.I-Cube-SoM-uGOAL.1.1.0
2024-12-04 20:27:27,304 [WARN] PackLoader:240 - Cannot read IP mode file for STMicroelectronics.X-CUBE-AZRTOS-H7RS.1.0.0
2024-12-04 20:27:27,313 [WARN] PackLoader:240 - Cannot read IP mode file for STMicroelectronics.FP-ATR-ASTRA1.2.0.0
2024-12-04 20:27:27,331 [WARN] PackLoader:240 - Cannot read IP mode file for STMicroelectronics.X-CUBE-TOF1.3.4.2
2024-12-04 20:27:27,387 [WARN] PackLoader:240 - Cannot read IP mode file for Infineon.AIROC-Wi-Fi-Bluetooth-STM32.1.6.1
2024-12-04 20:27:27,423 [WARN] PackLoader:240 - Cannot read IP mode file for wolfSSL.I-CUBE-wolfSSH.1.4.17
2024-12-04 20:27:27,425 [INFO] ThirdParty:978 - Integrity check success = true
2024-12-04 20:27:27,425 [INFO] IntegrityCheckThread:100 - exiting critical section [integrity check]
2024-12-04 20:27:27,425 [INFO] IntegrityCheckThread:103 - End integrity checks thread
2024-12-04 20:27:29,844 [INFO] WebApp:167 - Instantiating new browser for Auth
2024-12-04 20:27:31,875 [INFO] WebApp:448 - Apply proxy settings
2024-12-04 20:27:31,909 [INFO] WebApp:493 - Chromium authenticates against Manually configured proxy
2024-12-04 20:27:31,964 [INFO] WebApp:501 - Username used for proxy authentication: 
2024-12-04 20:27:32,069 [INFO] WebApp:869 - Register for checkConnection events
2024-12-04 20:27:32,072 [INFO] WebApp:448 - Apply proxy settings
2024-12-04 20:27:32,092 [INFO] WebApp:493 - Chromium authenticates against Manually configured proxy
2024-12-04 20:27:32,095 [INFO] WebApp:501 - Username used for proxy authentication: 
2024-12-04 20:27:32,314 [INFO] WebApp:220 - Starting web application
2024-12-04 20:27:32,314 [INFO] WebApp:578 - Web application path used /Applications/STM32CubeIDE.app/Contents/Eclipse/plugins/com.st.stm32cube.common.mx_6.12.1.202409122256/db/plugins/mcufinder/reactClient1/index.html
2024-12-04 20:27:35,044 [INFO] WebApp:186 - Connection restablished
2024-12-04 21:23:15,670 [ERROR] LogOutputStream:75 - [STDERR_REDIRECT] 
