2024-12-03 17:35:50,169 [INFO] Activator:176 - 


2024-12-03 17:35:50,176 [INFO] Activator:177 - !SESSION log4j initialized
2024-12-03 17:35:54,788 [INFO] LogOutputStream:77 - [STDOUT_REDIRECT] 
2024-12-03 17:35:55,797 [ERROR] LogOutputStream:75 - [STDERR_REDIRECT] 
2024-12-03 17:35:59,217 [INFO] LogOutputStream:77 - [STDOUT_REDIRECT] 
2024-12-03 17:36:00,781 [INFO] ApplicationProperties:184 - Using Application install path: /Applications/STM32CubeIDE.app/Contents/Eclipse/plugins/com.st.stm32cube.common.mx_6.12.1.202409122256
2024-12-03 17:36:00,799 [INFO] DbMcusXml:78 - Set database path to: /Applications/STM32CubeIDE.app/Contents/Eclipse/plugins/com.st.stm32cube.common.mx_6.12.1.202409122256//db//mcu/
2024-12-03 17:36:00,799 [INFO] ApiDb:274 - Set plugin database path to: /Applications/STM32CubeIDE.app/Contents/Eclipse/plugins/com.st.stm32cube.common.mx_6.12.1.202409122256//db//plugins/boardmanager/
2024-12-03 17:36:00,801 [WARN] ApiDb:259 - Overriding images path with different value:  => /Applications/STM32CubeIDE.app/Contents/Eclipse/plugins/com.st.stm32cube.common.mx_6.12.1.202409122256//db//plugins/mcufinder/images/
2024-12-03 17:36:00,806 [INFO] ApiDb:250 - Set database path to: /var/root/.stmcufinder/plugins/mcufinder//mcu/
2024-12-03 17:36:00,807 [INFO] DbMcusAds:125 - Set database path to: /var/root/.stmcufinder/plugins/mcufinder//mcu/
2024-12-03 17:36:00,808 [INFO] CrossReferenceDbSqlite:203 - Set database path to: /var/root/.stmcufinder/plugins/mcufinder//mcu/cs/
2024-12-03 17:36:00,940 [INFO] RulesReader:64 - Compatibility file has been processed (297 Rules)
2024-12-03 17:36:01,004 [INFO] DbMcusXml:78 - Set database path to: /Applications/STM32CubeIDE.app/Contents/Eclipse/plugins/com.st.stm32cube.common.mx_6.12.1.202409122256//db//mcu/
2024-12-03 17:36:01,005 [INFO] ApiDb:274 - Set plugin database path to: /Applications/STM32CubeIDE.app/Contents/Eclipse/plugins/com.st.stm32cube.common.mx_6.12.1.202409122256//db//plugins/boardmanager/
2024-12-03 17:36:01,005 [INFO] ApiDb:261 - Set plugin images path to: /Applications/STM32CubeIDE.app/Contents/Eclipse/plugins/com.st.stm32cube.common.mx_6.12.1.202409122256//db//plugins/mcufinder/images/
2024-12-03 17:36:01,006 [WARN] DbFile:41 - Overriding database path with different value: /var/root/.stmcufinder/plugins/mcufinder/ => /var/root/.stmcufinder/plugins/mcufinder
2024-12-03 17:36:01,006 [INFO] ApiDb:250 - Set database path to: /var/root/.stmcufinder/plugins/mcufinder//mcu/
2024-12-03 17:36:01,006 [WARN] DbFile:41 - Overriding database path with different value: /var/root/.stmcufinder/plugins/mcufinder/ => /var/root/.stmcufinder/plugins/mcufinder
2024-12-03 17:36:01,006 [INFO] DbMcusAds:125 - Set database path to: /var/root/.stmcufinder/plugins/mcufinder//mcu/
2024-12-03 17:36:01,006 [WARN] DbFile:41 - Overriding database path with different value: /var/root/.stmcufinder/plugins/mcufinder/ => /var/root/.stmcufinder/plugins/mcufinder
2024-12-03 17:36:01,006 [WARN] DbFile:41 - Overriding database path with different value: /var/root/.stmcufinder/plugins/mcufinder/ => /var/root/.stmcufinder/plugins/mcufinder
2024-12-03 17:36:01,006 [INFO] CrossReferenceDbSqlite:203 - Set database path to: /var/root/.stmcufinder/plugins/mcufinder//mcu/cs/
2024-12-03 17:36:01,099 [INFO] MainPanel:268 - HeapMemory: 268435456
2024-12-03 17:36:01,762 [INFO] DbMcusXml:78 - Set database path to: /Applications/STM32CubeIDE.app/Contents/Eclipse/plugins/com.st.stm32cube.common.mx_6.12.1.202409122256//db//mcu/
2024-12-03 17:36:01,762 [INFO] ApiDb:274 - Set plugin database path to: /Applications/STM32CubeIDE.app/Contents/Eclipse/plugins/com.st.stm32cube.common.mx_6.12.1.202409122256//db//plugins/boardmanager/
2024-12-03 17:36:01,762 [INFO] ApiDb:261 - Set plugin images path to: /Applications/STM32CubeIDE.app/Contents/Eclipse/plugins/com.st.stm32cube.common.mx_6.12.1.202409122256//db//plugins/mcufinder/images/
2024-12-03 17:36:01,762 [WARN] DbFile:41 - Overriding database path with different value: /var/root/.stmcufinder/plugins/mcufinder/ => /var/root/.stmcufinder/plugins/mcufinder
2024-12-03 17:36:01,762 [INFO] ApiDb:250 - Set database path to: /var/root/.stmcufinder/plugins/mcufinder//mcu/
2024-12-03 17:36:01,763 [WARN] DbFile:41 - Overriding database path with different value: /var/root/.stmcufinder/plugins/mcufinder/ => /var/root/.stmcufinder/plugins/mcufinder
2024-12-03 17:36:01,763 [INFO] DbMcusAds:125 - Set database path to: /var/root/.stmcufinder/plugins/mcufinder//mcu/
2024-12-03 17:36:01,763 [WARN] DbFile:41 - Overriding database path with different value: /var/root/.stmcufinder/plugins/mcufinder/ => /var/root/.stmcufinder/plugins/mcufinder
2024-12-03 17:36:01,763 [WARN] DbFile:41 - Overriding database path with different value: /var/root/.stmcufinder/plugins/mcufinder/ => /var/root/.stmcufinder/plugins/mcufinder
2024-12-03 17:36:01,763 [INFO] CrossReferenceDbSqlite:203 - Set database path to: /var/root/.stmcufinder/plugins/mcufinder//mcu/cs/
2024-12-03 17:36:01,783 [INFO] ApplicationProperties:184 - Using Application install path: /Applications/STM32CubeIDE.app/Contents/Eclipse/plugins/com.st.stm32cube.common.mx_6.12.1.202409122256
2024-12-03 17:36:01,784 [INFO] PluginManage:196 - Search for loadable plugins [exclusion list=, ]
2024-12-03 17:36:01,785 [INFO] PluginManage:310 - Check plugin analytics
2024-12-03 17:36:02,012 [INFO] AnalyticsPlugin:253 - Accepted Software Licenses: 
2024-12-03 17:36:02,013 [INFO] AnalyticsPlugin:255 - Accepted CMSIS Pack Licenses: 
2024-12-03 17:36:02,013 [INFO] AnalyticsPlugin:257 - Accepted Firmware Licenses: 
2024-12-03 17:36:02,025 [INFO] PluginManage:359 - Loaded plugin analytics (category:tool,tabindex:-1)
2024-12-03 17:36:02,026 [INFO] PluginManage:310 - Check plugin cadmodel
2024-12-03 17:36:02,039 [INFO] CADModel:105 - Init CAD model plugin
2024-12-03 17:36:02,040 [INFO] PluginManage:359 - Loaded plugin cadmodel (category:power,tabindex:5)
2024-12-03 17:36:02,040 [INFO] PluginManage:310 - Check plugin clock
2024-12-03 17:36:02,051 [INFO] PluginManage:359 - Loaded plugin clock (category:base,tabindex:2)
2024-12-03 17:36:02,052 [INFO] PluginManage:310 - Check plugin ddr
2024-12-03 17:36:02,054 [INFO] PluginManage:359 - Loaded plugin ddr (category:tool,tabindex:6)
2024-12-03 17:36:02,054 [INFO] PluginManage:310 - Check plugin filemanager
2024-12-03 17:36:02,243 [INFO] PluginManage:359 - Loaded plugin filemanager (category:base,tabindex:10)
2024-12-03 17:36:02,244 [INFO] PluginManage:310 - Check plugin ipmanager
2024-12-03 17:36:02,255 [INFO] PluginManage:359 - Loaded plugin ipmanager (category:base,tabindex:5)
2024-12-03 17:36:02,255 [INFO] PluginManage:310 - Check plugin lpbam
2024-12-03 17:36:02,265 [INFO] PluginManage:359 - Loaded plugin lpbam (category:base,tabindex:0)
2024-12-03 17:36:02,265 [INFO] PluginManage:310 - Check plugin memorymap
2024-12-03 17:36:02,277 [INFO] PluginManage:359 - Loaded plugin memorymap (category:base,tabindex:4)
2024-12-03 17:36:02,277 [INFO] PluginManage:310 - Check plugin pinoutandconfiguration
2024-12-03 17:36:02,282 [INFO] PluginManage:359 - Loaded plugin pinoutandconfiguration (category:base,tabindex:1)
2024-12-03 17:36:02,282 [INFO] PluginManage:310 - Check plugin pinoutconfig
2024-12-03 17:36:02,378 [WARN] SupportedApi:132 - Cannot load RTOS API schema: s4s-elt-must-match.1: The content of 'definitions' must match (annotation?, (simpleType | complexType)?, (unique | key | keyref)*)). A problem was found starting at: attribute.
2024-12-03 17:36:02,569 [INFO] PluginManage:359 - Loaded plugin pinoutconfig (category:base,tabindex:0)
2024-12-03 17:36:02,569 [INFO] PluginManage:310 - Check plugin power
2024-12-03 17:36:02,585 [INFO] PluginManage:359 - Loaded plugin power (category:power,tabindex:4)
2024-12-03 17:36:02,585 [INFO] PluginManage:310 - Check plugin projectmanager
2024-12-03 17:36:02,616 [INFO] PluginManage:359 - Loaded plugin projectmanager (category:projectmanager,tabindex:4)
2024-12-03 17:36:02,616 [INFO] PluginManage:310 - Check plugin rif
2024-12-03 17:36:02,622 [INFO] PluginManage:359 - Loaded plugin rif (category:base,tabindex:3)
2024-12-03 17:36:02,622 [INFO] PluginManage:310 - Check plugin thirdparty
2024-12-03 17:36:02,791 [WARN] IntegrityCheckThread:84 - waiting for thirdparty lock release [integrity check]
2024-12-03 17:36:02,791 [INFO] PluginManage:359 - Loaded plugin thirdparty (category:base,tabindex:-1)
2024-12-03 17:36:02,791 [INFO] IntegrityCheckThread:86 - entering critical section [integrity check]
2024-12-03 17:36:02,792 [INFO] PluginManage:310 - Check plugin tools
2024-12-03 17:36:02,792 [INFO] ThirdPartyUpdaterWithRetryManager:70 - Updater plugin not ready yet. [1/15]
2024-12-03 17:36:02,795 [INFO] PluginManage:359 - Loaded plugin tools (category:base,tabindex:7)
2024-12-03 17:36:02,795 [INFO] PluginManage:310 - Check plugin tutovideos
2024-12-03 17:36:03,040 [INFO] PluginManage:359 - Loaded plugin tutovideos (category:base,tabindex:-1)
2024-12-03 17:36:03,042 [INFO] PluginManage:310 - Check plugin updater
2024-12-03 17:36:03,100 [INFO] PluginManage:359 - Loaded plugin updater (category:base,tabindex:12)
2024-12-03 17:36:03,101 [INFO] PluginManage:310 - Check plugin userauth
2024-12-03 17:36:03,113 [INFO] UserAuth:113 - Init User Auth plugin
2024-12-03 17:36:03,113 [INFO] PluginManage:359 - Loaded plugin userauth (category:base,tabindex:14)
2024-12-03 17:36:03,115 [INFO] PluginManage:283 - PluginManage : Loaded plugins [18]
2024-12-03 17:36:03,635 [INFO] PinOutPanel:1561 - setPackage(No Configuration,No Configuration)
2024-12-03 17:36:03,686 [ERROR] LogOutputStream:75 - [STDERR_REDIRECT] [Fatal Error] :2:10: DOCTYPE is disallowed when the feature "http://apache.org/xml/features/disallow-doctype-decl" set to true.
2024-12-03 17:36:03,688 [ERROR] LogOutputStream:75 - [STDERR_REDIRECT] 
2024-12-03 17:36:03,841 [INFO] CADModel:165 - CPN selected for project level
2024-12-03 17:36:03,842 [INFO] CADModel:114 - Register for checkConnection events
2024-12-03 17:36:03,872 [INFO] IPUIPlugin:80 - create IPUIPlugin
2024-12-03 17:36:03,873 [INFO] PluginManager:220 - loadIPPluginJar : add mdma
2024-12-03 17:36:03,880 [INFO] IPUIPlugin:80 - create IPUIPlugin
2024-12-03 17:36:03,880 [INFO] PluginManager:220 - loadIPPluginJar : add freertos
2024-12-03 17:36:03,884 [INFO] IPUIPlugin:80 - create IPUIPlugin
2024-12-03 17:36:03,884 [INFO] PluginManager:220 - loadIPPluginJar : add gic
2024-12-03 17:36:03,894 [INFO] IPUIPlugin:80 - create IPUIPlugin
2024-12-03 17:36:03,894 [INFO] PluginManager:220 - loadIPPluginJar : add adc
2024-12-03 17:36:03,896 [INFO] IPUIPlugin:80 - create IPUIPlugin
2024-12-03 17:36:03,896 [INFO] PluginManager:220 - loadIPPluginJar : add gtzc
2024-12-03 17:36:03,898 [INFO] IPUIPlugin:80 - create IPUIPlugin
2024-12-03 17:36:03,898 [INFO] PluginManager:220 - loadIPPluginJar : add quadspi
2024-12-03 17:36:03,900 [INFO] IPUIPlugin:80 - create IPUIPlugin
2024-12-03 17:36:03,900 [INFO] PluginManager:220 - loadIPPluginJar : add aes
2024-12-03 17:36:03,902 [INFO] IPUIPlugin:80 - create IPUIPlugin
2024-12-03 17:36:03,902 [INFO] PluginManager:220 - loadIPPluginJar : add pdm2pcm
2024-12-03 17:36:03,903 [INFO] IPUIPlugin:80 - create IPUIPlugin
2024-12-03 17:36:03,904 [INFO] PluginManager:220 - loadIPPluginJar : add hash
2024-12-03 17:36:03,907 [INFO] IPUIPlugin:80 - create IPUIPlugin
2024-12-03 17:36:03,907 [INFO] PluginManager:220 - loadIPPluginJar : add tim
2024-12-03 17:36:03,910 [INFO] IPUIPlugin:80 - create IPUIPlugin
2024-12-03 17:36:03,910 [INFO] PluginManager:220 - loadIPPluginJar : add tsc
2024-12-03 17:36:03,914 [INFO] IPUIPlugin:80 - create IPUIPlugin
2024-12-03 17:36:03,914 [INFO] PluginManager:220 - loadIPPluginJar : add extmemmanager
2024-12-03 17:36:03,917 [INFO] IPUIPlugin:80 - create IPUIPlugin
2024-12-03 17:36:03,917 [INFO] PluginManager:220 - loadIPPluginJar : add ts
2024-12-03 17:36:03,919 [INFO] IPUIPlugin:80 - create IPUIPlugin
2024-12-03 17:36:03,919 [INFO] PluginManager:220 - loadIPPluginJar : add radio
2024-12-03 17:36:03,922 [INFO] IPUIPlugin:80 - create IPUIPlugin
2024-12-03 17:36:03,922 [INFO] PluginManager:220 - loadIPPluginJar : add can
2024-12-03 17:36:03,925 [INFO] IPUIPlugin:80 - create IPUIPlugin
2024-12-03 17:36:03,925 [INFO] PluginManager:220 - loadIPPluginJar : add dma3
2024-12-03 17:36:03,926 [INFO] IPUIPlugin:80 - create IPUIPlugin
2024-12-03 17:36:03,927 [INFO] PluginManager:220 - loadIPPluginJar : add dfsdm
2024-12-03 17:36:03,928 [INFO] IPUIPlugin:80 - create IPUIPlugin
2024-12-03 17:36:03,928 [INFO] PluginManager:220 - loadIPPluginJar : add spi
2024-12-03 17:36:03,932 [INFO] IPUIPlugin:80 - create IPUIPlugin
2024-12-03 17:36:03,932 [INFO] PluginManager:220 - loadIPPluginJar : add gfxmmu
2024-12-03 17:36:03,934 [INFO] IPUIPlugin:80 - create IPUIPlugin
2024-12-03 17:36:03,935 [INFO] PluginManager:220 - loadIPPluginJar : add genericplugin
2024-12-03 17:36:03,937 [INFO] IPUIPlugin:80 - create IPUIPlugin
2024-12-03 17:36:03,938 [INFO] PluginManager:220 - loadIPPluginJar : add cryp
2024-12-03 17:36:03,941 [INFO] IPUIPlugin:80 - create IPUIPlugin
2024-12-03 17:36:03,942 [INFO] PluginManager:220 - loadIPPluginJar : add gpio
2024-12-03 17:36:03,944 [INFO] IPUIPlugin:80 - create IPUIPlugin
2024-12-03 17:36:03,945 [INFO] PluginManager:220 - loadIPPluginJar : add ddr_ctrl_phy
2024-12-03 17:36:03,947 [INFO] IPUIPlugin:80 - create IPUIPlugin
2024-12-03 17:36:03,947 [INFO] PluginManager:220 - loadIPPluginJar : add comp
2024-12-03 17:36:03,949 [INFO] IPUIPlugin:80 - create IPUIPlugin
2024-12-03 17:36:03,950 [INFO] PluginManager:220 - loadIPPluginJar : add tracer_emb
2024-12-03 17:36:03,952 [INFO] IPUIPlugin:80 - create IPUIPlugin
2024-12-03 17:36:03,952 [INFO] PluginManager:220 - loadIPPluginJar : add openamp
2024-12-03 17:36:03,956 [INFO] IPUIPlugin:80 - create IPUIPlugin
2024-12-03 17:36:03,957 [INFO] PluginManager:220 - loadIPPluginJar : add stm32_wpan
2024-12-03 17:36:03,961 [INFO] IPUIPlugin:80 - create IPUIPlugin
2024-12-03 17:36:03,974 [INFO] PluginManager:220 - loadIPPluginJar : add plateformsettings
2024-12-03 17:36:03,978 [INFO] IPUIPlugin:80 - create IPUIPlugin
2024-12-03 17:36:03,978 [INFO] PluginManager:220 - loadIPPluginJar : add ipddr
2024-12-03 17:36:03,983 [INFO] IPUIPlugin:80 - create IPUIPlugin
2024-12-03 17:36:03,984 [INFO] PluginManager:220 - loadIPPluginJar : add usart
2024-12-03 17:36:03,985 [INFO] IPUIPlugin:80 - create IPUIPlugin
2024-12-03 17:36:03,985 [INFO] PluginManager:220 - loadIPPluginJar : add ltdc
2024-12-03 17:36:03,987 [INFO] IPUIPlugin:80 - create IPUIPlugin
2024-12-03 17:36:03,987 [INFO] PluginManager:220 - loadIPPluginJar : add nvic
2024-12-03 17:36:03,989 [INFO] IPUIPlugin:80 - create IPUIPlugin
2024-12-03 17:36:03,990 [INFO] PluginManager:220 - loadIPPluginJar : add fatfs
2024-12-03 17:36:03,995 [INFO] IPUIPlugin:80 - create IPUIPlugin
2024-12-03 17:36:03,995 [INFO] PluginManager:220 - loadIPPluginJar : add linkedlist
2024-12-03 17:36:03,999 [INFO] IPUIPlugin:80 - create IPUIPlugin
2024-12-03 17:36:04,000 [INFO] PluginManager:220 - loadIPPluginJar : add dma
2024-12-03 17:36:04,002 [INFO] IPUIPlugin:80 - create IPUIPlugin
2024-12-03 17:36:04,002 [INFO] PluginManager:220 - loadIPPluginJar : add fmc
2024-12-03 17:36:04,006 [INFO] IPUIPlugin:80 - create IPUIPlugin
2024-12-03 17:36:04,006 [INFO] PluginManager:220 - loadIPPluginJar : add i2s
2024-12-03 17:36:04,007 [INFO] IPUIPlugin:80 - create IPUIPlugin
2024-12-03 17:36:04,007 [INFO] PluginManager:220 - loadIPPluginJar : add ucpd
2024-12-03 17:36:04,009 [INFO] IPUIPlugin:80 - create IPUIPlugin
2024-12-03 17:36:04,009 [INFO] PluginManager:220 - loadIPPluginJar : add lorawan
2024-12-03 17:36:04,010 [INFO] IPUIPlugin:80 - create IPUIPlugin
2024-12-03 17:36:04,010 [INFO] PluginManager:220 - loadIPPluginJar : add opamp
2024-12-03 17:36:04,012 [INFO] IPUIPlugin:80 - create IPUIPlugin
2024-12-03 17:36:04,012 [INFO] PluginManager:220 - loadIPPluginJar : add i3c
2024-12-03 17:36:04,014 [INFO] IPUIPlugin:80 - create IPUIPlugin
2024-12-03 17:36:04,014 [INFO] PluginManager:220 - loadIPPluginJar : add touchsensing
2024-12-03 17:36:04,017 [INFO] IPUIPlugin:80 - create IPUIPlugin
2024-12-03 17:36:04,017 [INFO] PluginManager:220 - loadIPPluginJar : add i2c
2024-12-03 17:36:04,020 [INFO] IPUIPlugin:80 - create IPUIPlugin
2024-12-03 17:36:04,020 [INFO] PluginManager:220 - loadIPPluginJar : add resmgrutility
2024-12-03 17:36:04,024 [INFO] IPUIPlugin:80 - create IPUIPlugin
2024-12-03 17:36:04,024 [INFO] PluginManager:220 - loadIPPluginJar : add sai
2024-12-03 17:36:04,027 [INFO] IPUIPlugin:80 - create IPUIPlugin
2024-12-03 17:36:04,027 [INFO] PluginManager:220 - loadIPPluginJar : add usbx
2024-12-03 17:36:04,164 [INFO] CADModel:165 - CPN selected for project level
2024-12-03 17:36:04,164 [INFO] CADModel:114 - Register for checkConnection events
2024-12-03 17:36:04,165 [FATAL] Updater:334 - Updater called before beeing initialized
2024-12-03 17:36:04,165 [ERROR] CADModel:125 - Updater not yet initialized, retry later 
2024-12-03 17:36:04,462 [INFO] CADModel:165 - CPN selected for project level
2024-12-03 17:36:04,462 [INFO] CADModel:114 - Register for checkConnection events
2024-12-03 17:36:04,462 [FATAL] Updater:334 - Updater called before beeing initialized
2024-12-03 17:36:04,463 [ERROR] CADModel:125 - Updater not yet initialized, retry later 
2024-12-03 17:36:04,465 [FATAL] Updater:334 - Updater called before beeing initialized
2024-12-03 17:36:04,616 [FATAL] Updater:334 - Updater called before beeing initialized
2024-12-03 17:36:04,622 [INFO] DbMcusAds:53 - JSON generation date=Wed Sep 29 23:55:09 PDT 2021 (1632984909247)
2024-12-03 17:36:04,622 [FATAL] Updater:334 - Updater called before beeing initialized
2024-12-03 17:36:04,690 [WARN] DetailPanel:346 - Failed to get advertising image, set to default
2024-12-03 17:36:04,765 [FATAL] Updater:334 - Updater called before beeing initialized
2024-12-03 17:36:04,768 [FATAL] Updater:334 - Updater called before beeing initialized
2024-12-03 17:36:04,768 [FATAL] Updater:334 - Updater called before beeing initialized
2024-12-03 17:36:04,768 [WARN] DetailPanel:346 - Failed to get advertising image, set to default
2024-12-03 17:36:04,769 [FATAL] Updater:334 - Updater called before beeing initialized
2024-12-03 17:36:04,843 [ERROR] Updater:1164 - MainUpdater not yet initialized. External WinMGr cannot be set.
2024-12-03 17:36:04,850 [INFO] Updater:1100 - Updater Version found : 6.12.1
2024-12-03 17:36:04,866 [INFO] ApplicationProperties:184 - Using Application install path: /Applications/STM32CubeIDE.app/Contents/Eclipse/plugins/com.st.stm32cube.common.mx_6.12.1.202409122256
2024-12-03 17:36:05,322 [INFO] MainUpdater:2873 - connection check result : 10
2024-12-03 17:36:05,325 [INFO] MainUpdater:290 - Updater Check For Update Now.
2024-12-03 17:36:05,326 [INFO] MicroXplorer:498 - Change Database Version : DB.6.0.121
2024-12-03 17:36:05,347 [INFO] McuFinderGlobals:63 - Set McuFinder mode to 2 (CubeIDE integrated)
2024-12-03 17:36:05,348 [INFO] UserAuth:179 - activating auth plugin
2024-12-03 17:36:05,369 [INFO] UserAuth:417 - Internet connection configuration mode: 1
2024-12-03 17:36:05,391 [INFO] JxBrowserEngine:152 - Initiate JxBrowser Engine with user profile folder
2024-12-03 17:36:05,729 [INFO] CheckServerUpdateThread:120 - End of CheckServer Thread
2024-12-03 17:36:06,003 [WARN] PackLoader:240 - Cannot read IP mode file for STMicroelectronics.FP-SNS-MOTENVWB1.1.4.0
2024-12-03 17:36:06,029 [WARN] PackLoader:240 - Cannot read IP mode file for STMicroelectronics.FP-ATR-ASTRA1.2.0.1
2024-12-03 17:36:06,056 [WARN] PackLoader:240 - Cannot read IP mode file for STMicroelectronics.X-CUBE-SMBUS.2.1.0
2024-12-03 17:36:06,075 [WARN] PackLoader:240 - Cannot read IP mode file for STMicroelectronics.X-CUBE-WB05N.1.1.0
2024-12-03 17:36:06,151 [WARN] PackLoader:240 - Cannot read IP mode file for STMicroelectronics.X-CUBE-AZRTOS-F7.1.1.0
2024-12-03 17:36:06,315 [WARN] PackLoader:240 - Cannot read IP mode file for STMicroelectronics.X-CUBE-MEMS1.11.0.0
2024-12-03 17:36:06,551 [WARN] PackLoader:240 - Cannot read IP mode file for STMicroelectronics.FP-SNS-FLIGHT1.5.0.2
2024-12-03 17:36:06,589 [WARN] PackLoader:240 - Cannot read IP mode file for STMicroelectronics.X-CUBE-DISPLAY.3.0.0
2024-12-03 17:36:06,626 [WARN] PackLoader:240 - Cannot read IP mode file for STMicroelectronics.X-CUBE-BLE1.7.0.0
2024-12-03 17:36:06,651 [WARN] PackLoader:240 - Cannot read IP mode file for STMicroelectronics.X-CUBE-NFC10.1.0.0
2024-12-03 17:36:06,711 [WARN] PackLoader:240 - Cannot read IP mode file for emotas.I-CUBE-CANOPEN.1.3.0
2024-12-03 17:36:06,767 [WARN] PackLoader:240 - Cannot read IP mode file for STMicroelectronics.X-CUBE-BLEMGR.3.1.0
2024-12-03 17:36:06,781 [WARN] PackLoader:240 - Cannot read IP mode file for STMicroelectronics.FP-SNS-SMARTAG2.1.2.0
2024-12-03 17:36:06,804 [INFO] LogOutputStream:77 - [STDOUT_REDIRECT] 1 : Invalid condition id : UX_CORESTACK_Condition cause : null
2024-12-03 17:36:06,807 [INFO] LogOutputStream:77 - [STDOUT_REDIRECT] 1 : Invalid condition id : UX_CORESTACK_Condition cause : null
2024-12-03 17:36:06,807 [INFO] LogOutputStream:77 - [STDOUT_REDIRECT] 1 : Invalid condition id : UX_CORESTACK_Condition cause : null
2024-12-03 17:36:06,807 [INFO] LogOutputStream:77 - [STDOUT_REDIRECT] 1 : Invalid condition id : UX_CORESTACK_Condition cause : null
2024-12-03 17:36:06,807 [INFO] LogOutputStream:77 - [STDOUT_REDIRECT] 1 : Invalid condition id : UX_CORESTACK_Condition cause : null
2024-12-03 17:36:06,823 [WARN] PackLoader:240 - Cannot read IP mode file for STMicroelectronics.X-CUBE-AZRTOS-WL.2.0.0
2024-12-03 17:36:06,835 [WARN] PackLoader:240 - Cannot read IP mode file for STMicroelectronics.FP-SNS-MOTENV1.5.0.0
2024-12-03 17:36:06,843 [WARN] PackLoader:240 - Cannot read IP mode file for wolfSSL.I-CUBE-wolfMQTT.1.19.0
2024-12-03 17:36:06,856 [WARN] PackLoader:240 - Cannot read IP mode file for WES.I-CUBE-Cesium.1.3.0
2024-12-03 17:36:06,861 [WARN] PackLoader:240 - Cannot read IP mode file for STMicroelectronics.X-CUBE-BLE2.3.3.0
2024-12-03 17:36:06,873 [WARN] PackLoader:240 - Cannot read IP mode file for STMicroelectronics.X-CUBE-NFC9.1.0.0
2024-12-03 17:36:06,887 [WARN] PackLoader:240 - Cannot read IP mode file for STMicroelectronics.X-CUBE-TCPP.4.1.0
2024-12-03 17:36:06,914 [WARN] PackLoader:240 - Cannot read IP mode file for STMicroelectronics.X-CUBE-AZRTOS-G0.1.1.0
2024-12-03 17:36:06,926 [WARN] PackLoader:240 - Cannot read IP mode file for STMicroelectronics.X-CUBE-SAFEA1.1.2.2
2024-12-03 17:36:06,952 [WARN] PackLoader:240 - Cannot read IP mode file for STMicroelectronics.X-CUBE-NFC4.3.0.0
2024-12-03 17:36:06,969 [WARN] PackLoader:240 - Cannot read IP mode file for EmbeddedOffice.I-CUBE-FS-RTOS.1.0.1
2024-12-03 17:36:06,970 [ERROR] ConditionMgr:805 - Attr not supported : Dmpu
2024-12-03 17:36:06,971 [ERROR] ConditionMgr:805 - Attr not supported : Dmpu
2024-12-03 17:36:06,971 [ERROR] ConditionMgr:805 - Attr not supported : Dmpu
2024-12-03 17:36:06,971 [ERROR] ConditionMgr:805 - Attr not supported : Dmpu
2024-12-03 17:36:06,971 [ERROR] ConditionMgr:805 - Attr not supported : Dmpu
2024-12-03 17:36:06,971 [ERROR] ConditionMgr:805 - Attr not supported : Dmpu
2024-12-03 17:36:06,971 [ERROR] ConditionMgr:805 - Attr not supported : Dmpu
2024-12-03 17:36:06,971 [ERROR] ConditionMgr:805 - Attr not supported : Dmpu
2024-12-03 17:36:06,971 [ERROR] ConditionMgr:805 - Attr not supported : Dmpu
2024-12-03 17:36:06,971 [ERROR] ConditionMgr:805 - Attr not supported : Dmpu
2024-12-03 17:36:06,971 [ERROR] ConditionMgr:805 - Attr not supported : Dmpu
2024-12-03 17:36:06,971 [ERROR] ConditionMgr:805 - Attr not supported : Dmpu
2024-12-03 17:36:06,971 [ERROR] ConditionMgr:805 - Attr not supported : Dmpu
2024-12-03 17:36:06,971 [ERROR] ConditionMgr:805 - Attr not supported : Dmpu
2024-12-03 17:36:06,971 [ERROR] ConditionMgr:805 - Attr not supported : Dmpu
2024-12-03 17:36:06,971 [ERROR] ConditionMgr:805 - Attr not supported : Dmpu
2024-12-03 17:36:06,971 [ERROR] ConditionMgr:805 - Attr not supported : Dmpu
2024-12-03 17:36:06,972 [ERROR] ConditionMgr:805 - Attr not supported : Dmpu
2024-12-03 17:36:06,972 [ERROR] ConditionMgr:805 - Attr not supported : Dmpu
2024-12-03 17:36:06,972 [ERROR] ConditionMgr:805 - Attr not supported : Dmpu
2024-12-03 17:36:06,972 [ERROR] ConditionMgr:805 - Attr not supported : Dmpu
2024-12-03 17:36:06,972 [ERROR] ConditionMgr:805 - Attr not supported : Dmpu
2024-12-03 17:36:06,972 [ERROR] ConditionMgr:805 - Attr not supported : Dmpu
2024-12-03 17:36:06,972 [ERROR] ConditionMgr:805 - Attr not supported : Dmpu
2024-12-03 17:36:06,972 [ERROR] ConditionMgr:805 - Attr not supported : Dmpu
2024-12-03 17:36:06,972 [ERROR] ConditionMgr:805 - Attr not supported : Dmpu
2024-12-03 17:36:06,973 [ERROR] ConditionMgr:805 - Attr not supported : Dmpu
2024-12-03 17:36:06,973 [ERROR] ConditionMgr:805 - Attr not supported : Dmpu
2024-12-03 17:36:06,973 [ERROR] ConditionMgr:805 - Attr not supported : Dmpu
2024-12-03 17:36:06,973 [ERROR] ConditionMgr:805 - Attr not supported : Dmpu
2024-12-03 17:36:06,973 [ERROR] ConditionMgr:805 - Attr not supported : Dmpu
2024-12-03 17:36:06,973 [ERROR] ConditionMgr:805 - Attr not supported : Dmpu
2024-12-03 17:36:06,973 [ERROR] ConditionMgr:805 - Attr not supported : Dmpu
2024-12-03 17:36:06,973 [ERROR] ConditionMgr:805 - Attr not supported : Dmpu
2024-12-03 17:36:06,973 [ERROR] ConditionMgr:805 - Attr not supported : Dmpu
2024-12-03 17:36:06,973 [ERROR] ConditionMgr:805 - Attr not supported : Dmpu
2024-12-03 17:36:06,974 [ERROR] ConditionMgr:805 - Attr not supported : Dmpu
2024-12-03 17:36:06,975 [ERROR] ConditionMgr:805 - Attr not supported : Dmpu
2024-12-03 17:36:06,975 [ERROR] ConditionMgr:805 - Attr not supported : Dmpu
2024-12-03 17:36:06,975 [ERROR] ConditionMgr:805 - Attr not supported : Dmpu
2024-12-03 17:36:06,975 [ERROR] ConditionMgr:805 - Attr not supported : Dmpu
2024-12-03 17:36:06,975 [ERROR] ConditionMgr:805 - Attr not supported : Dmpu
2024-12-03 17:36:06,975 [ERROR] ConditionMgr:805 - Attr not supported : Dmpu
2024-12-03 17:36:06,975 [ERROR] ConditionMgr:805 - Attr not supported : Dmpu
2024-12-03 17:36:06,975 [ERROR] ConditionMgr:805 - Attr not supported : Dmpu
2024-12-03 17:36:06,975 [ERROR] ConditionMgr:805 - Attr not supported : Dmpu
2024-12-03 17:36:06,975 [ERROR] ConditionMgr:805 - Attr not supported : Dmpu
2024-12-03 17:36:06,975 [ERROR] ConditionMgr:805 - Attr not supported : Dmpu
2024-12-03 17:36:06,975 [ERROR] ConditionMgr:805 - Attr not supported : Dmpu
2024-12-03 17:36:06,975 [ERROR] ConditionMgr:805 - Attr not supported : Dmpu
2024-12-03 17:36:06,975 [ERROR] ConditionMgr:805 - Attr not supported : Dmpu
2024-12-03 17:36:06,975 [ERROR] ConditionMgr:805 - Attr not supported : Dmpu
2024-12-03 17:36:06,975 [ERROR] ConditionMgr:805 - Attr not supported : Dmpu
2024-12-03 17:36:06,975 [ERROR] ConditionMgr:805 - Attr not supported : Dmpu
2024-12-03 17:36:06,975 [ERROR] ConditionMgr:805 - Attr not supported : Dmpu
2024-12-03 17:36:06,975 [ERROR] ConditionMgr:805 - Attr not supported : Dmpu
2024-12-03 17:36:06,976 [ERROR] ConditionMgr:805 - Attr not supported : Dmpu
2024-12-03 17:36:06,976 [ERROR] ConditionMgr:805 - Attr not supported : Dmpu
2024-12-03 17:36:06,976 [ERROR] ConditionMgr:805 - Attr not supported : Dmpu
2024-12-03 17:36:06,976 [ERROR] ConditionMgr:805 - Attr not supported : Dmpu
2024-12-03 17:36:06,976 [ERROR] ConditionMgr:805 - Attr not supported : Dmpu
2024-12-03 17:36:06,976 [ERROR] ConditionMgr:805 - Attr not supported : Dmpu
2024-12-03 17:36:06,976 [ERROR] ConditionMgr:805 - Attr not supported : Dmpu
2024-12-03 17:36:06,976 [ERROR] ConditionMgr:805 - Attr not supported : Dmpu
2024-12-03 17:36:06,983 [WARN] PackLoader:240 - Cannot read IP mode file for RealThread.X-CUBE-RT-Thread_Nano.4.1.1
2024-12-03 17:36:06,996 [WARN] PackLoader:240 - Cannot read IP mode file for STMicroelectronics.FP-ATR-SIGFOX1.3.2.0
2024-12-03 17:36:07,014 [WARN] PackLoader:240 - Cannot read IP mode file for wolfSSL.I-CUBE-wolfSSL.5.7.2
2024-12-03 17:36:07,018 [WARN] ConditionMgr:438 - getConditionDescription Invalid condition id : Cortex-A Device cause : null
2024-12-03 17:36:07,039 [WARN] ConditionMgr:1039 - genDependencies : Invalid condition id : Cortex-A Device cause : null
2024-12-03 17:36:07,039 [WARN] ConditionMgr:1039 - genDependencies : Invalid condition id : Cortex-A Device cause : null
2024-12-03 17:36:07,039 [WARN] ConditionMgr:1039 - genDependencies : Invalid condition id : Cortex-A Device cause : null
2024-12-03 17:36:07,058 [WARN] PackLoader:240 - Cannot read IP mode file for STMicroelectronics.X-CUBE-EEPRMA1.5.1.0
2024-12-03 17:36:07,078 [WARN] PackLoader:240 - Cannot read IP mode file for ITTIA_DB.I-CUBE-ITTIADB.8.9.0
2024-12-03 17:36:07,236 [WARN] PackLoader:240 - Cannot read IP mode file for SEGGER.I-CUBE-embOS.1.3.1
2024-12-03 17:36:07,352 [WARN] PackLoader:240 - Cannot read IP mode file for STMicroelectronics.X-CUBE-ALGOBUILD.1.4.0
2024-12-03 17:36:07,359 [WARN] PackLoader:240 - Cannot read IP mode file for STMicroelectronics.X-CUBE-AI.9.1.0
2024-12-03 17:36:07,381 [WARN] PackLoader:240 - Cannot read IP mode file for STMicroelectronics.X-CUBE-AZRTOS-F4.1.1.0
2024-12-03 17:36:07,400 [WARN] PackLoader:240 - Cannot read IP mode file for STMicroelectronics.X-CUBE-ISPU.2.1.0
2024-12-03 17:36:07,413 [WARN] PackLoader:240 - Cannot read IP mode file for STMicroelectronics.X-CUBE-FREERTOS.1.2.0
2024-12-03 17:36:07,433 [WARN] PackLoader:240 - Cannot read IP mode file for STMicroelectronics.X-CUBE-AZRTOS-L5.2.0.0
2024-12-03 17:36:07,445 [WARN] PackLoader:240 - Cannot read IP mode file for STMicroelectronics.X-CUBE-NFC6.3.1.0
2024-12-03 17:36:07,454 [WARN] PackLoader:240 - Cannot read IP mode file for STMicroelectronics.X-CUBE-DPower.1.2.0
2024-12-03 17:36:07,459 [WARN] PackLoader:240 - Cannot read IP mode file for STMicroelectronics.X-CUBE-NFC7.1.0.1
2024-12-03 17:36:07,485 [WARN] ConditionMgr:438 - getConditionDescription Invalid condition id : LAN8742 Phy interface Condition cause : null
2024-12-03 17:36:07,486 [WARN] PackLoader:240 - Cannot read IP mode file for STMicroelectronics.X-CUBE-AZRTOS-L4.2.0.0
2024-12-03 17:36:07,489 [WARN] ConditionMgr:1039 - genDependencies : Invalid condition id : LAN8742 Phy interface Condition cause : null
2024-12-03 17:36:07,489 [WARN] ConditionMgr:1039 - genDependencies : Invalid condition id : LAN8742 Phy interface Condition cause : null
2024-12-03 17:36:07,490 [WARN] ConditionMgr:1039 - genDependencies : Invalid condition id : LAN8742 Phy interface Condition cause : null
2024-12-03 17:36:07,500 [WARN] PackLoader:240 - Cannot read IP mode file for STMicroelectronics.X-CUBE-SFXS2LP1.4.0.0
2024-12-03 17:36:07,529 [WARN] PackLoader:240 - Cannot read IP mode file for STMicroelectronics.X-CUBE-AZRTOS-H7.3.3.0
2024-12-03 17:36:07,554 [WARN] PackLoader:240 - Cannot read IP mode file for STMicroelectronics.X-CUBE-IPS.3.0.0
2024-12-03 17:36:07,579 [WARN] ConditionMgr:438 - getConditionDescription Invalid condition id : UX DEVICE CLASS RTOS Condition cause : null
2024-12-03 17:36:07,579 [WARN] ConditionMgr:438 - getConditionDescription Invalid condition id : UX DEVICE CLASS RTOS Condition cause : null
2024-12-03 17:36:07,583 [WARN] PackLoader:240 - Cannot read IP mode file for STMicroelectronics.X-CUBE-AZRTOS-WB.2.0.0
2024-12-03 17:36:07,587 [WARN] ConditionMgr:1039 - genDependencies : Invalid condition id : UX DEVICE CLASS RTOS Condition cause : null
2024-12-03 17:36:07,587 [WARN] ConditionMgr:1039 - genDependencies : Invalid condition id : UX DEVICE CLASS RTOS Condition cause : null
2024-12-03 17:36:07,588 [WARN] ConditionMgr:1039 - genDependencies : Invalid condition id : UX DEVICE CLASS RTOS Condition cause : null
2024-12-03 17:36:07,589 [WARN] ConditionMgr:1039 - genDependencies : Invalid condition id : UX DEVICE CLASS RTOS Condition cause : null
2024-12-03 17:36:07,589 [WARN] ConditionMgr:1039 - genDependencies : Invalid condition id : UX DEVICE CLASS RTOS Condition cause : null
2024-12-03 17:36:07,599 [WARN] PackLoader:240 - Cannot read IP mode file for STMicroelectronics.X-CUBE-GNSS1.7.0.0
2024-12-03 17:36:07,611 [WARN] PackLoader:240 - Cannot read IP mode file for STMicroelectronics.FP-SNS-STBOX1.2.0.0
2024-12-03 17:36:07,630 [WARN] PackLoader:240 - Cannot read IP mode file for STMicroelectronics.X-CUBE-SUBG2.5.0.0
2024-12-03 17:36:07,639 [WARN] PackLoader:240 - Cannot read IP mode file for Cesanta.I-CUBE-Mongoose.7.13.0
2024-12-03 17:36:07,655 [WARN] PackLoader:240 - Cannot read IP mode file for STMicroelectronics.X-CUBE-AZRTOS-G4.2.0.0
2024-12-03 17:36:07,660 [WARN] PackLoader:240 - Cannot read IP mode file for STMicroelectronics.X-CUBE-ALS.1.0.2
2024-12-03 17:36:07,671 [WARN] PackLoader:240 - Cannot read IP mode file for STMicroelectronics.X-CUBE-TOUCHGFX.4.24.1
2024-12-03 17:36:07,673 [WARN] PackLoader:240 - Cannot read IP mode file for wolfSSL.I-CUBE-wolfTPM.3.4.0
2024-12-03 17:36:07,677 [WARN] PackLoader:240 - Cannot read IP mode file for portGmbH.I-Cube-SoM-uGOAL.1.1.0
2024-12-03 17:36:07,697 [WARN] PackLoader:240 - Cannot read IP mode file for STMicroelectronics.X-CUBE-AZRTOS-H7RS.1.0.0
2024-12-03 17:36:07,706 [WARN] PackLoader:240 - Cannot read IP mode file for STMicroelectronics.FP-ATR-ASTRA1.2.0.0
2024-12-03 17:36:07,732 [WARN] PackLoader:240 - Cannot read IP mode file for STMicroelectronics.X-CUBE-TOF1.3.4.2
2024-12-03 17:36:07,802 [WARN] PackLoader:240 - Cannot read IP mode file for Infineon.AIROC-Wi-Fi-Bluetooth-STM32.1.6.1
2024-12-03 17:36:07,828 [WARN] PackLoader:240 - Cannot read IP mode file for wolfSSL.I-CUBE-wolfSSH.1.4.17
2024-12-03 17:36:07,835 [INFO] ThirdParty:978 - Integrity check success = true
2024-12-03 17:36:07,835 [INFO] IntegrityCheckThread:100 - exiting critical section [integrity check]
2024-12-03 17:36:07,835 [INFO] IntegrityCheckThread:103 - End integrity checks thread
2024-12-03 17:36:10,478 [INFO] WebApp:167 - Instantiating new browser for Auth
2024-12-03 17:36:12,238 [INFO] WebApp:448 - Apply proxy settings
2024-12-03 17:36:12,249 [INFO] WebApp:493 - Chromium authenticates against Manually configured proxy
2024-12-03 17:36:12,272 [INFO] WebApp:501 - Username used for proxy authentication: 
2024-12-03 17:36:12,342 [INFO] WebApp:869 - Register for checkConnection events
2024-12-03 17:36:12,342 [INFO] WebApp:448 - Apply proxy settings
2024-12-03 17:36:12,344 [INFO] WebApp:493 - Chromium authenticates against Manually configured proxy
2024-12-03 17:36:12,344 [INFO] WebApp:501 - Username used for proxy authentication: 
2024-12-03 17:36:12,524 [INFO] WebApp:220 - Starting web application
2024-12-03 17:36:12,524 [INFO] WebApp:578 - Web application path used /Applications/STM32CubeIDE.app/Contents/Eclipse/plugins/com.st.stm32cube.common.mx_6.12.1.202409122256/db/plugins/mcufinder/reactClient1/index.html
2024-12-03 17:36:13,043 [INFO] WebApp:186 - Connection restablished
2024-12-03 17:59:51,287 [ERROR] LogOutputStream:75 - [STDERR_REDIRECT] 
