2024-11-15 09:10:34,478 [INFO] Activator:176 - 


2024-11-15 09:10:34,486 [INFO] Activator:177 - !SESSION log4j initialized
2024-11-15 09:10:38,990 [INFO] LogOutputStream:77 - [STDOUT_REDIRECT] 
2024-11-15 09:10:40,845 [ERROR] LogOutputStream:75 - [STDERR_REDIRECT] 
2024-11-15 09:10:43,316 [INFO] LogOutputStream:77 - [STDOUT_REDIRECT] 
2024-11-15 09:10:44,761 [INFO] ApplicationProperties:184 - Using Application install path: /Applications/STM32CubeIDE.app/Contents/Eclipse/plugins/com.st.stm32cube.common.mx_6.12.1.202409122256
2024-11-15 09:10:44,780 [INFO] DbMcusXml:78 - Set database path to: /Applications/STM32CubeIDE.app/Contents/Eclipse/plugins/com.st.stm32cube.common.mx_6.12.1.202409122256//db//mcu/
2024-11-15 09:10:44,781 [INFO] ApiDb:274 - Set plugin database path to: /Applications/STM32CubeIDE.app/Contents/Eclipse/plugins/com.st.stm32cube.common.mx_6.12.1.202409122256//db//plugins/boardmanager/
2024-11-15 09:10:44,781 [WARN] ApiDb:259 - Overriding images path with different value:  => /Applications/STM32CubeIDE.app/Contents/Eclipse/plugins/com.st.stm32cube.common.mx_6.12.1.202409122256//db//plugins/mcufinder/images/
2024-11-15 09:10:44,790 [INFO] ApiDb:250 - Set database path to: /var/root/.stmcufinder/plugins/mcufinder//mcu/
2024-11-15 09:10:44,791 [INFO] DbMcusAds:125 - Set database path to: /var/root/.stmcufinder/plugins/mcufinder//mcu/
2024-11-15 09:10:44,794 [INFO] CrossReferenceDbSqlite:203 - Set database path to: /var/root/.stmcufinder/plugins/mcufinder//mcu/cs/
2024-11-15 09:10:44,980 [INFO] RulesReader:64 - Compatibility file has been processed (297 Rules)
2024-11-15 09:10:45,043 [INFO] DbMcusXml:78 - Set database path to: /Applications/STM32CubeIDE.app/Contents/Eclipse/plugins/com.st.stm32cube.common.mx_6.12.1.202409122256//db//mcu/
2024-11-15 09:10:45,043 [INFO] ApiDb:274 - Set plugin database path to: /Applications/STM32CubeIDE.app/Contents/Eclipse/plugins/com.st.stm32cube.common.mx_6.12.1.202409122256//db//plugins/boardmanager/
2024-11-15 09:10:45,044 [INFO] ApiDb:261 - Set plugin images path to: /Applications/STM32CubeIDE.app/Contents/Eclipse/plugins/com.st.stm32cube.common.mx_6.12.1.202409122256//db//plugins/mcufinder/images/
2024-11-15 09:10:45,044 [WARN] DbFile:41 - Overriding database path with different value: /var/root/.stmcufinder/plugins/mcufinder/ => /var/root/.stmcufinder/plugins/mcufinder
2024-11-15 09:10:45,044 [INFO] ApiDb:250 - Set database path to: /var/root/.stmcufinder/plugins/mcufinder//mcu/
2024-11-15 09:10:45,044 [WARN] DbFile:41 - Overriding database path with different value: /var/root/.stmcufinder/plugins/mcufinder/ => /var/root/.stmcufinder/plugins/mcufinder
2024-11-15 09:10:45,045 [INFO] DbMcusAds:125 - Set database path to: /var/root/.stmcufinder/plugins/mcufinder//mcu/
2024-11-15 09:10:45,045 [WARN] DbFile:41 - Overriding database path with different value: /var/root/.stmcufinder/plugins/mcufinder/ => /var/root/.stmcufinder/plugins/mcufinder
2024-11-15 09:10:45,045 [WARN] DbFile:41 - Overriding database path with different value: /var/root/.stmcufinder/plugins/mcufinder/ => /var/root/.stmcufinder/plugins/mcufinder
2024-11-15 09:10:45,045 [INFO] CrossReferenceDbSqlite:203 - Set database path to: /var/root/.stmcufinder/plugins/mcufinder//mcu/cs/
2024-11-15 09:10:45,155 [INFO] MainPanel:268 - HeapMemory: 268435456
2024-11-15 09:10:45,918 [INFO] DbMcusXml:78 - Set database path to: /Applications/STM32CubeIDE.app/Contents/Eclipse/plugins/com.st.stm32cube.common.mx_6.12.1.202409122256//db//mcu/
2024-11-15 09:10:45,919 [INFO] ApiDb:274 - Set plugin database path to: /Applications/STM32CubeIDE.app/Contents/Eclipse/plugins/com.st.stm32cube.common.mx_6.12.1.202409122256//db//plugins/boardmanager/
2024-11-15 09:10:45,919 [INFO] ApiDb:261 - Set plugin images path to: /Applications/STM32CubeIDE.app/Contents/Eclipse/plugins/com.st.stm32cube.common.mx_6.12.1.202409122256//db//plugins/mcufinder/images/
2024-11-15 09:10:45,920 [WARN] DbFile:41 - Overriding database path with different value: /var/root/.stmcufinder/plugins/mcufinder/ => /var/root/.stmcufinder/plugins/mcufinder
2024-11-15 09:10:45,920 [INFO] ApiDb:250 - Set database path to: /var/root/.stmcufinder/plugins/mcufinder//mcu/
2024-11-15 09:10:45,920 [WARN] DbFile:41 - Overriding database path with different value: /var/root/.stmcufinder/plugins/mcufinder/ => /var/root/.stmcufinder/plugins/mcufinder
2024-11-15 09:10:45,920 [INFO] DbMcusAds:125 - Set database path to: /var/root/.stmcufinder/plugins/mcufinder//mcu/
2024-11-15 09:10:45,920 [WARN] DbFile:41 - Overriding database path with different value: /var/root/.stmcufinder/plugins/mcufinder/ => /var/root/.stmcufinder/plugins/mcufinder
2024-11-15 09:10:45,920 [WARN] DbFile:41 - Overriding database path with different value: /var/root/.stmcufinder/plugins/mcufinder/ => /var/root/.stmcufinder/plugins/mcufinder
2024-11-15 09:10:45,920 [INFO] CrossReferenceDbSqlite:203 - Set database path to: /var/root/.stmcufinder/plugins/mcufinder//mcu/cs/
2024-11-15 09:10:45,939 [INFO] ApplicationProperties:184 - Using Application install path: /Applications/STM32CubeIDE.app/Contents/Eclipse/plugins/com.st.stm32cube.common.mx_6.12.1.202409122256
2024-11-15 09:10:45,940 [INFO] PluginManage:196 - Search for loadable plugins [exclusion list=, ]
2024-11-15 09:10:45,942 [INFO] PluginManage:310 - Check plugin analytics
2024-11-15 09:10:46,199 [INFO] AnalyticsPlugin:253 - Accepted Software Licenses: 
2024-11-15 09:10:46,200 [INFO] AnalyticsPlugin:255 - Accepted CMSIS Pack Licenses: 
2024-11-15 09:10:46,200 [INFO] AnalyticsPlugin:257 - Accepted Firmware Licenses: 
2024-11-15 09:10:46,209 [INFO] PluginManage:359 - Loaded plugin analytics (category:tool,tabindex:-1)
2024-11-15 09:10:46,209 [INFO] PluginManage:310 - Check plugin cadmodel
2024-11-15 09:10:46,332 [INFO] CADModel:105 - Init CAD model plugin
2024-11-15 09:10:46,334 [INFO] PluginManage:359 - Loaded plugin cadmodel (category:power,tabindex:5)
2024-11-15 09:10:46,336 [INFO] PluginManage:310 - Check plugin clock
2024-11-15 09:10:46,365 [INFO] PluginManage:359 - Loaded plugin clock (category:base,tabindex:2)
2024-11-15 09:10:46,366 [INFO] PluginManage:310 - Check plugin ddr
2024-11-15 09:10:46,370 [INFO] PluginManage:359 - Loaded plugin ddr (category:tool,tabindex:6)
2024-11-15 09:10:46,371 [INFO] PluginManage:310 - Check plugin filemanager
2024-11-15 09:10:46,620 [INFO] PluginManage:359 - Loaded plugin filemanager (category:base,tabindex:10)
2024-11-15 09:10:46,622 [INFO] PluginManage:310 - Check plugin ipmanager
2024-11-15 09:10:46,633 [INFO] PluginManage:359 - Loaded plugin ipmanager (category:base,tabindex:5)
2024-11-15 09:10:46,633 [INFO] PluginManage:310 - Check plugin lpbam
2024-11-15 09:10:46,647 [INFO] PluginManage:359 - Loaded plugin lpbam (category:base,tabindex:0)
2024-11-15 09:10:46,648 [INFO] PluginManage:310 - Check plugin memorymap
2024-11-15 09:10:46,658 [INFO] PluginManage:359 - Loaded plugin memorymap (category:base,tabindex:4)
2024-11-15 09:10:46,658 [INFO] PluginManage:310 - Check plugin pinoutandconfiguration
2024-11-15 09:10:46,665 [INFO] PluginManage:359 - Loaded plugin pinoutandconfiguration (category:base,tabindex:1)
2024-11-15 09:10:46,665 [INFO] PluginManage:310 - Check plugin pinoutconfig
2024-11-15 09:10:46,823 [WARN] SupportedApi:132 - Cannot load RTOS API schema: s4s-elt-must-match.1: The content of 'definitions' must match (annotation?, (simpleType | complexType)?, (unique | key | keyref)*)). A problem was found starting at: attribute.
2024-11-15 09:10:47,039 [INFO] PluginManage:359 - Loaded plugin pinoutconfig (category:base,tabindex:0)
2024-11-15 09:10:47,039 [INFO] PluginManage:310 - Check plugin power
2024-11-15 09:10:47,050 [INFO] PluginManage:359 - Loaded plugin power (category:power,tabindex:4)
2024-11-15 09:10:47,051 [INFO] PluginManage:310 - Check plugin projectmanager
2024-11-15 09:10:47,078 [INFO] PluginManage:359 - Loaded plugin projectmanager (category:projectmanager,tabindex:4)
2024-11-15 09:10:47,079 [INFO] PluginManage:310 - Check plugin rif
2024-11-15 09:10:47,083 [INFO] PluginManage:359 - Loaded plugin rif (category:base,tabindex:3)
2024-11-15 09:10:47,083 [INFO] PluginManage:310 - Check plugin thirdparty
2024-11-15 09:10:47,234 [INFO] PluginManage:359 - Loaded plugin thirdparty (category:base,tabindex:-1)
2024-11-15 09:10:47,235 [INFO] PluginManage:310 - Check plugin tools
2024-11-15 09:10:47,234 [WARN] IntegrityCheckThread:84 - waiting for thirdparty lock release [integrity check]
2024-11-15 09:10:47,237 [INFO] IntegrityCheckThread:86 - entering critical section [integrity check]
2024-11-15 09:10:47,239 [INFO] ThirdPartyUpdaterWithRetryManager:70 - Updater plugin not ready yet. [1/15]
2024-11-15 09:10:47,241 [INFO] PluginManage:359 - Loaded plugin tools (category:base,tabindex:7)
2024-11-15 09:10:47,241 [INFO] PluginManage:310 - Check plugin tutovideos
2024-11-15 09:10:47,429 [INFO] PluginManage:359 - Loaded plugin tutovideos (category:base,tabindex:-1)
2024-11-15 09:10:47,431 [INFO] PluginManage:310 - Check plugin updater
2024-11-15 09:10:47,525 [INFO] PluginManage:359 - Loaded plugin updater (category:base,tabindex:12)
2024-11-15 09:10:47,525 [INFO] PluginManage:310 - Check plugin userauth
2024-11-15 09:10:47,532 [INFO] UserAuth:113 - Init User Auth plugin
2024-11-15 09:10:47,533 [INFO] PluginManage:359 - Loaded plugin userauth (category:base,tabindex:14)
2024-11-15 09:10:47,534 [INFO] PluginManage:283 - PluginManage : Loaded plugins [18]
2024-11-15 09:10:47,819 [INFO] PinOutPanel:1561 - setPackage(No Configuration,No Configuration)
2024-11-15 09:10:47,915 [INFO] CADModel:165 - CPN selected for project level
2024-11-15 09:10:47,916 [INFO] CADModel:114 - Register for checkConnection events
2024-11-15 09:10:47,927 [INFO] IPUIPlugin:80 - create IPUIPlugin
2024-11-15 09:10:47,928 [INFO] PluginManager:220 - loadIPPluginJar : add mdma
2024-11-15 09:10:47,932 [INFO] IPUIPlugin:80 - create IPUIPlugin
2024-11-15 09:10:47,933 [INFO] PluginManager:220 - loadIPPluginJar : add freertos
2024-11-15 09:10:47,936 [INFO] IPUIPlugin:80 - create IPUIPlugin
2024-11-15 09:10:47,936 [INFO] PluginManager:220 - loadIPPluginJar : add gic
2024-11-15 09:10:47,944 [INFO] IPUIPlugin:80 - create IPUIPlugin
2024-11-15 09:10:47,944 [INFO] PluginManager:220 - loadIPPluginJar : add adc
2024-11-15 09:10:47,948 [INFO] IPUIPlugin:80 - create IPUIPlugin
2024-11-15 09:10:47,948 [INFO] PluginManager:220 - loadIPPluginJar : add gtzc
2024-11-15 09:10:47,949 [INFO] IPUIPlugin:80 - create IPUIPlugin
2024-11-15 09:10:47,949 [INFO] PluginManager:220 - loadIPPluginJar : add quadspi
2024-11-15 09:10:47,951 [INFO] IPUIPlugin:80 - create IPUIPlugin
2024-11-15 09:10:47,951 [INFO] PluginManager:220 - loadIPPluginJar : add aes
2024-11-15 09:10:47,954 [INFO] IPUIPlugin:80 - create IPUIPlugin
2024-11-15 09:10:47,954 [INFO] PluginManager:220 - loadIPPluginJar : add pdm2pcm
2024-11-15 09:10:47,955 [INFO] IPUIPlugin:80 - create IPUIPlugin
2024-11-15 09:10:47,955 [INFO] PluginManager:220 - loadIPPluginJar : add hash
2024-11-15 09:10:47,956 [INFO] IPUIPlugin:80 - create IPUIPlugin
2024-11-15 09:10:47,956 [INFO] PluginManager:220 - loadIPPluginJar : add tim
2024-11-15 09:10:47,957 [INFO] IPUIPlugin:80 - create IPUIPlugin
2024-11-15 09:10:47,958 [INFO] PluginManager:220 - loadIPPluginJar : add tsc
2024-11-15 09:10:47,960 [INFO] IPUIPlugin:80 - create IPUIPlugin
2024-11-15 09:10:47,960 [INFO] PluginManager:220 - loadIPPluginJar : add extmemmanager
2024-11-15 09:10:47,961 [INFO] IPUIPlugin:80 - create IPUIPlugin
2024-11-15 09:10:47,962 [INFO] PluginManager:220 - loadIPPluginJar : add ts
2024-11-15 09:10:47,964 [INFO] IPUIPlugin:80 - create IPUIPlugin
2024-11-15 09:10:47,964 [INFO] PluginManager:220 - loadIPPluginJar : add radio
2024-11-15 09:10:47,966 [INFO] IPUIPlugin:80 - create IPUIPlugin
2024-11-15 09:10:47,966 [INFO] PluginManager:220 - loadIPPluginJar : add can
2024-11-15 09:10:47,968 [INFO] IPUIPlugin:80 - create IPUIPlugin
2024-11-15 09:10:47,968 [INFO] PluginManager:220 - loadIPPluginJar : add dma3
2024-11-15 09:10:47,969 [INFO] IPUIPlugin:80 - create IPUIPlugin
2024-11-15 09:10:47,969 [INFO] PluginManager:220 - loadIPPluginJar : add dfsdm
2024-11-15 09:10:47,971 [INFO] IPUIPlugin:80 - create IPUIPlugin
2024-11-15 09:10:47,971 [INFO] PluginManager:220 - loadIPPluginJar : add spi
2024-11-15 09:10:47,972 [INFO] IPUIPlugin:80 - create IPUIPlugin
2024-11-15 09:10:47,972 [INFO] PluginManager:220 - loadIPPluginJar : add gfxmmu
2024-11-15 09:10:47,975 [INFO] IPUIPlugin:80 - create IPUIPlugin
2024-11-15 09:10:47,975 [INFO] PluginManager:220 - loadIPPluginJar : add genericplugin
2024-11-15 09:10:47,977 [INFO] IPUIPlugin:80 - create IPUIPlugin
2024-11-15 09:10:47,977 [INFO] PluginManager:220 - loadIPPluginJar : add cryp
2024-11-15 09:10:47,979 [INFO] IPUIPlugin:80 - create IPUIPlugin
2024-11-15 09:10:47,979 [INFO] PluginManager:220 - loadIPPluginJar : add gpio
2024-11-15 09:10:47,981 [INFO] IPUIPlugin:80 - create IPUIPlugin
2024-11-15 09:10:47,982 [INFO] PluginManager:220 - loadIPPluginJar : add ddr_ctrl_phy
2024-11-15 09:10:47,983 [INFO] IPUIPlugin:80 - create IPUIPlugin
2024-11-15 09:10:47,983 [INFO] PluginManager:220 - loadIPPluginJar : add comp
2024-11-15 09:10:47,985 [INFO] IPUIPlugin:80 - create IPUIPlugin
2024-11-15 09:10:47,985 [INFO] PluginManager:220 - loadIPPluginJar : add tracer_emb
2024-11-15 09:10:47,987 [INFO] IPUIPlugin:80 - create IPUIPlugin
2024-11-15 09:10:47,987 [INFO] PluginManager:220 - loadIPPluginJar : add openamp
2024-11-15 09:10:47,990 [INFO] IPUIPlugin:80 - create IPUIPlugin
2024-11-15 09:10:47,990 [INFO] PluginManager:220 - loadIPPluginJar : add stm32_wpan
2024-11-15 09:10:47,994 [INFO] IPUIPlugin:80 - create IPUIPlugin
2024-11-15 09:10:47,999 [INFO] PluginManager:220 - loadIPPluginJar : add plateformsettings
2024-11-15 09:10:48,001 [INFO] IPUIPlugin:80 - create IPUIPlugin
2024-11-15 09:10:48,001 [INFO] PluginManager:220 - loadIPPluginJar : add ipddr
2024-11-15 09:10:48,003 [INFO] IPUIPlugin:80 - create IPUIPlugin
2024-11-15 09:10:48,003 [INFO] PluginManager:220 - loadIPPluginJar : add usart
2024-11-15 09:10:48,004 [INFO] IPUIPlugin:80 - create IPUIPlugin
2024-11-15 09:10:48,004 [INFO] PluginManager:220 - loadIPPluginJar : add ltdc
2024-11-15 09:10:48,006 [INFO] IPUIPlugin:80 - create IPUIPlugin
2024-11-15 09:10:48,006 [INFO] PluginManager:220 - loadIPPluginJar : add nvic
2024-11-15 09:10:48,006 [INFO] IPUIPlugin:80 - create IPUIPlugin
2024-11-15 09:10:48,007 [INFO] PluginManager:220 - loadIPPluginJar : add fatfs
2024-11-15 09:10:48,012 [INFO] IPUIPlugin:80 - create IPUIPlugin
2024-11-15 09:10:48,012 [INFO] PluginManager:220 - loadIPPluginJar : add linkedlist
2024-11-15 09:10:48,017 [INFO] IPUIPlugin:80 - create IPUIPlugin
2024-11-15 09:10:48,017 [INFO] PluginManager:220 - loadIPPluginJar : add dma
2024-11-15 09:10:48,019 [INFO] IPUIPlugin:80 - create IPUIPlugin
2024-11-15 09:10:48,019 [INFO] PluginManager:220 - loadIPPluginJar : add fmc
2024-11-15 09:10:48,021 [INFO] IPUIPlugin:80 - create IPUIPlugin
2024-11-15 09:10:48,021 [INFO] PluginManager:220 - loadIPPluginJar : add i2s
2024-11-15 09:10:48,022 [INFO] IPUIPlugin:80 - create IPUIPlugin
2024-11-15 09:10:48,022 [INFO] PluginManager:220 - loadIPPluginJar : add ucpd
2024-11-15 09:10:48,023 [INFO] IPUIPlugin:80 - create IPUIPlugin
2024-11-15 09:10:48,023 [INFO] PluginManager:220 - loadIPPluginJar : add lorawan
2024-11-15 09:10:48,025 [INFO] IPUIPlugin:80 - create IPUIPlugin
2024-11-15 09:10:48,025 [INFO] PluginManager:220 - loadIPPluginJar : add opamp
2024-11-15 09:10:48,026 [INFO] IPUIPlugin:80 - create IPUIPlugin
2024-11-15 09:10:48,026 [INFO] PluginManager:220 - loadIPPluginJar : add i3c
2024-11-15 09:10:48,028 [INFO] IPUIPlugin:80 - create IPUIPlugin
2024-11-15 09:10:48,028 [INFO] PluginManager:220 - loadIPPluginJar : add touchsensing
2024-11-15 09:10:48,030 [INFO] IPUIPlugin:80 - create IPUIPlugin
2024-11-15 09:10:48,030 [INFO] PluginManager:220 - loadIPPluginJar : add i2c
2024-11-15 09:10:48,032 [INFO] IPUIPlugin:80 - create IPUIPlugin
2024-11-15 09:10:48,032 [INFO] PluginManager:220 - loadIPPluginJar : add resmgrutility
2024-11-15 09:10:48,035 [INFO] IPUIPlugin:80 - create IPUIPlugin
2024-11-15 09:10:48,035 [INFO] PluginManager:220 - loadIPPluginJar : add sai
2024-11-15 09:10:48,048 [INFO] IPUIPlugin:80 - create IPUIPlugin
2024-11-15 09:10:48,049 [INFO] PluginManager:220 - loadIPPluginJar : add usbx
2024-11-15 09:10:48,354 [INFO] CADModel:165 - CPN selected for project level
2024-11-15 09:10:48,357 [INFO] CADModel:114 - Register for checkConnection events
2024-11-15 09:10:48,358 [FATAL] Updater:334 - Updater called before beeing initialized
2024-11-15 09:10:48,358 [ERROR] CADModel:125 - Updater not yet initialized, retry later 
2024-11-15 09:10:48,430 [ERROR] LogOutputStream:75 - [STDERR_REDIRECT] [Fatal Error] :2:10: DOCTYPE is disallowed when the feature "http://apache.org/xml/features/disallow-doctype-decl" set to true.
2024-11-15 09:10:48,432 [ERROR] LogOutputStream:75 - [STDERR_REDIRECT] 
2024-11-15 09:10:48,784 [INFO] CADModel:165 - CPN selected for project level
2024-11-15 09:10:48,788 [INFO] CADModel:114 - Register for checkConnection events
2024-11-15 09:10:48,788 [FATAL] Updater:334 - Updater called before beeing initialized
2024-11-15 09:10:48,789 [ERROR] CADModel:125 - Updater not yet initialized, retry later 
2024-11-15 09:10:48,792 [FATAL] Updater:334 - Updater called before beeing initialized
2024-11-15 09:10:49,112 [FATAL] Updater:334 - Updater called before beeing initialized
2024-11-15 09:10:49,118 [INFO] DbMcusAds:53 - JSON generation date=Wed Sep 29 23:55:09 PDT 2021 (1632984909247)
2024-11-15 09:10:49,119 [FATAL] Updater:334 - Updater called before beeing initialized
2024-11-15 09:10:49,202 [WARN] DetailPanel:346 - Failed to get advertising image, set to default
2024-11-15 09:10:49,291 [FATAL] Updater:334 - Updater called before beeing initialized
2024-11-15 09:10:49,293 [FATAL] Updater:334 - Updater called before beeing initialized
2024-11-15 09:10:49,293 [FATAL] Updater:334 - Updater called before beeing initialized
2024-11-15 09:10:49,293 [WARN] DetailPanel:346 - Failed to get advertising image, set to default
2024-11-15 09:10:49,294 [FATAL] Updater:334 - Updater called before beeing initialized
2024-11-15 09:10:49,388 [ERROR] Updater:1164 - MainUpdater not yet initialized. External WinMGr cannot be set.
2024-11-15 09:10:49,393 [INFO] Updater:1100 - Updater Version found : 6.12.1
2024-11-15 09:10:49,408 [INFO] ApplicationProperties:184 - Using Application install path: /Applications/STM32CubeIDE.app/Contents/Eclipse/plugins/com.st.stm32cube.common.mx_6.12.1.202409122256
2024-11-15 09:10:49,863 [INFO] MainUpdater:2873 - connection check result : 10
2024-11-15 09:10:49,864 [INFO] MainUpdater:3567 - Updater definition file requires update
2024-11-15 09:10:49,866 [INFO] MainUpdater:290 - Updater Check For Update Now.
2024-11-15 09:10:49,866 [INFO] MicroXplorer:498 - Change Database Version : DB.6.0.121
2024-11-15 09:10:49,881 [INFO] McuFinderGlobals:63 - Set McuFinder mode to 2 (CubeIDE integrated)
2024-11-15 09:10:49,881 [INFO] UserAuth:179 - activating auth plugin
2024-11-15 09:10:49,909 [INFO] UserAuth:417 - Internet connection configuration mode: 1
2024-11-15 09:10:49,922 [INFO] JxBrowserEngine:152 - Initiate JxBrowser Engine with user profile folder
2024-11-15 09:10:50,074 [INFO] ServerAccessManage:473 - Download File updaters.zip
2024-11-15 09:10:50,247 [WARN] MainUpdater:1194 - Updater busy. Cannot search thirdparties
2024-11-15 09:10:50,251 [INFO] ThirdPartyUpdaterWithRetryManager:96 - Updater plugin is busy. [1/15]
2024-11-15 09:10:50,312 [INFO] FileExtend:240 - Unzip File : updaters.zip
2024-11-15 09:10:50,314 [INFO] FileExtend:255 - Standard Zip Deflate
2024-11-15 09:10:50,706 [INFO] ServerAccessManage:473 - Download File PacksControlFlags.xml
2024-11-15 09:10:50,872 [INFO] ServerAccessManage:473 - Download File cubemx.pidx
2024-11-15 09:10:51,352 [INFO] ServerAccessManage:473 - Download File STMicroelectronics.FP-ATR-ASTRA1.pdsc
2024-11-15 09:10:53,271 [WARN] MainUpdater:1194 - Updater busy. Cannot search thirdparties
2024-11-15 09:10:53,274 [INFO] ThirdPartyUpdaterWithRetryManager:96 - Updater plugin is busy. [2/15]
2024-11-15 09:10:53,547 [INFO] ServerAccessManage:473 - Download File quantropi.X-CUBE-qispace-sdk-base.pdsc
2024-11-15 09:10:53,876 [WARN] PackLoader:240 - Cannot read IP mode file for STMicroelectronics.FP-ATR-ASTRA1.2.0.1
2024-11-15 09:10:53,928 [WARN] ConditionMgr:438 - getConditionDescription Invalid condition id : Cortex-A Device cause : null
2024-11-15 09:10:53,984 [WARN] ConditionMgr:1039 - genDependencies : Invalid condition id : Cortex-A Device cause : null
2024-11-15 09:10:53,985 [WARN] ConditionMgr:1039 - genDependencies : Invalid condition id : Cortex-A Device cause : null
2024-11-15 09:10:53,985 [WARN] ConditionMgr:1039 - genDependencies : Invalid condition id : Cortex-A Device cause : null
2024-11-15 09:10:53,986 [INFO] PopulateThirdPartyThread:66 - Ending populate Thread
2024-11-15 09:10:53,989 [INFO] ThirdParty:1030 - CMSIS Pack Vendor :STMicroelectronics FP-ATR-ASTRA1 2.0.1
2024-11-15 09:10:53,990 [INFO] ThirdParty:1030 - CMSIS Pack Vendor :quantropi X-CUBE-qispace-sdk-base 1.9.3
2024-11-15 09:10:53,990 [INFO] LoadServerUpdatesThread:375 - End of LoadServerUpdate Thread
2024-11-15 09:10:54,091 [INFO] CheckServerUpdateThread:120 - End of CheckServer Thread
2024-11-15 09:10:55,116 [INFO] WebApp:167 - Instantiating new browser for Auth
2024-11-15 09:10:56,481 [WARN] PackLoader:240 - Cannot read IP mode file for STMicroelectronics.FP-SNS-MOTENVWB1.1.4.0
2024-11-15 09:10:56,487 [WARN] PackLoader:240 - Cannot read IP mode file for STMicroelectronics.FP-ATR-ASTRA1.2.0.1
2024-11-15 09:10:56,505 [WARN] PackLoader:240 - Cannot read IP mode file for STMicroelectronics.X-CUBE-SMBUS.2.1.0
2024-11-15 09:10:56,519 [WARN] PackLoader:240 - Cannot read IP mode file for STMicroelectronics.X-CUBE-WB05N.1.1.0
2024-11-15 09:10:56,586 [WARN] PackLoader:240 - Cannot read IP mode file for STMicroelectronics.X-CUBE-AZRTOS-F7.1.1.0
2024-11-15 09:10:56,910 [WARN] PackLoader:240 - Cannot read IP mode file for STMicroelectronics.X-CUBE-MEMS1.11.0.0
2024-11-15 09:10:57,027 [INFO] WebApp:448 - Apply proxy settings
2024-11-15 09:10:57,034 [INFO] WebApp:493 - Chromium authenticates against Manually configured proxy
2024-11-15 09:10:57,059 [INFO] WebApp:501 - Username used for proxy authentication: 
2024-11-15 09:10:57,140 [INFO] WebApp:869 - Register for checkConnection events
2024-11-15 09:10:57,141 [INFO] WebApp:448 - Apply proxy settings
2024-11-15 09:10:57,143 [WARN] PackLoader:240 - Cannot read IP mode file for STMicroelectronics.FP-SNS-FLIGHT1.5.0.2
2024-11-15 09:10:57,147 [INFO] WebApp:493 - Chromium authenticates against Manually configured proxy
2024-11-15 09:10:57,148 [INFO] WebApp:501 - Username used for proxy authentication: 
2024-11-15 09:10:57,188 [WARN] PackLoader:240 - Cannot read IP mode file for STMicroelectronics.X-CUBE-DISPLAY.3.0.0
2024-11-15 09:10:57,280 [WARN] PackLoader:240 - Cannot read IP mode file for STMicroelectronics.X-CUBE-BLE1.7.0.0
2024-11-15 09:10:57,314 [WARN] PackLoader:240 - Cannot read IP mode file for STMicroelectronics.X-CUBE-NFC10.1.0.0
2024-11-15 09:10:57,346 [WARN] PackLoader:240 - Cannot read IP mode file for emotas.I-CUBE-CANOPEN.1.3.0
2024-11-15 09:10:57,373 [WARN] PackLoader:240 - Cannot read IP mode file for STMicroelectronics.X-CUBE-BLEMGR.3.1.0
2024-11-15 09:10:57,409 [INFO] WebApp:220 - Starting web application
2024-11-15 09:10:57,410 [INFO] WebApp:578 - Web application path used /Applications/STM32CubeIDE.app/Contents/Eclipse/plugins/com.st.stm32cube.common.mx_6.12.1.202409122256/db/plugins/mcufinder/reactClient1/index.html
2024-11-15 09:10:57,417 [WARN] PackLoader:240 - Cannot read IP mode file for STMicroelectronics.FP-SNS-SMARTAG2.1.2.0
2024-11-15 09:10:57,458 [INFO] LogOutputStream:77 - [STDOUT_REDIRECT] 1 : Invalid condition id : UX_CORESTACK_Condition cause : null
2024-11-15 09:10:57,460 [INFO] LogOutputStream:77 - [STDOUT_REDIRECT] 1 : Invalid condition id : UX_CORESTACK_Condition cause : null
2024-11-15 09:10:57,461 [INFO] LogOutputStream:77 - [STDOUT_REDIRECT] 1 : Invalid condition id : UX_CORESTACK_Condition cause : null
2024-11-15 09:10:57,461 [INFO] LogOutputStream:77 - [STDOUT_REDIRECT] 1 : Invalid condition id : UX_CORESTACK_Condition cause : null
2024-11-15 09:10:57,463 [INFO] LogOutputStream:77 - [STDOUT_REDIRECT] 1 : Invalid condition id : UX_CORESTACK_Condition cause : null
2024-11-15 09:10:57,477 [WARN] PackLoader:240 - Cannot read IP mode file for STMicroelectronics.X-CUBE-AZRTOS-WL.2.0.0
2024-11-15 09:10:57,502 [WARN] PackLoader:240 - Cannot read IP mode file for STMicroelectronics.FP-SNS-MOTENV1.5.0.0
2024-11-15 09:10:57,508 [WARN] PackLoader:240 - Cannot read IP mode file for wolfSSL.I-CUBE-wolfMQTT.1.19.0
2024-11-15 09:10:57,519 [WARN] PackLoader:240 - Cannot read IP mode file for WES.I-CUBE-Cesium.1.3.0
2024-11-15 09:10:57,532 [WARN] PackLoader:240 - Cannot read IP mode file for STMicroelectronics.X-CUBE-BLE2.3.3.0
2024-11-15 09:10:57,551 [WARN] PackLoader:240 - Cannot read IP mode file for STMicroelectronics.X-CUBE-NFC9.1.0.0
2024-11-15 09:10:57,569 [WARN] PackLoader:240 - Cannot read IP mode file for STMicroelectronics.X-CUBE-TCPP.4.1.0
2024-11-15 09:10:57,644 [WARN] PackLoader:240 - Cannot read IP mode file for STMicroelectronics.X-CUBE-AZRTOS-G0.1.1.0
2024-11-15 09:10:57,675 [WARN] PackLoader:240 - Cannot read IP mode file for STMicroelectronics.X-CUBE-SAFEA1.1.2.2
2024-11-15 09:10:57,690 [WARN] PackLoader:240 - Cannot read IP mode file for STMicroelectronics.X-CUBE-NFC4.3.0.0
2024-11-15 09:10:57,732 [WARN] PackLoader:240 - Cannot read IP mode file for EmbeddedOffice.I-CUBE-FS-RTOS.1.0.1
2024-11-15 09:10:57,749 [ERROR] ConditionMgr:805 - Attr not supported : Dmpu
2024-11-15 09:10:57,762 [ERROR] ConditionMgr:805 - Attr not supported : Dmpu
2024-11-15 09:10:57,764 [ERROR] ConditionMgr:805 - Attr not supported : Dmpu
2024-11-15 09:10:57,765 [ERROR] ConditionMgr:805 - Attr not supported : Dmpu
2024-11-15 09:10:57,765 [ERROR] ConditionMgr:805 - Attr not supported : Dmpu
2024-11-15 09:10:57,765 [ERROR] ConditionMgr:805 - Attr not supported : Dmpu
2024-11-15 09:10:57,765 [ERROR] ConditionMgr:805 - Attr not supported : Dmpu
2024-11-15 09:10:57,765 [ERROR] ConditionMgr:805 - Attr not supported : Dmpu
2024-11-15 09:10:57,765 [ERROR] ConditionMgr:805 - Attr not supported : Dmpu
2024-11-15 09:10:57,765 [ERROR] ConditionMgr:805 - Attr not supported : Dmpu
2024-11-15 09:10:57,765 [ERROR] ConditionMgr:805 - Attr not supported : Dmpu
2024-11-15 09:10:57,765 [ERROR] ConditionMgr:805 - Attr not supported : Dmpu
2024-11-15 09:10:57,765 [ERROR] ConditionMgr:805 - Attr not supported : Dmpu
2024-11-15 09:10:57,765 [ERROR] ConditionMgr:805 - Attr not supported : Dmpu
2024-11-15 09:10:57,765 [ERROR] ConditionMgr:805 - Attr not supported : Dmpu
2024-11-15 09:10:57,765 [ERROR] ConditionMgr:805 - Attr not supported : Dmpu
2024-11-15 09:10:57,765 [ERROR] ConditionMgr:805 - Attr not supported : Dmpu
2024-11-15 09:10:57,765 [ERROR] ConditionMgr:805 - Attr not supported : Dmpu
2024-11-15 09:10:57,765 [ERROR] ConditionMgr:805 - Attr not supported : Dmpu
2024-11-15 09:10:57,765 [ERROR] ConditionMgr:805 - Attr not supported : Dmpu
2024-11-15 09:10:57,765 [ERROR] ConditionMgr:805 - Attr not supported : Dmpu
2024-11-15 09:10:57,765 [ERROR] ConditionMgr:805 - Attr not supported : Dmpu
2024-11-15 09:10:57,766 [ERROR] ConditionMgr:805 - Attr not supported : Dmpu
2024-11-15 09:10:57,766 [ERROR] ConditionMgr:805 - Attr not supported : Dmpu
2024-11-15 09:10:57,766 [ERROR] ConditionMgr:805 - Attr not supported : Dmpu
2024-11-15 09:10:57,766 [ERROR] ConditionMgr:805 - Attr not supported : Dmpu
2024-11-15 09:10:57,766 [ERROR] ConditionMgr:805 - Attr not supported : Dmpu
2024-11-15 09:10:57,766 [ERROR] ConditionMgr:805 - Attr not supported : Dmpu
2024-11-15 09:10:57,766 [ERROR] ConditionMgr:805 - Attr not supported : Dmpu
2024-11-15 09:10:57,766 [ERROR] ConditionMgr:805 - Attr not supported : Dmpu
2024-11-15 09:10:57,766 [ERROR] ConditionMgr:805 - Attr not supported : Dmpu
2024-11-15 09:10:57,766 [ERROR] ConditionMgr:805 - Attr not supported : Dmpu
2024-11-15 09:10:57,766 [ERROR] ConditionMgr:805 - Attr not supported : Dmpu
2024-11-15 09:10:57,766 [ERROR] ConditionMgr:805 - Attr not supported : Dmpu
2024-11-15 09:10:57,766 [ERROR] ConditionMgr:805 - Attr not supported : Dmpu
2024-11-15 09:10:57,766 [ERROR] ConditionMgr:805 - Attr not supported : Dmpu
2024-11-15 09:10:57,771 [ERROR] ConditionMgr:805 - Attr not supported : Dmpu
2024-11-15 09:10:57,772 [ERROR] ConditionMgr:805 - Attr not supported : Dmpu
2024-11-15 09:10:57,772 [ERROR] ConditionMgr:805 - Attr not supported : Dmpu
2024-11-15 09:10:57,772 [ERROR] ConditionMgr:805 - Attr not supported : Dmpu
2024-11-15 09:10:57,772 [ERROR] ConditionMgr:805 - Attr not supported : Dmpu
2024-11-15 09:10:57,772 [ERROR] ConditionMgr:805 - Attr not supported : Dmpu
2024-11-15 09:10:57,772 [ERROR] ConditionMgr:805 - Attr not supported : Dmpu
2024-11-15 09:10:57,772 [ERROR] ConditionMgr:805 - Attr not supported : Dmpu
2024-11-15 09:10:57,772 [ERROR] ConditionMgr:805 - Attr not supported : Dmpu
2024-11-15 09:10:57,773 [ERROR] ConditionMgr:805 - Attr not supported : Dmpu
2024-11-15 09:10:57,773 [ERROR] ConditionMgr:805 - Attr not supported : Dmpu
2024-11-15 09:10:57,773 [ERROR] ConditionMgr:805 - Attr not supported : Dmpu
2024-11-15 09:10:57,773 [ERROR] ConditionMgr:805 - Attr not supported : Dmpu
2024-11-15 09:10:57,773 [ERROR] ConditionMgr:805 - Attr not supported : Dmpu
2024-11-15 09:10:57,773 [ERROR] ConditionMgr:805 - Attr not supported : Dmpu
2024-11-15 09:10:57,774 [ERROR] ConditionMgr:805 - Attr not supported : Dmpu
2024-11-15 09:10:57,774 [ERROR] ConditionMgr:805 - Attr not supported : Dmpu
2024-11-15 09:10:57,774 [ERROR] ConditionMgr:805 - Attr not supported : Dmpu
2024-11-15 09:10:57,774 [ERROR] ConditionMgr:805 - Attr not supported : Dmpu
2024-11-15 09:10:57,774 [ERROR] ConditionMgr:805 - Attr not supported : Dmpu
2024-11-15 09:10:57,774 [ERROR] ConditionMgr:805 - Attr not supported : Dmpu
2024-11-15 09:10:57,774 [ERROR] ConditionMgr:805 - Attr not supported : Dmpu
2024-11-15 09:10:57,774 [ERROR] ConditionMgr:805 - Attr not supported : Dmpu
2024-11-15 09:10:57,774 [ERROR] ConditionMgr:805 - Attr not supported : Dmpu
2024-11-15 09:10:57,774 [ERROR] ConditionMgr:805 - Attr not supported : Dmpu
2024-11-15 09:10:57,774 [ERROR] ConditionMgr:805 - Attr not supported : Dmpu
2024-11-15 09:10:57,774 [ERROR] ConditionMgr:805 - Attr not supported : Dmpu
2024-11-15 09:10:57,774 [ERROR] ConditionMgr:805 - Attr not supported : Dmpu
2024-11-15 09:10:57,802 [WARN] PackLoader:240 - Cannot read IP mode file for RealThread.X-CUBE-RT-Thread_Nano.4.1.1
2024-11-15 09:10:57,814 [WARN] PackLoader:240 - Cannot read IP mode file for STMicroelectronics.FP-ATR-SIGFOX1.3.2.0
2024-11-15 09:10:57,826 [WARN] PackLoader:240 - Cannot read IP mode file for wolfSSL.I-CUBE-wolfSSL.5.7.2
2024-11-15 09:10:57,852 [WARN] ConditionMgr:438 - getConditionDescription Invalid condition id : Cortex-A Device cause : null
2024-11-15 09:10:57,914 [WARN] ConditionMgr:1039 - genDependencies : Invalid condition id : Cortex-A Device cause : null
2024-11-15 09:10:57,915 [WARN] ConditionMgr:1039 - genDependencies : Invalid condition id : Cortex-A Device cause : null
2024-11-15 09:10:57,915 [WARN] ConditionMgr:1039 - genDependencies : Invalid condition id : Cortex-A Device cause : null
2024-11-15 09:10:57,968 [INFO] WebApp:186 - Connection restablished
2024-11-15 09:10:57,990 [WARN] PackLoader:240 - Cannot read IP mode file for STMicroelectronics.X-CUBE-EEPRMA1.5.1.0
2024-11-15 09:10:58,086 [WARN] PackLoader:240 - Cannot read IP mode file for ITTIA_DB.I-CUBE-ITTIADB.8.9.0
2024-11-15 09:10:58,186 [WARN] PackLoader:240 - Cannot read IP mode file for SEGGER.I-CUBE-embOS.1.3.1
2024-11-15 09:10:58,470 [WARN] PackLoader:240 - Cannot read IP mode file for STMicroelectronics.X-CUBE-ALGOBUILD.1.4.0
2024-11-15 09:10:58,536 [WARN] PackLoader:240 - Cannot read IP mode file for STMicroelectronics.X-CUBE-AI.9.1.0
2024-11-15 09:10:58,612 [WARN] PackLoader:240 - Cannot read IP mode file for STMicroelectronics.X-CUBE-AZRTOS-F4.1.1.0
2024-11-15 09:10:58,637 [WARN] PackLoader:240 - Cannot read IP mode file for STMicroelectronics.X-CUBE-ISPU.2.1.0
2024-11-15 09:10:58,651 [WARN] PackLoader:240 - Cannot read IP mode file for STMicroelectronics.X-CUBE-FREERTOS.1.2.0
2024-11-15 09:10:58,677 [WARN] PackLoader:240 - Cannot read IP mode file for STMicroelectronics.X-CUBE-AZRTOS-L5.2.0.0
2024-11-15 09:10:58,694 [WARN] PackLoader:240 - Cannot read IP mode file for STMicroelectronics.X-CUBE-NFC6.3.1.0
2024-11-15 09:10:58,705 [WARN] PackLoader:240 - Cannot read IP mode file for STMicroelectronics.X-CUBE-DPower.1.2.0
2024-11-15 09:10:58,712 [WARN] PackLoader:240 - Cannot read IP mode file for STMicroelectronics.X-CUBE-NFC7.1.0.1
2024-11-15 09:10:58,756 [WARN] ConditionMgr:438 - getConditionDescription Invalid condition id : LAN8742 Phy interface Condition cause : null
2024-11-15 09:10:58,758 [WARN] PackLoader:240 - Cannot read IP mode file for STMicroelectronics.X-CUBE-AZRTOS-L4.2.0.0
2024-11-15 09:10:58,761 [WARN] ConditionMgr:1039 - genDependencies : Invalid condition id : LAN8742 Phy interface Condition cause : null
2024-11-15 09:10:58,761 [WARN] ConditionMgr:1039 - genDependencies : Invalid condition id : LAN8742 Phy interface Condition cause : null
2024-11-15 09:10:58,762 [WARN] ConditionMgr:1039 - genDependencies : Invalid condition id : LAN8742 Phy interface Condition cause : null
2024-11-15 09:10:58,773 [WARN] PackLoader:240 - Cannot read IP mode file for STMicroelectronics.X-CUBE-SFXS2LP1.4.0.0
2024-11-15 09:10:58,801 [WARN] PackLoader:240 - Cannot read IP mode file for STMicroelectronics.X-CUBE-AZRTOS-H7.3.3.0
2024-11-15 09:10:58,817 [WARN] PackLoader:240 - Cannot read IP mode file for STMicroelectronics.X-CUBE-IPS.3.0.0
2024-11-15 09:10:58,834 [WARN] ConditionMgr:438 - getConditionDescription Invalid condition id : UX DEVICE CLASS RTOS Condition cause : null
2024-11-15 09:10:58,834 [WARN] ConditionMgr:438 - getConditionDescription Invalid condition id : UX DEVICE CLASS RTOS Condition cause : null
2024-11-15 09:10:58,838 [WARN] PackLoader:240 - Cannot read IP mode file for STMicroelectronics.X-CUBE-AZRTOS-WB.2.0.0
2024-11-15 09:10:58,839 [WARN] ConditionMgr:1039 - genDependencies : Invalid condition id : UX DEVICE CLASS RTOS Condition cause : null
2024-11-15 09:10:58,839 [WARN] ConditionMgr:1039 - genDependencies : Invalid condition id : UX DEVICE CLASS RTOS Condition cause : null
2024-11-15 09:10:58,840 [WARN] ConditionMgr:1039 - genDependencies : Invalid condition id : UX DEVICE CLASS RTOS Condition cause : null
2024-11-15 09:10:58,841 [WARN] ConditionMgr:1039 - genDependencies : Invalid condition id : UX DEVICE CLASS RTOS Condition cause : null
2024-11-15 09:10:58,841 [WARN] ConditionMgr:1039 - genDependencies : Invalid condition id : UX DEVICE CLASS RTOS Condition cause : null
2024-11-15 09:10:58,854 [WARN] PackLoader:240 - Cannot read IP mode file for STMicroelectronics.X-CUBE-GNSS1.7.0.0
2024-11-15 09:10:58,871 [WARN] PackLoader:240 - Cannot read IP mode file for STMicroelectronics.FP-SNS-STBOX1.2.0.0
2024-11-15 09:10:58,897 [WARN] PackLoader:240 - Cannot read IP mode file for STMicroelectronics.X-CUBE-SUBG2.5.0.0
2024-11-15 09:10:58,909 [WARN] PackLoader:240 - Cannot read IP mode file for Cesanta.I-CUBE-Mongoose.7.13.0
2024-11-15 09:10:58,928 [WARN] PackLoader:240 - Cannot read IP mode file for STMicroelectronics.X-CUBE-AZRTOS-G4.2.0.0
2024-11-15 09:10:58,935 [WARN] PackLoader:240 - Cannot read IP mode file for STMicroelectronics.X-CUBE-ALS.1.0.2
2024-11-15 09:10:58,940 [WARN] PackLoader:240 - Cannot read IP mode file for STMicroelectronics.X-CUBE-TOUCHGFX.4.24.1
2024-11-15 09:10:58,943 [WARN] PackLoader:240 - Cannot read IP mode file for wolfSSL.I-CUBE-wolfTPM.3.4.0
2024-11-15 09:10:58,949 [WARN] PackLoader:240 - Cannot read IP mode file for portGmbH.I-Cube-SoM-uGOAL.1.1.0
2024-11-15 09:10:59,000 [WARN] PackLoader:240 - Cannot read IP mode file for STMicroelectronics.X-CUBE-AZRTOS-H7RS.1.0.0
2024-11-15 09:10:59,022 [WARN] PackLoader:240 - Cannot read IP mode file for STMicroelectronics.FP-ATR-ASTRA1.2.0.0
2024-11-15 09:10:59,037 [WARN] PackLoader:240 - Cannot read IP mode file for STMicroelectronics.X-CUBE-TOF1.3.4.2
2024-11-15 09:10:59,083 [WARN] PackLoader:240 - Cannot read IP mode file for Infineon.AIROC-Wi-Fi-Bluetooth-STM32.1.6.1
2024-11-15 09:10:59,093 [WARN] PackLoader:240 - Cannot read IP mode file for wolfSSL.I-CUBE-wolfSSH.1.4.17
2024-11-15 09:10:59,096 [INFO] ThirdParty:978 - Integrity check success = true
2024-11-15 09:10:59,096 [INFO] IntegrityCheckThread:100 - exiting critical section [integrity check]
2024-11-15 09:10:59,097 [INFO] IntegrityCheckThread:103 - End integrity checks thread
2024-11-15 09:37:56,526 [ERROR] LogOutputStream:75 - [STDERR_REDIRECT] 
2024-11-15 22:47:33,658 [INFO] Activator:176 - 


2024-11-15 22:47:33,661 [INFO] Activator:177 - !SESSION log4j initialized
2024-11-15 22:47:37,940 [INFO] LogOutputStream:77 - [STDOUT_REDIRECT] 
2024-11-15 22:47:38,753 [ERROR] LogOutputStream:75 - [STDERR_REDIRECT] 
2024-11-15 22:47:41,223 [INFO] LogOutputStream:77 - [STDOUT_REDIRECT] 
2024-11-15 22:47:42,748 [INFO] ApplicationProperties:184 - Using Application install path: /Applications/STM32CubeIDE.app/Contents/Eclipse/plugins/com.st.stm32cube.common.mx_6.12.1.202409122256
2024-11-15 22:47:42,768 [INFO] DbMcusXml:78 - Set database path to: /Applications/STM32CubeIDE.app/Contents/Eclipse/plugins/com.st.stm32cube.common.mx_6.12.1.202409122256//db//mcu/
2024-11-15 22:47:42,768 [INFO] ApiDb:274 - Set plugin database path to: /Applications/STM32CubeIDE.app/Contents/Eclipse/plugins/com.st.stm32cube.common.mx_6.12.1.202409122256//db//plugins/boardmanager/
2024-11-15 22:47:42,770 [WARN] ApiDb:259 - Overriding images path with different value:  => /Applications/STM32CubeIDE.app/Contents/Eclipse/plugins/com.st.stm32cube.common.mx_6.12.1.202409122256//db//plugins/mcufinder/images/
2024-11-15 22:47:42,779 [INFO] ApiDb:250 - Set database path to: /var/root/.stmcufinder/plugins/mcufinder//mcu/
2024-11-15 22:47:42,780 [INFO] DbMcusAds:125 - Set database path to: /var/root/.stmcufinder/plugins/mcufinder//mcu/
2024-11-15 22:47:42,781 [INFO] CrossReferenceDbSqlite:203 - Set database path to: /var/root/.stmcufinder/plugins/mcufinder//mcu/cs/
2024-11-15 22:47:42,992 [INFO] RulesReader:64 - Compatibility file has been processed (297 Rules)
2024-11-15 22:47:43,059 [INFO] DbMcusXml:78 - Set database path to: /Applications/STM32CubeIDE.app/Contents/Eclipse/plugins/com.st.stm32cube.common.mx_6.12.1.202409122256//db//mcu/
2024-11-15 22:47:43,059 [INFO] ApiDb:274 - Set plugin database path to: /Applications/STM32CubeIDE.app/Contents/Eclipse/plugins/com.st.stm32cube.common.mx_6.12.1.202409122256//db//plugins/boardmanager/
2024-11-15 22:47:43,059 [INFO] ApiDb:261 - Set plugin images path to: /Applications/STM32CubeIDE.app/Contents/Eclipse/plugins/com.st.stm32cube.common.mx_6.12.1.202409122256//db//plugins/mcufinder/images/
2024-11-15 22:47:43,060 [WARN] DbFile:41 - Overriding database path with different value: /var/root/.stmcufinder/plugins/mcufinder/ => /var/root/.stmcufinder/plugins/mcufinder
2024-11-15 22:47:43,060 [INFO] ApiDb:250 - Set database path to: /var/root/.stmcufinder/plugins/mcufinder//mcu/
2024-11-15 22:47:43,060 [WARN] DbFile:41 - Overriding database path with different value: /var/root/.stmcufinder/plugins/mcufinder/ => /var/root/.stmcufinder/plugins/mcufinder
2024-11-15 22:47:43,060 [INFO] DbMcusAds:125 - Set database path to: /var/root/.stmcufinder/plugins/mcufinder//mcu/
2024-11-15 22:47:43,060 [WARN] DbFile:41 - Overriding database path with different value: /var/root/.stmcufinder/plugins/mcufinder/ => /var/root/.stmcufinder/plugins/mcufinder
2024-11-15 22:47:43,060 [WARN] DbFile:41 - Overriding database path with different value: /var/root/.stmcufinder/plugins/mcufinder/ => /var/root/.stmcufinder/plugins/mcufinder
2024-11-15 22:47:43,060 [INFO] CrossReferenceDbSqlite:203 - Set database path to: /var/root/.stmcufinder/plugins/mcufinder//mcu/cs/
2024-11-15 22:47:43,146 [INFO] MainPanel:268 - HeapMemory: 276824064
2024-11-15 22:47:43,838 [INFO] DbMcusXml:78 - Set database path to: /Applications/STM32CubeIDE.app/Contents/Eclipse/plugins/com.st.stm32cube.common.mx_6.12.1.202409122256//db//mcu/
2024-11-15 22:47:43,838 [INFO] ApiDb:274 - Set plugin database path to: /Applications/STM32CubeIDE.app/Contents/Eclipse/plugins/com.st.stm32cube.common.mx_6.12.1.202409122256//db//plugins/boardmanager/
2024-11-15 22:47:43,839 [INFO] ApiDb:261 - Set plugin images path to: /Applications/STM32CubeIDE.app/Contents/Eclipse/plugins/com.st.stm32cube.common.mx_6.12.1.202409122256//db//plugins/mcufinder/images/
2024-11-15 22:47:43,839 [WARN] DbFile:41 - Overriding database path with different value: /var/root/.stmcufinder/plugins/mcufinder/ => /var/root/.stmcufinder/plugins/mcufinder
2024-11-15 22:47:43,839 [INFO] ApiDb:250 - Set database path to: /var/root/.stmcufinder/plugins/mcufinder//mcu/
2024-11-15 22:47:43,839 [WARN] DbFile:41 - Overriding database path with different value: /var/root/.stmcufinder/plugins/mcufinder/ => /var/root/.stmcufinder/plugins/mcufinder
2024-11-15 22:47:43,839 [INFO] DbMcusAds:125 - Set database path to: /var/root/.stmcufinder/plugins/mcufinder//mcu/
2024-11-15 22:47:43,839 [WARN] DbFile:41 - Overriding database path with different value: /var/root/.stmcufinder/plugins/mcufinder/ => /var/root/.stmcufinder/plugins/mcufinder
2024-11-15 22:47:43,840 [WARN] DbFile:41 - Overriding database path with different value: /var/root/.stmcufinder/plugins/mcufinder/ => /var/root/.stmcufinder/plugins/mcufinder
2024-11-15 22:47:43,840 [INFO] CrossReferenceDbSqlite:203 - Set database path to: /var/root/.stmcufinder/plugins/mcufinder//mcu/cs/
2024-11-15 22:47:43,860 [INFO] ApplicationProperties:184 - Using Application install path: /Applications/STM32CubeIDE.app/Contents/Eclipse/plugins/com.st.stm32cube.common.mx_6.12.1.202409122256
2024-11-15 22:47:43,861 [INFO] PluginManage:196 - Search for loadable plugins [exclusion list=, ]
2024-11-15 22:47:43,863 [INFO] PluginManage:310 - Check plugin analytics
2024-11-15 22:47:44,087 [INFO] AnalyticsPlugin:253 - Accepted Software Licenses: 
2024-11-15 22:47:44,088 [INFO] AnalyticsPlugin:255 - Accepted CMSIS Pack Licenses: 
2024-11-15 22:47:44,088 [INFO] AnalyticsPlugin:257 - Accepted Firmware Licenses: 
2024-11-15 22:47:44,102 [INFO] PluginManage:359 - Loaded plugin analytics (category:tool,tabindex:-1)
2024-11-15 22:47:44,103 [INFO] PluginManage:310 - Check plugin cadmodel
2024-11-15 22:47:44,114 [INFO] CADModel:105 - Init CAD model plugin
2024-11-15 22:47:44,114 [INFO] PluginManage:359 - Loaded plugin cadmodel (category:power,tabindex:5)
2024-11-15 22:47:44,115 [INFO] PluginManage:310 - Check plugin clock
2024-11-15 22:47:44,126 [INFO] PluginManage:359 - Loaded plugin clock (category:base,tabindex:2)
2024-11-15 22:47:44,127 [INFO] PluginManage:310 - Check plugin ddr
2024-11-15 22:47:44,129 [INFO] PluginManage:359 - Loaded plugin ddr (category:tool,tabindex:6)
2024-11-15 22:47:44,129 [INFO] PluginManage:310 - Check plugin filemanager
2024-11-15 22:47:44,330 [INFO] PluginManage:359 - Loaded plugin filemanager (category:base,tabindex:10)
2024-11-15 22:47:44,330 [INFO] PluginManage:310 - Check plugin ipmanager
2024-11-15 22:47:44,344 [INFO] PluginManage:359 - Loaded plugin ipmanager (category:base,tabindex:5)
2024-11-15 22:47:44,344 [INFO] PluginManage:310 - Check plugin lpbam
2024-11-15 22:47:44,360 [INFO] PluginManage:359 - Loaded plugin lpbam (category:base,tabindex:0)
2024-11-15 22:47:44,361 [INFO] PluginManage:310 - Check plugin memorymap
2024-11-15 22:47:44,369 [INFO] PluginManage:359 - Loaded plugin memorymap (category:base,tabindex:4)
2024-11-15 22:47:44,370 [INFO] PluginManage:310 - Check plugin pinoutandconfiguration
2024-11-15 22:47:44,376 [INFO] PluginManage:359 - Loaded plugin pinoutandconfiguration (category:base,tabindex:1)
2024-11-15 22:47:44,377 [INFO] PluginManage:310 - Check plugin pinoutconfig
2024-11-15 22:47:44,469 [WARN] SupportedApi:132 - Cannot load RTOS API schema: s4s-elt-must-match.1: The content of 'definitions' must match (annotation?, (simpleType | complexType)?, (unique | key | keyref)*)). A problem was found starting at: attribute.
2024-11-15 22:47:44,640 [INFO] PluginManage:359 - Loaded plugin pinoutconfig (category:base,tabindex:0)
2024-11-15 22:47:44,640 [INFO] PluginManage:310 - Check plugin power
2024-11-15 22:47:44,658 [INFO] PluginManage:359 - Loaded plugin power (category:power,tabindex:4)
2024-11-15 22:47:44,658 [INFO] PluginManage:310 - Check plugin projectmanager
2024-11-15 22:47:44,687 [INFO] PluginManage:359 - Loaded plugin projectmanager (category:projectmanager,tabindex:4)
2024-11-15 22:47:44,687 [INFO] PluginManage:310 - Check plugin rif
2024-11-15 22:47:44,691 [INFO] PluginManage:359 - Loaded plugin rif (category:base,tabindex:3)
2024-11-15 22:47:44,692 [INFO] PluginManage:310 - Check plugin thirdparty
2024-11-15 22:47:44,928 [INFO] PluginManage:359 - Loaded plugin thirdparty (category:base,tabindex:-1)
2024-11-15 22:47:44,928 [WARN] IntegrityCheckThread:84 - waiting for thirdparty lock release [integrity check]
2024-11-15 22:47:44,933 [INFO] PluginManage:310 - Check plugin tools
2024-11-15 22:47:44,933 [INFO] IntegrityCheckThread:86 - entering critical section [integrity check]
2024-11-15 22:47:44,943 [INFO] ThirdPartyUpdaterWithRetryManager:70 - Updater plugin not ready yet. [1/15]
2024-11-15 22:47:44,945 [INFO] PluginManage:359 - Loaded plugin tools (category:base,tabindex:7)
2024-11-15 22:47:44,945 [INFO] PluginManage:310 - Check plugin tutovideos
2024-11-15 22:47:45,162 [INFO] PluginManage:359 - Loaded plugin tutovideos (category:base,tabindex:-1)
2024-11-15 22:47:45,162 [INFO] PluginManage:310 - Check plugin updater
2024-11-15 22:47:45,200 [INFO] PluginManage:359 - Loaded plugin updater (category:base,tabindex:12)
2024-11-15 22:47:45,200 [INFO] PluginManage:310 - Check plugin userauth
2024-11-15 22:47:45,207 [INFO] UserAuth:113 - Init User Auth plugin
2024-11-15 22:47:45,207 [INFO] PluginManage:359 - Loaded plugin userauth (category:base,tabindex:14)
2024-11-15 22:47:45,209 [INFO] PluginManage:283 - PluginManage : Loaded plugins [18]
2024-11-15 22:47:45,482 [INFO] PinOutPanel:1561 - setPackage(No Configuration,No Configuration)
2024-11-15 22:47:45,679 [INFO] CADModel:165 - CPN selected for project level
2024-11-15 22:47:45,681 [INFO] CADModel:114 - Register for checkConnection events
2024-11-15 22:47:45,704 [INFO] IPUIPlugin:80 - create IPUIPlugin
2024-11-15 22:47:45,704 [INFO] PluginManager:220 - loadIPPluginJar : add mdma
2024-11-15 22:47:45,710 [INFO] IPUIPlugin:80 - create IPUIPlugin
2024-11-15 22:47:45,710 [INFO] PluginManager:220 - loadIPPluginJar : add freertos
2024-11-15 22:47:45,713 [INFO] IPUIPlugin:80 - create IPUIPlugin
2024-11-15 22:47:45,713 [INFO] PluginManager:220 - loadIPPluginJar : add gic
2024-11-15 22:47:45,720 [INFO] IPUIPlugin:80 - create IPUIPlugin
2024-11-15 22:47:45,720 [INFO] PluginManager:220 - loadIPPluginJar : add adc
2024-11-15 22:47:45,722 [INFO] IPUIPlugin:80 - create IPUIPlugin
2024-11-15 22:47:45,722 [INFO] PluginManager:220 - loadIPPluginJar : add gtzc
2024-11-15 22:47:45,723 [INFO] IPUIPlugin:80 - create IPUIPlugin
2024-11-15 22:47:45,723 [INFO] PluginManager:220 - loadIPPluginJar : add quadspi
2024-11-15 22:47:45,725 [INFO] IPUIPlugin:80 - create IPUIPlugin
2024-11-15 22:47:45,725 [INFO] PluginManager:220 - loadIPPluginJar : add aes
2024-11-15 22:47:45,728 [INFO] IPUIPlugin:80 - create IPUIPlugin
2024-11-15 22:47:45,728 [INFO] PluginManager:220 - loadIPPluginJar : add pdm2pcm
2024-11-15 22:47:45,730 [INFO] IPUIPlugin:80 - create IPUIPlugin
2024-11-15 22:47:45,730 [INFO] PluginManager:220 - loadIPPluginJar : add hash
2024-11-15 22:47:45,731 [INFO] IPUIPlugin:80 - create IPUIPlugin
2024-11-15 22:47:45,732 [INFO] PluginManager:220 - loadIPPluginJar : add tim
2024-11-15 22:47:45,733 [INFO] IPUIPlugin:80 - create IPUIPlugin
2024-11-15 22:47:45,733 [INFO] PluginManager:220 - loadIPPluginJar : add tsc
2024-11-15 22:47:45,736 [INFO] IPUIPlugin:80 - create IPUIPlugin
2024-11-15 22:47:45,736 [INFO] PluginManager:220 - loadIPPluginJar : add extmemmanager
2024-11-15 22:47:45,738 [INFO] IPUIPlugin:80 - create IPUIPlugin
2024-11-15 22:47:45,738 [INFO] PluginManager:220 - loadIPPluginJar : add ts
2024-11-15 22:47:45,739 [INFO] IPUIPlugin:80 - create IPUIPlugin
2024-11-15 22:47:45,739 [INFO] PluginManager:220 - loadIPPluginJar : add radio
2024-11-15 22:47:45,741 [INFO] IPUIPlugin:80 - create IPUIPlugin
2024-11-15 22:47:45,741 [INFO] PluginManager:220 - loadIPPluginJar : add can
2024-11-15 22:47:45,743 [INFO] IPUIPlugin:80 - create IPUIPlugin
2024-11-15 22:47:45,743 [INFO] PluginManager:220 - loadIPPluginJar : add dma3
2024-11-15 22:47:45,745 [INFO] IPUIPlugin:80 - create IPUIPlugin
2024-11-15 22:47:45,745 [INFO] PluginManager:220 - loadIPPluginJar : add dfsdm
2024-11-15 22:47:45,746 [INFO] IPUIPlugin:80 - create IPUIPlugin
2024-11-15 22:47:45,746 [INFO] PluginManager:220 - loadIPPluginJar : add spi
2024-11-15 22:47:45,747 [INFO] IPUIPlugin:80 - create IPUIPlugin
2024-11-15 22:47:45,748 [INFO] PluginManager:220 - loadIPPluginJar : add gfxmmu
2024-11-15 22:47:45,751 [INFO] IPUIPlugin:80 - create IPUIPlugin
2024-11-15 22:47:45,752 [INFO] PluginManager:220 - loadIPPluginJar : add genericplugin
2024-11-15 22:47:45,753 [INFO] IPUIPlugin:80 - create IPUIPlugin
2024-11-15 22:47:45,753 [INFO] PluginManager:220 - loadIPPluginJar : add cryp
2024-11-15 22:47:45,757 [INFO] IPUIPlugin:80 - create IPUIPlugin
2024-11-15 22:47:45,757 [INFO] PluginManager:220 - loadIPPluginJar : add gpio
2024-11-15 22:47:45,759 [INFO] IPUIPlugin:80 - create IPUIPlugin
2024-11-15 22:47:45,759 [INFO] PluginManager:220 - loadIPPluginJar : add ddr_ctrl_phy
2024-11-15 22:47:45,760 [INFO] IPUIPlugin:80 - create IPUIPlugin
2024-11-15 22:47:45,761 [INFO] PluginManager:220 - loadIPPluginJar : add comp
2024-11-15 22:47:45,762 [INFO] IPUIPlugin:80 - create IPUIPlugin
2024-11-15 22:47:45,762 [INFO] PluginManager:220 - loadIPPluginJar : add tracer_emb
2024-11-15 22:47:45,764 [INFO] IPUIPlugin:80 - create IPUIPlugin
2024-11-15 22:47:45,764 [INFO] PluginManager:220 - loadIPPluginJar : add openamp
2024-11-15 22:47:45,768 [INFO] IPUIPlugin:80 - create IPUIPlugin
2024-11-15 22:47:45,768 [INFO] PluginManager:220 - loadIPPluginJar : add stm32_wpan
2024-11-15 22:47:45,791 [INFO] IPUIPlugin:80 - create IPUIPlugin
2024-11-15 22:47:45,805 [INFO] PluginManager:220 - loadIPPluginJar : add plateformsettings
2024-11-15 22:47:45,808 [INFO] IPUIPlugin:80 - create IPUIPlugin
2024-11-15 22:47:45,808 [INFO] PluginManager:220 - loadIPPluginJar : add ipddr
2024-11-15 22:47:45,810 [INFO] IPUIPlugin:80 - create IPUIPlugin
2024-11-15 22:47:45,810 [INFO] PluginManager:220 - loadIPPluginJar : add usart
2024-11-15 22:47:45,811 [INFO] IPUIPlugin:80 - create IPUIPlugin
2024-11-15 22:47:45,811 [INFO] PluginManager:220 - loadIPPluginJar : add ltdc
2024-11-15 22:47:45,812 [INFO] IPUIPlugin:80 - create IPUIPlugin
2024-11-15 22:47:45,812 [INFO] PluginManager:220 - loadIPPluginJar : add nvic
2024-11-15 22:47:45,813 [INFO] IPUIPlugin:80 - create IPUIPlugin
2024-11-15 22:47:45,813 [INFO] PluginManager:220 - loadIPPluginJar : add fatfs
2024-11-15 22:47:45,824 [INFO] IPUIPlugin:80 - create IPUIPlugin
2024-11-15 22:47:45,825 [INFO] PluginManager:220 - loadIPPluginJar : add linkedlist
2024-11-15 22:47:45,828 [INFO] IPUIPlugin:80 - create IPUIPlugin
2024-11-15 22:47:45,829 [INFO] PluginManager:220 - loadIPPluginJar : add dma
2024-11-15 22:47:45,831 [INFO] IPUIPlugin:80 - create IPUIPlugin
2024-11-15 22:47:45,831 [INFO] PluginManager:220 - loadIPPluginJar : add fmc
2024-11-15 22:47:45,833 [INFO] IPUIPlugin:80 - create IPUIPlugin
2024-11-15 22:47:45,833 [INFO] PluginManager:220 - loadIPPluginJar : add i2s
2024-11-15 22:47:45,834 [INFO] IPUIPlugin:80 - create IPUIPlugin
2024-11-15 22:47:45,834 [INFO] PluginManager:220 - loadIPPluginJar : add ucpd
2024-11-15 22:47:45,835 [INFO] IPUIPlugin:80 - create IPUIPlugin
2024-11-15 22:47:45,835 [INFO] PluginManager:220 - loadIPPluginJar : add lorawan
2024-11-15 22:47:45,837 [INFO] IPUIPlugin:80 - create IPUIPlugin
2024-11-15 22:47:45,837 [INFO] PluginManager:220 - loadIPPluginJar : add opamp
2024-11-15 22:47:45,841 [INFO] IPUIPlugin:80 - create IPUIPlugin
2024-11-15 22:47:45,842 [INFO] PluginManager:220 - loadIPPluginJar : add i3c
2024-11-15 22:47:45,848 [INFO] IPUIPlugin:80 - create IPUIPlugin
2024-11-15 22:47:45,848 [INFO] PluginManager:220 - loadIPPluginJar : add touchsensing
2024-11-15 22:47:45,851 [INFO] IPUIPlugin:80 - create IPUIPlugin
2024-11-15 22:47:45,851 [INFO] PluginManager:220 - loadIPPluginJar : add i2c
2024-11-15 22:47:45,855 [INFO] IPUIPlugin:80 - create IPUIPlugin
2024-11-15 22:47:45,855 [INFO] PluginManager:220 - loadIPPluginJar : add resmgrutility
2024-11-15 22:47:45,891 [INFO] IPUIPlugin:80 - create IPUIPlugin
2024-11-15 22:47:45,892 [INFO] PluginManager:220 - loadIPPluginJar : add sai
2024-11-15 22:47:45,899 [INFO] IPUIPlugin:80 - create IPUIPlugin
2024-11-15 22:47:45,899 [INFO] PluginManager:220 - loadIPPluginJar : add usbx
2024-11-15 22:47:46,093 [INFO] CADModel:165 - CPN selected for project level
2024-11-15 22:47:46,097 [INFO] CADModel:114 - Register for checkConnection events
2024-11-15 22:47:46,099 [FATAL] Updater:334 - Updater called before beeing initialized
2024-11-15 22:47:46,099 [ERROR] CADModel:125 - Updater not yet initialized, retry later 
2024-11-15 22:47:46,179 [ERROR] LogOutputStream:75 - [STDERR_REDIRECT] [Fatal Error] :2:10: DOCTYPE is disallowed when the feature "http://apache.org/xml/features/disallow-doctype-decl" set to true.
2024-11-15 22:47:46,181 [ERROR] LogOutputStream:75 - [STDERR_REDIRECT] 
2024-11-15 22:47:46,381 [INFO] CADModel:165 - CPN selected for project level
2024-11-15 22:47:46,381 [INFO] CADModel:114 - Register for checkConnection events
2024-11-15 22:47:46,382 [FATAL] Updater:334 - Updater called before beeing initialized
2024-11-15 22:47:46,382 [ERROR] CADModel:125 - Updater not yet initialized, retry later 
2024-11-15 22:47:46,385 [FATAL] Updater:334 - Updater called before beeing initialized
2024-11-15 22:47:46,569 [FATAL] Updater:334 - Updater called before beeing initialized
2024-11-15 22:47:46,578 [INFO] DbMcusAds:53 - JSON generation date=Wed Sep 29 23:55:09 PDT 2021 (1632984909247)
2024-11-15 22:47:46,578 [FATAL] Updater:334 - Updater called before beeing initialized
2024-11-15 22:47:46,668 [WARN] DetailPanel:346 - Failed to get advertising image, set to default
2024-11-15 22:47:46,737 [FATAL] Updater:334 - Updater called before beeing initialized
2024-11-15 22:47:46,738 [FATAL] Updater:334 - Updater called before beeing initialized
2024-11-15 22:47:46,738 [FATAL] Updater:334 - Updater called before beeing initialized
2024-11-15 22:47:46,738 [WARN] DetailPanel:346 - Failed to get advertising image, set to default
2024-11-15 22:47:46,739 [FATAL] Updater:334 - Updater called before beeing initialized
2024-11-15 22:47:46,831 [ERROR] Updater:1164 - MainUpdater not yet initialized. External WinMGr cannot be set.
2024-11-15 22:47:46,836 [INFO] Updater:1100 - Updater Version found : 6.12.1
2024-11-15 22:47:46,852 [INFO] ApplicationProperties:184 - Using Application install path: /Applications/STM32CubeIDE.app/Contents/Eclipse/plugins/com.st.stm32cube.common.mx_6.12.1.202409122256
2024-11-15 22:47:47,498 [INFO] MainUpdater:2873 - connection check result : 10
2024-11-15 22:47:47,499 [INFO] MainUpdater:290 - Updater Check For Update Now.
2024-11-15 22:47:47,500 [INFO] MicroXplorer:498 - Change Database Version : DB.6.0.121
2024-11-15 22:47:47,508 [INFO] McuFinderGlobals:63 - Set McuFinder mode to 2 (CubeIDE integrated)
2024-11-15 22:47:47,508 [INFO] UserAuth:179 - activating auth plugin
2024-11-15 22:47:47,524 [INFO] UserAuth:417 - Internet connection configuration mode: 1
2024-11-15 22:47:47,539 [INFO] JxBrowserEngine:152 - Initiate JxBrowser Engine with user profile folder
2024-11-15 22:47:47,790 [INFO] CheckServerUpdateThread:120 - End of CheckServer Thread
2024-11-15 22:47:48,239 [WARN] PackLoader:240 - Cannot read IP mode file for STMicroelectronics.FP-SNS-MOTENVWB1.1.4.0
2024-11-15 22:47:48,285 [WARN] PackLoader:240 - Cannot read IP mode file for STMicroelectronics.FP-ATR-ASTRA1.2.0.1
2024-11-15 22:47:48,314 [WARN] PackLoader:240 - Cannot read IP mode file for STMicroelectronics.X-CUBE-SMBUS.2.1.0
2024-11-15 22:47:48,332 [WARN] PackLoader:240 - Cannot read IP mode file for STMicroelectronics.X-CUBE-WB05N.1.1.0
2024-11-15 22:47:48,485 [WARN] PackLoader:240 - Cannot read IP mode file for STMicroelectronics.X-CUBE-AZRTOS-F7.1.1.0
2024-11-15 22:47:49,036 [WARN] PackLoader:240 - Cannot read IP mode file for STMicroelectronics.X-CUBE-MEMS1.11.0.0
2024-11-15 22:47:49,293 [WARN] PackLoader:240 - Cannot read IP mode file for STMicroelectronics.FP-SNS-FLIGHT1.5.0.2
2024-11-15 22:47:49,372 [WARN] PackLoader:240 - Cannot read IP mode file for STMicroelectronics.X-CUBE-DISPLAY.3.0.0
2024-11-15 22:47:49,429 [WARN] PackLoader:240 - Cannot read IP mode file for STMicroelectronics.X-CUBE-BLE1.7.0.0
2024-11-15 22:47:49,459 [WARN] PackLoader:240 - Cannot read IP mode file for STMicroelectronics.X-CUBE-NFC10.1.0.0
2024-11-15 22:47:49,488 [WARN] PackLoader:240 - Cannot read IP mode file for emotas.I-CUBE-CANOPEN.1.3.0
2024-11-15 22:47:49,521 [WARN] PackLoader:240 - Cannot read IP mode file for STMicroelectronics.X-CUBE-BLEMGR.3.1.0
2024-11-15 22:47:49,531 [WARN] PackLoader:240 - Cannot read IP mode file for STMicroelectronics.FP-SNS-SMARTAG2.1.2.0
2024-11-15 22:47:49,543 [INFO] LogOutputStream:77 - [STDOUT_REDIRECT] 1 : Invalid condition id : UX_CORESTACK_Condition cause : null
2024-11-15 22:47:49,546 [INFO] LogOutputStream:77 - [STDOUT_REDIRECT] 1 : Invalid condition id : UX_CORESTACK_Condition cause : null
2024-11-15 22:47:49,546 [INFO] LogOutputStream:77 - [STDOUT_REDIRECT] 1 : Invalid condition id : UX_CORESTACK_Condition cause : null
2024-11-15 22:47:49,546 [INFO] LogOutputStream:77 - [STDOUT_REDIRECT] 1 : Invalid condition id : UX_CORESTACK_Condition cause : null
2024-11-15 22:47:49,547 [INFO] LogOutputStream:77 - [STDOUT_REDIRECT] 1 : Invalid condition id : UX_CORESTACK_Condition cause : null
2024-11-15 22:47:49,553 [WARN] PackLoader:240 - Cannot read IP mode file for STMicroelectronics.X-CUBE-AZRTOS-WL.2.0.0
2024-11-15 22:47:49,560 [WARN] PackLoader:240 - Cannot read IP mode file for STMicroelectronics.FP-SNS-MOTENV1.5.0.0
2024-11-15 22:47:49,564 [WARN] PackLoader:240 - Cannot read IP mode file for wolfSSL.I-CUBE-wolfMQTT.1.19.0
2024-11-15 22:47:49,579 [WARN] PackLoader:240 - Cannot read IP mode file for WES.I-CUBE-Cesium.1.3.0
2024-11-15 22:47:49,586 [WARN] PackLoader:240 - Cannot read IP mode file for STMicroelectronics.X-CUBE-BLE2.3.3.0
2024-11-15 22:47:49,600 [WARN] PackLoader:240 - Cannot read IP mode file for STMicroelectronics.X-CUBE-NFC9.1.0.0
2024-11-15 22:47:49,614 [WARN] PackLoader:240 - Cannot read IP mode file for STMicroelectronics.X-CUBE-TCPP.4.1.0
2024-11-15 22:47:49,649 [WARN] PackLoader:240 - Cannot read IP mode file for STMicroelectronics.X-CUBE-AZRTOS-G0.1.1.0
2024-11-15 22:47:49,658 [WARN] PackLoader:240 - Cannot read IP mode file for STMicroelectronics.X-CUBE-SAFEA1.1.2.2
2024-11-15 22:47:49,667 [WARN] PackLoader:240 - Cannot read IP mode file for STMicroelectronics.X-CUBE-NFC4.3.0.0
2024-11-15 22:47:49,682 [WARN] PackLoader:240 - Cannot read IP mode file for EmbeddedOffice.I-CUBE-FS-RTOS.1.0.1
2024-11-15 22:47:49,685 [ERROR] ConditionMgr:805 - Attr not supported : Dmpu
2024-11-15 22:47:49,687 [ERROR] ConditionMgr:805 - Attr not supported : Dmpu
2024-11-15 22:47:49,687 [ERROR] ConditionMgr:805 - Attr not supported : Dmpu
2024-11-15 22:47:49,687 [ERROR] ConditionMgr:805 - Attr not supported : Dmpu
2024-11-15 22:47:49,687 [ERROR] ConditionMgr:805 - Attr not supported : Dmpu
2024-11-15 22:47:49,687 [ERROR] ConditionMgr:805 - Attr not supported : Dmpu
2024-11-15 22:47:49,687 [ERROR] ConditionMgr:805 - Attr not supported : Dmpu
2024-11-15 22:47:49,687 [ERROR] ConditionMgr:805 - Attr not supported : Dmpu
2024-11-15 22:47:49,687 [ERROR] ConditionMgr:805 - Attr not supported : Dmpu
2024-11-15 22:47:49,687 [ERROR] ConditionMgr:805 - Attr not supported : Dmpu
2024-11-15 22:47:49,687 [ERROR] ConditionMgr:805 - Attr not supported : Dmpu
2024-11-15 22:47:49,687 [ERROR] ConditionMgr:805 - Attr not supported : Dmpu
2024-11-15 22:47:49,687 [ERROR] ConditionMgr:805 - Attr not supported : Dmpu
2024-11-15 22:47:49,687 [ERROR] ConditionMgr:805 - Attr not supported : Dmpu
2024-11-15 22:47:49,687 [ERROR] ConditionMgr:805 - Attr not supported : Dmpu
2024-11-15 22:47:49,688 [ERROR] ConditionMgr:805 - Attr not supported : Dmpu
2024-11-15 22:47:49,688 [ERROR] ConditionMgr:805 - Attr not supported : Dmpu
2024-11-15 22:47:49,688 [ERROR] ConditionMgr:805 - Attr not supported : Dmpu
2024-11-15 22:47:49,688 [ERROR] ConditionMgr:805 - Attr not supported : Dmpu
2024-11-15 22:47:49,688 [ERROR] ConditionMgr:805 - Attr not supported : Dmpu
2024-11-15 22:47:49,688 [ERROR] ConditionMgr:805 - Attr not supported : Dmpu
2024-11-15 22:47:49,688 [ERROR] ConditionMgr:805 - Attr not supported : Dmpu
2024-11-15 22:47:49,688 [ERROR] ConditionMgr:805 - Attr not supported : Dmpu
2024-11-15 22:47:49,688 [ERROR] ConditionMgr:805 - Attr not supported : Dmpu
2024-11-15 22:47:49,688 [ERROR] ConditionMgr:805 - Attr not supported : Dmpu
2024-11-15 22:47:49,689 [ERROR] ConditionMgr:805 - Attr not supported : Dmpu
2024-11-15 22:47:49,689 [ERROR] ConditionMgr:805 - Attr not supported : Dmpu
2024-11-15 22:47:49,689 [ERROR] ConditionMgr:805 - Attr not supported : Dmpu
2024-11-15 22:47:49,689 [ERROR] ConditionMgr:805 - Attr not supported : Dmpu
2024-11-15 22:47:49,689 [ERROR] ConditionMgr:805 - Attr not supported : Dmpu
2024-11-15 22:47:49,689 [ERROR] ConditionMgr:805 - Attr not supported : Dmpu
2024-11-15 22:47:49,689 [ERROR] ConditionMgr:805 - Attr not supported : Dmpu
2024-11-15 22:47:49,689 [ERROR] ConditionMgr:805 - Attr not supported : Dmpu
2024-11-15 22:47:49,689 [ERROR] ConditionMgr:805 - Attr not supported : Dmpu
2024-11-15 22:47:49,690 [ERROR] ConditionMgr:805 - Attr not supported : Dmpu
2024-11-15 22:47:49,690 [ERROR] ConditionMgr:805 - Attr not supported : Dmpu
2024-11-15 22:47:49,691 [ERROR] ConditionMgr:805 - Attr not supported : Dmpu
2024-11-15 22:47:49,692 [ERROR] ConditionMgr:805 - Attr not supported : Dmpu
2024-11-15 22:47:49,693 [ERROR] ConditionMgr:805 - Attr not supported : Dmpu
2024-11-15 22:47:49,693 [ERROR] ConditionMgr:805 - Attr not supported : Dmpu
2024-11-15 22:47:49,693 [ERROR] ConditionMgr:805 - Attr not supported : Dmpu
2024-11-15 22:47:49,693 [ERROR] ConditionMgr:805 - Attr not supported : Dmpu
2024-11-15 22:47:49,693 [ERROR] ConditionMgr:805 - Attr not supported : Dmpu
2024-11-15 22:47:49,693 [ERROR] ConditionMgr:805 - Attr not supported : Dmpu
2024-11-15 22:47:49,693 [ERROR] ConditionMgr:805 - Attr not supported : Dmpu
2024-11-15 22:47:49,693 [ERROR] ConditionMgr:805 - Attr not supported : Dmpu
2024-11-15 22:47:49,693 [ERROR] ConditionMgr:805 - Attr not supported : Dmpu
2024-11-15 22:47:49,693 [ERROR] ConditionMgr:805 - Attr not supported : Dmpu
2024-11-15 22:47:49,693 [ERROR] ConditionMgr:805 - Attr not supported : Dmpu
2024-11-15 22:47:49,693 [ERROR] ConditionMgr:805 - Attr not supported : Dmpu
2024-11-15 22:47:49,693 [ERROR] ConditionMgr:805 - Attr not supported : Dmpu
2024-11-15 22:47:49,693 [ERROR] ConditionMgr:805 - Attr not supported : Dmpu
2024-11-15 22:47:49,694 [ERROR] ConditionMgr:805 - Attr not supported : Dmpu
2024-11-15 22:47:49,694 [ERROR] ConditionMgr:805 - Attr not supported : Dmpu
2024-11-15 22:47:49,694 [ERROR] ConditionMgr:805 - Attr not supported : Dmpu
2024-11-15 22:47:49,694 [ERROR] ConditionMgr:805 - Attr not supported : Dmpu
2024-11-15 22:47:49,694 [ERROR] ConditionMgr:805 - Attr not supported : Dmpu
2024-11-15 22:47:49,694 [ERROR] ConditionMgr:805 - Attr not supported : Dmpu
2024-11-15 22:47:49,694 [ERROR] ConditionMgr:805 - Attr not supported : Dmpu
2024-11-15 22:47:49,694 [ERROR] ConditionMgr:805 - Attr not supported : Dmpu
2024-11-15 22:47:49,694 [ERROR] ConditionMgr:805 - Attr not supported : Dmpu
2024-11-15 22:47:49,694 [ERROR] ConditionMgr:805 - Attr not supported : Dmpu
2024-11-15 22:47:49,694 [ERROR] ConditionMgr:805 - Attr not supported : Dmpu
2024-11-15 22:47:49,694 [ERROR] ConditionMgr:805 - Attr not supported : Dmpu
2024-11-15 22:47:49,701 [WARN] PackLoader:240 - Cannot read IP mode file for RealThread.X-CUBE-RT-Thread_Nano.4.1.1
2024-11-15 22:47:49,708 [WARN] PackLoader:240 - Cannot read IP mode file for STMicroelectronics.FP-ATR-SIGFOX1.3.2.0
2024-11-15 22:47:49,713 [WARN] PackLoader:240 - Cannot read IP mode file for wolfSSL.I-CUBE-wolfSSL.5.7.2
2024-11-15 22:47:49,716 [WARN] ConditionMgr:438 - getConditionDescription Invalid condition id : Cortex-A Device cause : null
2024-11-15 22:47:49,740 [WARN] ConditionMgr:1039 - genDependencies : Invalid condition id : Cortex-A Device cause : null
2024-11-15 22:47:49,741 [WARN] ConditionMgr:1039 - genDependencies : Invalid condition id : Cortex-A Device cause : null
2024-11-15 22:47:49,741 [WARN] ConditionMgr:1039 - genDependencies : Invalid condition id : Cortex-A Device cause : null
2024-11-15 22:47:49,747 [WARN] PackLoader:240 - Cannot read IP mode file for STMicroelectronics.X-CUBE-EEPRMA1.5.1.0
2024-11-15 22:47:49,755 [WARN] PackLoader:240 - Cannot read IP mode file for ITTIA_DB.I-CUBE-ITTIADB.8.9.0
2024-11-15 22:47:49,804 [WARN] PackLoader:240 - Cannot read IP mode file for SEGGER.I-CUBE-embOS.1.3.1
2024-11-15 22:47:50,000 [WARN] PackLoader:240 - Cannot read IP mode file for STMicroelectronics.X-CUBE-ALGOBUILD.1.4.0
2024-11-15 22:47:50,030 [WARN] PackLoader:240 - Cannot read IP mode file for STMicroelectronics.X-CUBE-AI.9.1.0
2024-11-15 22:47:50,071 [WARN] PackLoader:240 - Cannot read IP mode file for STMicroelectronics.X-CUBE-AZRTOS-F4.1.1.0
2024-11-15 22:47:50,097 [WARN] PackLoader:240 - Cannot read IP mode file for STMicroelectronics.X-CUBE-ISPU.2.1.0
2024-11-15 22:47:50,106 [WARN] PackLoader:240 - Cannot read IP mode file for STMicroelectronics.X-CUBE-FREERTOS.1.2.0
2024-11-15 22:47:50,143 [WARN] PackLoader:240 - Cannot read IP mode file for STMicroelectronics.X-CUBE-AZRTOS-L5.2.0.0
2024-11-15 22:47:50,196 [WARN] PackLoader:240 - Cannot read IP mode file for STMicroelectronics.X-CUBE-NFC6.3.1.0
2024-11-15 22:47:50,225 [WARN] PackLoader:240 - Cannot read IP mode file for STMicroelectronics.X-CUBE-DPower.1.2.0
2024-11-15 22:47:50,237 [WARN] PackLoader:240 - Cannot read IP mode file for STMicroelectronics.X-CUBE-NFC7.1.0.1
2024-11-15 22:47:50,271 [WARN] ConditionMgr:438 - getConditionDescription Invalid condition id : LAN8742 Phy interface Condition cause : null
2024-11-15 22:47:50,272 [WARN] PackLoader:240 - Cannot read IP mode file for STMicroelectronics.X-CUBE-AZRTOS-L4.2.0.0
2024-11-15 22:47:50,275 [WARN] ConditionMgr:1039 - genDependencies : Invalid condition id : LAN8742 Phy interface Condition cause : null
2024-11-15 22:47:50,275 [WARN] ConditionMgr:1039 - genDependencies : Invalid condition id : LAN8742 Phy interface Condition cause : null
2024-11-15 22:47:50,277 [WARN] ConditionMgr:1039 - genDependencies : Invalid condition id : LAN8742 Phy interface Condition cause : null
2024-11-15 22:47:50,287 [WARN] PackLoader:240 - Cannot read IP mode file for STMicroelectronics.X-CUBE-SFXS2LP1.4.0.0
2024-11-15 22:47:50,319 [WARN] PackLoader:240 - Cannot read IP mode file for STMicroelectronics.X-CUBE-AZRTOS-H7.3.3.0
2024-11-15 22:47:50,336 [WARN] PackLoader:240 - Cannot read IP mode file for STMicroelectronics.X-CUBE-IPS.3.0.0
2024-11-15 22:47:50,354 [WARN] ConditionMgr:438 - getConditionDescription Invalid condition id : UX DEVICE CLASS RTOS Condition cause : null
2024-11-15 22:47:50,354 [WARN] ConditionMgr:438 - getConditionDescription Invalid condition id : UX DEVICE CLASS RTOS Condition cause : null
2024-11-15 22:47:50,359 [WARN] PackLoader:240 - Cannot read IP mode file for STMicroelectronics.X-CUBE-AZRTOS-WB.2.0.0
2024-11-15 22:47:50,360 [WARN] ConditionMgr:1039 - genDependencies : Invalid condition id : UX DEVICE CLASS RTOS Condition cause : null
2024-11-15 22:47:50,360 [WARN] ConditionMgr:1039 - genDependencies : Invalid condition id : UX DEVICE CLASS RTOS Condition cause : null
2024-11-15 22:47:50,361 [WARN] ConditionMgr:1039 - genDependencies : Invalid condition id : UX DEVICE CLASS RTOS Condition cause : null
2024-11-15 22:47:50,362 [WARN] ConditionMgr:1039 - genDependencies : Invalid condition id : UX DEVICE CLASS RTOS Condition cause : null
2024-11-15 22:47:50,362 [WARN] ConditionMgr:1039 - genDependencies : Invalid condition id : UX DEVICE CLASS RTOS Condition cause : null
2024-11-15 22:47:50,371 [WARN] PackLoader:240 - Cannot read IP mode file for STMicroelectronics.X-CUBE-GNSS1.7.0.0
2024-11-15 22:47:50,382 [WARN] PackLoader:240 - Cannot read IP mode file for STMicroelectronics.FP-SNS-STBOX1.2.0.0
2024-11-15 22:47:50,400 [WARN] PackLoader:240 - Cannot read IP mode file for STMicroelectronics.X-CUBE-SUBG2.5.0.0
2024-11-15 22:47:50,411 [WARN] PackLoader:240 - Cannot read IP mode file for Cesanta.I-CUBE-Mongoose.7.13.0
2024-11-15 22:47:50,428 [WARN] PackLoader:240 - Cannot read IP mode file for STMicroelectronics.X-CUBE-AZRTOS-G4.2.0.0
2024-11-15 22:47:50,434 [WARN] PackLoader:240 - Cannot read IP mode file for STMicroelectronics.X-CUBE-ALS.1.0.2
2024-11-15 22:47:50,446 [WARN] PackLoader:240 - Cannot read IP mode file for STMicroelectronics.X-CUBE-TOUCHGFX.4.24.1
2024-11-15 22:47:50,452 [WARN] PackLoader:240 - Cannot read IP mode file for wolfSSL.I-CUBE-wolfTPM.3.4.0
2024-11-15 22:47:50,458 [WARN] PackLoader:240 - Cannot read IP mode file for portGmbH.I-Cube-SoM-uGOAL.1.1.0
2024-11-15 22:47:50,481 [WARN] PackLoader:240 - Cannot read IP mode file for STMicroelectronics.X-CUBE-AZRTOS-H7RS.1.0.0
2024-11-15 22:47:50,490 [WARN] PackLoader:240 - Cannot read IP mode file for STMicroelectronics.FP-ATR-ASTRA1.2.0.0
2024-11-15 22:47:50,505 [WARN] PackLoader:240 - Cannot read IP mode file for STMicroelectronics.X-CUBE-TOF1.3.4.2
2024-11-15 22:47:50,551 [WARN] PackLoader:240 - Cannot read IP mode file for Infineon.AIROC-Wi-Fi-Bluetooth-STM32.1.6.1
2024-11-15 22:47:50,568 [WARN] PackLoader:240 - Cannot read IP mode file for wolfSSL.I-CUBE-wolfSSH.1.4.17
2024-11-15 22:47:50,577 [INFO] ThirdParty:978 - Integrity check success = true
2024-11-15 22:47:50,578 [INFO] IntegrityCheckThread:100 - exiting critical section [integrity check]
2024-11-15 22:47:50,578 [INFO] IntegrityCheckThread:103 - End integrity checks thread
2024-11-15 22:47:52,629 [INFO] WebApp:167 - Instantiating new browser for Auth
2024-11-15 22:47:54,503 [INFO] WebApp:448 - Apply proxy settings
2024-11-15 22:47:54,521 [INFO] WebApp:493 - Chromium authenticates against Manually configured proxy
2024-11-15 22:47:54,558 [INFO] WebApp:501 - Username used for proxy authentication: 
2024-11-15 22:47:54,645 [INFO] WebApp:869 - Register for checkConnection events
2024-11-15 22:47:54,646 [INFO] WebApp:448 - Apply proxy settings
2024-11-15 22:47:54,648 [INFO] WebApp:493 - Chromium authenticates against Manually configured proxy
2024-11-15 22:47:54,648 [INFO] WebApp:501 - Username used for proxy authentication: 
2024-11-15 22:47:54,840 [INFO] WebApp:220 - Starting web application
2024-11-15 22:47:54,841 [INFO] WebApp:578 - Web application path used /Applications/STM32CubeIDE.app/Contents/Eclipse/plugins/com.st.stm32cube.common.mx_6.12.1.202409122256/db/plugins/mcufinder/reactClient1/index.html
2024-11-15 22:47:57,660 [INFO] WebApp:186 - Connection restablished
2024-11-15 22:52:14,844 [ERROR] LogOutputStream:75 - [STDERR_REDIRECT] 
